#
# A fatal error has been detected by the Java Runtime Environment:
#
#  EXCEPTION_ACCESS_VIOLATION (0xc0000005) at pc=0x000000007441ba43, pid=15440, tid=22316
#
# JRE version: OpenJDK Runtime Environment Temurin-17.0.4+8 (17.0.4+8) (build 17.0.4+8)
# Java VM: OpenJDK 64-Bit Server VM Temurin-17.0.4+8 (17.0.4+8, mixed mode, tiered, compressed oops, compressed class ptrs, g1 gc, windows-amd64)
# Problematic frame:
# C  [gdx-box2d64.dll+0xba43]
#
# No core dump will be written. Minidumps are not enabled by default on client versions of Windows
#
# If you would like to submit a bug report, please visit:
#   https://github.com/adoptium/adoptium-support/issues
# The crash happened outside the Java Virtual Machine in native code.
# See problematic frame for where to report the bug.
#

---------------  S U M M A R Y ------------

Command Line: -Dfile.encoding=UTF-8 -XX:+ShowCodeDetailsInExceptionMessages com.mygdx.game.DesktopLauncher

Host: Intel(R) Core(TM) i5-10300H CPU @ 2.50GHz, 8 cores, 7G,  Windows 10 , 64 bit Build 19041 (10.0.19041.1889)
Time: Sun Oct 30 18:26:21 2022 Pacific SA Daylight Time elapsed time: 5.896336 seconds (0d 0h 0m 5s)

---------------  T H R E A D  ---------------

Current thread (0x00000230b5780c90):  JavaThread "main" [_thread_in_native, id=22316, stack(0x00000080c5200000,0x00000080c5300000)]

Stack: [0x00000080c5200000,0x00000080c5300000],  sp=0x00000080c52fed70,  free space=1019k
Native frames: (J=compiled Java code, j=interpreted, Vv=VM code, C=native code)
C  [gdx-box2d64.dll+0xba43]

Java frames: (J=compiled Java code, j=interpreted, Vv=VM code)
j  com.badlogic.gdx.physics.box2d.World.jniCreateBody(JIFFFFFFFFZZZZZF)J+0
j  com.badlogic.gdx.physics.box2d.World.createBody(Lcom/badlogic/gdx/physics/box2d/BodyDef;)Lcom/badlogic/gdx/physics/box2d/Body;+80
j  com.mygdx.game.Bullet.createBullet(FFLcom/badlogic/gdx/physics/box2d/World;)V+66
j  com.mygdx.game.Bullet.<init>(Lcom/badlogic/gdx/graphics/Texture;Lcom/badlogic/gdx/physics/box2d/World;FFZZZZ)V+63
j  com.mygdx.game.Arsenal.agregarBala(Lcom/badlogic/gdx/graphics/Texture;Lcom/badlogic/gdx/physics/box2d/World;FFZZZZ)V+17
J 1087 c1 com.mygdx.game.Torreta.update(FLcom/badlogic/gdx/physics/box2d/World;)V (75 bytes) @ 0x00000230badc5354 [0x00000230badc4c20+0x0000000000000734]
j  com.mygdx.game.TorretasLevel.update(FLcom/badlogic/gdx/physics/box2d/World;)V+22
J 1117 c1 Levels.Level1.update(F)V (166 bytes) @ 0x00000230badd37ac [0x00000230badd2c00+0x0000000000000bac]
j  Utils.Screens.render(F)V+2
j  com.badlogic.gdx.Game.render()V+19
j  com.badlogic.gdx.backends.lwjgl3.Lwjgl3Window.update()Z+187
j  com.badlogic.gdx.backends.lwjgl3.Lwjgl3Application.loop()V+111
j  com.badlogic.gdx.backends.lwjgl3.Lwjgl3Application.<init>(Lcom/badlogic/gdx/ApplicationListener;Lcom/badlogic/gdx/backends/lwjgl3/Lwjgl3ApplicationConfiguration;)V+269
j  com.mygdx.game.DesktopLauncher.main([Ljava/lang/String;)V+46
v  ~StubRoutines::call_stub

siginfo: EXCEPTION_ACCESS_VIOLATION (0xc0000005), reading address 0x00000232d4043970


Register to memory mapping:

RIP=0x000000007441ba43 gdx-box2d64.dll
RAX=0x000000007445f060 gdx-box2d64.dll
RBX=0x00000232d4043970 is an unknown value
RCX=0x00000230d4025f30 points into unknown readable memory: 0x00000230d403f2c0 | c0 f2 03 d4 30 02 00 00
RDX=0x00000000000000b8 is an unknown value
RSP=0x00000080c52fed70 is pointing into the stack for thread: 0x00000230b5780c90
RBP=0x00000230d4025f60 points into unknown readable memory: 0x0000000000000000 | 00 00 00 00 00 00 00 00
RSI=0x00000230d4025f30 points into unknown readable memory: 0x00000230d403f2c0 | c0 f2 03 d4 30 02 00 00
RDI=0x00000230ba6594ec is at code_begin+1100 in an Interpreter codelet
return entry points  [0x00000230ba6590a0, 0x00000230ba659b80]  2784 bytes
R8 =0x00000230d4025f30 points into unknown readable memory: 0x00000230d403f2c0 | c0 f2 03 d4 30 02 00 00
R9 =0x0000000000000002 is an unknown value
R10=0x0 is NULL
R11=0x0000000000000001 is an unknown value
R12=0x0000000000000006 is an unknown value
R13={method} {0x00000230d5a24240} 'jniCreateBody' '(JIFFFFFFFFZZZZZF)J' in 'com/badlogic/gdx/physics/box2d/World'
R14=0x00000080c52ff040 is pointing into the stack for thread: 0x00000230b5780c90
R15=0x00000230b5780c90 is a thread


Registers:
RAX=0x000000007445f060, RBX=0x00000232d4043970, RCX=0x00000230d4025f30, RDX=0x00000000000000b8
RSP=0x00000080c52fed70, RBP=0x00000230d4025f60, RSI=0x00000230d4025f30, RDI=0x00000230ba6594ec
R8 =0x00000230d4025f30, R9 =0x0000000000000002, R10=0x0000000000000000, R11=0x0000000000000001
R12=0x0000000000000006, R13=0x00000230d5a24238, R14=0x00000080c52ff040, R15=0x00000230b5780c90
RIP=0x000000007441ba43, EFLAGS=0x0000000000010202

Top of Stack: (sp=0x00000080c52fed70)
0x00000080c52fed70:   0000000000000020 00000230b5780c90
0x00000080c52fed80:   00000080c52feea0 0000000000000000
0x00000080c52fed90:   00000230d5a24238 00000230b5780c90
0x00000080c52feda0:   00007ffd6da425c8 00000230d4025f30
0x00000080c52fedb0:   00000080c52fee50 00000230ba6594ec
0x00000080c52fedc0:   00000080c52fef98 0000000000000000
0x00000080c52fedd0:   00000230d5a24238 0000000074430e22
0x00000080c52fede0:   00000080c52fefb0 00000080c52fef30
0x00000080c52fedf0:   00000080c52fee90 00000080c52fee90
0x00000080c52fee00:   0000000000000003 00000230d5a24238
0x00000080c52fee10:   00000230b5780c90 0000000000000001
0x00000080c52fee20:   0000000000000000 00000000744366e6
0x00000080c52fee30:   00000230b5780c90 00000080c52ff040
0x00000080c52fee40:   00000080c52fef98 00000230ba658f0b
0x00000080c52fee50:   bf80000000000002 0000000040000000
0x00000080c52fee60:   0000000000000000 0000000000000000 

Instructions: (pc=0x000000007441ba43)
0x000000007441b943:   f6 48 8d 2d b5 16 03 00 48 8d 3d 0e 37 04 00 4c
0x000000007441b953:   8d 2d f7 31 03 00 4c 8d 25 55 32 03 00 eb 1a 83
0x000000007441b963:   fe 0d 7e 11 41 b8 49 00 00 00 4c 89 ea 4c 89 e1
0x000000007441b973:   e8 18 82 02 00 48 83 c3 01 48 63 c6 39 5c 85 00
0x000000007441b983:   7d 03 83 c6 01 48 81 fb 80 02 00 00 40 88 34 1f
0x000000007441b993:   75 cd c6 05 a4 36 04 00 01 48 83 c4 28 5b 5e 5f
0x000000007441b9a3:   5d 41 5c 41 5d c3 90 66 0f 1f 44 00 00 57 56 53
0x000000007441b9b3:   48 83 ec 20 8b 41 08 48 89 cf 85 c0 7e 1d 31 f6
0x000000007441b9c3:   31 db 48 8b 07 83 c3 01 48 8b 4c 30 08 48 83 c6
0x000000007441b9d3:   10 e8 a7 08 00 00 39 5f 08 7f e7 48 8b 0f 48 83
0x000000007441b9e3:   c4 20 5b 5e 5f e9 93 08 00 00 90 66 90 41 55 41
0x000000007441b9f3:   54 55 57 56 53 48 83 ec 38 48 63 da 48 89 ce 83
0x000000007441ba03:   fb 00 0f 84 95 01 00 00 0f 8e 6f 01 00 00 81 fb
0x000000007441ba13:   80 02 00 00 0f 8f 23 01 00 00 48 8d 05 3c 36 04
0x000000007441ba23:   00 44 0f b6 24 18 41 80 fc 0d 4c 89 e3 0f 87 da
0x000000007441ba33:   00 00 00 48 8d 2c de 48 8b 5d 10 48 85 db 74 1d
0x000000007441ba43:   48 8b 03 48 89 45 10 48 89 d8 48 83 c4 38 5b 5e
0x000000007441ba53:   5f 5d 41 5c 41 5d c3 66 0f 1f 44 00 00 48 63 46
0x000000007441ba63:   08 4c 8b 2e 3b 46 0c 0f 84 40 01 00 00 48 c1 e0
0x000000007441ba73:   04 b9 00 40 00 00 4d 63 e4 49 8d 7c 05 00 e8 ea
0x000000007441ba83:   07 00 00 48 89 c3 48 89 47 08 48 8d 05 6c 15 03
0x000000007441ba93:   00 46 8b 24 a0 b8 00 40 00 00 99 41 f7 fc 45 89
0x000000007441baa3:   e5 44 89 27 44 0f af e8 41 81 fd 00 40 00 00 0f
0x000000007441bab3:   8f 9b 00 00 00 83 f8 01 7e 23 49 63 d4 83 e8 01
0x000000007441bac3:   45 31 c0 49 89 d1 48 8d 0c 13 49 f7 d9 41 83 c0
0x000000007441bad3:   01 4a 89 0c 09 48 01 d1 41 39 c0 75 f0 45 29 e5
0x000000007441bae3:   4d 63 ed 4a c7 04 2b 00 00 00 00 48 8b 03 48 89
0x000000007441baf3:   45 10 83 46 08 01 48 89 d8 48 83 c4 38 5b 5e 5f
0x000000007441bb03:   5d 41 5c 41 5d c3 0f 1f 80 00 00 00 00 48 8d 15
0x000000007441bb13:   39 30 03 00 48 8d 0d b2 30 03 00 48 8d 2c de 41
0x000000007441bb23:   b8 70 00 00 00 e8 63 80 02 00 48 8b 5d 10 48 85
0x000000007441bb33:   db 0f 85 09 ff ff ff e9 21 ff ff ff 90 89 d9 48 


Stack slot to memory mapping:
stack at sp + 0 slots: 0x0000000000000020 is an unknown value
stack at sp + 1 slots: 0x00000230b5780c90 is a thread
stack at sp + 2 slots: 0x00000080c52feea0 is pointing into the stack for thread: 0x00000230b5780c90
stack at sp + 3 slots: 0x0 is NULL
stack at sp + 4 slots: {method} {0x00000230d5a24240} 'jniCreateBody' '(JIFFFFFFFFZZZZZF)J' in 'com/badlogic/gdx/physics/box2d/World'
stack at sp + 5 slots: 0x00000230b5780c90 is a thread
stack at sp + 6 slots: 0x00007ffd6da425c8 jvm.dll
stack at sp + 7 slots: 0x00000230d4025f30 points into unknown readable memory: 0x00000230d403f2c0 | c0 f2 03 d4 30 02 00 00


---------------  P R O C E S S  ---------------

Threads class SMR info:
_java_thread_list=0x00000230d4d61cd0, length=13, elements={
0x00000230b5780c90, 0x00000230d160e030, 0x00000230d160e9e0, 0x00000230d15f9920,
0x00000230d15fa1e0, 0x00000230d200dd80, 0x00000230d200e730, 0x00000230d2011bd0,
0x00000230d202d240, 0x00000230d2037c30, 0x00000230d219a450, 0x00000230d21afbc0,
0x00000230d4dea060
}

Java Threads: ( => current thread )
=>0x00000230b5780c90 JavaThread "main" [_thread_in_native, id=22316, stack(0x00000080c5200000,0x00000080c5300000)]
  0x00000230d160e030 JavaThread "Reference Handler" daemon [_thread_blocked, id=2644, stack(0x00000080c5900000,0x00000080c5a00000)]
  0x00000230d160e9e0 JavaThread "Finalizer" daemon [_thread_blocked, id=7832, stack(0x00000080c5a00000,0x00000080c5b00000)]
  0x00000230d15f9920 JavaThread "Signal Dispatcher" daemon [_thread_blocked, id=3220, stack(0x00000080c5b00000,0x00000080c5c00000)]
  0x00000230d15fa1e0 JavaThread "Attach Listener" daemon [_thread_blocked, id=21180, stack(0x00000080c5c00000,0x00000080c5d00000)]
  0x00000230d200dd80 JavaThread "Service Thread" daemon [_thread_blocked, id=9132, stack(0x00000080c5d00000,0x00000080c5e00000)]
  0x00000230d200e730 JavaThread "Monitor Deflation Thread" daemon [_thread_blocked, id=4912, stack(0x00000080c5e00000,0x00000080c5f00000)]
  0x00000230d2011bd0 JavaThread "C2 CompilerThread0" daemon [_thread_blocked, id=12308, stack(0x00000080c5f00000,0x00000080c6000000)]
  0x00000230d202d240 JavaThread "C1 CompilerThread0" daemon [_thread_blocked, id=4384, stack(0x00000080c6000000,0x00000080c6100000)]
  0x00000230d2037c30 JavaThread "Sweeper thread" daemon [_thread_blocked, id=8492, stack(0x00000080c6100000,0x00000080c6200000)]
  0x00000230d219a450 JavaThread "Notification Thread" daemon [_thread_blocked, id=17712, stack(0x00000080c6200000,0x00000080c6300000)]
  0x00000230d21afbc0 JavaThread "Common-Cleaner" daemon [_thread_blocked, id=9320, stack(0x00000080c6400000,0x00000080c6500000)]
  0x00000230d4dea060 JavaThread "LWJGL3 Timer" daemon [_thread_blocked, id=8904, stack(0x00000080c6500000,0x00000080c6600000)]

Other Threads:
  0x00000230d15cf3e0 VMThread "VM Thread" [stack: 0x00000080c5800000,0x00000080c5900000] [id=9456]
  0x00000230b580f990 WatcherThread [stack: 0x00000080c6300000,0x00000080c6400000] [id=16536]
  0x00000230b57d9ae0 GCTaskThread "GC Thread#0" [stack: 0x00000080c5300000,0x00000080c5400000] [id=16984]
  0x00000230b57ea960 ConcurrentGCThread "G1 Main Marker" [stack: 0x00000080c5400000,0x00000080c5500000] [id=11492]
  0x00000230b57ec120 ConcurrentGCThread "G1 Conc#0" [stack: 0x00000080c5500000,0x00000080c5600000] [id=5588]
  0x00000230b5848500 ConcurrentGCThread "G1 Refine#0" [stack: 0x00000080c5600000,0x00000080c5700000] [id=9968]
  0x00000230b5848cc0 ConcurrentGCThread "G1 Service" [stack: 0x00000080c5700000,0x00000080c5800000] [id=18208]

Threads with active compile tasks:

VM state: not at safepoint (normal execution)

VM Mutex/Monitor currently owned by a thread: None

Heap address: 0x0000000083000000, size: 2000 MB, Compressed Oops mode: 32-bit

CDS archive(s) not mapped
Compressed class space mapped at: 0x0000000100000000-0x0000000140000000, reserved size: 1073741824
Narrow klass base: 0x0000000000000000, Narrow klass shift: 3, Narrow klass range: 0x140000000

GC Precious Log:
 CPUs: 8 total, 8 available
 Memory: 7993M
 Large Page Support: Disabled
 NUMA Support: Disabled
 Compressed Oops: Enabled (32-bit)
 Heap Region Size: 1M
 Heap Min Capacity: 8M
 Heap Initial Capacity: 126M
 Heap Max Capacity: 2000M
 Pre-touch: Disabled
 Parallel Workers: 8
 Concurrent Workers: 2
 Concurrent Refinement Workers: 8
 Periodic GC: Disabled

Heap:
 garbage-first heap   total 129024K, used 21504K [0x0000000083000000, 0x0000000100000000)
  region size 1024K, 23 young (23552K), 0 survivors (0K)
 Metaspace       used 12807K, committed 12992K, reserved 1064960K
  class space    used 1006K, committed 1088K, reserved 1048576K

Heap Regions: E=young(eden), S=young(survivor), O=old, HS=humongous(starts), HC=humongous(continues), CS=collection set, F=free, OA=open archive, CA=closed archive, TAMS=top-at-mark-start (previous, next)
|   0|0x0000000083000000, 0x0000000083000000, 0x0000000083100000|  0%| F|  |TAMS 0x0000000083000000, 0x0000000083000000| Untracked 
|   1|0x0000000083100000, 0x0000000083100000, 0x0000000083200000|  0%| F|  |TAMS 0x0000000083100000, 0x0000000083100000| Untracked 
|   2|0x0000000083200000, 0x0000000083200000, 0x0000000083300000|  0%| F|  |TAMS 0x0000000083200000, 0x0000000083200000| Untracked 
|   3|0x0000000083300000, 0x0000000083300000, 0x0000000083400000|  0%| F|  |TAMS 0x0000000083300000, 0x0000000083300000| Untracked 
|   4|0x0000000083400000, 0x0000000083400000, 0x0000000083500000|  0%| F|  |TAMS 0x0000000083400000, 0x0000000083400000| Untracked 
|   5|0x0000000083500000, 0x0000000083500000, 0x0000000083600000|  0%| F|  |TAMS 0x0000000083500000, 0x0000000083500000| Untracked 
|   6|0x0000000083600000, 0x0000000083600000, 0x0000000083700000|  0%| F|  |TAMS 0x0000000083600000, 0x0000000083600000| Untracked 
|   7|0x0000000083700000, 0x0000000083700000, 0x0000000083800000|  0%| F|  |TAMS 0x0000000083700000, 0x0000000083700000| Untracked 
|   8|0x0000000083800000, 0x0000000083800000, 0x0000000083900000|  0%| F|  |TAMS 0x0000000083800000, 0x0000000083800000| Untracked 
|   9|0x0000000083900000, 0x0000000083900000, 0x0000000083a00000|  0%| F|  |TAMS 0x0000000083900000, 0x0000000083900000| Untracked 
|  10|0x0000000083a00000, 0x0000000083a00000, 0x0000000083b00000|  0%| F|  |TAMS 0x0000000083a00000, 0x0000000083a00000| Untracked 
|  11|0x0000000083b00000, 0x0000000083b00000, 0x0000000083c00000|  0%| F|  |TAMS 0x0000000083b00000, 0x0000000083b00000| Untracked 
|  12|0x0000000083c00000, 0x0000000083c00000, 0x0000000083d00000|  0%| F|  |TAMS 0x0000000083c00000, 0x0000000083c00000| Untracked 
|  13|0x0000000083d00000, 0x0000000083d00000, 0x0000000083e00000|  0%| F|  |TAMS 0x0000000083d00000, 0x0000000083d00000| Untracked 
|  14|0x0000000083e00000, 0x0000000083e00000, 0x0000000083f00000|  0%| F|  |TAMS 0x0000000083e00000, 0x0000000083e00000| Untracked 
|  15|0x0000000083f00000, 0x0000000083f00000, 0x0000000084000000|  0%| F|  |TAMS 0x0000000083f00000, 0x0000000083f00000| Untracked 
|  16|0x0000000084000000, 0x0000000084000000, 0x0000000084100000|  0%| F|  |TAMS 0x0000000084000000, 0x0000000084000000| Untracked 
|  17|0x0000000084100000, 0x0000000084100000, 0x0000000084200000|  0%| F|  |TAMS 0x0000000084100000, 0x0000000084100000| Untracked 
|  18|0x0000000084200000, 0x0000000084200000, 0x0000000084300000|  0%| F|  |TAMS 0x0000000084200000, 0x0000000084200000| Untracked 
|  19|0x0000000084300000, 0x0000000084300000, 0x0000000084400000|  0%| F|  |TAMS 0x0000000084300000, 0x0000000084300000| Untracked 
|  20|0x0000000084400000, 0x0000000084400000, 0x0000000084500000|  0%| F|  |TAMS 0x0000000084400000, 0x0000000084400000| Untracked 
|  21|0x0000000084500000, 0x0000000084500000, 0x0000000084600000|  0%| F|  |TAMS 0x0000000084500000, 0x0000000084500000| Untracked 
|  22|0x0000000084600000, 0x0000000084600000, 0x0000000084700000|  0%| F|  |TAMS 0x0000000084600000, 0x0000000084600000| Untracked 
|  23|0x0000000084700000, 0x0000000084700000, 0x0000000084800000|  0%| F|  |TAMS 0x0000000084700000, 0x0000000084700000| Untracked 
|  24|0x0000000084800000, 0x0000000084800000, 0x0000000084900000|  0%| F|  |TAMS 0x0000000084800000, 0x0000000084800000| Untracked 
|  25|0x0000000084900000, 0x0000000084900000, 0x0000000084a00000|  0%| F|  |TAMS 0x0000000084900000, 0x0000000084900000| Untracked 
|  26|0x0000000084a00000, 0x0000000084a00000, 0x0000000084b00000|  0%| F|  |TAMS 0x0000000084a00000, 0x0000000084a00000| Untracked 
|  27|0x0000000084b00000, 0x0000000084b00000, 0x0000000084c00000|  0%| F|  |TAMS 0x0000000084b00000, 0x0000000084b00000| Untracked 
|  28|0x0000000084c00000, 0x0000000084c00000, 0x0000000084d00000|  0%| F|  |TAMS 0x0000000084c00000, 0x0000000084c00000| Untracked 
|  29|0x0000000084d00000, 0x0000000084d00000, 0x0000000084e00000|  0%| F|  |TAMS 0x0000000084d00000, 0x0000000084d00000| Untracked 
|  30|0x0000000084e00000, 0x0000000084e00000, 0x0000000084f00000|  0%| F|  |TAMS 0x0000000084e00000, 0x0000000084e00000| Untracked 
|  31|0x0000000084f00000, 0x0000000084f00000, 0x0000000085000000|  0%| F|  |TAMS 0x0000000084f00000, 0x0000000084f00000| Untracked 
|  32|0x0000000085000000, 0x0000000085000000, 0x0000000085100000|  0%| F|  |TAMS 0x0000000085000000, 0x0000000085000000| Untracked 
|  33|0x0000000085100000, 0x0000000085100000, 0x0000000085200000|  0%| F|  |TAMS 0x0000000085100000, 0x0000000085100000| Untracked 
|  34|0x0000000085200000, 0x0000000085200000, 0x0000000085300000|  0%| F|  |TAMS 0x0000000085200000, 0x0000000085200000| Untracked 
|  35|0x0000000085300000, 0x0000000085300000, 0x0000000085400000|  0%| F|  |TAMS 0x0000000085300000, 0x0000000085300000| Untracked 
|  36|0x0000000085400000, 0x0000000085400000, 0x0000000085500000|  0%| F|  |TAMS 0x0000000085400000, 0x0000000085400000| Untracked 
|  37|0x0000000085500000, 0x0000000085500000, 0x0000000085600000|  0%| F|  |TAMS 0x0000000085500000, 0x0000000085500000| Untracked 
|  38|0x0000000085600000, 0x0000000085600000, 0x0000000085700000|  0%| F|  |TAMS 0x0000000085600000, 0x0000000085600000| Untracked 
|  39|0x0000000085700000, 0x0000000085700000, 0x0000000085800000|  0%| F|  |TAMS 0x0000000085700000, 0x0000000085700000| Untracked 
|  40|0x0000000085800000, 0x0000000085800000, 0x0000000085900000|  0%| F|  |TAMS 0x0000000085800000, 0x0000000085800000| Untracked 
|  41|0x0000000085900000, 0x0000000085900000, 0x0000000085a00000|  0%| F|  |TAMS 0x0000000085900000, 0x0000000085900000| Untracked 
|  42|0x0000000085a00000, 0x0000000085a00000, 0x0000000085b00000|  0%| F|  |TAMS 0x0000000085a00000, 0x0000000085a00000| Untracked 
|  43|0x0000000085b00000, 0x0000000085b00000, 0x0000000085c00000|  0%| F|  |TAMS 0x0000000085b00000, 0x0000000085b00000| Untracked 
|  44|0x0000000085c00000, 0x0000000085c00000, 0x0000000085d00000|  0%| F|  |TAMS 0x0000000085c00000, 0x0000000085c00000| Untracked 
|  45|0x0000000085d00000, 0x0000000085d00000, 0x0000000085e00000|  0%| F|  |TAMS 0x0000000085d00000, 0x0000000085d00000| Untracked 
|  46|0x0000000085e00000, 0x0000000085e00000, 0x0000000085f00000|  0%| F|  |TAMS 0x0000000085e00000, 0x0000000085e00000| Untracked 
|  47|0x0000000085f00000, 0x0000000085f00000, 0x0000000086000000|  0%| F|  |TAMS 0x0000000085f00000, 0x0000000085f00000| Untracked 
|  48|0x0000000086000000, 0x0000000086000000, 0x0000000086100000|  0%| F|  |TAMS 0x0000000086000000, 0x0000000086000000| Untracked 
|  49|0x0000000086100000, 0x0000000086100000, 0x0000000086200000|  0%| F|  |TAMS 0x0000000086100000, 0x0000000086100000| Untracked 
|  50|0x0000000086200000, 0x0000000086200000, 0x0000000086300000|  0%| F|  |TAMS 0x0000000086200000, 0x0000000086200000| Untracked 
|  51|0x0000000086300000, 0x0000000086300000, 0x0000000086400000|  0%| F|  |TAMS 0x0000000086300000, 0x0000000086300000| Untracked 
|  52|0x0000000086400000, 0x0000000086400000, 0x0000000086500000|  0%| F|  |TAMS 0x0000000086400000, 0x0000000086400000| Untracked 
|  53|0x0000000086500000, 0x0000000086500000, 0x0000000086600000|  0%| F|  |TAMS 0x0000000086500000, 0x0000000086500000| Untracked 
|  54|0x0000000086600000, 0x0000000086600000, 0x0000000086700000|  0%| F|  |TAMS 0x0000000086600000, 0x0000000086600000| Untracked 
|  55|0x0000000086700000, 0x0000000086700000, 0x0000000086800000|  0%| F|  |TAMS 0x0000000086700000, 0x0000000086700000| Untracked 
|  56|0x0000000086800000, 0x0000000086800000, 0x0000000086900000|  0%| F|  |TAMS 0x0000000086800000, 0x0000000086800000| Untracked 
|  57|0x0000000086900000, 0x0000000086900000, 0x0000000086a00000|  0%| F|  |TAMS 0x0000000086900000, 0x0000000086900000| Untracked 
|  58|0x0000000086a00000, 0x0000000086a00000, 0x0000000086b00000|  0%| F|  |TAMS 0x0000000086a00000, 0x0000000086a00000| Untracked 
|  59|0x0000000086b00000, 0x0000000086b00000, 0x0000000086c00000|  0%| F|  |TAMS 0x0000000086b00000, 0x0000000086b00000| Untracked 
|  60|0x0000000086c00000, 0x0000000086c00000, 0x0000000086d00000|  0%| F|  |TAMS 0x0000000086c00000, 0x0000000086c00000| Untracked 
|  61|0x0000000086d00000, 0x0000000086d00000, 0x0000000086e00000|  0%| F|  |TAMS 0x0000000086d00000, 0x0000000086d00000| Untracked 
|  62|0x0000000086e00000, 0x0000000086e00000, 0x0000000086f00000|  0%| F|  |TAMS 0x0000000086e00000, 0x0000000086e00000| Untracked 
|  63|0x0000000086f00000, 0x0000000086f00000, 0x0000000087000000|  0%| F|  |TAMS 0x0000000086f00000, 0x0000000086f00000| Untracked 
|  64|0x0000000087000000, 0x0000000087000000, 0x0000000087100000|  0%| F|  |TAMS 0x0000000087000000, 0x0000000087000000| Untracked 
|  65|0x0000000087100000, 0x0000000087100000, 0x0000000087200000|  0%| F|  |TAMS 0x0000000087100000, 0x0000000087100000| Untracked 
|  66|0x0000000087200000, 0x0000000087200000, 0x0000000087300000|  0%| F|  |TAMS 0x0000000087200000, 0x0000000087200000| Untracked 
|  67|0x0000000087300000, 0x0000000087300000, 0x0000000087400000|  0%| F|  |TAMS 0x0000000087300000, 0x0000000087300000| Untracked 
|  68|0x0000000087400000, 0x0000000087400000, 0x0000000087500000|  0%| F|  |TAMS 0x0000000087400000, 0x0000000087400000| Untracked 
|  69|0x0000000087500000, 0x0000000087500000, 0x0000000087600000|  0%| F|  |TAMS 0x0000000087500000, 0x0000000087500000| Untracked 
|  70|0x0000000087600000, 0x0000000087600000, 0x0000000087700000|  0%| F|  |TAMS 0x0000000087600000, 0x0000000087600000| Untracked 
|  71|0x0000000087700000, 0x0000000087700000, 0x0000000087800000|  0%| F|  |TAMS 0x0000000087700000, 0x0000000087700000| Untracked 
|  72|0x0000000087800000, 0x0000000087800000, 0x0000000087900000|  0%| F|  |TAMS 0x0000000087800000, 0x0000000087800000| Untracked 
|  73|0x0000000087900000, 0x0000000087900000, 0x0000000087a00000|  0%| F|  |TAMS 0x0000000087900000, 0x0000000087900000| Untracked 
|  74|0x0000000087a00000, 0x0000000087a00000, 0x0000000087b00000|  0%| F|  |TAMS 0x0000000087a00000, 0x0000000087a00000| Untracked 
|  75|0x0000000087b00000, 0x0000000087b00000, 0x0000000087c00000|  0%| F|  |TAMS 0x0000000087b00000, 0x0000000087b00000| Untracked 
|  76|0x0000000087c00000, 0x0000000087c00000, 0x0000000087d00000|  0%| F|  |TAMS 0x0000000087c00000, 0x0000000087c00000| Untracked 
|  77|0x0000000087d00000, 0x0000000087d00000, 0x0000000087e00000|  0%| F|  |TAMS 0x0000000087d00000, 0x0000000087d00000| Untracked 
|  78|0x0000000087e00000, 0x0000000087e00000, 0x0000000087f00000|  0%| F|  |TAMS 0x0000000087e00000, 0x0000000087e00000| Untracked 
|  79|0x0000000087f00000, 0x0000000087f00000, 0x0000000088000000|  0%| F|  |TAMS 0x0000000087f00000, 0x0000000087f00000| Untracked 
|  80|0x0000000088000000, 0x0000000088000000, 0x0000000088100000|  0%| F|  |TAMS 0x0000000088000000, 0x0000000088000000| Untracked 
|  81|0x0000000088100000, 0x0000000088100000, 0x0000000088200000|  0%| F|  |TAMS 0x0000000088100000, 0x0000000088100000| Untracked 
|  82|0x0000000088200000, 0x0000000088200000, 0x0000000088300000|  0%| F|  |TAMS 0x0000000088200000, 0x0000000088200000| Untracked 
|  83|0x0000000088300000, 0x0000000088300000, 0x0000000088400000|  0%| F|  |TAMS 0x0000000088300000, 0x0000000088300000| Untracked 
|  84|0x0000000088400000, 0x0000000088400000, 0x0000000088500000|  0%| F|  |TAMS 0x0000000088400000, 0x0000000088400000| Untracked 
|  85|0x0000000088500000, 0x0000000088500000, 0x0000000088600000|  0%| F|  |TAMS 0x0000000088500000, 0x0000000088500000| Untracked 
|  86|0x0000000088600000, 0x0000000088600000, 0x0000000088700000|  0%| F|  |TAMS 0x0000000088600000, 0x0000000088600000| Untracked 
|  87|0x0000000088700000, 0x0000000088700000, 0x0000000088800000|  0%| F|  |TAMS 0x0000000088700000, 0x0000000088700000| Untracked 
|  88|0x0000000088800000, 0x0000000088800000, 0x0000000088900000|  0%| F|  |TAMS 0x0000000088800000, 0x0000000088800000| Untracked 
|  89|0x0000000088900000, 0x0000000088900000, 0x0000000088a00000|  0%| F|  |TAMS 0x0000000088900000, 0x0000000088900000| Untracked 
|  90|0x0000000088a00000, 0x0000000088a00000, 0x0000000088b00000|  0%| F|  |TAMS 0x0000000088a00000, 0x0000000088a00000| Untracked 
|  91|0x0000000088b00000, 0x0000000088b00000, 0x0000000088c00000|  0%| F|  |TAMS 0x0000000088b00000, 0x0000000088b00000| Untracked 
|  92|0x0000000088c00000, 0x0000000088c00000, 0x0000000088d00000|  0%| F|  |TAMS 0x0000000088c00000, 0x0000000088c00000| Untracked 
|  93|0x0000000088d00000, 0x0000000088d00000, 0x0000000088e00000|  0%| F|  |TAMS 0x0000000088d00000, 0x0000000088d00000| Untracked 
|  94|0x0000000088e00000, 0x0000000088e00000, 0x0000000088f00000|  0%| F|  |TAMS 0x0000000088e00000, 0x0000000088e00000| Untracked 
|  95|0x0000000088f00000, 0x0000000088f00000, 0x0000000089000000|  0%| F|  |TAMS 0x0000000088f00000, 0x0000000088f00000| Untracked 
|  96|0x0000000089000000, 0x0000000089000000, 0x0000000089100000|  0%| F|  |TAMS 0x0000000089000000, 0x0000000089000000| Untracked 
|  97|0x0000000089100000, 0x0000000089100000, 0x0000000089200000|  0%| F|  |TAMS 0x0000000089100000, 0x0000000089100000| Untracked 
|  98|0x0000000089200000, 0x0000000089200000, 0x0000000089300000|  0%| F|  |TAMS 0x0000000089200000, 0x0000000089200000| Untracked 
|  99|0x0000000089300000, 0x0000000089300000, 0x0000000089400000|  0%| F|  |TAMS 0x0000000089300000, 0x0000000089300000| Untracked 
| 100|0x0000000089400000, 0x0000000089400000, 0x0000000089500000|  0%| F|  |TAMS 0x0000000089400000, 0x0000000089400000| Untracked 
| 101|0x0000000089500000, 0x0000000089500000, 0x0000000089600000|  0%| F|  |TAMS 0x0000000089500000, 0x0000000089500000| Untracked 
| 102|0x0000000089600000, 0x0000000089600000, 0x0000000089700000|  0%| F|  |TAMS 0x0000000089600000, 0x0000000089600000| Untracked 
| 103|0x0000000089700000, 0x00000000897764b0, 0x0000000089800000| 46%| E|  |TAMS 0x0000000089700000, 0x0000000089700000| Complete 
| 104|0x0000000089800000, 0x0000000089900000, 0x0000000089900000|100%| E|CS|TAMS 0x0000000089800000, 0x0000000089800000| Complete 
| 105|0x0000000089900000, 0x0000000089a00000, 0x0000000089a00000|100%| E|CS|TAMS 0x0000000089900000, 0x0000000089900000| Complete 
| 106|0x0000000089a00000, 0x0000000089b00000, 0x0000000089b00000|100%| E|CS|TAMS 0x0000000089a00000, 0x0000000089a00000| Complete 
| 107|0x0000000089b00000, 0x0000000089c00000, 0x0000000089c00000|100%| E|CS|TAMS 0x0000000089b00000, 0x0000000089b00000| Complete 
| 108|0x0000000089c00000, 0x0000000089d00000, 0x0000000089d00000|100%| E|CS|TAMS 0x0000000089c00000, 0x0000000089c00000| Complete 
| 109|0x0000000089d00000, 0x0000000089e00000, 0x0000000089e00000|100%| E|  |TAMS 0x0000000089d00000, 0x0000000089d00000| Complete 
| 110|0x0000000089e00000, 0x0000000089f00000, 0x0000000089f00000|100%| E|CS|TAMS 0x0000000089e00000, 0x0000000089e00000| Complete 
| 111|0x0000000089f00000, 0x000000008a000000, 0x000000008a000000|100%| E|CS|TAMS 0x0000000089f00000, 0x0000000089f00000| Complete 
| 112|0x000000008a000000, 0x000000008a100000, 0x000000008a100000|100%| E|CS|TAMS 0x000000008a000000, 0x000000008a000000| Complete 
| 113|0x000000008a100000, 0x000000008a200000, 0x000000008a200000|100%| E|CS|TAMS 0x000000008a100000, 0x000000008a100000| Complete 
| 114|0x000000008a200000, 0x000000008a300000, 0x000000008a300000|100%| E|CS|TAMS 0x000000008a200000, 0x000000008a200000| Complete 
| 115|0x000000008a300000, 0x000000008a400000, 0x000000008a400000|100%| E|CS|TAMS 0x000000008a300000, 0x000000008a300000| Complete 
| 116|0x000000008a400000, 0x000000008a500000, 0x000000008a500000|100%| E|CS|TAMS 0x000000008a400000, 0x000000008a400000| Complete 
| 117|0x000000008a500000, 0x000000008a600000, 0x000000008a600000|100%| E|CS|TAMS 0x000000008a500000, 0x000000008a500000| Complete 
| 118|0x000000008a600000, 0x000000008a700000, 0x000000008a700000|100%| E|CS|TAMS 0x000000008a600000, 0x000000008a600000| Complete 
| 119|0x000000008a700000, 0x000000008a800000, 0x000000008a800000|100%| E|CS|TAMS 0x000000008a700000, 0x000000008a700000| Complete 
| 120|0x000000008a800000, 0x000000008a900000, 0x000000008a900000|100%| E|CS|TAMS 0x000000008a800000, 0x000000008a800000| Complete 
| 121|0x000000008a900000, 0x000000008aa00000, 0x000000008aa00000|100%| E|CS|TAMS 0x000000008a900000, 0x000000008a900000| Complete 
| 122|0x000000008aa00000, 0x000000008ab00000, 0x000000008ab00000|100%| E|CS|TAMS 0x000000008aa00000, 0x000000008aa00000| Complete 
| 123|0x000000008ab00000, 0x000000008ac00000, 0x000000008ac00000|100%| E|CS|TAMS 0x000000008ab00000, 0x000000008ab00000| Complete 
| 124|0x000000008ac00000, 0x000000008ad00000, 0x000000008ad00000|100%| E|CS|TAMS 0x000000008ac00000, 0x000000008ac00000| Complete 
| 125|0x000000008ad00000, 0x000000008ae00000, 0x000000008ae00000|100%| E|CS|TAMS 0x000000008ad00000, 0x000000008ad00000| Complete 

Card table byte_map: [0x00000230ca4a0000,0x00000230ca890000] _byte_map_base: 0x00000230ca088000

Marking Bits (Prev, Next): (CMBitMap*) 0x00000230b57d9e90, (CMBitMap*) 0x00000230b57d9ed0
 Prev Bits: [0x00000230cac80000, 0x00000230ccbc0000)
 Next Bits: [0x00000230ccbc0000, 0x00000230ceb00000)

Polling page: 0x00000230b5850000

Metaspace:

Usage:
  Non-class:     11.52 MB used.
      Class:   1006.50 KB used.
       Both:     12.51 MB used.

Virtual space:
  Non-class space:       16.00 MB reserved,      11.62 MB ( 73%) committed,  2 nodes.
      Class space:        1.00 GB reserved,       1.06 MB ( <1%) committed,  1 nodes.
             Both:        1.02 GB reserved,      12.69 MB (  1%) committed. 

Chunk freelists:
   Non-Class:  432.00 KB
       Class:  2.98 MB
        Both:  3.41 MB

MaxMetaspaceSize: unlimited
CompressedClassSpaceSize: 1.00 GB
Initial GC threshold: 21.00 MB
Current GC threshold: 21.00 MB
CDS: off
MetaspaceReclaimPolicy: balanced
 - commit_granule_bytes: 65536.
 - commit_granule_words: 8192.
 - virtual_space_node_default_size: 1048576.
 - enlarge_chunks_in_place: 1.
 - new_chunks_are_fully_committed: 0.
 - uncommit_free_chunks: 1.
 - use_allocation_guard: 0.
 - handle_deallocations: 1.


Internal statistics:

num_allocs_failed_limit: 0.
num_arena_births: 66.
num_arena_deaths: 0.
num_vsnodes_births: 3.
num_vsnodes_deaths: 0.
num_space_committed: 201.
num_space_uncommitted: 0.
num_chunks_returned_to_freelist: 0.
num_chunks_taken_from_freelist: 238.
num_chunk_merges: 0.
num_chunk_splits: 165.
num_chunks_enlarged: 137.
num_purges: 0.
num_inconsistent_stats: 0.

CodeHeap 'non-profiled nmethods': size=120000Kb used=483Kb max_used=483Kb free=119516Kb
 bounds [0x00000230c2120000, 0x00000230c2390000, 0x00000230c9650000]
CodeHeap 'profiled nmethods': size=120000Kb used=2146Kb max_used=2146Kb free=117853Kb
 bounds [0x00000230babf0000, 0x00000230bae60000, 0x00000230c2120000]
CodeHeap 'non-nmethods': size=5760Kb used=1616Kb max_used=1650Kb free=4143Kb
 bounds [0x00000230ba650000, 0x00000230ba8c0000, 0x00000230babf0000]
 total_blobs=2321 nmethods=1267 adapters=967
 compilation: enabled
              stopped_count=0, restarted_count=0
 full_count=0

Compilation events (20 events):
Event: 5.579 Thread 0x00000230d202d240 1258       3       com.mygdx.game.ClanSombra::update (41 bytes)
Event: 5.580 Thread 0x00000230d202d240 nmethod 1258 0x00000230bae01c90 code [0x00000230bae01e80, 0x00000230bae02458]
Event: 5.596 Thread 0x00000230d2011bd0 1259       4       java.nio.Buffer::remaining (20 bytes)
Event: 5.596 Thread 0x00000230d2011bd0 nmethod 1259 0x00000230c2198790 code [0x00000230c2198900, 0x00000230c2198998]
Event: 5.649 Thread 0x00000230d202d240 1260       3       java.io.WinNTFileSystem::normalizePrefix (132 bytes)
Event: 5.652 Thread 0x00000230d202d240 nmethod 1260 0x00000230bae02710 code [0x00000230bae02b40, 0x00000230bae04bc8]
Event: 5.652 Thread 0x00000230d202d240 1261       3       java.io.FileDescriptor::<init> (17 bytes)
Event: 5.652 Thread 0x00000230d202d240 nmethod 1261 0x00000230bae05810 code [0x00000230bae059a0, 0x00000230bae05b18]
Event: 5.652 Thread 0x00000230d202d240 1262       3       java.io.FileCleanable::register (49 bytes)
Event: 5.653 Thread 0x00000230d202d240 nmethod 1262 0x00000230bae05c10 code [0x00000230bae05e20, 0x00000230bae06658]
Event: 5.656 Thread 0x00000230d202d240 1263       1       org.lwjgl.system.MemoryStack::getPointer (5 bytes)
Event: 5.657 Thread 0x00000230d202d240 nmethod 1263 0x00000230c2198a90 code [0x00000230c2198c20, 0x00000230c2198cf8]
Event: 5.664 Thread 0x00000230d202d240 1264       3       java.io.BufferedInputStream::getInIfOpen (21 bytes)
Event: 5.664 Thread 0x00000230d202d240 nmethod 1264 0x00000230bae06990 code [0x00000230bae06b40, 0x00000230bae06d48]
Event: 5.679 Thread 0x00000230d202d240 1265       3       com.badlogic.gdx.math.Vector3::prj (149 bytes)
Event: 5.680 Thread 0x00000230d202d240 nmethod 1265 0x00000230bae06e10 code [0x00000230bae06fe0, 0x00000230bae072d8]
Event: 5.680 Thread 0x00000230d202d240 1266       3       com.badlogic.gdx.scenes.scene2d.Actor::parentToLocalCoordinates (228 bytes)
Event: 5.681 Thread 0x00000230d202d240 nmethod 1266 0x00000230bae07490 code [0x00000230bae07680, 0x00000230bae07a98]
Event: 5.681 Thread 0x00000230d202d240 1267       3       com.badlogic.gdx.scenes.scene2d.Group::hit (118 bytes)
Event: 5.682 Thread 0x00000230d202d240 nmethod 1267 0x00000230bae07b90 code [0x00000230bae07da0, 0x00000230bae085c8]

GC Heap History (0 events):
No events

Deoptimization events (20 events):
Event: 0.385 Thread 0x00000230b5780c90 DEOPT PACKING pc=0x00000230bac62f65 sp=0x00000080c52f79c0
Event: 0.385 Thread 0x00000230b5780c90 DEOPT UNPACKING pc=0x00000230ba6a2b43 sp=0x00000080c52f6e10 mode 0
Event: 0.421 Thread 0x00000230b5780c90 DEOPT PACKING pc=0x00000230bac62f65 sp=0x00000080c52fad60
Event: 0.421 Thread 0x00000230b5780c90 DEOPT UNPACKING pc=0x00000230ba6a2b43 sp=0x00000080c52fa1b0 mode 0
Event: 0.433 Thread 0x00000230b5780c90 DEOPT PACKING pc=0x00000230bac62f65 sp=0x00000080c52fa200
Event: 0.433 Thread 0x00000230b5780c90 DEOPT UNPACKING pc=0x00000230ba6a2b43 sp=0x00000080c52f9650 mode 0
Event: 0.450 Thread 0x00000230b5780c90 Uncommon trap: trap_request=0xffffff45 fr.pc=0x00000230c212c8c0 relative=0x0000000000000040
Event: 0.450 Thread 0x00000230b5780c90 Uncommon trap: reason=unstable_if action=reinterpret pc=0x00000230c212c8c0 method=sun.nio.fs.WindowsPathParser.isSlash(C)Z @ 9 c2
Event: 0.451 Thread 0x00000230b5780c90 DEOPT PACKING pc=0x00000230c212c8c0 sp=0x00000080c52fbee0
Event: 0.451 Thread 0x00000230b5780c90 DEOPT UNPACKING pc=0x00000230ba6a23a3 sp=0x00000080c52fbe68 mode 2
Event: 0.544 Thread 0x00000230b5780c90 DEOPT PACKING pc=0x00000230bac1723e sp=0x00000080c52fe3e0
Event: 0.544 Thread 0x00000230b5780c90 DEOPT UNPACKING pc=0x00000230ba6a2b43 sp=0x00000080c52fd858 mode 0
Event: 1.163 Thread 0x00000230b5780c90 Uncommon trap: trap_request=0xffffff45 fr.pc=0x00000230c212df5c relative=0x000000000000015c
Event: 1.163 Thread 0x00000230b5780c90 Uncommon trap: reason=unstable_if action=reinterpret pc=0x00000230c212df5c method=java.lang.StringCoding.hasNegatives([BII)Z @ 12 c2
Event: 1.163 Thread 0x00000230b5780c90 DEOPT PACKING pc=0x00000230c212df5c sp=0x00000080c52fead0
Event: 1.163 Thread 0x00000230b5780c90 DEOPT UNPACKING pc=0x00000230ba6a23a3 sp=0x00000080c52fea78 mode 2
Event: 1.387 Thread 0x00000230b5780c90 Uncommon trap: trap_request=0xffffff45 fr.pc=0x00000230c21690e4 relative=0x00000000000000c4
Event: 1.387 Thread 0x00000230b5780c90 Uncommon trap: reason=unstable_if action=reinterpret pc=0x00000230c21690e4 method=sun.net.www.ParseUtil.match(CJJ)Z @ 13 c2
Event: 1.387 Thread 0x00000230b5780c90 DEOPT PACKING pc=0x00000230c21690e4 sp=0x00000080c52fecd0
Event: 1.387 Thread 0x00000230b5780c90 DEOPT UNPACKING pc=0x00000230ba6a23a3 sp=0x00000080c52febe0 mode 2

Classes unloaded (0 events):
No events

Classes redefined (0 events):
No events

Internal exceptions (20 events):
Event: 0.405 Thread 0x00000230b5780c90 Exception <a 'java/lang/NoSuchMethodError'{0x000000008a765ac8}: 'int java.lang.invoke.DirectMethodHandle$Holder.invokeSpecial(java.lang.Object, java.lang.Object, java.lang.Object)'> (0x000000008a765ac8) 
thrown [s\src\hotspot\share\interpreter\linkResolver.cpp, line 759]
Event: 0.451 Thread 0x00000230b5780c90 Exception <a 'sun/nio/fs/WindowsException'{0x000000008a608a40}> (0x000000008a608a40) 
thrown [s\src\hotspot\share\prims\jni.cpp, line 516]
Event: 0.451 Thread 0x00000230b5780c90 Exception <a 'sun/nio/fs/WindowsException'{0x000000008a608fa0}> (0x000000008a608fa0) 
thrown [s\src\hotspot\share\prims\jni.cpp, line 516]
Event: 0.467 Thread 0x00000230b5780c90 Exception <a 'java/lang/NoSuchMethodError'{0x000000008a64c910}: 'int java.lang.invoke.DirectMethodHandle$Holder.invokeStaticInit(java.lang.Object, java.lang.Object, int, long)'> (0x000000008a64c910) 
thrown [s\src\hotspot\share\interpreter\linkResolver.cpp, line 759]
Event: 0.468 Thread 0x00000230b5780c90 Exception <a 'java/lang/NoSuchMethodError'{0x000000008a6521d8}: 'java.lang.Object java.lang.invoke.DirectMethodHandle$Holder.newInvokeSpecial(java.lang.Object, java.lang.Object, int)'> (0x000000008a6521d8) 
thrown [s\src\hotspot\share\interpreter\linkResolver.cpp, line 759]
Event: 0.471 Thread 0x00000230b5780c90 Exception <a 'java/lang/NoSuchMethodError'{0x000000008a6672e0}: 'int java.lang.invoke.DirectMethodHandle$Holder.invokeStaticInit(java.lang.Object, java.lang.Object, long, long)'> (0x000000008a6672e0) 
thrown [s\src\hotspot\share\interpreter\linkResolver.cpp, line 759]
Event: 0.472 Thread 0x00000230b5780c90 Exception <a 'java/lang/NoSuchMethodError'{0x000000008a66d3f0}: 'java.lang.Object java.lang.invoke.DirectMethodHandle$Holder.newInvokeSpecial(java.lang.Object, java.lang.Object, long)'> (0x000000008a66d3f0) 
thrown [s\src\hotspot\share\interpreter\linkResolver.cpp, line 759]
Event: 0.472 Thread 0x00000230b5780c90 Exception <a 'java/lang/NoSuchMethodError'{0x000000008a671438}: 'java.lang.Object java.lang.invoke.Invokers$Holder.linkToTargetMethod(java.lang.Object, long, java.lang.Object)'> (0x000000008a671438) 
thrown [s\src\hotspot\share\interpreter\linkResolver.cpp, line 759]
Event: 0.473 Thread 0x00000230b5780c90 Exception <a 'java/lang/NoSuchMethodError'{0x000000008a678e08}: 'int java.lang.invoke.DirectMethodHandle$Holder.invokeStaticInit(java.lang.Object, java.lang.Object, java.lang.Object, long)'> (0x000000008a678e08) 
thrown [s\src\hotspot\share\interpreter\linkResolver.cpp, line 759]
Event: 0.506 Thread 0x00000230b5780c90 Exception <a 'sun/nio/fs/WindowsException'{0x000000008a535390}> (0x000000008a535390) 
thrown [s\src\hotspot\share\prims\jni.cpp, line 516]
Event: 0.506 Thread 0x00000230b5780c90 Exception <a 'sun/nio/fs/WindowsException'{0x000000008a535738}> (0x000000008a535738) 
thrown [s\src\hotspot\share\prims\jni.cpp, line 516]
Event: 0.538 Thread 0x00000230b5780c90 Exception <a 'sun/nio/fs/WindowsException'{0x000000008a5f8958}> (0x000000008a5f8958) 
thrown [s\src\hotspot\share\prims\jni.cpp, line 516]
Event: 0.538 Thread 0x00000230b5780c90 Exception <a 'sun/nio/fs/WindowsException'{0x000000008a5f8cd0}> (0x000000008a5f8cd0) 
thrown [s\src\hotspot\share\prims\jni.cpp, line 516]
Event: 0.598 Thread 0x00000230b5780c90 Exception <a 'sun/nio/fs/WindowsException'{0x000000008a492550}> (0x000000008a492550) 
thrown [s\src\hotspot\share\prims\jni.cpp, line 516]
Event: 0.598 Thread 0x00000230b5780c90 Exception <a 'sun/nio/fs/WindowsException'{0x000000008a4928e0}> (0x000000008a4928e0) 
thrown [s\src\hotspot\share\prims\jni.cpp, line 516]
Event: 0.696 Thread 0x00000230b5780c90 Exception <a 'java/lang/NoSuchMethodError'{0x000000008a4e0c40}: 'java.lang.Object java.lang.invoke.DirectMethodHandle$Holder.newInvokeSpecial(java.lang.Object, long)'> (0x000000008a4e0c40) 
thrown [s\src\hotspot\share\interpreter\linkResolver.cpp, line 759]
Event: 0.846 Thread 0x00000230b5780c90 Exception <a 'sun/nio/fs/WindowsException'{0x000000008a21a5c0}> (0x000000008a21a5c0) 
thrown [s\src\hotspot\share\prims\jni.cpp, line 516]
Event: 0.846 Thread 0x00000230b5780c90 Exception <a 'sun/nio/fs/WindowsException'{0x000000008a21a970}> (0x000000008a21a970) 
thrown [s\src\hotspot\share\prims\jni.cpp, line 516]
Event: 0.852 Thread 0x00000230b5780c90 Exception <a 'sun/nio/fs/WindowsException'{0x000000008a22aa10}> (0x000000008a22aa10) 
thrown [s\src\hotspot\share\prims\jni.cpp, line 516]
Event: 0.852 Thread 0x00000230b5780c90 Exception <a 'sun/nio/fs/WindowsException'{0x000000008a22ad00}> (0x000000008a22ad00) 
thrown [s\src\hotspot\share\prims\jni.cpp, line 516]

VM Operations (14 events):
Event: 0.197 Executing VM operation: HandshakeAllThreads
Event: 0.197 Executing VM operation: HandshakeAllThreads done
Event: 0.326 Executing VM operation: HandshakeAllThreads
Event: 0.327 Executing VM operation: HandshakeAllThreads done
Event: 0.403 Executing VM operation: HandshakeAllThreads
Event: 0.403 Executing VM operation: HandshakeAllThreads done
Event: 0.932 Executing VM operation: HandshakeAllThreads
Event: 0.932 Executing VM operation: HandshakeAllThreads done
Event: 1.935 Executing VM operation: Cleanup
Event: 1.935 Executing VM operation: Cleanup done
Event: 2.935 Executing VM operation: Cleanup
Event: 2.935 Executing VM operation: Cleanup done
Event: 4.935 Executing VM operation: Cleanup
Event: 4.935 Executing VM operation: Cleanup done

Events (20 events):
Event: 1.258 loading class jdk/internal/math/FloatingDecimal done
Event: 1.258 loading class jdk/internal/math/FloatingDecimal$ExceptionalBinaryToASCIIBuffer
Event: 1.258 loading class jdk/internal/math/FloatingDecimal$BinaryToASCIIConverter
Event: 1.258 loading class jdk/internal/math/FloatingDecimal$BinaryToASCIIConverter done
Event: 1.258 loading class jdk/internal/math/FloatingDecimal$ExceptionalBinaryToASCIIBuffer done
Event: 1.258 loading class jdk/internal/math/FloatingDecimal$BinaryToASCIIBuffer
Event: 1.258 loading class jdk/internal/math/FloatingDecimal$BinaryToASCIIBuffer done
Event: 1.258 loading class jdk/internal/math/FloatingDecimal$1
Event: 1.258 loading class jdk/internal/math/FloatingDecimal$1 done
Event: 1.258 loading class jdk/internal/math/FloatingDecimal$PreparedASCIIToBinaryBuffer
Event: 1.258 loading class jdk/internal/math/FloatingDecimal$ASCIIToBinaryConverter
Event: 1.258 loading class jdk/internal/math/FloatingDecimal$ASCIIToBinaryConverter done
Event: 1.258 loading class jdk/internal/math/FloatingDecimal$PreparedASCIIToBinaryBuffer done
Event: 1.258 loading class jdk/internal/math/FloatingDecimal$ASCIIToBinaryBuffer
Event: 1.259 loading class jdk/internal/math/FloatingDecimal$ASCIIToBinaryBuffer done
Event: 1.694 Thread 0x00000230d4dea060 Thread added: 0x00000230d4dea060
Event: 1.702 loading class java/lang/SecurityException
Event: 1.702 loading class java/lang/SecurityException done
Event: 1.703 loading class java/lang/reflect/InvocationTargetException
Event: 1.703 loading class java/lang/reflect/InvocationTargetException done


Dynamic libraries:
0x00007ff788870000 - 0x00007ff78887e000 	C:\Users\Matias\.p2\pool\plugins\org.eclipse.justj.openjdk.hotspot.jre.full.win32.x86_64_17.0.4.v20220805-1047\jre\bin\javaw.exe
0x00007ffdc2070000 - 0x00007ffdc2268000 	C:\windows\SYSTEM32\ntdll.dll
0x00007ffdc0730000 - 0x00007ffdc07ed000 	C:\windows\System32\KERNEL32.DLL
0x00007ffdbfc90000 - 0x00007ffdbff62000 	C:\windows\System32\KERNELBASE.dll
0x00007ffdbf9a0000 - 0x00007ffdbfaa0000 	C:\windows\System32\ucrtbase.dll
0x00007ffda8ac0000 - 0x00007ffda8ad9000 	C:\Users\Matias\.p2\pool\plugins\org.eclipse.justj.openjdk.hotspot.jre.full.win32.x86_64_17.0.4.v20220805-1047\jre\bin\VCRUNTIME140.dll
0x00007ffda7d70000 - 0x00007ffda7d88000 	C:\Users\Matias\.p2\pool\plugins\org.eclipse.justj.openjdk.hotspot.jre.full.win32.x86_64_17.0.4.v20220805-1047\jre\bin\jli.dll
0x00007ffdc0260000 - 0x00007ffdc03fd000 	C:\windows\System32\USER32.dll
0x00007ffdbf890000 - 0x00007ffdbf8b2000 	C:\windows\System32\win32u.dll
0x00007ffda3680000 - 0x00007ffda391a000 	C:\windows\WinSxS\amd64_microsoft.windows.common-controls_6595b64144ccf1df_6.0.19041.1110_none_60b5254171f9507e\COMCTL32.dll
0x00007ffdc1770000 - 0x00007ffdc179b000 	C:\windows\System32\GDI32.dll
0x00007ffdc0b50000 - 0x00007ffdc0bee000 	C:\windows\System32\msvcrt.dll
0x00007ffdbfaa0000 - 0x00007ffdbfbaf000 	C:\windows\System32\gdi32full.dll
0x00007ffdbf7f0000 - 0x00007ffdbf88d000 	C:\windows\System32\msvcp_win.dll
0x00007ffdc1680000 - 0x00007ffdc16b0000 	C:\windows\System32\IMM32.DLL
0x00007ffdb8070000 - 0x00007ffdb807c000 	C:\Users\Matias\.p2\pool\plugins\org.eclipse.justj.openjdk.hotspot.jre.full.win32.x86_64_17.0.4.v20220805-1047\jre\bin\vcruntime140_1.dll
0x00007ffd83270000 - 0x00007ffd83301000 	C:\Users\Matias\.p2\pool\plugins\org.eclipse.justj.openjdk.hotspot.jre.full.win32.x86_64_17.0.4.v20220805-1047\jre\bin\msvcp140.dll
0x00007ffd6d0e0000 - 0x00007ffd6dd26000 	C:\Users\Matias\.p2\pool\plugins\org.eclipse.justj.openjdk.hotspot.jre.full.win32.x86_64_17.0.4.v20220805-1047\jre\bin\server\jvm.dll
0x00007ffdc1f20000 - 0x00007ffdc1fce000 	C:\windows\System32\ADVAPI32.dll
0x00007ffdc0160000 - 0x00007ffdc01fc000 	C:\windows\System32\sechost.dll
0x00007ffdc1550000 - 0x00007ffdc1675000 	C:\windows\System32\RPCRT4.dll
0x00007ffdc05b0000 - 0x00007ffdc05b8000 	C:\windows\System32\PSAPI.DLL
0x00007ffdb77b0000 - 0x00007ffdb77b9000 	C:\windows\SYSTEM32\WSOCK32.dll
0x00007ffdb6d20000 - 0x00007ffdb6d2a000 	C:\windows\SYSTEM32\VERSION.dll
0x00007ffdc14d0000 - 0x00007ffdc153b000 	C:\windows\System32\WS2_32.dll
0x00007ffda2870000 - 0x00007ffda2897000 	C:\windows\SYSTEM32\WINMM.dll
0x00007ffdbdfd0000 - 0x00007ffdbdfe2000 	C:\windows\SYSTEM32\kernel.appcore.dll
0x00007ffdb76e0000 - 0x00007ffdb76ea000 	C:\Users\Matias\.p2\pool\plugins\org.eclipse.justj.openjdk.hotspot.jre.full.win32.x86_64_17.0.4.v20220805-1047\jre\bin\jimage.dll
0x00007ffdbd540000 - 0x00007ffdbd724000 	C:\windows\SYSTEM32\DBGHELP.DLL
0x00007ffd9e000000 - 0x00007ffd9e02c000 	C:\windows\SYSTEM32\dbgcore.DLL
0x00007ffdbf910000 - 0x00007ffdbf992000 	C:\windows\System32\bcryptPrimitives.dll
0x00007ffd983c0000 - 0x00007ffd983e5000 	C:\Users\Matias\.p2\pool\plugins\org.eclipse.justj.openjdk.hotspot.jre.full.win32.x86_64_17.0.4.v20220805-1047\jre\bin\java.dll
0x00007ffda9b00000 - 0x00007ffda9b18000 	C:\Users\Matias\.p2\pool\plugins\org.eclipse.justj.openjdk.hotspot.jre.full.win32.x86_64_17.0.4.v20220805-1047\jre\bin\zip.dll
0x00007ffdc0d80000 - 0x00007ffdc14c3000 	C:\windows\System32\SHELL32.dll
0x00007ffdbd820000 - 0x00007ffdbdfb1000 	C:\windows\SYSTEM32\windows.storage.dll
0x00007ffdc07f0000 - 0x00007ffdc0b44000 	C:\windows\System32\combase.dll
0x00007ffdbf1e0000 - 0x00007ffdbf210000 	C:\windows\SYSTEM32\Wldp.dll
0x00007ffdc1e70000 - 0x00007ffdc1f1d000 	C:\windows\System32\SHCORE.dll
0x00007ffdc0200000 - 0x00007ffdc0255000 	C:\windows\System32\shlwapi.dll
0x00007ffdbf6c0000 - 0x00007ffdbf6df000 	C:\windows\SYSTEM32\profapi.dll
0x00007ffdbaea0000 - 0x00007ffdbaeb9000 	C:\Users\Matias\.p2\pool\plugins\org.eclipse.justj.openjdk.hotspot.jre.full.win32.x86_64_17.0.4.v20220805-1047\jre\bin\net.dll
0x00007ffda5990000 - 0x00007ffda5a9d000 	C:\windows\SYSTEM32\WINHTTP.dll
0x00007ffdbef40000 - 0x00007ffdbefaa000 	C:\windows\system32\mswsock.dll
0x00007ffdb9570000 - 0x00007ffdb9585000 	C:\Users\Matias\.p2\pool\plugins\org.eclipse.justj.openjdk.hotspot.jre.full.win32.x86_64_17.0.4.v20220805-1047\jre\bin\nio.dll
0x0000000074470000 - 0x0000000074499000 	C:\Users\Matias\AppData\Local\Temp\libgdxMatias\e787ab0a\gdx64.dll
0x00007ffd924a0000 - 0x00007ffd92515000 	C:\Users\Matias\AppData\Local\Temp\lwjglMatias\3.3.1-build-7\lwjgl.dll
0x00007ffd536b0000 - 0x00007ffd53909000 	C:\Users\Matias\AppData\Local\Temp\lwjglMatias\3.3.1-build-7\jemalloc.dll
0x00007ffd83200000 - 0x00007ffd83261000 	C:\Users\Matias\AppData\Local\Temp\lwjglMatias\3.3.1-build-7\glfw.dll
0x00007ffd94a60000 - 0x00007ffd94aa5000 	C:\windows\SYSTEM32\dinput8.dll
0x00007ffd6fec0000 - 0x00007ffd6fed1000 	C:\windows\SYSTEM32\xinput1_4.dll
0x00007ffdbf8c0000 - 0x00007ffdbf90e000 	C:\windows\System32\cfgmgr32.dll
0x00007ffdbf530000 - 0x00007ffdbf55c000 	C:\windows\SYSTEM32\DEVOBJ.dll
0x00007ffdbced0000 - 0x00007ffdbceff000 	C:\windows\SYSTEM32\dwmapi.dll
0x00007ffda1240000 - 0x00007ffda1392000 	C:\windows\SYSTEM32\inputhost.dll
0x00007ffdc05c0000 - 0x00007ffdc068d000 	C:\windows\System32\OLEAUT32.dll
0x00007ffdbc8c0000 - 0x00007ffdbc9b2000 	C:\windows\SYSTEM32\CoreMessaging.dll
0x00007ffdbaf30000 - 0x00007ffdbb026000 	C:\windows\SYSTEM32\PROPSYS.dll
0x00007ffdbb200000 - 0x00007ffdbb354000 	C:\windows\SYSTEM32\wintypes.dll
0x00007ffdbc1e0000 - 0x00007ffdbc53e000 	C:\windows\SYSTEM32\CoreUIComponents.dll
0x00007ffdbe910000 - 0x00007ffdbe943000 	C:\windows\SYSTEM32\ntmarta.dll
0x00007ffdbcda0000 - 0x00007ffdbce3e000 	C:\windows\system32\uxtheme.dll
0x00007ffdc17a0000 - 0x00007ffdc18b5000 	C:\windows\System32\MSCTF.dll
0x00007ffd4e140000 - 0x00007ffd4e2d7000 	C:\Users\Matias\AppData\Local\Temp\lwjglMatias\3.3.1-build-7\OpenAL.dll
0x00007ffdc0bf0000 - 0x00007ffdc0d1a000 	C:\windows\System32\ole32.dll
0x00007ffdc16c0000 - 0x00007ffdc176f000 	C:\windows\System32\clbcatq.dll
0x00007ffdb8900000 - 0x00007ffdb8985000 	C:\windows\System32\MMDevApi.dll
0x00007ffdb8be0000 - 0x00007ffdb8d62000 	C:\windows\SYSTEM32\AUDIOSES.DLL
0x00007ffdbed00000 - 0x00007ffdbed4b000 	C:\windows\SYSTEM32\powrprof.dll
0x00007ffdbebc0000 - 0x00007ffdbebd2000 	C:\windows\SYSTEM32\UMPDC.dll
0x00007ffdbceb0000 - 0x00007ffdbcec4000 	C:\windows\SYSTEM32\resourcepolicyclient.dll
0x00007ffda6010000 - 0x00007ffda6137000 	C:\windows\SYSTEM32\opengl32.dll
0x00007ffdb8290000 - 0x00007ffdb82bc000 	C:\windows\SYSTEM32\GLU32.dll
0x00007ffdb7cd0000 - 0x00007ffdb7dc7000 	C:\Windows\System32\AppXDeploymentClient.dll
0x00007ffd248b0000 - 0x00007ffd258cb000 	C:\windows\System32\DriverStore\FileRepository\iigd_dch.inf_amd64_a42594d6c963e733\ig9icd64.dll
0x00007ffdbe040000 - 0x00007ffdbe133000 	C:\windows\system32\dxgi.dll
0x00007ffd400d0000 - 0x00007ffd403b7000 	C:\windows\System32\DriverStore\FileRepository\iigd_dch.inf_amd64_a42594d6c963e733\igdml64.dll
0x00007ffdb2070000 - 0x00007ffdb2437000 	C:\windows\System32\DriverStore\FileRepository\iigd_dch.inf_amd64_a42594d6c963e733\igdgmm64.dll
0x00007ffdad3f0000 - 0x00007ffdb0a01000 	C:\windows\System32\DriverStore\FileRepository\iigd_dch.inf_amd64_a42594d6c963e733\igc64.dll
0x00007ffd900a0000 - 0x00007ffd900fd000 	C:\Users\Matias\AppData\Local\Temp\lwjglMatias\3.3.1-build-7\lwjgl_opengl.dll
0x00007ffda5dd0000 - 0x00007ffda5ec9000 	C:\windows\SYSTEM32\textinputframework.dll
0x0000000074410000 - 0x000000007446a000 	C:\Users\Matias\AppData\Local\Temp\libgdxMatias\888fe1bc\gdx-box2d64.dll

dbghelp: loaded successfully - version: 4.0.5 - missing functions: none
symbol engine: initialized successfully - sym options: 0x614 - pdb path: .;C:\Users\Matias\.p2\pool\plugins\org.eclipse.justj.openjdk.hotspot.jre.full.win32.x86_64_17.0.4.v20220805-1047\jre\bin;C:\windows\SYSTEM32;C:\windows\WinSxS\amd64_microsoft.windows.common-controls_6595b64144ccf1df_6.0.19041.1110_none_60b5254171f9507e;C:\Users\Matias\.p2\pool\plugins\org.eclipse.justj.openjdk.hotspot.jre.full.win32.x86_64_17.0.4.v20220805-1047\jre\bin\server;C:\Users\Matias\AppData\Local\Temp\libgdxMatias\e787ab0a;C:\Users\Matias\AppData\Local\Temp\lwjglMatias\3.3.1-build-7;C:\windows\System32\DriverStore\FileRepository\iigd_dch.inf_amd64_a42594d6c963e733;C:\Users\Matias\AppData\Local\Temp\libgdxMatias\888fe1bc

VM Arguments:
jvm_args: -Dfile.encoding=UTF-8 -XX:+ShowCodeDetailsInExceptionMessages 
java_command: com.mygdx.game.DesktopLauncher
java_class_path (initial): G:\My Drive\PUCV\2do ao\4to Semestre\Programacin Avanzada\Jimbo Adventures, El origen\desktop\bin\main;\Jimbo Adventures, El origen-core\bin\default;G:\My Drive\PUCV\2do ao\4to Semestre\Programacin Avanzada\Jimbo Adventures, El origen\core\bin\main;C:\Users\Matias\.gradle\caches\modules-2\files-2.1\com.badlogicgames.gdx\gdx-backend-lwjgl3\1.11.0\58a96db4cd349be4292d547856aa1e1c5f065f4e\gdx-backend-lwjgl3-1.11.0.jar;C:\Users\Matias\.gradle\caches\modules-2\files-2.1\com.badlogicgames.gdx\gdx-platform\1.11.0\697fb13eada6d3c6ca648c9788692b0159add126\gdx-platform-1.11.0-natives-desktop.jar;C:\Users\Matias\.gradle\caches\modules-2\files-2.1\com.badlogicgames.gdx\gdx-box2d-platform\1.11.0\62ff9baa1e57a11e0a4428a38c9660bf9f312fdc\gdx-box2d-platform-1.11.0-natives-desktop.jar;C:\Users\Matias\.gradle\caches\modules-2\files-2.1\com.badlogicgames.gdx\gdx-bullet-platform\1.11.0\2c067b913a306ba26d482075297538ad91cdb88b\gdx-bullet-platform-1.11.0-natives-desktop.jar;C:\Users\Matias\.gradle\caches\modules-2\files-2.1\com.badlogicgames.gdx\gdx-box2d\1.11.0\ad4facee800dd945d6d6e93dea2936bc135b5f\gdx-box2d-1.11.0.jar;C:\Users\Matias\.gradle\caches\modules-2\files-2.1\com.badlogicgames.gdx\gdx-ai\1.8.2\ab75d2ce80ab1b1ce6828a15dc0f417abac4c674\gdx-ai-1.8.2.jar;C:\Users\Matias\.gradle\caches\modules-2\files-2.1\com.badlogicgames.gdx\gdx-bullet\1.11.0\1eb83845fa655e7e8ab6bbb979d28b0502ad3302\gdx-bullet-1.11.0.jar;C:\Users\Matias\.gradle\caches\modules-2\files-2.1\com.badlogicgames.gdx\gdx\1.11.0\ffe1206d1004cd9e40027e28964be0fea0399af7\gdx-1.11.0.jar;C:\Users\Matias\.gradle\caches\modules-2\files-2.1\org.lwjgl\lwjgl-glfw\3.3.1\cbac1b8d30cb4795149c1ef540f912671a8616d0\lwjgl-glfw-3.3.1.jar;C:\Users\Matias\.gradle\caches\modules-2\files-2.1\org.lwjgl\lwjgl-glfw\3.3.1\81716978214ecbda15050ca394b06ef61501a49e\lwjgl-glfw-3.3.1-natives-linux.jar;C:\Users\Matias\.gradle\caches\modules-2\files-2.1\org.lwjgl\lwjgl-glfw\3.3.1\816d935933f2dd743074c4e717cc25b55720f294
Launcher Type: SUN_STANDARD

[Global flags]
     intx CICompilerCount                          = 4                                         {product} {ergonomic}
     uint ConcGCThreads                            = 2                                         {product} {ergonomic}
     uint G1ConcRefinementThreads                  = 8                                         {product} {ergonomic}
   size_t G1HeapRegionSize                         = 1048576                                   {product} {ergonomic}
    uintx GCDrainStackTargetSize                   = 64                                        {product} {ergonomic}
   size_t InitialHeapSize                          = 132120576                                 {product} {ergonomic}
   size_t MarkStackSize                            = 4194304                                   {product} {ergonomic}
   size_t MaxHeapSize                              = 2097152000                                {product} {ergonomic}
   size_t MaxNewSize                               = 1258291200                                {product} {ergonomic}
   size_t MinHeapDeltaBytes                        = 1048576                                   {product} {ergonomic}
   size_t MinHeapSize                              = 8388608                                   {product} {ergonomic}
    uintx NonNMethodCodeHeapSize                   = 5839372                                {pd product} {ergonomic}
    uintx NonProfiledCodeHeapSize                  = 122909434                              {pd product} {ergonomic}
    uintx ProfiledCodeHeapSize                     = 122909434                              {pd product} {ergonomic}
    uintx ReservedCodeCacheSize                    = 251658240                              {pd product} {ergonomic}
     bool SegmentedCodeCache                       = true                                      {product} {ergonomic}
     bool ShowCodeDetailsInExceptionMessages       = true                                   {manageable} {command line}
   size_t SoftMaxHeapSize                          = 2097152000                             {manageable} {ergonomic}
     bool UseCompressedClassPointers               = true                           {product lp64_product} {ergonomic}
     bool UseCompressedOops                        = true                           {product lp64_product} {ergonomic}
     bool UseG1GC                                  = true                                      {product} {ergonomic}
     bool UseLargePagesIndividualAllocation        = false                                  {pd product} {ergonomic}

Logging:
Log output configuration:
 #0: stdout all=warning uptime,level,tags
 #1: stderr all=off uptime,level,tags

Environment Variables:
PATH=C:/Users/Matias/.p2/pool/plugins/org.eclipse.justj.openjdk.hotspot.jre.full.win32.x86_64_17.0.4.v20220805-1047/jre/bin/server;C:/Users/Matias/.p2/pool/plugins/org.eclipse.justj.openjdk.hotspot.jre.full.win32.x86_64_17.0.4.v20220805-1047/jre/bin;C:\Program Files\Common Files\Oracle\Java\javapath;C:\windows\system32;C:\windows;C:\windows\System32\Wbem;C:\windows\System32\WindowsPowerShell\v1.0\;C:\windows\System32\OpenSSH\;C:\Program Files (x86)\NVIDIA Corporation\PhysX\Common;C:\Program Files\NVIDIA Corporation\NVIDIA NvDLISR;C:\MinGW\bin;C:\TDM-GCC-64\bin;C:\Users\Matias\AppData\Local\Programs\Python\Python39\Scripts;C:\Program Files\Git\cmd;C:\windows\system32;C:\windows;C:\windows\System32\Wbem;C:\windows\System32\WindowsPowerShell\v1.0\;C:\windows\System32\OpenSSH\;C:\Program Files (x86)\NVIDIA Corporation\PhysX\Common;C:\Program Files\NVIDIA Corporation\NVIDIA NvDLISR;C:\MinGW\bin;C:\TDM-GCC-64\bin;C:\windows\system32;C:\windows;C:\windows\System32\Wbem;C:\windows\System32\WindowsPowerShell\v1.0\;C:\windows\System32\OpenSSH\;C:\Program Files (x86)\NVIDIA Corporation\PhysX\Common;C:\Program Files\NVIDIA Corporation\NVIDIA NvDLISR;C:\MinGW\bin;C:\TDM-GCC-64\bin;C:\Users\Matias\AppData\Local\Microsoft\WindowsApps;C:\Users\Matias\AppData\Local\atom\bin;C:\TDM-GCC-64\bin;C:\Users\Matias\AppData\Local\Programs\Microsoft VS Code\bin;C:\MinGW\bin;;C:\Python37\Scripts;C:\Python34\Scripts;C:\Users\Matias\Desktop\Lenguajes de programacin;
USERNAME=Matias
OS=Windows_NT
PROCESSOR_IDENTIFIER=Intel64 Family 6 Model 165 Stepping 2, GenuineIntel
TMP=C:\Users\Matias\AppData\Local\Temp
TEMP=C:\Users\Matias\AppData\Local\Temp



---------------  S Y S T E M  ---------------

OS:
 Windows 10 , 64 bit Build 19041 (10.0.19041.1889)
OS uptime: 11 days 22:47 hours

CPU: total 8 (initial active 8) (4 cores per cpu, 2 threads per core) family 6 model 165 stepping 2 microcode 0xf0, cx8, cmov, fxsr, ht, mmx, 3dnowpref, sse, sse2, sse3, ssse3, sse4.1, sse4.2, popcnt, lzcnt, tsc, tscinvbit, avx, avx2, aes, erms, clmul, bmi1, bmi2, adx, fma, vzeroupper, clflush, clflushopt

Memory: 4k page, system-wide physical 7993M (1034M free)
TotalPageFile size 16587M (AvailPageFile size 2845M)
current process WorkingSet (physical memory assigned to process): 226M, peak: 229M
current process commit charge ("private bytes"): 333M, peak: 335M

vm_info: OpenJDK 64-Bit Server VM (17.0.4+8) for windows-amd64 JRE (17.0.4+8), built on Jul 19 2022 16:05:16 by "temurin" with MS VC++ 16.7 (VS2019)

END.
