#
# A fatal error has been detected by the Java Runtime Environment:
#
#  EXCEPTION_ACCESS_VIOLATION (0xc0000005) at pc=0x0000000067f6f509, pid=7500, tid=8252
#
# JRE version: OpenJDK Runtime Environment Temurin-17.0.4+8 (17.0.4+8) (build 17.0.4+8)
# Java VM: OpenJDK 64-Bit Server VM Temurin-17.0.4+8 (17.0.4+8, mixed mode, tiered, compressed oops, compressed class ptrs, g1 gc, windows-amd64)
# Problematic frame:
# C  [gdx-box2d64.dll+0x1f509]
#
# No core dump will be written. Minidumps are not enabled by default on client versions of Windows
#
# If you would like to submit a bug report, please visit:
#   https://github.com/adoptium/adoptium-support/issues
# The crash happened outside the Java Virtual Machine in native code.
# See problematic frame for where to report the bug.
#

---------------  S U M M A R Y ------------

Command Line: -Dfile.encoding=UTF-8 -XX:+ShowCodeDetailsInExceptionMessages com.mygdx.game.DesktopLauncher

Host: Intel(R) Core(TM) i5-10400 CPU @ 2.90GHz, 12 cores, 15G,  Windows 10 , 64 bit Build 19041 (10.0.19041.2251)
Time: Fri Dec  2 01:36:42 2022 Hora verano Sudamérica Pacífico elapsed time: 1.249835 seconds (0d 0h 0m 1s)

---------------  T H R E A D  ---------------

Current thread (0x0000021da3e5b160):  JavaThread "main" [_thread_in_native, id=8252, stack(0x000000e189300000,0x000000e189400000)]

Stack: [0x000000e189300000,0x000000e189400000],  sp=0x000000e1893fef10,  free space=1019k
Native frames: (J=compiled Java code, j=interpreted, Vv=VM code, C=native code)
C  [gdx-box2d64.dll+0x1f509]

Java frames: (J=compiled Java code, j=interpreted, Vv=VM code)
j  com.badlogic.gdx.physics.box2d.Body.jniCreateFixture(JJFFFZSSS)J+0
j  com.badlogic.gdx.physics.box2d.Body.createFixture(Lcom/badlogic/gdx/physics/box2d/FixtureDef;)Lcom/badlogic/gdx/physics/box2d/Fixture;+49
j  com.mygdx.game.Item.setItemWorld(Lcom/badlogic/gdx/physics/box2d/World;)V+20
j  com.mygdx.game.Consumibles.setItemsWorld(Lcom/badlogic/gdx/physics/box2d/World;)V+19
j  Patrones.LevelBuilder.setObjectsWorld()V+8
j  Patrones.LevelBuilder.getLevel()LPatrones/Level;+1
j  com.mygdx.game.JimboAdventures.create()V+23
j  com.badlogic.gdx.backends.lwjgl3.Lwjgl3Window.initializeListener()V+11
j  com.badlogic.gdx.backends.lwjgl3.Lwjgl3Window.update()Z+8
j  com.badlogic.gdx.backends.lwjgl3.Lwjgl3Application.loop()V+111
j  com.badlogic.gdx.backends.lwjgl3.Lwjgl3Application.<init>(Lcom/badlogic/gdx/ApplicationListener;Lcom/badlogic/gdx/backends/lwjgl3/Lwjgl3ApplicationConfiguration;)V+269
j  com.mygdx.game.DesktopLauncher.main([Ljava/lang/String;)V+46
v  ~StubRoutines::call_stub

siginfo: EXCEPTION_ACCESS_VIOLATION (0xc0000005), reading address 0xffffffffffffffff


Register to memory mapping:

RIP=0x0000000067f6f509 gdx-box2d64.dll
RAX=0x0000021dcdfc00c0 points into unknown readable memory: 0x0000021dc7241ea0 | a0 1e 24 c7 1d 02 00 00
RBX=0x0000021dcdfb40f0 points into unknown readable memory: 0x0000021d00000000 | 00 00 00 00 1d 02 00 00
RCX=0x0000021dc72404f0 points into unknown readable memory: 0x0000021dcdfc00c0 | c0 00 fc cd 1d 02 00 00
RDX=0x0000021dc72265e0 points into unknown readable memory: 0x0000021dc723f970 | 70 f9 23 c7 1d 02 00 00
RSP=0x000000e1893fef10 is pointing into the stack for thread: 0x0000021da3e5b160
RBP=0x0000021dc72265e0 points into unknown readable memory: 0x0000021dc723f970 | 70 f9 23 c7 1d 02 00 00
RSI=0x000000e1893fefd0 is pointing into the stack for thread: 0x0000021da3e5b160
RDI=0x0000021dc72265e0 points into unknown readable memory: 0x0000021dc723f970 | 70 f9 23 c7 1d 02 00 00
R8 =0x0000021dcdfb0140 points into unknown readable memory: 0x0000002600000000 | 00 00 00 00 26 00 00 00
R9 =0x000000e1893fefd0 is pointing into the stack for thread: 0x0000021da3e5b160
R10=0x0000021da8d0d5f2 is at code_begin+946 in an Interpreter codelet
method entry point (kind = native)  [0x0000021da8d0d240, 0x0000021da8d0dbc0]  2432 bytes
R11=0x0000000000000102 is an unknown value
R12=0x0 is NULL
R13={method} {0x0000021dc8a7c2c0} 'jniCreateFixture' '(JJFFFZSSS)J' in 'com/badlogic/gdx/physics/box2d/Body'
R14=0x000000e1893ff158 is pointing into the stack for thread: 0x0000021da3e5b160
R15=0x0000021da3e5b160 is a thread


Registers:
RAX=0x0000021dcdfc00c0, RBX=0x0000021dcdfb40f0, RCX=0x0000021dc72404f0, RDX=0x0000021dc72265e0
RSP=0x000000e1893fef10, RBP=0x0000021dc72265e0, RSI=0x000000e1893fefd0, RDI=0x0000021dc72265e0
R8 =0x0000021dcdfb0140, R9 =0x000000e1893fefd0, R10=0x0000021da8d0d5f2, R11=0x0000000000000102
R12=0x0000000000000000, R13=0x0000021dc8a7c2b8, R14=0x000000e1893ff158, R15=0x0000021da3e5b160
RIP=0x0000000067f6f509, EFLAGS=0x0000000000010202

Top of Stack: (sp=0x000000e1893fef10)
0x000000e1893fef10:   000000e1893fef90 0000021da8d094fe
0x000000e1893fef20:   000000e1893fef90 0000021dcdfb0140
0x000000e1893fef30:   0000021dc529a1e0 0000021dcdfb0140
0x000000e1893fef40:   0000021dcdfb40f0 0000021dc72265e0
0x000000e1893fef50:   000000e1893fefd0 0000000067f6e3bd
0x000000e1893fef60:   0000021dc8a82718 0000000000000000
0x000000e1893fef70:   0000000710fac1d8 0000021dc8a826c0
0x000000e1893fef80:   000000e1893ff000 0000021dc8a7c2b8
0x000000e1893fef90:   0000021dc529a1e0 0000000000013ad2
0x000000e1893fefa0:   000000e1893ff0e0 0000000067f7464d
0x000000e1893fefb0:   9e3779b97f4a7c15 0000000000000000
0x000000e1893fefc0:   04cb10a6971a52a1 0000000000000000
0x000000e1893fefd0:   0000021dc72404f0 0000000000000000
0x000000e1893fefe0:   000000003e4ccccd 0001020000000000
0x000000e1893feff0:   000000000000ffff 00000007114b0ae8
0x000000e1893ff000:   0000021dc880cb48 0000021da8d0d621 

Instructions: (pc=0x0000000067f6f509)
0x0000000067f6f409:   c8 02 c7 81 ac 00 00 00 00 00 00 00 66 89 41 04
0x0000000067f6f419:   0f b7 42 04 a8 02 75 11 83 c8 02 c7 82 ac 00 00
0x0000000067f6f429:   00 00 00 00 00 66 89 42 04 41 83 44 24 60 01 48
0x0000000067f6f439:   83 c4 38 5b 5e 5f 5d 41 5c 41 5d c3 90 66 2e 0f
0x0000000067f6f449:   1f 84 00 00 00 00 00 48 89 ca e9 78 af 01 00 90
0x0000000067f6f459:   90 90 90 90 90 90 90 48 b8 00 00 00 00 01 00 ff
0x0000000067f6f469:   ff 48 89 41 30 31 c0 48 c7 41 40 00 00 00 00 48
0x0000000067f6f479:   c7 41 10 00 00 00 00 48 c7 41 08 00 00 00 00 48
0x0000000067f6f489:   c7 41 28 00 00 00 00 66 89 41 38 48 c7 41 18 00
0x0000000067f6f499:   00 00 00 c7 01 00 00 00 00 c3 90 66 90 66 2e 0f
0x0000000067f6f4a9:   1f 84 00 00 00 00 00 55 57 56 53 48 83 ec 28 49
0x0000000067f6f4b9:   8b 41 08 f3 41 0f 10 41 10 48 89 cb 48 89 d5 f3
0x0000000067f6f4c9:   0f 11 41 20 4c 89 ce 48 89 41 40 41 8b 41 1e f3
0x0000000067f6f4d9:   41 0f 10 41 14 f3 0f 11 41 24 4c 89 41 10 48 c7
0x0000000067f6f4e9:   41 08 00 00 00 00 89 41 34 41 0f b7 41 22 66 89
0x0000000067f6f4f9:   41 38 41 0f b6 41 1c 88 41 3a 49 8b 09 48 8b 01
0x0000000067f6f509:   ff 50 10 48 8b 10 48 89 c1 48 89 43 18 ff 52 18
0x0000000067f6f519:   89 c2 89 c7 48 89 e9 c1 e2 05 e8 c8 c4 fe ff 85
0x0000000067f6f529:   ff 48 89 43 28 7e 27 8d 4f ff 48 8d 50 10 48 c1
0x0000000067f6f539:   e1 05 48 8d 44 08 30 48 c7 02 00 00 00 00 c7 42
0x0000000067f6f549:   0c ff ff ff ff 48 83 c2 20 48 39 c2 75 e9 f3 0f
0x0000000067f6f559:   10 46 18 c7 43 30 00 00 00 00 f3 0f 11 03 48 83
0x0000000067f6f569:   c4 28 5b 5e 5f 5d c3 57 56 53 48 83 ec 20 8b 41
0x0000000067f6f579:   30 48 89 cb 48 89 d7 85 c0 0f 85 a8 00 00 00 48
0x0000000067f6f589:   8b 4b 18 48 8b 01 ff 50 18 48 8b 53 28 c1 e0 05
0x0000000067f6f599:   48 89 f9 41 89 c0 e8 8c c6 fe ff 48 8b 73 18 48
0x0000000067f6f5a9:   c7 43 28 00 00 00 00 8b 46 08 83 f8 01 0f 84 94
0x0000000067f6f5b9:   00 00 00 0f 82 be 00 00 00 83 f8 02 74 39 83 f8
0x0000000067f6f5c9:   03 0f 85 e0 00 00 00 48 8b 06 48 89 f1 ff 10 41
0x0000000067f6f5d9:   b8 30 00 00 00 48 89 f2 48 89 f9 e8 47 c6 fe ff
0x0000000067f6f5e9:   48 c7 43 18 00 00 00 00 48 83 c4 20 5b 5e 5f c3
0x0000000067f6f5f9:   0f 1f 80 00 00 00 00 48 8b 06 48 89 f1 ff 10 41 


Stack slot to memory mapping:
stack at sp + 0 slots: 0x000000e1893fef90 is pointing into the stack for thread: 0x0000021da3e5b160
stack at sp + 1 slots: 0x0000021da8d094fe is at code_begin+1118 in an Interpreter codelet
return entry points  [0x0000021da8d090a0, 0x0000021da8d09ba0]  2816 bytes
stack at sp + 2 slots: 0x000000e1893fef90 is pointing into the stack for thread: 0x0000021da3e5b160
stack at sp + 3 slots: 0x0000021dcdfb0140 points into unknown readable memory: 0x0000002600000000 | 00 00 00 00 26 00 00 00
stack at sp + 4 slots: 0x0000021dc529a1e0 is pointing into metadata
stack at sp + 5 slots: 0x0000021dcdfb0140 points into unknown readable memory: 0x0000002600000000 | 00 00 00 00 26 00 00 00
stack at sp + 6 slots: 0x0000021dcdfb40f0 points into unknown readable memory: 0x0000021d00000000 | 00 00 00 00 1d 02 00 00
stack at sp + 7 slots: 0x0000021dc72265e0 points into unknown readable memory: 0x0000021dc723f970 | 70 f9 23 c7 1d 02 00 00


---------------  P R O C E S S  ---------------

Threads class SMR info:
_java_thread_list=0x0000021dc59dedb0, length=12, elements={
0x0000021da3e5b160, 0x0000021dc582f4f0, 0x0000021dc585d950, 0x0000021dc5876410,
0x0000021dc5876cd0, 0x0000021dc5877680, 0x0000021dc5878030, 0x0000021dc5896d00,
0x0000021dc5899820, 0x0000021dc58a3900, 0x0000021dc5a113d0, 0x0000021dc5a17830
}

Java Threads: ( => current thread )
=>0x0000021da3e5b160 JavaThread "main" [_thread_in_native, id=8252, stack(0x000000e189300000,0x000000e189400000)]
  0x0000021dc582f4f0 JavaThread "Reference Handler" daemon [_thread_blocked, id=7396, stack(0x000000e189a00000,0x000000e189b00000)]
  0x0000021dc585d950 JavaThread "Finalizer" daemon [_thread_blocked, id=576, stack(0x000000e189b00000,0x000000e189c00000)]
  0x0000021dc5876410 JavaThread "Signal Dispatcher" daemon [_thread_blocked, id=19748, stack(0x000000e189c00000,0x000000e189d00000)]
  0x0000021dc5876cd0 JavaThread "Attach Listener" daemon [_thread_blocked, id=4272, stack(0x000000e189d00000,0x000000e189e00000)]
  0x0000021dc5877680 JavaThread "Service Thread" daemon [_thread_blocked, id=10280, stack(0x000000e189e00000,0x000000e189f00000)]
  0x0000021dc5878030 JavaThread "Monitor Deflation Thread" daemon [_thread_blocked, id=20552, stack(0x000000e189f00000,0x000000e18a000000)]
  0x0000021dc5896d00 JavaThread "C2 CompilerThread0" daemon [_thread_blocked, id=7792, stack(0x000000e18a000000,0x000000e18a100000)]
  0x0000021dc5899820 JavaThread "C1 CompilerThread0" daemon [_thread_blocked, id=14024, stack(0x000000e18a100000,0x000000e18a200000)]
  0x0000021dc58a3900 JavaThread "Sweeper thread" daemon [_thread_blocked, id=20800, stack(0x000000e18a200000,0x000000e18a300000)]
  0x0000021dc5a113d0 JavaThread "Notification Thread" daemon [_thread_blocked, id=9504, stack(0x000000e18a300000,0x000000e18a400000)]
  0x0000021dc5a17830 JavaThread "Common-Cleaner" daemon [_thread_blocked, id=14888, stack(0x000000e18a500000,0x000000e18a600000)]

Other Threads:
  0x0000021dc4d9ec90 VMThread "VM Thread" [stack: 0x000000e189900000,0x000000e189a00000] [id=20908]
  0x0000021dc5973dc0 WatcherThread [stack: 0x000000e18a400000,0x000000e18a500000] [id=9168]
  0x0000021da3ec6170 GCTaskThread "GC Thread#0" [stack: 0x000000e189400000,0x000000e189500000] [id=7288]
  0x0000021da3ed8630 ConcurrentGCThread "G1 Main Marker" [stack: 0x000000e189500000,0x000000e189600000] [id=18724]
  0x0000021da3ed9040 ConcurrentGCThread "G1 Conc#0" [stack: 0x000000e189600000,0x000000e189700000] [id=7744]
  0x0000021dc4c2dd60 ConcurrentGCThread "G1 Refine#0" [stack: 0x000000e189700000,0x000000e189800000] [id=15204]
  0x0000021dc4c2e780 ConcurrentGCThread "G1 Service" [stack: 0x000000e189800000,0x000000e189900000] [id=3960]

Threads with active compile tasks:

VM state: not at safepoint (normal execution)

VM Mutex/Monitor currently owned by a thread: None

Heap address: 0x0000000702200000, size: 4062 MB, Compressed Oops mode: Zero based, Oop shift amount: 3

CDS archive(s) not mapped
Compressed class space mapped at: 0x0000000800000000-0x0000000840000000, reserved size: 1073741824
Narrow klass base: 0x0000000800000000, Narrow klass shift: 0, Narrow klass range: 0x40000000

GC Precious Log:
 CPUs: 12 total, 12 available
 Memory: 16243M
 Large Page Support: Disabled
 NUMA Support: Disabled
 Compressed Oops: Enabled (Zero based)
 Heap Region Size: 2M
 Heap Min Capacity: 8M
 Heap Initial Capacity: 254M
 Heap Max Capacity: 4062M
 Pre-touch: Disabled
 Parallel Workers: 10
 Concurrent Workers: 3
 Concurrent Refinement Workers: 10
 Periodic GC: Disabled

Heap:
 garbage-first heap   total 260096K, used 20480K [0x0000000702200000, 0x0000000800000000)
  region size 2048K, 9 young (18432K), 0 survivors (0K)
 Metaspace       used 11597K, committed 11776K, reserved 1064960K
  class space    used 941K, committed 1024K, reserved 1048576K

Heap Regions: E=young(eden), S=young(survivor), O=old, HS=humongous(starts), HC=humongous(continues), CS=collection set, F=free, OA=open archive, CA=closed archive, TAMS=top-at-mark-start (previous, next)
|   0|0x0000000702200000, 0x0000000702400000, 0x0000000702400000|100%|HS|  |TAMS 0x0000000702200000, 0x0000000702200000| Complete 
|   1|0x0000000702400000, 0x0000000702600000, 0x0000000702600000|100%|HC|  |TAMS 0x0000000702400000, 0x0000000702400000| Complete 
|   2|0x0000000702600000, 0x0000000702600000, 0x0000000702800000|  0%| F|  |TAMS 0x0000000702600000, 0x0000000702600000| Untracked 
|   3|0x0000000702800000, 0x0000000702800000, 0x0000000702a00000|  0%| F|  |TAMS 0x0000000702800000, 0x0000000702800000| Untracked 
|   4|0x0000000702a00000, 0x0000000702a00000, 0x0000000702c00000|  0%| F|  |TAMS 0x0000000702a00000, 0x0000000702a00000| Untracked 
|   5|0x0000000702c00000, 0x0000000702c00000, 0x0000000702e00000|  0%| F|  |TAMS 0x0000000702c00000, 0x0000000702c00000| Untracked 
|   6|0x0000000702e00000, 0x0000000702e00000, 0x0000000703000000|  0%| F|  |TAMS 0x0000000702e00000, 0x0000000702e00000| Untracked 
|   7|0x0000000703000000, 0x0000000703000000, 0x0000000703200000|  0%| F|  |TAMS 0x0000000703000000, 0x0000000703000000| Untracked 
|   8|0x0000000703200000, 0x0000000703200000, 0x0000000703400000|  0%| F|  |TAMS 0x0000000703200000, 0x0000000703200000| Untracked 
|   9|0x0000000703400000, 0x0000000703400000, 0x0000000703600000|  0%| F|  |TAMS 0x0000000703400000, 0x0000000703400000| Untracked 
|  10|0x0000000703600000, 0x0000000703600000, 0x0000000703800000|  0%| F|  |TAMS 0x0000000703600000, 0x0000000703600000| Untracked 
|  11|0x0000000703800000, 0x0000000703800000, 0x0000000703a00000|  0%| F|  |TAMS 0x0000000703800000, 0x0000000703800000| Untracked 
|  12|0x0000000703a00000, 0x0000000703a00000, 0x0000000703c00000|  0%| F|  |TAMS 0x0000000703a00000, 0x0000000703a00000| Untracked 
|  13|0x0000000703c00000, 0x0000000703c00000, 0x0000000703e00000|  0%| F|  |TAMS 0x0000000703c00000, 0x0000000703c00000| Untracked 
|  14|0x0000000703e00000, 0x0000000703e00000, 0x0000000704000000|  0%| F|  |TAMS 0x0000000703e00000, 0x0000000703e00000| Untracked 
|  15|0x0000000704000000, 0x0000000704000000, 0x0000000704200000|  0%| F|  |TAMS 0x0000000704000000, 0x0000000704000000| Untracked 
|  16|0x0000000704200000, 0x0000000704200000, 0x0000000704400000|  0%| F|  |TAMS 0x0000000704200000, 0x0000000704200000| Untracked 
|  17|0x0000000704400000, 0x0000000704400000, 0x0000000704600000|  0%| F|  |TAMS 0x0000000704400000, 0x0000000704400000| Untracked 
|  18|0x0000000704600000, 0x0000000704600000, 0x0000000704800000|  0%| F|  |TAMS 0x0000000704600000, 0x0000000704600000| Untracked 
|  19|0x0000000704800000, 0x0000000704800000, 0x0000000704a00000|  0%| F|  |TAMS 0x0000000704800000, 0x0000000704800000| Untracked 
|  20|0x0000000704a00000, 0x0000000704a00000, 0x0000000704c00000|  0%| F|  |TAMS 0x0000000704a00000, 0x0000000704a00000| Untracked 
|  21|0x0000000704c00000, 0x0000000704c00000, 0x0000000704e00000|  0%| F|  |TAMS 0x0000000704c00000, 0x0000000704c00000| Untracked 
|  22|0x0000000704e00000, 0x0000000704e00000, 0x0000000705000000|  0%| F|  |TAMS 0x0000000704e00000, 0x0000000704e00000| Untracked 
|  23|0x0000000705000000, 0x0000000705000000, 0x0000000705200000|  0%| F|  |TAMS 0x0000000705000000, 0x0000000705000000| Untracked 
|  24|0x0000000705200000, 0x0000000705200000, 0x0000000705400000|  0%| F|  |TAMS 0x0000000705200000, 0x0000000705200000| Untracked 
|  25|0x0000000705400000, 0x0000000705400000, 0x0000000705600000|  0%| F|  |TAMS 0x0000000705400000, 0x0000000705400000| Untracked 
|  26|0x0000000705600000, 0x0000000705600000, 0x0000000705800000|  0%| F|  |TAMS 0x0000000705600000, 0x0000000705600000| Untracked 
|  27|0x0000000705800000, 0x0000000705800000, 0x0000000705a00000|  0%| F|  |TAMS 0x0000000705800000, 0x0000000705800000| Untracked 
|  28|0x0000000705a00000, 0x0000000705a00000, 0x0000000705c00000|  0%| F|  |TAMS 0x0000000705a00000, 0x0000000705a00000| Untracked 
|  29|0x0000000705c00000, 0x0000000705c00000, 0x0000000705e00000|  0%| F|  |TAMS 0x0000000705c00000, 0x0000000705c00000| Untracked 
|  30|0x0000000705e00000, 0x0000000705e00000, 0x0000000706000000|  0%| F|  |TAMS 0x0000000705e00000, 0x0000000705e00000| Untracked 
|  31|0x0000000706000000, 0x0000000706000000, 0x0000000706200000|  0%| F|  |TAMS 0x0000000706000000, 0x0000000706000000| Untracked 
|  32|0x0000000706200000, 0x0000000706200000, 0x0000000706400000|  0%| F|  |TAMS 0x0000000706200000, 0x0000000706200000| Untracked 
|  33|0x0000000706400000, 0x0000000706400000, 0x0000000706600000|  0%| F|  |TAMS 0x0000000706400000, 0x0000000706400000| Untracked 
|  34|0x0000000706600000, 0x0000000706600000, 0x0000000706800000|  0%| F|  |TAMS 0x0000000706600000, 0x0000000706600000| Untracked 
|  35|0x0000000706800000, 0x0000000706800000, 0x0000000706a00000|  0%| F|  |TAMS 0x0000000706800000, 0x0000000706800000| Untracked 
|  36|0x0000000706a00000, 0x0000000706a00000, 0x0000000706c00000|  0%| F|  |TAMS 0x0000000706a00000, 0x0000000706a00000| Untracked 
|  37|0x0000000706c00000, 0x0000000706c00000, 0x0000000706e00000|  0%| F|  |TAMS 0x0000000706c00000, 0x0000000706c00000| Untracked 
|  38|0x0000000706e00000, 0x0000000706e00000, 0x0000000707000000|  0%| F|  |TAMS 0x0000000706e00000, 0x0000000706e00000| Untracked 
|  39|0x0000000707000000, 0x0000000707000000, 0x0000000707200000|  0%| F|  |TAMS 0x0000000707000000, 0x0000000707000000| Untracked 
|  40|0x0000000707200000, 0x0000000707200000, 0x0000000707400000|  0%| F|  |TAMS 0x0000000707200000, 0x0000000707200000| Untracked 
|  41|0x0000000707400000, 0x0000000707400000, 0x0000000707600000|  0%| F|  |TAMS 0x0000000707400000, 0x0000000707400000| Untracked 
|  42|0x0000000707600000, 0x0000000707600000, 0x0000000707800000|  0%| F|  |TAMS 0x0000000707600000, 0x0000000707600000| Untracked 
|  43|0x0000000707800000, 0x0000000707800000, 0x0000000707a00000|  0%| F|  |TAMS 0x0000000707800000, 0x0000000707800000| Untracked 
|  44|0x0000000707a00000, 0x0000000707a00000, 0x0000000707c00000|  0%| F|  |TAMS 0x0000000707a00000, 0x0000000707a00000| Untracked 
|  45|0x0000000707c00000, 0x0000000707c00000, 0x0000000707e00000|  0%| F|  |TAMS 0x0000000707c00000, 0x0000000707c00000| Untracked 
|  46|0x0000000707e00000, 0x0000000707e00000, 0x0000000708000000|  0%| F|  |TAMS 0x0000000707e00000, 0x0000000707e00000| Untracked 
|  47|0x0000000708000000, 0x0000000708000000, 0x0000000708200000|  0%| F|  |TAMS 0x0000000708000000, 0x0000000708000000| Untracked 
|  48|0x0000000708200000, 0x0000000708200000, 0x0000000708400000|  0%| F|  |TAMS 0x0000000708200000, 0x0000000708200000| Untracked 
|  49|0x0000000708400000, 0x0000000708400000, 0x0000000708600000|  0%| F|  |TAMS 0x0000000708400000, 0x0000000708400000| Untracked 
|  50|0x0000000708600000, 0x0000000708600000, 0x0000000708800000|  0%| F|  |TAMS 0x0000000708600000, 0x0000000708600000| Untracked 
|  51|0x0000000708800000, 0x0000000708800000, 0x0000000708a00000|  0%| F|  |TAMS 0x0000000708800000, 0x0000000708800000| Untracked 
|  52|0x0000000708a00000, 0x0000000708a00000, 0x0000000708c00000|  0%| F|  |TAMS 0x0000000708a00000, 0x0000000708a00000| Untracked 
|  53|0x0000000708c00000, 0x0000000708c00000, 0x0000000708e00000|  0%| F|  |TAMS 0x0000000708c00000, 0x0000000708c00000| Untracked 
|  54|0x0000000708e00000, 0x0000000708e00000, 0x0000000709000000|  0%| F|  |TAMS 0x0000000708e00000, 0x0000000708e00000| Untracked 
|  55|0x0000000709000000, 0x0000000709000000, 0x0000000709200000|  0%| F|  |TAMS 0x0000000709000000, 0x0000000709000000| Untracked 
|  56|0x0000000709200000, 0x0000000709200000, 0x0000000709400000|  0%| F|  |TAMS 0x0000000709200000, 0x0000000709200000| Untracked 
|  57|0x0000000709400000, 0x0000000709400000, 0x0000000709600000|  0%| F|  |TAMS 0x0000000709400000, 0x0000000709400000| Untracked 
|  58|0x0000000709600000, 0x0000000709600000, 0x0000000709800000|  0%| F|  |TAMS 0x0000000709600000, 0x0000000709600000| Untracked 
|  59|0x0000000709800000, 0x0000000709800000, 0x0000000709a00000|  0%| F|  |TAMS 0x0000000709800000, 0x0000000709800000| Untracked 
|  60|0x0000000709a00000, 0x0000000709a00000, 0x0000000709c00000|  0%| F|  |TAMS 0x0000000709a00000, 0x0000000709a00000| Untracked 
|  61|0x0000000709c00000, 0x0000000709c00000, 0x0000000709e00000|  0%| F|  |TAMS 0x0000000709c00000, 0x0000000709c00000| Untracked 
|  62|0x0000000709e00000, 0x0000000709e00000, 0x000000070a000000|  0%| F|  |TAMS 0x0000000709e00000, 0x0000000709e00000| Untracked 
|  63|0x000000070a000000, 0x000000070a000000, 0x000000070a200000|  0%| F|  |TAMS 0x000000070a000000, 0x000000070a000000| Untracked 
|  64|0x000000070a200000, 0x000000070a200000, 0x000000070a400000|  0%| F|  |TAMS 0x000000070a200000, 0x000000070a200000| Untracked 
|  65|0x000000070a400000, 0x000000070a400000, 0x000000070a600000|  0%| F|  |TAMS 0x000000070a400000, 0x000000070a400000| Untracked 
|  66|0x000000070a600000, 0x000000070a600000, 0x000000070a800000|  0%| F|  |TAMS 0x000000070a600000, 0x000000070a600000| Untracked 
|  67|0x000000070a800000, 0x000000070a800000, 0x000000070aa00000|  0%| F|  |TAMS 0x000000070a800000, 0x000000070a800000| Untracked 
|  68|0x000000070aa00000, 0x000000070aa00000, 0x000000070ac00000|  0%| F|  |TAMS 0x000000070aa00000, 0x000000070aa00000| Untracked 
|  69|0x000000070ac00000, 0x000000070ac00000, 0x000000070ae00000|  0%| F|  |TAMS 0x000000070ac00000, 0x000000070ac00000| Untracked 
|  70|0x000000070ae00000, 0x000000070ae00000, 0x000000070b000000|  0%| F|  |TAMS 0x000000070ae00000, 0x000000070ae00000| Untracked 
|  71|0x000000070b000000, 0x000000070b000000, 0x000000070b200000|  0%| F|  |TAMS 0x000000070b000000, 0x000000070b000000| Untracked 
|  72|0x000000070b200000, 0x000000070b200000, 0x000000070b400000|  0%| F|  |TAMS 0x000000070b200000, 0x000000070b200000| Untracked 
|  73|0x000000070b400000, 0x000000070b400000, 0x000000070b600000|  0%| F|  |TAMS 0x000000070b400000, 0x000000070b400000| Untracked 
|  74|0x000000070b600000, 0x000000070b600000, 0x000000070b800000|  0%| F|  |TAMS 0x000000070b600000, 0x000000070b600000| Untracked 
|  75|0x000000070b800000, 0x000000070b800000, 0x000000070ba00000|  0%| F|  |TAMS 0x000000070b800000, 0x000000070b800000| Untracked 
|  76|0x000000070ba00000, 0x000000070ba00000, 0x000000070bc00000|  0%| F|  |TAMS 0x000000070ba00000, 0x000000070ba00000| Untracked 
|  77|0x000000070bc00000, 0x000000070bc00000, 0x000000070be00000|  0%| F|  |TAMS 0x000000070bc00000, 0x000000070bc00000| Untracked 
|  78|0x000000070be00000, 0x000000070be00000, 0x000000070c000000|  0%| F|  |TAMS 0x000000070be00000, 0x000000070be00000| Untracked 
|  79|0x000000070c000000, 0x000000070c000000, 0x000000070c200000|  0%| F|  |TAMS 0x000000070c000000, 0x000000070c000000| Untracked 
|  80|0x000000070c200000, 0x000000070c200000, 0x000000070c400000|  0%| F|  |TAMS 0x000000070c200000, 0x000000070c200000| Untracked 
|  81|0x000000070c400000, 0x000000070c400000, 0x000000070c600000|  0%| F|  |TAMS 0x000000070c400000, 0x000000070c400000| Untracked 
|  82|0x000000070c600000, 0x000000070c600000, 0x000000070c800000|  0%| F|  |TAMS 0x000000070c600000, 0x000000070c600000| Untracked 
|  83|0x000000070c800000, 0x000000070c800000, 0x000000070ca00000|  0%| F|  |TAMS 0x000000070c800000, 0x000000070c800000| Untracked 
|  84|0x000000070ca00000, 0x000000070ca00000, 0x000000070cc00000|  0%| F|  |TAMS 0x000000070ca00000, 0x000000070ca00000| Untracked 
|  85|0x000000070cc00000, 0x000000070cc00000, 0x000000070ce00000|  0%| F|  |TAMS 0x000000070cc00000, 0x000000070cc00000| Untracked 
|  86|0x000000070ce00000, 0x000000070ce00000, 0x000000070d000000|  0%| F|  |TAMS 0x000000070ce00000, 0x000000070ce00000| Untracked 
|  87|0x000000070d000000, 0x000000070d000000, 0x000000070d200000|  0%| F|  |TAMS 0x000000070d000000, 0x000000070d000000| Untracked 
|  88|0x000000070d200000, 0x000000070d200000, 0x000000070d400000|  0%| F|  |TAMS 0x000000070d200000, 0x000000070d200000| Untracked 
|  89|0x000000070d400000, 0x000000070d400000, 0x000000070d600000|  0%| F|  |TAMS 0x000000070d400000, 0x000000070d400000| Untracked 
|  90|0x000000070d600000, 0x000000070d600000, 0x000000070d800000|  0%| F|  |TAMS 0x000000070d600000, 0x000000070d600000| Untracked 
|  91|0x000000070d800000, 0x000000070d800000, 0x000000070da00000|  0%| F|  |TAMS 0x000000070d800000, 0x000000070d800000| Untracked 
|  92|0x000000070da00000, 0x000000070da00000, 0x000000070dc00000|  0%| F|  |TAMS 0x000000070da00000, 0x000000070da00000| Untracked 
|  93|0x000000070dc00000, 0x000000070dc00000, 0x000000070de00000|  0%| F|  |TAMS 0x000000070dc00000, 0x000000070dc00000| Untracked 
|  94|0x000000070de00000, 0x000000070de00000, 0x000000070e000000|  0%| F|  |TAMS 0x000000070de00000, 0x000000070de00000| Untracked 
|  95|0x000000070e000000, 0x000000070e000000, 0x000000070e200000|  0%| F|  |TAMS 0x000000070e000000, 0x000000070e000000| Untracked 
|  96|0x000000070e200000, 0x000000070e200000, 0x000000070e400000|  0%| F|  |TAMS 0x000000070e200000, 0x000000070e200000| Untracked 
|  97|0x000000070e400000, 0x000000070e400000, 0x000000070e600000|  0%| F|  |TAMS 0x000000070e400000, 0x000000070e400000| Untracked 
|  98|0x000000070e600000, 0x000000070e600000, 0x000000070e800000|  0%| F|  |TAMS 0x000000070e600000, 0x000000070e600000| Untracked 
|  99|0x000000070e800000, 0x000000070e800000, 0x000000070ea00000|  0%| F|  |TAMS 0x000000070e800000, 0x000000070e800000| Untracked 
| 100|0x000000070ea00000, 0x000000070ea00000, 0x000000070ec00000|  0%| F|  |TAMS 0x000000070ea00000, 0x000000070ea00000| Untracked 
| 101|0x000000070ec00000, 0x000000070ec00000, 0x000000070ee00000|  0%| F|  |TAMS 0x000000070ec00000, 0x000000070ec00000| Untracked 
| 102|0x000000070ee00000, 0x000000070ee00000, 0x000000070f000000|  0%| F|  |TAMS 0x000000070ee00000, 0x000000070ee00000| Untracked 
| 103|0x000000070f000000, 0x000000070f000000, 0x000000070f200000|  0%| F|  |TAMS 0x000000070f000000, 0x000000070f000000| Untracked 
| 104|0x000000070f200000, 0x000000070f200000, 0x000000070f400000|  0%| F|  |TAMS 0x000000070f200000, 0x000000070f200000| Untracked 
| 105|0x000000070f400000, 0x000000070f400000, 0x000000070f600000|  0%| F|  |TAMS 0x000000070f400000, 0x000000070f400000| Untracked 
| 106|0x000000070f600000, 0x000000070f600000, 0x000000070f800000|  0%| F|  |TAMS 0x000000070f600000, 0x000000070f600000| Untracked 
| 107|0x000000070f800000, 0x000000070f800000, 0x000000070fa00000|  0%| F|  |TAMS 0x000000070f800000, 0x000000070f800000| Untracked 
| 108|0x000000070fa00000, 0x000000070fa00000, 0x000000070fc00000|  0%| F|  |TAMS 0x000000070fa00000, 0x000000070fa00000| Untracked 
| 109|0x000000070fc00000, 0x000000070fc00000, 0x000000070fe00000|  0%| F|  |TAMS 0x000000070fc00000, 0x000000070fc00000| Untracked 
| 110|0x000000070fe00000, 0x000000070fe00000, 0x0000000710000000|  0%| F|  |TAMS 0x000000070fe00000, 0x000000070fe00000| Untracked 
| 111|0x0000000710000000, 0x0000000710000000, 0x0000000710200000|  0%| F|  |TAMS 0x0000000710000000, 0x0000000710000000| Untracked 
| 112|0x0000000710200000, 0x0000000710200000, 0x0000000710400000|  0%| F|  |TAMS 0x0000000710200000, 0x0000000710200000| Untracked 
| 113|0x0000000710400000, 0x0000000710400000, 0x0000000710600000|  0%| F|  |TAMS 0x0000000710400000, 0x0000000710400000| Untracked 
| 114|0x0000000710600000, 0x0000000710600000, 0x0000000710800000|  0%| F|  |TAMS 0x0000000710600000, 0x0000000710600000| Untracked 
| 115|0x0000000710800000, 0x0000000710800000, 0x0000000710a00000|  0%| F|  |TAMS 0x0000000710800000, 0x0000000710800000| Untracked 
| 116|0x0000000710a00000, 0x0000000710a00000, 0x0000000710c00000|  0%| F|  |TAMS 0x0000000710a00000, 0x0000000710a00000| Untracked 
| 117|0x0000000710c00000, 0x0000000710c00000, 0x0000000710e00000|  0%| F|  |TAMS 0x0000000710c00000, 0x0000000710c00000| Untracked 
| 118|0x0000000710e00000, 0x0000000710ff5058, 0x0000000711000000| 97%| E|  |TAMS 0x0000000710e00000, 0x0000000710e00000| Complete 
| 119|0x0000000711000000, 0x0000000711200000, 0x0000000711200000|100%| E|CS|TAMS 0x0000000711000000, 0x0000000711000000| Complete 
| 120|0x0000000711200000, 0x0000000711400000, 0x0000000711400000|100%| E|CS|TAMS 0x0000000711200000, 0x0000000711200000| Complete 
| 121|0x0000000711400000, 0x0000000711600000, 0x0000000711600000|100%| E|CS|TAMS 0x0000000711400000, 0x0000000711400000| Complete 
| 122|0x0000000711600000, 0x0000000711800000, 0x0000000711800000|100%| E|CS|TAMS 0x0000000711600000, 0x0000000711600000| Complete 
| 123|0x0000000711800000, 0x0000000711a00000, 0x0000000711a00000|100%| E|CS|TAMS 0x0000000711800000, 0x0000000711800000| Complete 
| 124|0x0000000711a00000, 0x0000000711c00000, 0x0000000711c00000|100%| E|CS|TAMS 0x0000000711a00000, 0x0000000711a00000| Complete 
| 125|0x0000000711c00000, 0x0000000711e00000, 0x0000000711e00000|100%| E|CS|TAMS 0x0000000711c00000, 0x0000000711c00000| Complete 
| 126|0x0000000711e00000, 0x0000000712000000, 0x0000000712000000|100%| E|CS|TAMS 0x0000000711e00000, 0x0000000711e00000| Complete 

Card table byte_map: [0x0000021db9170000,0x0000021db9960000] _byte_map_base: 0x0000021db595f000

Marking Bits (Prev, Next): (CMBitMap*) 0x0000021da3ec7790, (CMBitMap*) 0x0000021da3ec77d0
 Prev Bits: [0x0000021dba150000, 0x0000021dbe0c8000)
 Next Bits: [0x0000021dbe0d0000, 0x0000021dc2048000)

Polling page: 0x0000021da3c40000

Metaspace:

Usage:
  Non-class:     10.41 MB used.
      Class:    941.89 KB used.
       Both:     11.33 MB used.

Virtual space:
  Non-class space:       16.00 MB reserved,      10.50 MB ( 66%) committed,  2 nodes.
      Class space:        1.00 GB reserved,       1.00 MB ( <1%) committed,  1 nodes.
             Both:        1.02 GB reserved,      11.50 MB (  1%) committed. 

Chunk freelists:
   Non-Class:  1.45 MB
       Class:  3.05 MB
        Both:  4.50 MB

MaxMetaspaceSize: unlimited
CompressedClassSpaceSize: 1.00 GB
Initial GC threshold: 21.00 MB
Current GC threshold: 21.00 MB
CDS: off
MetaspaceReclaimPolicy: balanced
 - commit_granule_bytes: 65536.
 - commit_granule_words: 8192.
 - virtual_space_node_default_size: 1048576.
 - enlarge_chunks_in_place: 1.
 - new_chunks_are_fully_committed: 0.
 - uncommit_free_chunks: 1.
 - use_allocation_guard: 0.
 - handle_deallocations: 1.


Internal statistics:

num_allocs_failed_limit: 0.
num_arena_births: 66.
num_arena_deaths: 0.
num_vsnodes_births: 3.
num_vsnodes_deaths: 0.
num_space_committed: 182.
num_space_uncommitted: 0.
num_chunks_returned_to_freelist: 0.
num_chunks_taken_from_freelist: 206.
num_chunk_merges: 0.
num_chunk_splits: 131.
num_chunks_enlarged: 100.
num_purges: 0.
num_inconsistent_stats: 0.

CodeHeap 'non-profiled nmethods': size=120000Kb used=281Kb max_used=281Kb free=119718Kb
 bounds [0x0000021db07d0000, 0x0000021db0a40000, 0x0000021db7d00000]
CodeHeap 'profiled nmethods': size=120000Kb used=1557Kb max_used=1557Kb free=118442Kb
 bounds [0x0000021da92a0000, 0x0000021da9510000, 0x0000021db07d0000]
CodeHeap 'non-nmethods': size=5760Kb used=1586Kb max_used=1593Kb free=4173Kb
 bounds [0x0000021da8d00000, 0x0000021da8f70000, 0x0000021da92a0000]
 total_blobs=1876 nmethods=864 adapters=925
 compilation: enabled
              stopped_count=0, restarted_count=0
 full_count=0

Compilation events (20 events):
Event: 1.046 Thread 0x0000021dc5899820  855       3       java.nio.ByteBuffer::clear (7 bytes)
Event: 1.046 Thread 0x0000021dc5899820 nmethod 855 0x0000021da941ab10 code [0x0000021da941aca0, 0x0000021da941ae18]
Event: 1.046 Thread 0x0000021dc5899820  856       3       java.nio.charset.CharsetDecoder::implFlush (4 bytes)
Event: 1.046 Thread 0x0000021dc5899820 nmethod 856 0x0000021da941af10 code [0x0000021da941b0a0, 0x0000021da941b1b8]
Event: 1.048 Thread 0x0000021dc5899820  857       3       java.io.WinNTFileSystem::normalizePrefix (132 bytes)
Event: 1.049 Thread 0x0000021dc5899820 nmethod 857 0x0000021da941b290 code [0x0000021da941b6c0, 0x0000021da941d768]
Event: 1.076 Thread 0x0000021dc5899820  858       3       jdk.internal.loader.BuiltinClassLoader::hasClassPath (13 bytes)
Event: 1.076 Thread 0x0000021dc5899820 nmethod 858 0x0000021da941e390 code [0x0000021da941e520, 0x0000021da941e698]
Event: 1.139 Thread 0x0000021dc5899820  859       3       java.nio.charset.CharsetDecoder::flush (49 bytes)
Event: 1.139 Thread 0x0000021dc5899820 nmethod 859 0x0000021da941e710 code [0x0000021da941e8e0, 0x0000021da941ece8]
Event: 1.170 Thread 0x0000021dc5899820  860       3       java.lang.Integer::parseInt (300 bytes)
Event: 1.171 Thread 0x0000021dc5899820 nmethod 860 0x0000021da941ee10 code [0x0000021da941f220, 0x0000021da9420b38]
Event: 1.177 Thread 0x0000021dc5899820  861   !   3       java.nio.HeapCharBuffer::toString (30 bytes)
Event: 1.177 Thread 0x0000021dc5899820 nmethod 861 0x0000021da9421410 code [0x0000021da94215c0, 0x0000021da9421878]
Event: 1.211 Thread 0x0000021dc5896d00  862       4       java.lang.CharacterData::of (136 bytes)
Event: 1.211 Thread 0x0000021dc5896d00 nmethod 862 0x0000021db0816290 code [0x0000021db0816400, 0x0000021db0816498]
Event: 1.240 Thread 0x0000021dc5899820  863       3       jdk.internal.loader.BuiltinClassLoader::isSealed (71 bytes)
Event: 1.241 Thread 0x0000021dc5899820 nmethod 863 0x0000021da9421a10 code [0x0000021da9421e20, 0x0000021da9423a28]
Event: 1.241 Thread 0x0000021dc5899820  864   !   3       jdk.internal.loader.URLClassPath$JarLoader::checkResource (78 bytes)
Event: 1.241 Thread 0x0000021dc5899820 nmethod 864 0x0000021da9424490 code [0x0000021da94246e0, 0x0000021da9425128]

GC Heap History (0 events):
No events

Deoptimization events (20 events):
Event: 0.248 Thread 0x0000021da3e5b160 DEOPT PACKING pc=0x0000021da9314de5 sp=0x000000e1893f78e0
Event: 0.248 Thread 0x0000021da3e5b160 DEOPT UNPACKING pc=0x0000021da8d52b43 sp=0x000000e1893f6d30 mode 0
Event: 0.267 Thread 0x0000021da3e5b160 DEOPT PACKING pc=0x0000021da9314de5 sp=0x000000e1893f5c60
Event: 0.267 Thread 0x0000021da3e5b160 DEOPT UNPACKING pc=0x0000021da8d52b43 sp=0x000000e1893f50b0 mode 0
Event: 0.285 Thread 0x0000021da3e5b160 Uncommon trap: trap_request=0xffffff45 fr.pc=0x0000021db07dce40 relative=0x0000000000000040
Event: 0.285 Thread 0x0000021da3e5b160 Uncommon trap: reason=unstable_if action=reinterpret pc=0x0000021db07dce40 method=sun.nio.fs.WindowsPathParser.isSlash(C)Z @ 9 c2
Event: 0.285 Thread 0x0000021da3e5b160 DEOPT PACKING pc=0x0000021db07dce40 sp=0x000000e1893fbcd0
Event: 0.285 Thread 0x0000021da3e5b160 DEOPT UNPACKING pc=0x0000021da8d523a3 sp=0x000000e1893fbc58 mode 2
Event: 0.293 Thread 0x0000021da3e5b160 DEOPT PACKING pc=0x0000021da9314de5 sp=0x000000e1893f80e0
Event: 0.293 Thread 0x0000021da3e5b160 DEOPT UNPACKING pc=0x0000021da8d52b43 sp=0x000000e1893f7530 mode 0
Event: 0.319 Thread 0x0000021da3e5b160 DEOPT PACKING pc=0x0000021da92c303e sp=0x000000e1893fa920
Event: 0.319 Thread 0x0000021da3e5b160 DEOPT UNPACKING pc=0x0000021da8d52b43 sp=0x000000e1893f9d98 mode 0
Event: 0.696 Thread 0x0000021da3e5b160 Uncommon trap: trap_request=0xffffff45 fr.pc=0x0000021db07dd6dc relative=0x000000000000015c
Event: 0.696 Thread 0x0000021da3e5b160 Uncommon trap: reason=unstable_if action=reinterpret pc=0x0000021db07dd6dc method=java.lang.StringCoding.hasNegatives([BII)Z @ 12 c2
Event: 0.696 Thread 0x0000021da3e5b160 DEOPT PACKING pc=0x0000021db07dd6dc sp=0x000000e1893fe8d0
Event: 0.696 Thread 0x0000021da3e5b160 DEOPT UNPACKING pc=0x0000021da8d523a3 sp=0x000000e1893fe878 mode 2
Event: 0.829 Thread 0x0000021da3e5b160 Uncommon trap: trap_request=0xffffff45 fr.pc=0x0000021db080b4e4 relative=0x0000000000000104
Event: 0.829 Thread 0x0000021da3e5b160 Uncommon trap: reason=unstable_if action=reinterpret pc=0x0000021db080b4e4 method=java.io.WinNTFileSystem.normalize(Ljava/lang/String;)Ljava/lang/String; @ 74 c2
Event: 0.829 Thread 0x0000021da3e5b160 DEOPT PACKING pc=0x0000021db080b4e4 sp=0x000000e1893ff040
Event: 0.829 Thread 0x0000021da3e5b160 DEOPT UNPACKING pc=0x0000021da8d523a3 sp=0x000000e1893ff018 mode 2

Classes unloaded (0 events):
No events

Classes redefined (0 events):
No events

Internal exceptions (20 events):
Event: 0.261 Thread 0x0000021da3e5b160 Exception <a 'java/lang/NoSuchMethodError'{0x00000007118c7998}: 'int java.lang.invoke.DirectMethodHandle$Holder.invokeSpecial(java.lang.Object, java.lang.Object, java.lang.Object)'> (0x00000007118c7998) 
thrown [s\src\hotspot\share\interpreter\linkResolver.cpp, line 759]
Event: 0.285 Thread 0x0000021da3e5b160 Exception <a 'sun/nio/fs/WindowsException'{0x000000071196ba90}> (0x000000071196ba90) 
thrown [s\src\hotspot\share\prims\jni.cpp, line 516]
Event: 0.285 Thread 0x0000021da3e5b160 Exception <a 'sun/nio/fs/WindowsException'{0x000000071196bfe0}> (0x000000071196bfe0) 
thrown [s\src\hotspot\share\prims\jni.cpp, line 516]
Event: 0.295 Thread 0x0000021da3e5b160 Exception <a 'java/lang/NoSuchMethodError'{0x00000007119af6b8}: 'int java.lang.invoke.DirectMethodHandle$Holder.invokeStaticInit(java.lang.Object, java.lang.Object, int, long)'> (0x00000007119af6b8) 
thrown [s\src\hotspot\share\interpreter\linkResolver.cpp, line 759]
Event: 0.295 Thread 0x0000021da3e5b160 Exception <a 'java/lang/NoSuchMethodError'{0x00000007119b4f80}: 'java.lang.Object java.lang.invoke.DirectMethodHandle$Holder.newInvokeSpecial(java.lang.Object, java.lang.Object, int)'> (0x00000007119b4f80) 
thrown [s\src\hotspot\share\interpreter\linkResolver.cpp, line 759]
Event: 0.297 Thread 0x0000021da3e5b160 Exception <a 'java/lang/NoSuchMethodError'{0x00000007119ca0e8}: 'int java.lang.invoke.DirectMethodHandle$Holder.invokeStaticInit(java.lang.Object, java.lang.Object, long, long)'> (0x00000007119ca0e8) 
thrown [s\src\hotspot\share\interpreter\linkResolver.cpp, line 759]
Event: 0.298 Thread 0x0000021da3e5b160 Exception <a 'java/lang/NoSuchMethodError'{0x00000007119d01f8}: 'java.lang.Object java.lang.invoke.DirectMethodHandle$Holder.newInvokeSpecial(java.lang.Object, java.lang.Object, long)'> (0x00000007119d01f8) 
thrown [s\src\hotspot\share\interpreter\linkResolver.cpp, line 759]
Event: 0.298 Thread 0x0000021da3e5b160 Exception <a 'java/lang/NoSuchMethodError'{0x00000007119d4240}: 'java.lang.Object java.lang.invoke.Invokers$Holder.linkToTargetMethod(java.lang.Object, long, java.lang.Object)'> (0x00000007119d4240) 
thrown [s\src\hotspot\share\interpreter\linkResolver.cpp, line 759]
Event: 0.299 Thread 0x0000021da3e5b160 Exception <a 'java/lang/NoSuchMethodError'{0x00000007119dbf50}: 'int java.lang.invoke.DirectMethodHandle$Holder.invokeStaticInit(java.lang.Object, java.lang.Object, java.lang.Object, long)'> (0x00000007119dbf50) 
thrown [s\src\hotspot\share\interpreter\linkResolver.cpp, line 759]
Event: 0.316 Thread 0x0000021da3e5b160 Exception <a 'sun/nio/fs/WindowsException'{0x0000000711698f20}> (0x0000000711698f20) 
thrown [s\src\hotspot\share\prims\jni.cpp, line 516]
Event: 0.316 Thread 0x0000021da3e5b160 Exception <a 'sun/nio/fs/WindowsException'{0x00000007116992b0}> (0x00000007116992b0) 
thrown [s\src\hotspot\share\prims\jni.cpp, line 516]
Event: 0.335 Thread 0x0000021da3e5b160 Exception <a 'sun/nio/fs/WindowsException'{0x000000071175d5c8}> (0x000000071175d5c8) 
thrown [s\src\hotspot\share\prims\jni.cpp, line 516]
Event: 0.335 Thread 0x0000021da3e5b160 Exception <a 'sun/nio/fs/WindowsException'{0x000000071175d928}> (0x000000071175d928) 
thrown [s\src\hotspot\share\prims\jni.cpp, line 516]
Event: 0.370 Thread 0x0000021da3e5b160 Exception <a 'sun/nio/fs/WindowsException'{0x00000007117f9ae8}> (0x00000007117f9ae8) 
thrown [s\src\hotspot\share\prims\jni.cpp, line 516]
Event: 0.370 Thread 0x0000021da3e5b160 Exception <a 'sun/nio/fs/WindowsException'{0x00000007117f9e68}> (0x00000007117f9e68) 
thrown [s\src\hotspot\share\prims\jni.cpp, line 516]
Event: 0.403 Thread 0x0000021da3e5b160 Exception <a 'java/lang/NoSuchMethodError'{0x0000000711448f18}: 'java.lang.Object java.lang.invoke.DirectMethodHandle$Holder.newInvokeSpecial(java.lang.Object, long)'> (0x0000000711448f18) 
thrown [s\src\hotspot\share\interpreter\linkResolver.cpp, line 759]
Event: 0.548 Thread 0x0000021da3e5b160 Exception <a 'sun/nio/fs/WindowsException'{0x0000000711585c60}> (0x0000000711585c60) 
thrown [s\src\hotspot\share\prims\jni.cpp, line 516]
Event: 0.548 Thread 0x0000021da3e5b160 Exception <a 'sun/nio/fs/WindowsException'{0x0000000711586008}> (0x0000000711586008) 
thrown [s\src\hotspot\share\prims\jni.cpp, line 516]
Event: 0.551 Thread 0x0000021da3e5b160 Exception <a 'sun/nio/fs/WindowsException'{0x0000000711596370}> (0x0000000711596370) 
thrown [s\src\hotspot\share\prims\jni.cpp, line 516]
Event: 0.551 Thread 0x0000021da3e5b160 Exception <a 'sun/nio/fs/WindowsException'{0x0000000711596650}> (0x0000000711596650) 
thrown [s\src\hotspot\share\prims\jni.cpp, line 516]

VM Operations (8 events):
Event: 0.138 Executing VM operation: HandshakeAllThreads
Event: 0.138 Executing VM operation: HandshakeAllThreads done
Event: 0.211 Executing VM operation: HandshakeAllThreads
Event: 0.211 Executing VM operation: HandshakeAllThreads done
Event: 0.260 Executing VM operation: HandshakeAllThreads
Event: 0.260 Executing VM operation: HandshakeAllThreads done
Event: 0.618 Executing VM operation: HandshakeAllThreads
Event: 0.618 Executing VM operation: HandshakeAllThreads done

Events (20 events):
Event: 0.697 loading class sun/net/DefaultProgressMeteringPolicy
Event: 0.697 loading class sun/net/ProgressMeteringPolicy
Event: 0.697 loading class sun/net/ProgressMeteringPolicy done
Event: 0.697 loading class sun/net/DefaultProgressMeteringPolicy done
Event: 0.810 loading class jdk/internal/math/FloatingDecimal
Event: 0.810 loading class jdk/internal/math/FloatingDecimal done
Event: 0.810 loading class jdk/internal/math/FloatingDecimal$ExceptionalBinaryToASCIIBuffer
Event: 0.810 loading class jdk/internal/math/FloatingDecimal$BinaryToASCIIConverter
Event: 0.810 loading class jdk/internal/math/FloatingDecimal$BinaryToASCIIConverter done
Event: 0.810 loading class jdk/internal/math/FloatingDecimal$ExceptionalBinaryToASCIIBuffer done
Event: 0.810 loading class jdk/internal/math/FloatingDecimal$BinaryToASCIIBuffer
Event: 0.810 loading class jdk/internal/math/FloatingDecimal$BinaryToASCIIBuffer done
Event: 0.810 loading class jdk/internal/math/FloatingDecimal$1
Event: 0.810 loading class jdk/internal/math/FloatingDecimal$1 done
Event: 0.810 loading class jdk/internal/math/FloatingDecimal$PreparedASCIIToBinaryBuffer
Event: 0.810 loading class jdk/internal/math/FloatingDecimal$ASCIIToBinaryConverter
Event: 0.810 loading class jdk/internal/math/FloatingDecimal$ASCIIToBinaryConverter done
Event: 0.810 loading class jdk/internal/math/FloatingDecimal$PreparedASCIIToBinaryBuffer done
Event: 0.810 loading class jdk/internal/math/FloatingDecimal$ASCIIToBinaryBuffer
Event: 0.810 loading class jdk/internal/math/FloatingDecimal$ASCIIToBinaryBuffer done


Dynamic libraries:
0x00007ff768ab0000 - 0x00007ff768abe000 	C:\Users\matia\.p2\pool\plugins\org.eclipse.justj.openjdk.hotspot.jre.full.win32.x86_64_17.0.4.v20220805-1047\jre\bin\javaw.exe
0x00007ff913c10000 - 0x00007ff913e08000 	C:\Windows\SYSTEM32\ntdll.dll
0x00007ff912160000 - 0x00007ff91221f000 	C:\Windows\System32\KERNEL32.DLL
0x00007ff9118e0000 - 0x00007ff911bb2000 	C:\Windows\System32\KERNELBASE.dll
0x00007ff911450000 - 0x00007ff911550000 	C:\Windows\System32\ucrtbase.dll
0x00007ff90be80000 - 0x00007ff90be99000 	C:\Users\matia\.p2\pool\plugins\org.eclipse.justj.openjdk.hotspot.jre.full.win32.x86_64_17.0.4.v20220805-1047\jre\bin\VCRUNTIME140.dll
0x00007ff90a8f0000 - 0x00007ff90a908000 	C:\Users\matia\.p2\pool\plugins\org.eclipse.justj.openjdk.hotspot.jre.full.win32.x86_64_17.0.4.v20220805-1047\jre\bin\jli.dll
0x00007ff913530000 - 0x00007ff9136cd000 	C:\Windows\System32\USER32.dll
0x00007ff904640000 - 0x00007ff9048da000 	C:\Windows\WinSxS\amd64_microsoft.windows.common-controls_6595b64144ccf1df_6.0.19041.1110_none_60b5254171f9507e\COMCTL32.dll
0x00007ff913940000 - 0x00007ff9139de000 	C:\Windows\System32\msvcrt.dll
0x00007ff911770000 - 0x00007ff911792000 	C:\Windows\System32\win32u.dll
0x00007ff9128b0000 - 0x00007ff9128db000 	C:\Windows\System32\GDI32.dll
0x00007ff911340000 - 0x00007ff91144f000 	C:\Windows\System32\gdi32full.dll
0x00007ff911bc0000 - 0x00007ff911c5d000 	C:\Windows\System32\msvcp_win.dll
0x00007ff9131c0000 - 0x00007ff9131f2000 	C:\Windows\System32\IMM32.DLL
0x00007ff90d1c0000 - 0x00007ff90d1cc000 	C:\Users\matia\.p2\pool\plugins\org.eclipse.justj.openjdk.hotspot.jre.full.win32.x86_64_17.0.4.v20220805-1047\jre\bin\vcruntime140_1.dll
0x00007ff8e2f70000 - 0x00007ff8e3001000 	C:\Users\matia\.p2\pool\plugins\org.eclipse.justj.openjdk.hotspot.jre.full.win32.x86_64_17.0.4.v20220805-1047\jre\bin\msvcp140.dll
0x00007ff8c6860000 - 0x00007ff8c74a6000 	C:\Users\matia\.p2\pool\plugins\org.eclipse.justj.openjdk.hotspot.jre.full.win32.x86_64_17.0.4.v20220805-1047\jre\bin\server\jvm.dll
0x00007ff9139e0000 - 0x00007ff913a8e000 	C:\Windows\System32\ADVAPI32.dll
0x00007ff913360000 - 0x00007ff9133fc000 	C:\Windows\System32\sechost.dll
0x00007ff913a90000 - 0x00007ff913bb5000 	C:\Windows\System32\RPCRT4.dll
0x00007ff9128a0000 - 0x00007ff9128a8000 	C:\Windows\System32\PSAPI.DLL
0x00007ff90d1e0000 - 0x00007ff90d1e9000 	C:\Windows\SYSTEM32\WSOCK32.dll
0x00007ff9073b0000 - 0x00007ff9073d7000 	C:\Windows\SYSTEM32\WINMM.dll
0x00007ff90b410000 - 0x00007ff90b41a000 	C:\Windows\SYSTEM32\VERSION.dll
0x00007ff9138d0000 - 0x00007ff91393b000 	C:\Windows\System32\WS2_32.dll
0x00007ff90f1f0000 - 0x00007ff90f202000 	C:\Windows\SYSTEM32\kernel.appcore.dll
0x00007ff90c850000 - 0x00007ff90c85a000 	C:\Users\matia\.p2\pool\plugins\org.eclipse.justj.openjdk.hotspot.jre.full.win32.x86_64_17.0.4.v20220805-1047\jre\bin\jimage.dll
0x00007ff905c40000 - 0x00007ff905e24000 	C:\Windows\SYSTEM32\DBGHELP.DLL
0x00007ff903fb0000 - 0x00007ff903fdc000 	C:\Windows\SYSTEM32\dbgcore.DLL
0x00007ff9117a0000 - 0x00007ff911822000 	C:\Windows\System32\bcryptPrimitives.dll
0x00007ff90bea0000 - 0x00007ff90bec5000 	C:\Users\matia\.p2\pool\plugins\org.eclipse.justj.openjdk.hotspot.jre.full.win32.x86_64_17.0.4.v20220805-1047\jre\bin\java.dll
0x00007ff8ed0e0000 - 0x00007ff8ed0f8000 	C:\Users\matia\.p2\pool\plugins\org.eclipse.justj.openjdk.hotspot.jre.full.win32.x86_64_17.0.4.v20220805-1047\jre\bin\zip.dll
0x00007ff912a70000 - 0x00007ff9131b3000 	C:\Windows\System32\SHELL32.dll
0x00007ff90f3f0000 - 0x00007ff90fb82000 	C:\Windows\SYSTEM32\windows.storage.dll
0x00007ff911d80000 - 0x00007ff9120d4000 	C:\Windows\System32\combase.dll
0x00007ff910d70000 - 0x00007ff910da0000 	C:\Windows\SYSTEM32\Wldp.dll
0x00007ff9129c0000 - 0x00007ff912a6d000 	C:\Windows\System32\SHCORE.dll
0x00007ff912220000 - 0x00007ff912275000 	C:\Windows\System32\shlwapi.dll
0x00007ff911250000 - 0x00007ff91126f000 	C:\Windows\SYSTEM32\profapi.dll
0x00007ff8e6150000 - 0x00007ff8e6169000 	C:\Users\matia\.p2\pool\plugins\org.eclipse.justj.openjdk.hotspot.jre.full.win32.x86_64_17.0.4.v20220805-1047\jre\bin\net.dll
0x00007ff902860000 - 0x00007ff90296c000 	C:\Windows\SYSTEM32\WINHTTP.dll
0x00007ff910ad0000 - 0x00007ff910b3a000 	C:\Windows\system32\mswsock.dll
0x00007ff8e6130000 - 0x00007ff8e6145000 	C:\Users\matia\.p2\pool\plugins\org.eclipse.justj.openjdk.hotspot.jre.full.win32.x86_64_17.0.4.v20220805-1047\jre\bin\nio.dll
0x0000000067fb0000 - 0x0000000067fd9000 	C:\Users\matia\AppData\Local\Temp\libgdxmatia\e787ab0a\gdx64.dll
0x00007ff8dbf00000 - 0x00007ff8dbf75000 	C:\Users\matia\AppData\Local\Temp\lwjglmatia\3.3.1-build-7\lwjgl.dll
0x00007ff8c7640000 - 0x00007ff8c7899000 	C:\Users\matia\AppData\Local\Temp\lwjglmatia\3.3.1-build-7\jemalloc.dll
0x00007ff8db2a0000 - 0x00007ff8db301000 	C:\Users\matia\AppData\Local\Temp\lwjglmatia\3.3.1-build-7\glfw.dll
0x00007ff8ed220000 - 0x00007ff8ed265000 	C:\Windows\SYSTEM32\dinput8.dll
0x00007ff893360000 - 0x00007ff893371000 	C:\Windows\SYSTEM32\xinput1_4.dll
0x00007ff911550000 - 0x00007ff91159e000 	C:\Windows\System32\cfgmgr32.dll
0x00007ff9110c0000 - 0x00007ff9110ec000 	C:\Windows\SYSTEM32\DEVOBJ.dll
0x00007ff90ef00000 - 0x00007ff90ef2f000 	C:\Windows\SYSTEM32\dwmapi.dll
0x00007ff8ef640000 - 0x00007ff8ef792000 	C:\Windows\SYSTEM32\inputhost.dll
0x00007ff9128f0000 - 0x00007ff9129bd000 	C:\Windows\System32\OLEAUT32.dll
0x00007ff90ded0000 - 0x00007ff90e024000 	C:\Windows\SYSTEM32\wintypes.dll
0x00007ff90c6f0000 - 0x00007ff90c7e6000 	C:\Windows\SYSTEM32\PROPSYS.dll
0x00007ff90e900000 - 0x00007ff90e9f2000 	C:\Windows\SYSTEM32\CoreMessaging.dll
0x00007ff90e5a0000 - 0x00007ff90e8fe000 	C:\Windows\SYSTEM32\CoreUIComponents.dll
0x00007ff9104a0000 - 0x00007ff9104d3000 	C:\Windows\SYSTEM32\ntmarta.dll
0x00007ff90ed20000 - 0x00007ff90edbe000 	C:\Windows\system32\uxtheme.dll
0x00007ff911c60000 - 0x00007ff911d75000 	C:\Windows\System32\MSCTF.dll
0x00007ff8c57e0000 - 0x00007ff8c5977000 	C:\Users\matia\AppData\Local\Temp\lwjglmatia\3.3.1-build-7\OpenAL.dll
0x00007ff913400000 - 0x00007ff91352a000 	C:\Windows\System32\ole32.dll
0x00007ff913820000 - 0x00007ff9138cf000 	C:\Windows\System32\clbcatq.dll
0x00007ff90aea0000 - 0x00007ff90af25000 	C:\Windows\System32\MMDevApi.dll
0x00007ff90afa0000 - 0x00007ff90b122000 	C:\Windows\SYSTEM32\AUDIOSES.DLL
0x00007ff910890000 - 0x00007ff9108db000 	C:\Windows\SYSTEM32\powrprof.dll
0x00007ff910750000 - 0x00007ff910762000 	C:\Windows\SYSTEM32\UMPDC.dll
0x00007ff90ee00000 - 0x00007ff90ee14000 	C:\Windows\SYSTEM32\resourcepolicyclient.dll
0x00007ff8f27f0000 - 0x00007ff8f2915000 	C:\Windows\SYSTEM32\opengl32.dll
0x00007ff8f2bb0000 - 0x00007ff8f2bdc000 	C:\Windows\SYSTEM32\GLU32.dll
0x00007ff90ba10000 - 0x00007ff90bb07000 	C:\Windows\System32\AppXDeploymentClient.dll
0x00007ff86aed0000 - 0x00007ff86e801000 	C:\Windows\System32\DriverStore\FileRepository\nv_dispi.inf_amd64_009debfbd2e1619b\nvoglv64.dll
0x00007ff912430000 - 0x00007ff912898000 	C:\Windows\System32\SETUPAPI.dll
0x00007ff911310000 - 0x00007ff911337000 	C:\Windows\System32\bcrypt.dll
0x00007ff90cd00000 - 0x00007ff90cd14000 	C:\Windows\SYSTEM32\WTSAPI32.dll
0x00007ff910f00000 - 0x00007ff910f12000 	C:\Windows\SYSTEM32\msasn1.dll
0x00007ff9098f0000 - 0x00007ff909921000 	C:\Windows\SYSTEM32\cryptnet.dll
0x00007ff9115a0000 - 0x00007ff9116f6000 	C:\Windows\System32\CRYPT32.dll
0x00007ff909710000 - 0x00007ff909858000 	C:\Windows\SYSTEM32\drvstore.dll
0x00007ff910ce0000 - 0x00007ff910cec000 	C:\Windows\SYSTEM32\cryptbase.dll
0x00007ff911700000 - 0x00007ff91176a000 	C:\Windows\System32\WINTRUST.dll
0x00007ff907eb0000 - 0x00007ff907eeb000 	C:\Windows\SYSTEM32\dxcore.dll
0x00007ff894240000 - 0x00007ff89450f000 	C:\Windows\system32\nvspcap64.dll
0x00007ff910010000 - 0x00007ff910074000 	C:\Windows\SYSTEM32\WINSTA.dll
0x00007ff8db240000 - 0x00007ff8db29d000 	C:\Users\matia\AppData\Local\Temp\lwjglmatia\3.3.1-build-7\lwjgl_opengl.dll
0x00007ff8ef910000 - 0x00007ff8efa09000 	C:\Windows\SYSTEM32\textinputframework.dll
0x00007ff904530000 - 0x00007ff904596000 	C:\Windows\system32\Oleacc.dll
0x0000000067f50000 - 0x0000000067faa000 	C:\Users\matia\AppData\Local\Temp\libgdxmatia\888fe1bc\gdx-box2d64.dll

dbghelp: loaded successfully - version: 4.0.5 - missing functions: none
symbol engine: initialized successfully - sym options: 0x614 - pdb path: .;C:\Users\matia\.p2\pool\plugins\org.eclipse.justj.openjdk.hotspot.jre.full.win32.x86_64_17.0.4.v20220805-1047\jre\bin;C:\Windows\SYSTEM32;C:\Windows\WinSxS\amd64_microsoft.windows.common-controls_6595b64144ccf1df_6.0.19041.1110_none_60b5254171f9507e;C:\Users\matia\.p2\pool\plugins\org.eclipse.justj.openjdk.hotspot.jre.full.win32.x86_64_17.0.4.v20220805-1047\jre\bin\server;C:\Users\matia\AppData\Local\Temp\libgdxmatia\e787ab0a;C:\Users\matia\AppData\Local\Temp\lwjglmatia\3.3.1-build-7;C:\Windows\System32\DriverStore\FileRepository\nv_dispi.inf_amd64_009debfbd2e1619b;C:\Users\matia\AppData\Local\Temp\libgdxmatia\888fe1bc

VM Arguments:
jvm_args: -Dfile.encoding=UTF-8 -XX:+ShowCodeDetailsInExceptionMessages 
java_command: com.mygdx.game.DesktopLauncher
java_class_path (initial): G:\Mi unidad\PUCV\2do año\4to Semestre\Programación Avanzada\Jimbo Adventures, El origen (Beta)\desktop\bin\main;\Jimbo Adventures, El origen-core\bin\default;G:\Mi unidad\PUCV\2do año\4to Semestre\Programación Avanzada\Jimbo Adventures, El origen (Beta)\core\bin\main;C:\Users\matia\.gradle\caches\modules-2\files-2.1\com.badlogicgames.gdx\gdx-backend-lwjgl3\1.11.0\58a96db4cd349be4292d547856aa1e1c5f065f4e\gdx-backend-lwjgl3-1.11.0.jar;C:\Users\matia\.gradle\caches\modules-2\files-2.1\com.badlogicgames.gdx\gdx-platform\1.11.0\697fb13eada6d3c6ca648c9788692b0159add126\gdx-platform-1.11.0-natives-desktop.jar;C:\Users\matia\.gradle\caches\modules-2\files-2.1\com.badlogicgames.gdx\gdx-box2d-platform\1.11.0\62ff9baa1e57a11e0a4428a38c9660bf9f312fdc\gdx-box2d-platform-1.11.0-natives-desktop.jar;C:\Users\matia\.gradle\caches\modules-2\files-2.1\com.badlogicgames.gdx\gdx-bullet-platform\1.11.0\2c067b913a306ba26d482075297538ad91cdb88b\gdx-bullet-platform-1.11.0-natives-desktop.jar;C:\Users\matia\.gradle\caches\modules-2\files-2.1\com.badlogicgames.gdx\gdx-box2d\1.11.0\ad4facee800dd945d6d6e93dea2936bc135b5f\gdx-box2d-1.11.0.jar;C:\Users\matia\.gradle\caches\modules-2\files-2.1\com.badlogicgames.gdx\gdx-bullet\1.11.0\1eb83845fa655e7e8ab6bbb979d28b0502ad3302\gdx-bullet-1.11.0.jar;C:\Users\matia\.gradle\caches\modules-2\files-2.1\com.badlogicgames.gdx\gdx\1.11.0\ffe1206d1004cd9e40027e28964be0fea0399af7\gdx-1.11.0.jar;C:\Users\matia\.gradle\caches\modules-2\files-2.1\org.lwjgl\lwjgl-glfw\3.3.1\cbac1b8d30cb4795149c1ef540f912671a8616d0\lwjgl-glfw-3.3.1.jar;C:\Users\matia\.gradle\caches\modules-2\files-2.1\org.lwjgl\lwjgl-glfw\3.3.1\81716978214ecbda15050ca394b06ef61501a49e\lwjgl-glfw-3.3.1-natives-linux.jar;C:\Users\matia\.gradle\caches\modules-2\files-2.1\org.lwjgl\lwjgl-glfw\3.3.1\816d935933f2dd743074c4e717cc25b55720f294\lwjgl-glfw-3.3.1-natives-linux-arm32.jar;C:\Users\matia\.gradle\caches\modules-2\files-2.1\org.lwjgl\lwjgl-glfw\3.3.1\513eb39b866d0fe131a
Launcher Type: SUN_STANDARD

[Global flags]
     intx CICompilerCount                          = 4                                         {product} {ergonomic}
     uint ConcGCThreads                            = 3                                         {product} {ergonomic}
     uint G1ConcRefinementThreads                  = 10                                        {product} {ergonomic}
   size_t G1HeapRegionSize                         = 2097152                                   {product} {ergonomic}
    uintx GCDrainStackTargetSize                   = 64                                        {product} {ergonomic}
   size_t InitialHeapSize                          = 266338304                                 {product} {ergonomic}
   size_t MarkStackSize                            = 4194304                                   {product} {ergonomic}
   size_t MaxHeapSize                              = 4259315712                                {product} {ergonomic}
   size_t MaxNewSize                               = 2554331136                                {product} {ergonomic}
   size_t MinHeapDeltaBytes                        = 2097152                                   {product} {ergonomic}
   size_t MinHeapSize                              = 8388608                                   {product} {ergonomic}
    uintx NonNMethodCodeHeapSize                   = 5839372                                {pd product} {ergonomic}
    uintx NonProfiledCodeHeapSize                  = 122909434                              {pd product} {ergonomic}
    uintx ProfiledCodeHeapSize                     = 122909434                              {pd product} {ergonomic}
    uintx ReservedCodeCacheSize                    = 251658240                              {pd product} {ergonomic}
     bool SegmentedCodeCache                       = true                                      {product} {ergonomic}
     bool ShowCodeDetailsInExceptionMessages       = true                                   {manageable} {command line}
   size_t SoftMaxHeapSize                          = 4259315712                             {manageable} {ergonomic}
     bool UseCompressedClassPointers               = true                           {product lp64_product} {ergonomic}
     bool UseCompressedOops                        = true                           {product lp64_product} {ergonomic}
     bool UseG1GC                                  = true                                      {product} {ergonomic}
     bool UseLargePagesIndividualAllocation        = false                                  {pd product} {ergonomic}

Logging:
Log output configuration:
 #0: stdout all=warning uptime,level,tags
 #1: stderr all=off uptime,level,tags

Environment Variables:
PATH=C:/Users/matia/.p2/pool/plugins/org.eclipse.justj.openjdk.hotspot.jre.full.win32.x86_64_17.0.4.v20220805-1047/jre/bin/server;C:/Users/matia/.p2/pool/plugins/org.eclipse.justj.openjdk.hotspot.jre.full.win32.x86_64_17.0.4.v20220805-1047/jre/bin;C:\Program Files\Common Files\Oracle\Java\javapath;C:\Windows\system32;C:\Windows;C:\Windows\System32\Wbem;C:\Windows\System32\WindowsPowerShell\v1.0\;C:\Windows\System32\OpenSSH\;C:\Program Files\NVIDIA Corporation\NVIDIA NvDLISR;C:\Program Files (x86)\NVIDIA Corporation\PhysX\Common;C:\Program Files\Git\cmd;C:\TDM-GCC-64\bin;C:\Users\matia\AppData\Local\Microsoft\WindowsApps;;C:\Users\matia\AppData\Local\Programs\Microsoft VS Code\bin;C:\Users\matia\Desktop\Programación;
USERNAME=matia
OS=Windows_NT
PROCESSOR_IDENTIFIER=Intel64 Family 6 Model 165 Stepping 3, GenuineIntel
TMP=C:\Users\matia\AppData\Local\Temp
TEMP=C:\Users\matia\AppData\Local\Temp



---------------  S Y S T E M  ---------------

OS:
 Windows 10 , 64 bit Build 19041 (10.0.19041.2251)
OS uptime: 0 days 9:31 hours

CPU: total 12 (initial active 12) (6 cores per cpu, 2 threads per core) family 6 model 165 stepping 3 microcode 0xcc, cx8, cmov, fxsr, ht, mmx, 3dnowpref, sse, sse2, sse3, ssse3, sse4.1, sse4.2, popcnt, lzcnt, tsc, tscinvbit, avx, avx2, aes, erms, clmul, bmi1, bmi2, adx, fma, vzeroupper, clflush, clflushopt

Memory: 4k page, system-wide physical 16243M (6184M free)
TotalPageFile size 22899M (AvailPageFile size 5382M)
current process WorkingSet (physical memory assigned to process): 142M, peak: 165M
current process commit charge ("private bytes"): 573M, peak: 577M

vm_info: OpenJDK 64-Bit Server VM (17.0.4+8) for windows-amd64 JRE (17.0.4+8), built on Jul 19 2022 16:05:16 by "temurin" with MS VC++ 16.7 (VS2019)

END.
