#
# A fatal error has been detected by the Java Runtime Environment:
#
#  EXCEPTION_ACCESS_VIOLATION (0xc0000005) at pc=0x0000000067f6f509, pid=7268, tid=23016
#
# JRE version: OpenJDK Runtime Environment Temurin-17.0.4+8 (17.0.4+8) (build 17.0.4+8)
# Java VM: OpenJDK 64-Bit Server VM Temurin-17.0.4+8 (17.0.4+8, mixed mode, tiered, compressed oops, compressed class ptrs, g1 gc, windows-amd64)
# Problematic frame:
# C  [gdx-box2d64.dll+0x1f509]
#
# No core dump will be written. Minidumps are not enabled by default on client versions of Windows
#
# If you would like to submit a bug report, please visit:
#   https://github.com/adoptium/adoptium-support/issues
# The crash happened outside the Java Virtual Machine in native code.
# See problematic frame for where to report the bug.
#

---------------  S U M M A R Y ------------

Command Line: -Dfile.encoding=UTF-8 -XX:+ShowCodeDetailsInExceptionMessages com.mygdx.game.DesktopLauncher

Host: Intel(R) Core(TM) i5-10400 CPU @ 2.90GHz, 12 cores, 15G,  Windows 10 , 64 bit Build 19041 (10.0.19041.2251)
Time: Fri Dec  2 01:17:26 2022 Hora verano Sudamérica Pacífico elapsed time: 1.272596 seconds (0d 0h 0m 1s)

---------------  T H R E A D  ---------------

Current thread (0x00000203d1cab240):  JavaThread "main" [_thread_in_native, id=23016, stack(0x0000007b58c00000,0x0000007b58d00000)]

Stack: [0x0000007b58c00000,0x0000007b58d00000],  sp=0x0000007b58cfea30,  free space=1018k
Native frames: (J=compiled Java code, j=interpreted, Vv=VM code, C=native code)
C  [gdx-box2d64.dll+0x1f509]

Java frames: (J=compiled Java code, j=interpreted, Vv=VM code)
j  com.badlogic.gdx.physics.box2d.Body.jniCreateFixture(JJFFFZSSS)J+0
j  com.badlogic.gdx.physics.box2d.Body.createFixture(Lcom/badlogic/gdx/physics/box2d/FixtureDef;)Lcom/badlogic/gdx/physics/box2d/Fixture;+49
j  com.mygdx.game.Item.setItemWorld(Lcom/badlogic/gdx/physics/box2d/World;)V+20
j  com.mygdx.game.Consumibles.setItemsWorld(Lcom/badlogic/gdx/physics/box2d/World;)V+19
j  Patrones.LevelBuilder.setObjectsWorld()V+8
j  Patrones.LevelBuilder.getLevel()LPatrones/Level;+1
j  com.mygdx.game.JimboAdventures.create()V+32
j  com.badlogic.gdx.backends.lwjgl3.Lwjgl3Window.initializeListener()V+11
j  com.badlogic.gdx.backends.lwjgl3.Lwjgl3Window.update()Z+8
j  com.badlogic.gdx.backends.lwjgl3.Lwjgl3Application.loop()V+111
j  com.badlogic.gdx.backends.lwjgl3.Lwjgl3Application.<init>(Lcom/badlogic/gdx/ApplicationListener;Lcom/badlogic/gdx/backends/lwjgl3/Lwjgl3ApplicationConfiguration;)V+269
j  com.mygdx.game.DesktopLauncher.main([Ljava/lang/String;)V+46
v  ~StubRoutines::call_stub

siginfo: EXCEPTION_ACCESS_VIOLATION (0xc0000005), reading address 0xffffffffffffffff


Register to memory mapping:

RIP=0x0000000067f6f509 gdx-box2d64.dll
RAX=0x00000203f9e200c0 points into unknown readable memory: 0x00000203f0f01ea0 | a0 1e f0 f0 03 02 00 00
RBX=0x00000203f9e140f0 points into unknown readable memory: 0x0000020300000000 | 00 00 00 00 03 02 00 00
RCX=0x00000203f0f004f0 points into unknown readable memory: 0x00000203f9e200c0 | c0 00 e2 f9 03 02 00 00
RDX=0x00000203f0ee65e0 points into unknown readable memory: 0x00000203f0eff970 | 70 f9 ef f0 03 02 00 00
RSP=0x0000007b58cfea30 is pointing into the stack for thread: 0x00000203d1cab240
RBP=0x00000203f0ee65e0 points into unknown readable memory: 0x00000203f0eff970 | 70 f9 ef f0 03 02 00 00
RSI=0x0000007b58cfeaf0 is pointing into the stack for thread: 0x00000203d1cab240
RDI=0x00000203f0ee65e0 points into unknown readable memory: 0x00000203f0eff970 | 70 f9 ef f0 03 02 00 00
R8 =0x00000203f9e10140 points into unknown readable memory: 0x0000002600000000 | 00 00 00 00 26 00 00 00
R9 =0x0000007b58cfeaf0 is pointing into the stack for thread: 0x00000203d1cab240
R10=0x00000203d537d5f2 is at code_begin+946 in an Interpreter codelet
method entry point (kind = native)  [0x00000203d537d240, 0x00000203d537dbc0]  2432 bytes
R11=0x0000000000000102 is an unknown value
R12=0x0 is NULL
R13={method} {0x00000203f4a7c098} 'jniCreateFixture' '(JJFFFZSSS)J' in 'com/badlogic/gdx/physics/box2d/Body'
R14=0x0000007b58cfec78 is pointing into the stack for thread: 0x00000203d1cab240
R15=0x00000203d1cab240 is a thread


Registers:
RAX=0x00000203f9e200c0, RBX=0x00000203f9e140f0, RCX=0x00000203f0f004f0, RDX=0x00000203f0ee65e0
RSP=0x0000007b58cfea30, RBP=0x00000203f0ee65e0, RSI=0x0000007b58cfeaf0, RDI=0x00000203f0ee65e0
R8 =0x00000203f9e10140, R9 =0x0000007b58cfeaf0, R10=0x00000203d537d5f2, R11=0x0000000000000102
R12=0x0000000000000000, R13=0x00000203f4a7c090, R14=0x0000007b58cfec78, R15=0x00000203d1cab240
RIP=0x0000000067f6f509, EFLAGS=0x0000000000010206

Top of Stack: (sp=0x0000007b58cfea30)
0x0000007b58cfea30:   0000007b58cfeab0 00000203d53794fe
0x0000007b58cfea40:   0000007b58cfeab0 00000203f9e10140
0x0000007b58cfea50:   00000203f1295350 00000203f9e10140
0x0000007b58cfea60:   00000203f9e140f0 00000203f0ee65e0
0x0000007b58cfea70:   0000007b58cfeaf0 0000000067f6e3bd
0x0000007b58cfea80:   00000203f4a824e8 0000000000000000
0x0000007b58cfea90:   0000000710fa8e40 00000203f4a82490
0x0000007b58cfeaa0:   0000007b58cfeb20 00000203f4a7c090
0x0000007b58cfeab0:   00000203f1295350 0000000000013ace
0x0000007b58cfeac0:   0000007b58cfec00 0000000067f7464d
0x0000007b58cfead0:   9e3779b97f4a7c15 0000000000000000
0x0000007b58cfeae0:   8aa1f970ab67b87f 0000000000000000
0x0000007b58cfeaf0:   00000203f0f004f0 0000000000000000
0x0000007b58cfeb00:   000000003e4ccccd 0001020000000000
0x0000007b58cfeb10:   000000000000ffff 00000007114b2290
0x0000007b58cfeb20:   00000203f480cc08 00000203d537d621 

Instructions: (pc=0x0000000067f6f509)
0x0000000067f6f409:   c8 02 c7 81 ac 00 00 00 00 00 00 00 66 89 41 04
0x0000000067f6f419:   0f b7 42 04 a8 02 75 11 83 c8 02 c7 82 ac 00 00
0x0000000067f6f429:   00 00 00 00 00 66 89 42 04 41 83 44 24 60 01 48
0x0000000067f6f439:   83 c4 38 5b 5e 5f 5d 41 5c 41 5d c3 90 66 2e 0f
0x0000000067f6f449:   1f 84 00 00 00 00 00 48 89 ca e9 78 af 01 00 90
0x0000000067f6f459:   90 90 90 90 90 90 90 48 b8 00 00 00 00 01 00 ff
0x0000000067f6f469:   ff 48 89 41 30 31 c0 48 c7 41 40 00 00 00 00 48
0x0000000067f6f479:   c7 41 10 00 00 00 00 48 c7 41 08 00 00 00 00 48
0x0000000067f6f489:   c7 41 28 00 00 00 00 66 89 41 38 48 c7 41 18 00
0x0000000067f6f499:   00 00 00 c7 01 00 00 00 00 c3 90 66 90 66 2e 0f
0x0000000067f6f4a9:   1f 84 00 00 00 00 00 55 57 56 53 48 83 ec 28 49
0x0000000067f6f4b9:   8b 41 08 f3 41 0f 10 41 10 48 89 cb 48 89 d5 f3
0x0000000067f6f4c9:   0f 11 41 20 4c 89 ce 48 89 41 40 41 8b 41 1e f3
0x0000000067f6f4d9:   41 0f 10 41 14 f3 0f 11 41 24 4c 89 41 10 48 c7
0x0000000067f6f4e9:   41 08 00 00 00 00 89 41 34 41 0f b7 41 22 66 89
0x0000000067f6f4f9:   41 38 41 0f b6 41 1c 88 41 3a 49 8b 09 48 8b 01
0x0000000067f6f509:   ff 50 10 48 8b 10 48 89 c1 48 89 43 18 ff 52 18
0x0000000067f6f519:   89 c2 89 c7 48 89 e9 c1 e2 05 e8 c8 c4 fe ff 85
0x0000000067f6f529:   ff 48 89 43 28 7e 27 8d 4f ff 48 8d 50 10 48 c1
0x0000000067f6f539:   e1 05 48 8d 44 08 30 48 c7 02 00 00 00 00 c7 42
0x0000000067f6f549:   0c ff ff ff ff 48 83 c2 20 48 39 c2 75 e9 f3 0f
0x0000000067f6f559:   10 46 18 c7 43 30 00 00 00 00 f3 0f 11 03 48 83
0x0000000067f6f569:   c4 28 5b 5e 5f 5d c3 57 56 53 48 83 ec 20 8b 41
0x0000000067f6f579:   30 48 89 cb 48 89 d7 85 c0 0f 85 a8 00 00 00 48
0x0000000067f6f589:   8b 4b 18 48 8b 01 ff 50 18 48 8b 53 28 c1 e0 05
0x0000000067f6f599:   48 89 f9 41 89 c0 e8 8c c6 fe ff 48 8b 73 18 48
0x0000000067f6f5a9:   c7 43 28 00 00 00 00 8b 46 08 83 f8 01 0f 84 94
0x0000000067f6f5b9:   00 00 00 0f 82 be 00 00 00 83 f8 02 74 39 83 f8
0x0000000067f6f5c9:   03 0f 85 e0 00 00 00 48 8b 06 48 89 f1 ff 10 41
0x0000000067f6f5d9:   b8 30 00 00 00 48 89 f2 48 89 f9 e8 47 c6 fe ff
0x0000000067f6f5e9:   48 c7 43 18 00 00 00 00 48 83 c4 20 5b 5e 5f c3
0x0000000067f6f5f9:   0f 1f 80 00 00 00 00 48 8b 06 48 89 f1 ff 10 41 


Stack slot to memory mapping:
stack at sp + 0 slots: 0x0000007b58cfeab0 is pointing into the stack for thread: 0x00000203d1cab240
stack at sp + 1 slots: 0x00000203d53794fe is at code_begin+1118 in an Interpreter codelet
return entry points  [0x00000203d53790a0, 0x00000203d5379ba0]  2816 bytes
stack at sp + 2 slots: 0x0000007b58cfeab0 is pointing into the stack for thread: 0x00000203d1cab240
stack at sp + 3 slots: 0x00000203f9e10140 points into unknown readable memory: 0x0000002600000000 | 00 00 00 00 26 00 00 00
stack at sp + 4 slots: 0x00000203f1295350 is pointing into metadata
stack at sp + 5 slots: 0x00000203f9e10140 points into unknown readable memory: 0x0000002600000000 | 00 00 00 00 26 00 00 00
stack at sp + 6 slots: 0x00000203f9e140f0 points into unknown readable memory: 0x0000020300000000 | 00 00 00 00 03 02 00 00
stack at sp + 7 slots: 0x00000203f0ee65e0 points into unknown readable memory: 0x00000203f0eff970 | 70 f9 ef f0 03 02 00 00


---------------  P R O C E S S  ---------------

Threads class SMR info:
_java_thread_list=0x00000203f19d5910, length=12, elements={
0x00000203d1cab240, 0x00000203f185a3e0, 0x00000203f185b4d0, 0x00000203f182e280,
0x00000203f182ed30, 0x00000203f182f6e0, 0x00000203f1887d50, 0x00000203f18896f0,
0x00000203f188c850, 0x00000203f188ea40, 0x00000203f19fa690, 0x00000203f19fb500
}

Java Threads: ( => current thread )
=>0x00000203d1cab240 JavaThread "main" [_thread_in_native, id=23016, stack(0x0000007b58c00000,0x0000007b58d00000)]
  0x00000203f185a3e0 JavaThread "Reference Handler" daemon [_thread_blocked, id=20264, stack(0x0000007b59300000,0x0000007b59400000)]
  0x00000203f185b4d0 JavaThread "Finalizer" daemon [_thread_blocked, id=18928, stack(0x0000007b59400000,0x0000007b59500000)]
  0x00000203f182e280 JavaThread "Signal Dispatcher" daemon [_thread_blocked, id=1548, stack(0x0000007b59500000,0x0000007b59600000)]
  0x00000203f182ed30 JavaThread "Attach Listener" daemon [_thread_blocked, id=19396, stack(0x0000007b59600000,0x0000007b59700000)]
  0x00000203f182f6e0 JavaThread "Service Thread" daemon [_thread_blocked, id=22304, stack(0x0000007b59700000,0x0000007b59800000)]
  0x00000203f1887d50 JavaThread "Monitor Deflation Thread" daemon [_thread_blocked, id=13444, stack(0x0000007b59800000,0x0000007b59900000)]
  0x00000203f18896f0 JavaThread "C2 CompilerThread0" daemon [_thread_blocked, id=9800, stack(0x0000007b59900000,0x0000007b59a00000)]
  0x00000203f188c850 JavaThread "C1 CompilerThread0" daemon [_thread_blocked, id=16520, stack(0x0000007b59a00000,0x0000007b59b00000)]
  0x00000203f188ea40 JavaThread "Sweeper thread" daemon [_thread_blocked, id=18008, stack(0x0000007b59b00000,0x0000007b59c00000)]
  0x00000203f19fa690 JavaThread "Notification Thread" daemon [_thread_blocked, id=632, stack(0x0000007b59c00000,0x0000007b59d00000)]
  0x00000203f19fb500 JavaThread "Common-Cleaner" daemon [_thread_blocked, id=23512, stack(0x0000007b59e00000,0x0000007b59f00000)]

Other Threads:
  0x00000203f0c18a90 VMThread "VM Thread" [stack: 0x0000007b59200000,0x0000007b59300000] [id=21092]
  0x00000203d1d2fc90 WatcherThread [stack: 0x0000007b59d00000,0x0000007b59e00000] [id=18548]
  0x00000203d1d15830 GCTaskThread "GC Thread#0" [stack: 0x0000007b58d00000,0x0000007b58e00000] [id=15432]
  0x00000203d1d280f0 ConcurrentGCThread "G1 Main Marker" [stack: 0x0000007b58e00000,0x0000007b58f00000] [id=9232]
  0x00000203d1d28b00 ConcurrentGCThread "G1 Conc#0" [stack: 0x0000007b58f00000,0x0000007b59000000] [id=11920]
  0x00000203d1d7e670 ConcurrentGCThread "G1 Refine#0" [stack: 0x0000007b59000000,0x0000007b59100000] [id=19112]
  0x00000203f0acc280 ConcurrentGCThread "G1 Service" [stack: 0x0000007b59100000,0x0000007b59200000] [id=9672]

Threads with active compile tasks:

VM state: not at safepoint (normal execution)

VM Mutex/Monitor currently owned by a thread: None

Heap address: 0x0000000702200000, size: 4062 MB, Compressed Oops mode: Zero based, Oop shift amount: 3

CDS archive(s) not mapped
Compressed class space mapped at: 0x0000000800000000-0x0000000840000000, reserved size: 1073741824
Narrow klass base: 0x0000000800000000, Narrow klass shift: 0, Narrow klass range: 0x40000000

GC Precious Log:
 CPUs: 12 total, 12 available
 Memory: 16243M
 Large Page Support: Disabled
 NUMA Support: Disabled
 Compressed Oops: Enabled (Zero based)
 Heap Region Size: 2M
 Heap Min Capacity: 8M
 Heap Initial Capacity: 254M
 Heap Max Capacity: 4062M
 Pre-touch: Disabled
 Parallel Workers: 10
 Concurrent Workers: 3
 Concurrent Refinement Workers: 10
 Periodic GC: Disabled

Heap:
 garbage-first heap   total 260096K, used 20480K [0x0000000702200000, 0x0000000800000000)
  region size 2048K, 9 young (18432K), 0 survivors (0K)
 Metaspace       used 11599K, committed 11776K, reserved 1064960K
  class space    used 941K, committed 1024K, reserved 1048576K

Heap Regions: E=young(eden), S=young(survivor), O=old, HS=humongous(starts), HC=humongous(continues), CS=collection set, F=free, OA=open archive, CA=closed archive, TAMS=top-at-mark-start (previous, next)
|   0|0x0000000702200000, 0x0000000702400000, 0x0000000702400000|100%|HS|  |TAMS 0x0000000702200000, 0x0000000702200000| Complete 
|   1|0x0000000702400000, 0x0000000702600000, 0x0000000702600000|100%|HC|  |TAMS 0x0000000702400000, 0x0000000702400000| Complete 
|   2|0x0000000702600000, 0x0000000702600000, 0x0000000702800000|  0%| F|  |TAMS 0x0000000702600000, 0x0000000702600000| Untracked 
|   3|0x0000000702800000, 0x0000000702800000, 0x0000000702a00000|  0%| F|  |TAMS 0x0000000702800000, 0x0000000702800000| Untracked 
|   4|0x0000000702a00000, 0x0000000702a00000, 0x0000000702c00000|  0%| F|  |TAMS 0x0000000702a00000, 0x0000000702a00000| Untracked 
|   5|0x0000000702c00000, 0x0000000702c00000, 0x0000000702e00000|  0%| F|  |TAMS 0x0000000702c00000, 0x0000000702c00000| Untracked 
|   6|0x0000000702e00000, 0x0000000702e00000, 0x0000000703000000|  0%| F|  |TAMS 0x0000000702e00000, 0x0000000702e00000| Untracked 
|   7|0x0000000703000000, 0x0000000703000000, 0x0000000703200000|  0%| F|  |TAMS 0x0000000703000000, 0x0000000703000000| Untracked 
|   8|0x0000000703200000, 0x0000000703200000, 0x0000000703400000|  0%| F|  |TAMS 0x0000000703200000, 0x0000000703200000| Untracked 
|   9|0x0000000703400000, 0x0000000703400000, 0x0000000703600000|  0%| F|  |TAMS 0x0000000703400000, 0x0000000703400000| Untracked 
|  10|0x0000000703600000, 0x0000000703600000, 0x0000000703800000|  0%| F|  |TAMS 0x0000000703600000, 0x0000000703600000| Untracked 
|  11|0x0000000703800000, 0x0000000703800000, 0x0000000703a00000|  0%| F|  |TAMS 0x0000000703800000, 0x0000000703800000| Untracked 
|  12|0x0000000703a00000, 0x0000000703a00000, 0x0000000703c00000|  0%| F|  |TAMS 0x0000000703a00000, 0x0000000703a00000| Untracked 
|  13|0x0000000703c00000, 0x0000000703c00000, 0x0000000703e00000|  0%| F|  |TAMS 0x0000000703c00000, 0x0000000703c00000| Untracked 
|  14|0x0000000703e00000, 0x0000000703e00000, 0x0000000704000000|  0%| F|  |TAMS 0x0000000703e00000, 0x0000000703e00000| Untracked 
|  15|0x0000000704000000, 0x0000000704000000, 0x0000000704200000|  0%| F|  |TAMS 0x0000000704000000, 0x0000000704000000| Untracked 
|  16|0x0000000704200000, 0x0000000704200000, 0x0000000704400000|  0%| F|  |TAMS 0x0000000704200000, 0x0000000704200000| Untracked 
|  17|0x0000000704400000, 0x0000000704400000, 0x0000000704600000|  0%| F|  |TAMS 0x0000000704400000, 0x0000000704400000| Untracked 
|  18|0x0000000704600000, 0x0000000704600000, 0x0000000704800000|  0%| F|  |TAMS 0x0000000704600000, 0x0000000704600000| Untracked 
|  19|0x0000000704800000, 0x0000000704800000, 0x0000000704a00000|  0%| F|  |TAMS 0x0000000704800000, 0x0000000704800000| Untracked 
|  20|0x0000000704a00000, 0x0000000704a00000, 0x0000000704c00000|  0%| F|  |TAMS 0x0000000704a00000, 0x0000000704a00000| Untracked 
|  21|0x0000000704c00000, 0x0000000704c00000, 0x0000000704e00000|  0%| F|  |TAMS 0x0000000704c00000, 0x0000000704c00000| Untracked 
|  22|0x0000000704e00000, 0x0000000704e00000, 0x0000000705000000|  0%| F|  |TAMS 0x0000000704e00000, 0x0000000704e00000| Untracked 
|  23|0x0000000705000000, 0x0000000705000000, 0x0000000705200000|  0%| F|  |TAMS 0x0000000705000000, 0x0000000705000000| Untracked 
|  24|0x0000000705200000, 0x0000000705200000, 0x0000000705400000|  0%| F|  |TAMS 0x0000000705200000, 0x0000000705200000| Untracked 
|  25|0x0000000705400000, 0x0000000705400000, 0x0000000705600000|  0%| F|  |TAMS 0x0000000705400000, 0x0000000705400000| Untracked 
|  26|0x0000000705600000, 0x0000000705600000, 0x0000000705800000|  0%| F|  |TAMS 0x0000000705600000, 0x0000000705600000| Untracked 
|  27|0x0000000705800000, 0x0000000705800000, 0x0000000705a00000|  0%| F|  |TAMS 0x0000000705800000, 0x0000000705800000| Untracked 
|  28|0x0000000705a00000, 0x0000000705a00000, 0x0000000705c00000|  0%| F|  |TAMS 0x0000000705a00000, 0x0000000705a00000| Untracked 
|  29|0x0000000705c00000, 0x0000000705c00000, 0x0000000705e00000|  0%| F|  |TAMS 0x0000000705c00000, 0x0000000705c00000| Untracked 
|  30|0x0000000705e00000, 0x0000000705e00000, 0x0000000706000000|  0%| F|  |TAMS 0x0000000705e00000, 0x0000000705e00000| Untracked 
|  31|0x0000000706000000, 0x0000000706000000, 0x0000000706200000|  0%| F|  |TAMS 0x0000000706000000, 0x0000000706000000| Untracked 
|  32|0x0000000706200000, 0x0000000706200000, 0x0000000706400000|  0%| F|  |TAMS 0x0000000706200000, 0x0000000706200000| Untracked 
|  33|0x0000000706400000, 0x0000000706400000, 0x0000000706600000|  0%| F|  |TAMS 0x0000000706400000, 0x0000000706400000| Untracked 
|  34|0x0000000706600000, 0x0000000706600000, 0x0000000706800000|  0%| F|  |TAMS 0x0000000706600000, 0x0000000706600000| Untracked 
|  35|0x0000000706800000, 0x0000000706800000, 0x0000000706a00000|  0%| F|  |TAMS 0x0000000706800000, 0x0000000706800000| Untracked 
|  36|0x0000000706a00000, 0x0000000706a00000, 0x0000000706c00000|  0%| F|  |TAMS 0x0000000706a00000, 0x0000000706a00000| Untracked 
|  37|0x0000000706c00000, 0x0000000706c00000, 0x0000000706e00000|  0%| F|  |TAMS 0x0000000706c00000, 0x0000000706c00000| Untracked 
|  38|0x0000000706e00000, 0x0000000706e00000, 0x0000000707000000|  0%| F|  |TAMS 0x0000000706e00000, 0x0000000706e00000| Untracked 
|  39|0x0000000707000000, 0x0000000707000000, 0x0000000707200000|  0%| F|  |TAMS 0x0000000707000000, 0x0000000707000000| Untracked 
|  40|0x0000000707200000, 0x0000000707200000, 0x0000000707400000|  0%| F|  |TAMS 0x0000000707200000, 0x0000000707200000| Untracked 
|  41|0x0000000707400000, 0x0000000707400000, 0x0000000707600000|  0%| F|  |TAMS 0x0000000707400000, 0x0000000707400000| Untracked 
|  42|0x0000000707600000, 0x0000000707600000, 0x0000000707800000|  0%| F|  |TAMS 0x0000000707600000, 0x0000000707600000| Untracked 
|  43|0x0000000707800000, 0x0000000707800000, 0x0000000707a00000|  0%| F|  |TAMS 0x0000000707800000, 0x0000000707800000| Untracked 
|  44|0x0000000707a00000, 0x0000000707a00000, 0x0000000707c00000|  0%| F|  |TAMS 0x0000000707a00000, 0x0000000707a00000| Untracked 
|  45|0x0000000707c00000, 0x0000000707c00000, 0x0000000707e00000|  0%| F|  |TAMS 0x0000000707c00000, 0x0000000707c00000| Untracked 
|  46|0x0000000707e00000, 0x0000000707e00000, 0x0000000708000000|  0%| F|  |TAMS 0x0000000707e00000, 0x0000000707e00000| Untracked 
|  47|0x0000000708000000, 0x0000000708000000, 0x0000000708200000|  0%| F|  |TAMS 0x0000000708000000, 0x0000000708000000| Untracked 
|  48|0x0000000708200000, 0x0000000708200000, 0x0000000708400000|  0%| F|  |TAMS 0x0000000708200000, 0x0000000708200000| Untracked 
|  49|0x0000000708400000, 0x0000000708400000, 0x0000000708600000|  0%| F|  |TAMS 0x0000000708400000, 0x0000000708400000| Untracked 
|  50|0x0000000708600000, 0x0000000708600000, 0x0000000708800000|  0%| F|  |TAMS 0x0000000708600000, 0x0000000708600000| Untracked 
|  51|0x0000000708800000, 0x0000000708800000, 0x0000000708a00000|  0%| F|  |TAMS 0x0000000708800000, 0x0000000708800000| Untracked 
|  52|0x0000000708a00000, 0x0000000708a00000, 0x0000000708c00000|  0%| F|  |TAMS 0x0000000708a00000, 0x0000000708a00000| Untracked 
|  53|0x0000000708c00000, 0x0000000708c00000, 0x0000000708e00000|  0%| F|  |TAMS 0x0000000708c00000, 0x0000000708c00000| Untracked 
|  54|0x0000000708e00000, 0x0000000708e00000, 0x0000000709000000|  0%| F|  |TAMS 0x0000000708e00000, 0x0000000708e00000| Untracked 
|  55|0x0000000709000000, 0x0000000709000000, 0x0000000709200000|  0%| F|  |TAMS 0x0000000709000000, 0x0000000709000000| Untracked 
|  56|0x0000000709200000, 0x0000000709200000, 0x0000000709400000|  0%| F|  |TAMS 0x0000000709200000, 0x0000000709200000| Untracked 
|  57|0x0000000709400000, 0x0000000709400000, 0x0000000709600000|  0%| F|  |TAMS 0x0000000709400000, 0x0000000709400000| Untracked 
|  58|0x0000000709600000, 0x0000000709600000, 0x0000000709800000|  0%| F|  |TAMS 0x0000000709600000, 0x0000000709600000| Untracked 
|  59|0x0000000709800000, 0x0000000709800000, 0x0000000709a00000|  0%| F|  |TAMS 0x0000000709800000, 0x0000000709800000| Untracked 
|  60|0x0000000709a00000, 0x0000000709a00000, 0x0000000709c00000|  0%| F|  |TAMS 0x0000000709a00000, 0x0000000709a00000| Untracked 
|  61|0x0000000709c00000, 0x0000000709c00000, 0x0000000709e00000|  0%| F|  |TAMS 0x0000000709c00000, 0x0000000709c00000| Untracked 
|  62|0x0000000709e00000, 0x0000000709e00000, 0x000000070a000000|  0%| F|  |TAMS 0x0000000709e00000, 0x0000000709e00000| Untracked 
|  63|0x000000070a000000, 0x000000070a000000, 0x000000070a200000|  0%| F|  |TAMS 0x000000070a000000, 0x000000070a000000| Untracked 
|  64|0x000000070a200000, 0x000000070a200000, 0x000000070a400000|  0%| F|  |TAMS 0x000000070a200000, 0x000000070a200000| Untracked 
|  65|0x000000070a400000, 0x000000070a400000, 0x000000070a600000|  0%| F|  |TAMS 0x000000070a400000, 0x000000070a400000| Untracked 
|  66|0x000000070a600000, 0x000000070a600000, 0x000000070a800000|  0%| F|  |TAMS 0x000000070a600000, 0x000000070a600000| Untracked 
|  67|0x000000070a800000, 0x000000070a800000, 0x000000070aa00000|  0%| F|  |TAMS 0x000000070a800000, 0x000000070a800000| Untracked 
|  68|0x000000070aa00000, 0x000000070aa00000, 0x000000070ac00000|  0%| F|  |TAMS 0x000000070aa00000, 0x000000070aa00000| Untracked 
|  69|0x000000070ac00000, 0x000000070ac00000, 0x000000070ae00000|  0%| F|  |TAMS 0x000000070ac00000, 0x000000070ac00000| Untracked 
|  70|0x000000070ae00000, 0x000000070ae00000, 0x000000070b000000|  0%| F|  |TAMS 0x000000070ae00000, 0x000000070ae00000| Untracked 
|  71|0x000000070b000000, 0x000000070b000000, 0x000000070b200000|  0%| F|  |TAMS 0x000000070b000000, 0x000000070b000000| Untracked 
|  72|0x000000070b200000, 0x000000070b200000, 0x000000070b400000|  0%| F|  |TAMS 0x000000070b200000, 0x000000070b200000| Untracked 
|  73|0x000000070b400000, 0x000000070b400000, 0x000000070b600000|  0%| F|  |TAMS 0x000000070b400000, 0x000000070b400000| Untracked 
|  74|0x000000070b600000, 0x000000070b600000, 0x000000070b800000|  0%| F|  |TAMS 0x000000070b600000, 0x000000070b600000| Untracked 
|  75|0x000000070b800000, 0x000000070b800000, 0x000000070ba00000|  0%| F|  |TAMS 0x000000070b800000, 0x000000070b800000| Untracked 
|  76|0x000000070ba00000, 0x000000070ba00000, 0x000000070bc00000|  0%| F|  |TAMS 0x000000070ba00000, 0x000000070ba00000| Untracked 
|  77|0x000000070bc00000, 0x000000070bc00000, 0x000000070be00000|  0%| F|  |TAMS 0x000000070bc00000, 0x000000070bc00000| Untracked 
|  78|0x000000070be00000, 0x000000070be00000, 0x000000070c000000|  0%| F|  |TAMS 0x000000070be00000, 0x000000070be00000| Untracked 
|  79|0x000000070c000000, 0x000000070c000000, 0x000000070c200000|  0%| F|  |TAMS 0x000000070c000000, 0x000000070c000000| Untracked 
|  80|0x000000070c200000, 0x000000070c200000, 0x000000070c400000|  0%| F|  |TAMS 0x000000070c200000, 0x000000070c200000| Untracked 
|  81|0x000000070c400000, 0x000000070c400000, 0x000000070c600000|  0%| F|  |TAMS 0x000000070c400000, 0x000000070c400000| Untracked 
|  82|0x000000070c600000, 0x000000070c600000, 0x000000070c800000|  0%| F|  |TAMS 0x000000070c600000, 0x000000070c600000| Untracked 
|  83|0x000000070c800000, 0x000000070c800000, 0x000000070ca00000|  0%| F|  |TAMS 0x000000070c800000, 0x000000070c800000| Untracked 
|  84|0x000000070ca00000, 0x000000070ca00000, 0x000000070cc00000|  0%| F|  |TAMS 0x000000070ca00000, 0x000000070ca00000| Untracked 
|  85|0x000000070cc00000, 0x000000070cc00000, 0x000000070ce00000|  0%| F|  |TAMS 0x000000070cc00000, 0x000000070cc00000| Untracked 
|  86|0x000000070ce00000, 0x000000070ce00000, 0x000000070d000000|  0%| F|  |TAMS 0x000000070ce00000, 0x000000070ce00000| Untracked 
|  87|0x000000070d000000, 0x000000070d000000, 0x000000070d200000|  0%| F|  |TAMS 0x000000070d000000, 0x000000070d000000| Untracked 
|  88|0x000000070d200000, 0x000000070d200000, 0x000000070d400000|  0%| F|  |TAMS 0x000000070d200000, 0x000000070d200000| Untracked 
|  89|0x000000070d400000, 0x000000070d400000, 0x000000070d600000|  0%| F|  |TAMS 0x000000070d400000, 0x000000070d400000| Untracked 
|  90|0x000000070d600000, 0x000000070d600000, 0x000000070d800000|  0%| F|  |TAMS 0x000000070d600000, 0x000000070d600000| Untracked 
|  91|0x000000070d800000, 0x000000070d800000, 0x000000070da00000|  0%| F|  |TAMS 0x000000070d800000, 0x000000070d800000| Untracked 
|  92|0x000000070da00000, 0x000000070da00000, 0x000000070dc00000|  0%| F|  |TAMS 0x000000070da00000, 0x000000070da00000| Untracked 
|  93|0x000000070dc00000, 0x000000070dc00000, 0x000000070de00000|  0%| F|  |TAMS 0x000000070dc00000, 0x000000070dc00000| Untracked 
|  94|0x000000070de00000, 0x000000070de00000, 0x000000070e000000|  0%| F|  |TAMS 0x000000070de00000, 0x000000070de00000| Untracked 
|  95|0x000000070e000000, 0x000000070e000000, 0x000000070e200000|  0%| F|  |TAMS 0x000000070e000000, 0x000000070e000000| Untracked 
|  96|0x000000070e200000, 0x000000070e200000, 0x000000070e400000|  0%| F|  |TAMS 0x000000070e200000, 0x000000070e200000| Untracked 
|  97|0x000000070e400000, 0x000000070e400000, 0x000000070e600000|  0%| F|  |TAMS 0x000000070e400000, 0x000000070e400000| Untracked 
|  98|0x000000070e600000, 0x000000070e600000, 0x000000070e800000|  0%| F|  |TAMS 0x000000070e600000, 0x000000070e600000| Untracked 
|  99|0x000000070e800000, 0x000000070e800000, 0x000000070ea00000|  0%| F|  |TAMS 0x000000070e800000, 0x000000070e800000| Untracked 
| 100|0x000000070ea00000, 0x000000070ea00000, 0x000000070ec00000|  0%| F|  |TAMS 0x000000070ea00000, 0x000000070ea00000| Untracked 
| 101|0x000000070ec00000, 0x000000070ec00000, 0x000000070ee00000|  0%| F|  |TAMS 0x000000070ec00000, 0x000000070ec00000| Untracked 
| 102|0x000000070ee00000, 0x000000070ee00000, 0x000000070f000000|  0%| F|  |TAMS 0x000000070ee00000, 0x000000070ee00000| Untracked 
| 103|0x000000070f000000, 0x000000070f000000, 0x000000070f200000|  0%| F|  |TAMS 0x000000070f000000, 0x000000070f000000| Untracked 
| 104|0x000000070f200000, 0x000000070f200000, 0x000000070f400000|  0%| F|  |TAMS 0x000000070f200000, 0x000000070f200000| Untracked 
| 105|0x000000070f400000, 0x000000070f400000, 0x000000070f600000|  0%| F|  |TAMS 0x000000070f400000, 0x000000070f400000| Untracked 
| 106|0x000000070f600000, 0x000000070f600000, 0x000000070f800000|  0%| F|  |TAMS 0x000000070f600000, 0x000000070f600000| Untracked 
| 107|0x000000070f800000, 0x000000070f800000, 0x000000070fa00000|  0%| F|  |TAMS 0x000000070f800000, 0x000000070f800000| Untracked 
| 108|0x000000070fa00000, 0x000000070fa00000, 0x000000070fc00000|  0%| F|  |TAMS 0x000000070fa00000, 0x000000070fa00000| Untracked 
| 109|0x000000070fc00000, 0x000000070fc00000, 0x000000070fe00000|  0%| F|  |TAMS 0x000000070fc00000, 0x000000070fc00000| Untracked 
| 110|0x000000070fe00000, 0x000000070fe00000, 0x0000000710000000|  0%| F|  |TAMS 0x000000070fe00000, 0x000000070fe00000| Untracked 
| 111|0x0000000710000000, 0x0000000710000000, 0x0000000710200000|  0%| F|  |TAMS 0x0000000710000000, 0x0000000710000000| Untracked 
| 112|0x0000000710200000, 0x0000000710200000, 0x0000000710400000|  0%| F|  |TAMS 0x0000000710200000, 0x0000000710200000| Untracked 
| 113|0x0000000710400000, 0x0000000710400000, 0x0000000710600000|  0%| F|  |TAMS 0x0000000710400000, 0x0000000710400000| Untracked 
| 114|0x0000000710600000, 0x0000000710600000, 0x0000000710800000|  0%| F|  |TAMS 0x0000000710600000, 0x0000000710600000| Untracked 
| 115|0x0000000710800000, 0x0000000710800000, 0x0000000710a00000|  0%| F|  |TAMS 0x0000000710800000, 0x0000000710800000| Untracked 
| 116|0x0000000710a00000, 0x0000000710a00000, 0x0000000710c00000|  0%| F|  |TAMS 0x0000000710a00000, 0x0000000710a00000| Untracked 
| 117|0x0000000710c00000, 0x0000000710c00000, 0x0000000710e00000|  0%| F|  |TAMS 0x0000000710c00000, 0x0000000710c00000| Untracked 
| 118|0x0000000710e00000, 0x0000000711000000, 0x0000000711000000|100%| E|  |TAMS 0x0000000710e00000, 0x0000000710e00000| Complete 
| 119|0x0000000711000000, 0x0000000711200000, 0x0000000711200000|100%| E|CS|TAMS 0x0000000711000000, 0x0000000711000000| Complete 
| 120|0x0000000711200000, 0x0000000711400000, 0x0000000711400000|100%| E|CS|TAMS 0x0000000711200000, 0x0000000711200000| Complete 
| 121|0x0000000711400000, 0x0000000711600000, 0x0000000711600000|100%| E|CS|TAMS 0x0000000711400000, 0x0000000711400000| Complete 
| 122|0x0000000711600000, 0x0000000711800000, 0x0000000711800000|100%| E|CS|TAMS 0x0000000711600000, 0x0000000711600000| Complete 
| 123|0x0000000711800000, 0x0000000711a00000, 0x0000000711a00000|100%| E|CS|TAMS 0x0000000711800000, 0x0000000711800000| Complete 
| 124|0x0000000711a00000, 0x0000000711c00000, 0x0000000711c00000|100%| E|CS|TAMS 0x0000000711a00000, 0x0000000711a00000| Complete 
| 125|0x0000000711c00000, 0x0000000711e00000, 0x0000000711e00000|100%| E|CS|TAMS 0x0000000711c00000, 0x0000000711c00000| Complete 
| 126|0x0000000711e00000, 0x0000000712000000, 0x0000000712000000|100%| E|CS|TAMS 0x0000000711e00000, 0x0000000711e00000| Complete 

Card table byte_map: [0x00000203e50b0000,0x00000203e58a0000] _byte_map_base: 0x00000203e189f000

Marking Bits (Prev, Next): (CMBitMap*) 0x00000203d1d17250, (CMBitMap*) 0x00000203d1d17290
 Prev Bits: [0x00000203e6090000, 0x00000203ea008000)
 Next Bits: [0x00000203ea010000, 0x00000203edf88000)

Polling page: 0x00000203cfc80000

Metaspace:

Usage:
  Non-class:     10.41 MB used.
      Class:    941.89 KB used.
       Both:     11.33 MB used.

Virtual space:
  Non-class space:       16.00 MB reserved,      10.50 MB ( 66%) committed,  2 nodes.
      Class space:        1.00 GB reserved,       1.00 MB ( <1%) committed,  1 nodes.
             Both:        1.02 GB reserved,      11.50 MB (  1%) committed. 

Chunk freelists:
   Non-Class:  1.45 MB
       Class:  3.05 MB
        Both:  4.50 MB

MaxMetaspaceSize: unlimited
CompressedClassSpaceSize: 1.00 GB
Initial GC threshold: 21.00 MB
Current GC threshold: 21.00 MB
CDS: off
MetaspaceReclaimPolicy: balanced
 - commit_granule_bytes: 65536.
 - commit_granule_words: 8192.
 - virtual_space_node_default_size: 1048576.
 - enlarge_chunks_in_place: 1.
 - new_chunks_are_fully_committed: 0.
 - uncommit_free_chunks: 1.
 - use_allocation_guard: 0.
 - handle_deallocations: 1.


Internal statistics:

num_allocs_failed_limit: 0.
num_arena_births: 66.
num_arena_deaths: 0.
num_vsnodes_births: 3.
num_vsnodes_deaths: 0.
num_space_committed: 182.
num_space_uncommitted: 0.
num_chunks_returned_to_freelist: 0.
num_chunks_taken_from_freelist: 207.
num_chunk_merges: 0.
num_chunk_splits: 131.
num_chunks_enlarged: 99.
num_purges: 0.
num_inconsistent_stats: 0.

CodeHeap 'non-profiled nmethods': size=120000Kb used=281Kb max_used=281Kb free=119718Kb
 bounds [0x00000203dce40000, 0x00000203dd0b0000, 0x00000203e4370000]
CodeHeap 'profiled nmethods': size=120000Kb used=1564Kb max_used=1564Kb free=118436Kb
 bounds [0x00000203d5910000, 0x00000203d5b80000, 0x00000203dce40000]
CodeHeap 'non-nmethods': size=5760Kb used=1588Kb max_used=1595Kb free=4171Kb
 bounds [0x00000203d5370000, 0x00000203d55e0000, 0x00000203d5910000]
 total_blobs=1875 nmethods=863 adapters=925
 compilation: enabled
              stopped_count=0, restarted_count=0
 full_count=0

Compilation events (20 events):
Event: 1.070 Thread 0x00000203f188c850  854       3       java.nio.charset.CharsetDecoder::implFlush (4 bytes)
Event: 1.070 Thread 0x00000203f188c850 nmethod 854 0x00000203d5a8c990 code [0x00000203d5a8cb20, 0x00000203d5a8cc38]
Event: 1.071 Thread 0x00000203f188c850  855       3       java.io.WinNTFileSystem::normalizePrefix (132 bytes)
Event: 1.071 Thread 0x00000203f18896f0  856       4       java.io.WinNTFileSystem::isSlash (18 bytes)
Event: 1.072 Thread 0x00000203f18896f0 nmethod 856 0x00000203dce85f10 code [0x00000203dce86080, 0x00000203dce86118]
Event: 1.073 Thread 0x00000203f188c850 nmethod 855 0x00000203d5a8cd10 code [0x00000203d5a8d140, 0x00000203d5a8f1e8]
Event: 1.099 Thread 0x00000203f188c850  857       3       jdk.internal.loader.BuiltinClassLoader::hasClassPath (13 bytes)
Event: 1.099 Thread 0x00000203f188c850 nmethod 857 0x00000203d5a8fe10 code [0x00000203d5a8ffa0, 0x00000203d5a90118]
Event: 1.163 Thread 0x00000203f188c850  858       3       java.nio.charset.CharsetDecoder::flush (49 bytes)
Event: 1.163 Thread 0x00000203f188c850 nmethod 858 0x00000203d5a90190 code [0x00000203d5a90360, 0x00000203d5a90768]
Event: 1.193 Thread 0x00000203f188c850  859       3       java.lang.Integer::parseInt (300 bytes)
Event: 1.194 Thread 0x00000203f188c850 nmethod 859 0x00000203d5a90890 code [0x00000203d5a90ca0, 0x00000203d5a925b8]
Event: 1.200 Thread 0x00000203f188c850  860   !   3       java.nio.HeapCharBuffer::toString (30 bytes)
Event: 1.200 Thread 0x00000203f188c850 nmethod 860 0x00000203d5a92e90 code [0x00000203d5a93040, 0x00000203d5a932f8]
Event: 1.236 Thread 0x00000203f18896f0  861       4       java.lang.CharacterData::of (136 bytes)
Event: 1.236 Thread 0x00000203f18896f0 nmethod 861 0x00000203dce86210 code [0x00000203dce86380, 0x00000203dce86418]
Event: 1.262 Thread 0x00000203f188c850  862       3       jdk.internal.loader.BuiltinClassLoader::isSealed (71 bytes)
Event: 1.263 Thread 0x00000203f188c850 nmethod 862 0x00000203d5a93490 code [0x00000203d5a938a0, 0x00000203d5a954a8]
Event: 1.263 Thread 0x00000203f188c850  863   !   3       jdk.internal.loader.URLClassPath$JarLoader::checkResource (78 bytes)
Event: 1.264 Thread 0x00000203f188c850 nmethod 863 0x00000203d5a95f10 code [0x00000203d5a96160, 0x00000203d5a96ba8]

GC Heap History (0 events):
No events

Deoptimization events (20 events):
Event: 0.261 Thread 0x00000203d1cab240 DEOPT PACKING pc=0x00000203d5982b65 sp=0x0000007b58cf7400
Event: 0.261 Thread 0x00000203d1cab240 DEOPT UNPACKING pc=0x00000203d53c2b43 sp=0x0000007b58cf6850 mode 0
Event: 0.279 Thread 0x00000203d1cab240 DEOPT PACKING pc=0x00000203d5982b65 sp=0x0000007b58cf7350
Event: 0.279 Thread 0x00000203d1cab240 DEOPT UNPACKING pc=0x00000203d53c2b43 sp=0x0000007b58cf67a0 mode 0
Event: 0.301 Thread 0x00000203d1cab240 Uncommon trap: trap_request=0xffffff45 fr.pc=0x00000203dce4e240 relative=0x0000000000000040
Event: 0.301 Thread 0x00000203d1cab240 Uncommon trap: reason=unstable_if action=reinterpret pc=0x00000203dce4e240 method=sun.nio.fs.WindowsPathParser.isSlash(C)Z @ 9 c2
Event: 0.301 Thread 0x00000203d1cab240 DEOPT PACKING pc=0x00000203dce4e240 sp=0x0000007b58cfb7f0
Event: 0.301 Thread 0x00000203d1cab240 DEOPT UNPACKING pc=0x00000203d53c23a3 sp=0x0000007b58cfb778 mode 2
Event: 0.309 Thread 0x00000203d1cab240 DEOPT PACKING pc=0x00000203d5982b65 sp=0x0000007b58cf7ca0
Event: 0.309 Thread 0x00000203d1cab240 DEOPT UNPACKING pc=0x00000203d53c2b43 sp=0x0000007b58cf70f0 mode 0
Event: 0.337 Thread 0x00000203d1cab240 DEOPT PACKING pc=0x00000203d5932c3e sp=0x0000007b58cfa440
Event: 0.337 Thread 0x00000203d1cab240 DEOPT UNPACKING pc=0x00000203d53c2b43 sp=0x0000007b58cf98b8 mode 0
Event: 0.601 Thread 0x00000203d1cab240 Uncommon trap: trap_request=0xffffff5c fr.pc=0x00000203dce79d58 relative=0x0000000000000058
Event: 0.601 Thread 0x00000203d1cab240 Uncommon trap: reason=speculate_null_check action=make_not_entrant pc=0x00000203dce79d58 method=sun.misc.Unsafe.getLong(Ljava/lang/Object;J)J @ 5 c2
Event: 0.601 Thread 0x00000203d1cab240 DEOPT PACKING pc=0x00000203dce79d58 sp=0x0000007b58cfeb30
Event: 0.601 Thread 0x00000203d1cab240 DEOPT UNPACKING pc=0x00000203d53c23a3 sp=0x0000007b58cfeaa8 mode 2
Event: 0.864 Thread 0x00000203d1cab240 Uncommon trap: trap_request=0xffffff45 fr.pc=0x00000203dce7a7e4 relative=0x0000000000000104
Event: 0.864 Thread 0x00000203d1cab240 Uncommon trap: reason=unstable_if action=reinterpret pc=0x00000203dce7a7e4 method=java.io.WinNTFileSystem.normalize(Ljava/lang/String;)Ljava/lang/String; @ 74 c2
Event: 0.864 Thread 0x00000203d1cab240 DEOPT PACKING pc=0x00000203dce7a7e4 sp=0x0000007b58cfeb60
Event: 0.864 Thread 0x00000203d1cab240 DEOPT UNPACKING pc=0x00000203d53c23a3 sp=0x0000007b58cfeb38 mode 2

Classes unloaded (0 events):
No events

Classes redefined (0 events):
No events

Internal exceptions (20 events):
Event: 0.274 Thread 0x00000203d1cab240 Exception <a 'java/lang/NoSuchMethodError'{0x00000007118cad68}: 'int java.lang.invoke.DirectMethodHandle$Holder.invokeSpecial(java.lang.Object, java.lang.Object, java.lang.Object)'> (0x00000007118cad68) 
thrown [s\src\hotspot\share\interpreter\linkResolver.cpp, line 759]
Event: 0.301 Thread 0x00000203d1cab240 Exception <a 'sun/nio/fs/WindowsException'{0x000000071196db58}> (0x000000071196db58) 
thrown [s\src\hotspot\share\prims\jni.cpp, line 516]
Event: 0.301 Thread 0x00000203d1cab240 Exception <a 'sun/nio/fs/WindowsException'{0x000000071196e0a8}> (0x000000071196e0a8) 
thrown [s\src\hotspot\share\prims\jni.cpp, line 516]
Event: 0.311 Thread 0x00000203d1cab240 Exception <a 'java/lang/NoSuchMethodError'{0x00000007119b1868}: 'int java.lang.invoke.DirectMethodHandle$Holder.invokeStaticInit(java.lang.Object, java.lang.Object, int, long)'> (0x00000007119b1868) 
thrown [s\src\hotspot\share\interpreter\linkResolver.cpp, line 759]
Event: 0.312 Thread 0x00000203d1cab240 Exception <a 'java/lang/NoSuchMethodError'{0x00000007119b7130}: 'java.lang.Object java.lang.invoke.DirectMethodHandle$Holder.newInvokeSpecial(java.lang.Object, java.lang.Object, int)'> (0x00000007119b7130) 
thrown [s\src\hotspot\share\interpreter\linkResolver.cpp, line 759]
Event: 0.314 Thread 0x00000203d1cab240 Exception <a 'java/lang/NoSuchMethodError'{0x00000007119cc298}: 'int java.lang.invoke.DirectMethodHandle$Holder.invokeStaticInit(java.lang.Object, java.lang.Object, long, long)'> (0x00000007119cc298) 
thrown [s\src\hotspot\share\interpreter\linkResolver.cpp, line 759]
Event: 0.314 Thread 0x00000203d1cab240 Exception <a 'java/lang/NoSuchMethodError'{0x00000007119d28b8}: 'java.lang.Object java.lang.invoke.DirectMethodHandle$Holder.newInvokeSpecial(java.lang.Object, java.lang.Object, long)'> (0x00000007119d28b8) 
thrown [s\src\hotspot\share\interpreter\linkResolver.cpp, line 759]
Event: 0.315 Thread 0x00000203d1cab240 Exception <a 'java/lang/NoSuchMethodError'{0x00000007119d6900}: 'java.lang.Object java.lang.invoke.Invokers$Holder.linkToTargetMethod(java.lang.Object, long, java.lang.Object)'> (0x00000007119d6900) 
thrown [s\src\hotspot\share\interpreter\linkResolver.cpp, line 759]
Event: 0.315 Thread 0x00000203d1cab240 Exception <a 'java/lang/NoSuchMethodError'{0x00000007119de018}: 'int java.lang.invoke.DirectMethodHandle$Holder.invokeStaticInit(java.lang.Object, java.lang.Object, java.lang.Object, long)'> (0x00000007119de018) 
thrown [s\src\hotspot\share\interpreter\linkResolver.cpp, line 759]
Event: 0.334 Thread 0x00000203d1cab240 Exception <a 'sun/nio/fs/WindowsException'{0x000000071169b078}> (0x000000071169b078) 
thrown [s\src\hotspot\share\prims\jni.cpp, line 516]
Event: 0.334 Thread 0x00000203d1cab240 Exception <a 'sun/nio/fs/WindowsException'{0x000000071169b408}> (0x000000071169b408) 
thrown [s\src\hotspot\share\prims\jni.cpp, line 516]
Event: 0.353 Thread 0x00000203d1cab240 Exception <a 'sun/nio/fs/WindowsException'{0x000000071175efc8}> (0x000000071175efc8) 
thrown [s\src\hotspot\share\prims\jni.cpp, line 516]
Event: 0.353 Thread 0x00000203d1cab240 Exception <a 'sun/nio/fs/WindowsException'{0x000000071175f328}> (0x000000071175f328) 
thrown [s\src\hotspot\share\prims\jni.cpp, line 516]
Event: 0.392 Thread 0x00000203d1cab240 Exception <a 'sun/nio/fs/WindowsException'{0x00000007117fb440}> (0x00000007117fb440) 
thrown [s\src\hotspot\share\prims\jni.cpp, line 516]
Event: 0.392 Thread 0x00000203d1cab240 Exception <a 'sun/nio/fs/WindowsException'{0x00000007117fb7c0}> (0x00000007117fb7c0) 
thrown [s\src\hotspot\share\prims\jni.cpp, line 516]
Event: 0.426 Thread 0x00000203d1cab240 Exception <a 'java/lang/NoSuchMethodError'{0x000000071144a9b0}: 'java.lang.Object java.lang.invoke.DirectMethodHandle$Holder.newInvokeSpecial(java.lang.Object, long)'> (0x000000071144a9b0) 
thrown [s\src\hotspot\share\interpreter\linkResolver.cpp, line 759]
Event: 0.576 Thread 0x00000203d1cab240 Exception <a 'sun/nio/fs/WindowsException'{0x0000000711586488}> (0x0000000711586488) 
thrown [s\src\hotspot\share\prims\jni.cpp, line 516]
Event: 0.576 Thread 0x00000203d1cab240 Exception <a 'sun/nio/fs/WindowsException'{0x0000000711586830}> (0x0000000711586830) 
thrown [s\src\hotspot\share\prims\jni.cpp, line 516]
Event: 0.579 Thread 0x00000203d1cab240 Exception <a 'sun/nio/fs/WindowsException'{0x0000000711596b98}> (0x0000000711596b98) 
thrown [s\src\hotspot\share\prims\jni.cpp, line 516]
Event: 0.579 Thread 0x00000203d1cab240 Exception <a 'sun/nio/fs/WindowsException'{0x0000000711596e78}> (0x0000000711596e78) 
thrown [s\src\hotspot\share\prims\jni.cpp, line 516]

VM Operations (8 events):
Event: 0.144 Executing VM operation: HandshakeAllThreads
Event: 0.144 Executing VM operation: HandshakeAllThreads done
Event: 0.225 Executing VM operation: HandshakeAllThreads
Event: 0.225 Executing VM operation: HandshakeAllThreads done
Event: 0.272 Executing VM operation: HandshakeAllThreads
Event: 0.272 Executing VM operation: HandshakeAllThreads done
Event: 0.647 Executing VM operation: HandshakeAllThreads
Event: 0.647 Executing VM operation: HandshakeAllThreads done

Events (20 events):
Event: 0.725 loading class sun/net/DefaultProgressMeteringPolicy
Event: 0.725 loading class sun/net/ProgressMeteringPolicy
Event: 0.725 loading class sun/net/ProgressMeteringPolicy done
Event: 0.725 loading class sun/net/DefaultProgressMeteringPolicy done
Event: 0.847 loading class jdk/internal/math/FloatingDecimal
Event: 0.847 loading class jdk/internal/math/FloatingDecimal done
Event: 0.847 loading class jdk/internal/math/FloatingDecimal$ExceptionalBinaryToASCIIBuffer
Event: 0.847 loading class jdk/internal/math/FloatingDecimal$BinaryToASCIIConverter
Event: 0.847 loading class jdk/internal/math/FloatingDecimal$BinaryToASCIIConverter done
Event: 0.847 loading class jdk/internal/math/FloatingDecimal$ExceptionalBinaryToASCIIBuffer done
Event: 0.847 loading class jdk/internal/math/FloatingDecimal$BinaryToASCIIBuffer
Event: 0.848 loading class jdk/internal/math/FloatingDecimal$BinaryToASCIIBuffer done
Event: 0.848 loading class jdk/internal/math/FloatingDecimal$1
Event: 0.848 loading class jdk/internal/math/FloatingDecimal$1 done
Event: 0.848 loading class jdk/internal/math/FloatingDecimal$PreparedASCIIToBinaryBuffer
Event: 0.848 loading class jdk/internal/math/FloatingDecimal$ASCIIToBinaryConverter
Event: 0.848 loading class jdk/internal/math/FloatingDecimal$ASCIIToBinaryConverter done
Event: 0.848 loading class jdk/internal/math/FloatingDecimal$PreparedASCIIToBinaryBuffer done
Event: 0.848 loading class jdk/internal/math/FloatingDecimal$ASCIIToBinaryBuffer
Event: 0.848 loading class jdk/internal/math/FloatingDecimal$ASCIIToBinaryBuffer done


Dynamic libraries:
0x00007ff768ab0000 - 0x00007ff768abe000 	C:\Users\matia\.p2\pool\plugins\org.eclipse.justj.openjdk.hotspot.jre.full.win32.x86_64_17.0.4.v20220805-1047\jre\bin\javaw.exe
0x00007ff913c10000 - 0x00007ff913e08000 	C:\Windows\SYSTEM32\ntdll.dll
0x00007ff912160000 - 0x00007ff91221f000 	C:\Windows\System32\KERNEL32.DLL
0x00007ff9118e0000 - 0x00007ff911bb2000 	C:\Windows\System32\KERNELBASE.dll
0x00007ff911450000 - 0x00007ff911550000 	C:\Windows\System32\ucrtbase.dll
0x00007ff907380000 - 0x00007ff907398000 	C:\Users\matia\.p2\pool\plugins\org.eclipse.justj.openjdk.hotspot.jre.full.win32.x86_64_17.0.4.v20220805-1047\jre\bin\jli.dll
0x00007ff90bef0000 - 0x00007ff90bf09000 	C:\Users\matia\.p2\pool\plugins\org.eclipse.justj.openjdk.hotspot.jre.full.win32.x86_64_17.0.4.v20220805-1047\jre\bin\VCRUNTIME140.dll
0x00007ff913530000 - 0x00007ff9136cd000 	C:\Windows\System32\USER32.dll
0x00007ff904640000 - 0x00007ff9048da000 	C:\Windows\WinSxS\amd64_microsoft.windows.common-controls_6595b64144ccf1df_6.0.19041.1110_none_60b5254171f9507e\COMCTL32.dll
0x00007ff911770000 - 0x00007ff911792000 	C:\Windows\System32\win32u.dll
0x00007ff913940000 - 0x00007ff9139de000 	C:\Windows\System32\msvcrt.dll
0x00007ff9128b0000 - 0x00007ff9128db000 	C:\Windows\System32\GDI32.dll
0x00007ff911340000 - 0x00007ff91144f000 	C:\Windows\System32\gdi32full.dll
0x00007ff911bc0000 - 0x00007ff911c5d000 	C:\Windows\System32\msvcp_win.dll
0x00007ff9131c0000 - 0x00007ff9131f2000 	C:\Windows\System32\IMM32.DLL
0x00007ff90d1c0000 - 0x00007ff90d1cc000 	C:\Users\matia\.p2\pool\plugins\org.eclipse.justj.openjdk.hotspot.jre.full.win32.x86_64_17.0.4.v20220805-1047\jre\bin\vcruntime140_1.dll
0x00007ff8dab20000 - 0x00007ff8dabb1000 	C:\Users\matia\.p2\pool\plugins\org.eclipse.justj.openjdk.hotspot.jre.full.win32.x86_64_17.0.4.v20220805-1047\jre\bin\msvcp140.dll
0x00007ff8c6860000 - 0x00007ff8c74a6000 	C:\Users\matia\.p2\pool\plugins\org.eclipse.justj.openjdk.hotspot.jre.full.win32.x86_64_17.0.4.v20220805-1047\jre\bin\server\jvm.dll
0x00007ff9139e0000 - 0x00007ff913a8e000 	C:\Windows\System32\ADVAPI32.dll
0x00007ff913360000 - 0x00007ff9133fc000 	C:\Windows\System32\sechost.dll
0x00007ff913a90000 - 0x00007ff913bb5000 	C:\Windows\System32\RPCRT4.dll
0x00007ff9128a0000 - 0x00007ff9128a8000 	C:\Windows\System32\PSAPI.DLL
0x00007ff9073b0000 - 0x00007ff9073d7000 	C:\Windows\SYSTEM32\WINMM.dll
0x00007ff90b410000 - 0x00007ff90b41a000 	C:\Windows\SYSTEM32\VERSION.dll
0x00007ff90d1e0000 - 0x00007ff90d1e9000 	C:\Windows\SYSTEM32\WSOCK32.dll
0x00007ff9138d0000 - 0x00007ff91393b000 	C:\Windows\System32\WS2_32.dll
0x00007ff90f1f0000 - 0x00007ff90f202000 	C:\Windows\SYSTEM32\kernel.appcore.dll
0x00007ff90c850000 - 0x00007ff90c85a000 	C:\Users\matia\.p2\pool\plugins\org.eclipse.justj.openjdk.hotspot.jre.full.win32.x86_64_17.0.4.v20220805-1047\jre\bin\jimage.dll
0x00007ff905c40000 - 0x00007ff905e24000 	C:\Windows\SYSTEM32\DBGHELP.DLL
0x00007ff903fb0000 - 0x00007ff903fdc000 	C:\Windows\SYSTEM32\dbgcore.DLL
0x00007ff9117a0000 - 0x00007ff911822000 	C:\Windows\System32\bcryptPrimitives.dll
0x00007ff90bea0000 - 0x00007ff90bec5000 	C:\Users\matia\.p2\pool\plugins\org.eclipse.justj.openjdk.hotspot.jre.full.win32.x86_64_17.0.4.v20220805-1047\jre\bin\java.dll
0x00007ff8ed0e0000 - 0x00007ff8ed0f8000 	C:\Users\matia\.p2\pool\plugins\org.eclipse.justj.openjdk.hotspot.jre.full.win32.x86_64_17.0.4.v20220805-1047\jre\bin\zip.dll
0x00007ff912a70000 - 0x00007ff9131b3000 	C:\Windows\System32\SHELL32.dll
0x00007ff90f3f0000 - 0x00007ff90fb82000 	C:\Windows\SYSTEM32\windows.storage.dll
0x00007ff911d80000 - 0x00007ff9120d4000 	C:\Windows\System32\combase.dll
0x00007ff910d70000 - 0x00007ff910da0000 	C:\Windows\SYSTEM32\Wldp.dll
0x00007ff9129c0000 - 0x00007ff912a6d000 	C:\Windows\System32\SHCORE.dll
0x00007ff912220000 - 0x00007ff912275000 	C:\Windows\System32\shlwapi.dll
0x00007ff911250000 - 0x00007ff91126f000 	C:\Windows\SYSTEM32\profapi.dll
0x00007ff8e6150000 - 0x00007ff8e6169000 	C:\Users\matia\.p2\pool\plugins\org.eclipse.justj.openjdk.hotspot.jre.full.win32.x86_64_17.0.4.v20220805-1047\jre\bin\net.dll
0x00007ff902860000 - 0x00007ff90296c000 	C:\Windows\SYSTEM32\WINHTTP.dll
0x00007ff910ad0000 - 0x00007ff910b3a000 	C:\Windows\system32\mswsock.dll
0x00007ff8e6130000 - 0x00007ff8e6145000 	C:\Users\matia\.p2\pool\plugins\org.eclipse.justj.openjdk.hotspot.jre.full.win32.x86_64_17.0.4.v20220805-1047\jre\bin\nio.dll
0x0000000067fb0000 - 0x0000000067fd9000 	C:\Users\matia\AppData\Local\Temp\libgdxmatia\e787ab0a\gdx64.dll
0x00007ff8ed270000 - 0x00007ff8ed2e5000 	C:\Users\matia\AppData\Local\Temp\lwjglmatia\3.3.1-build-7\lwjgl.dll
0x00007ff8c7640000 - 0x00007ff8c7899000 	C:\Users\matia\AppData\Local\Temp\lwjglmatia\3.3.1-build-7\jemalloc.dll
0x00007ff8e2f30000 - 0x00007ff8e2f91000 	C:\Users\matia\AppData\Local\Temp\lwjglmatia\3.3.1-build-7\glfw.dll
0x00007ff8ed220000 - 0x00007ff8ed265000 	C:\Windows\SYSTEM32\dinput8.dll
0x00007ff893360000 - 0x00007ff893371000 	C:\Windows\SYSTEM32\xinput1_4.dll
0x00007ff911550000 - 0x00007ff91159e000 	C:\Windows\System32\cfgmgr32.dll
0x00007ff9110c0000 - 0x00007ff9110ec000 	C:\Windows\SYSTEM32\DEVOBJ.dll
0x00007ff90ef00000 - 0x00007ff90ef2f000 	C:\Windows\SYSTEM32\dwmapi.dll
0x00007ff8ef640000 - 0x00007ff8ef792000 	C:\Windows\SYSTEM32\inputhost.dll
0x00007ff9128f0000 - 0x00007ff9129bd000 	C:\Windows\System32\OLEAUT32.dll
0x00007ff90ded0000 - 0x00007ff90e024000 	C:\Windows\SYSTEM32\wintypes.dll
0x00007ff90e900000 - 0x00007ff90e9f2000 	C:\Windows\SYSTEM32\CoreMessaging.dll
0x00007ff90c6f0000 - 0x00007ff90c7e6000 	C:\Windows\SYSTEM32\PROPSYS.dll
0x00007ff90e5a0000 - 0x00007ff90e8fe000 	C:\Windows\SYSTEM32\CoreUIComponents.dll
0x00007ff9104a0000 - 0x00007ff9104d3000 	C:\Windows\SYSTEM32\ntmarta.dll
0x00007ff90ed20000 - 0x00007ff90edbe000 	C:\Windows\system32\uxtheme.dll
0x00007ff911c60000 - 0x00007ff911d75000 	C:\Windows\System32\MSCTF.dll
0x00007ff8c57e0000 - 0x00007ff8c5977000 	C:\Users\matia\AppData\Local\Temp\lwjglmatia\3.3.1-build-7\OpenAL.dll
0x00007ff913400000 - 0x00007ff91352a000 	C:\Windows\System32\ole32.dll
0x00007ff913820000 - 0x00007ff9138cf000 	C:\Windows\System32\clbcatq.dll
0x00007ff90aea0000 - 0x00007ff90af25000 	C:\Windows\System32\MMDevApi.dll
0x00007ff90afa0000 - 0x00007ff90b122000 	C:\Windows\SYSTEM32\AUDIOSES.DLL
0x00007ff910890000 - 0x00007ff9108db000 	C:\Windows\SYSTEM32\powrprof.dll
0x00007ff910750000 - 0x00007ff910762000 	C:\Windows\SYSTEM32\UMPDC.dll
0x00007ff90ee00000 - 0x00007ff90ee14000 	C:\Windows\SYSTEM32\resourcepolicyclient.dll
0x00007ff8f27f0000 - 0x00007ff8f2915000 	C:\Windows\SYSTEM32\opengl32.dll
0x00007ff8f2bb0000 - 0x00007ff8f2bdc000 	C:\Windows\SYSTEM32\GLU32.dll
0x00007ff90ba10000 - 0x00007ff90bb07000 	C:\Windows\System32\AppXDeploymentClient.dll
0x00007ff86aed0000 - 0x00007ff86e801000 	C:\Windows\System32\DriverStore\FileRepository\nv_dispi.inf_amd64_009debfbd2e1619b\nvoglv64.dll
0x00007ff912430000 - 0x00007ff912898000 	C:\Windows\System32\SETUPAPI.dll
0x00007ff911310000 - 0x00007ff911337000 	C:\Windows\System32\bcrypt.dll
0x00007ff90cd00000 - 0x00007ff90cd14000 	C:\Windows\SYSTEM32\WTSAPI32.dll
0x00007ff910f00000 - 0x00007ff910f12000 	C:\Windows\SYSTEM32\msasn1.dll
0x00007ff9098f0000 - 0x00007ff909921000 	C:\Windows\SYSTEM32\cryptnet.dll
0x00007ff9115a0000 - 0x00007ff9116f6000 	C:\Windows\System32\CRYPT32.dll
0x00007ff909710000 - 0x00007ff909858000 	C:\Windows\SYSTEM32\drvstore.dll
0x00007ff910ce0000 - 0x00007ff910cec000 	C:\Windows\SYSTEM32\cryptbase.dll
0x00007ff911700000 - 0x00007ff91176a000 	C:\Windows\System32\WINTRUST.dll
0x00007ff907eb0000 - 0x00007ff907eeb000 	C:\Windows\SYSTEM32\dxcore.dll
0x00007ff894240000 - 0x00007ff89450f000 	C:\Windows\system32\nvspcap64.dll
0x00007ff910010000 - 0x00007ff910074000 	C:\Windows\SYSTEM32\WINSTA.dll
0x00007ff8dbf20000 - 0x00007ff8dbf7d000 	C:\Users\matia\AppData\Local\Temp\lwjglmatia\3.3.1-build-7\lwjgl_opengl.dll
0x00007ff8ef910000 - 0x00007ff8efa09000 	C:\Windows\SYSTEM32\textinputframework.dll
0x00007ff904530000 - 0x00007ff904596000 	C:\Windows\system32\Oleacc.dll
0x0000000067f50000 - 0x0000000067faa000 	C:\Users\matia\AppData\Local\Temp\libgdxmatia\888fe1bc\gdx-box2d64.dll

dbghelp: loaded successfully - version: 4.0.5 - missing functions: none
symbol engine: initialized successfully - sym options: 0x614 - pdb path: .;C:\Users\matia\.p2\pool\plugins\org.eclipse.justj.openjdk.hotspot.jre.full.win32.x86_64_17.0.4.v20220805-1047\jre\bin;C:\Windows\SYSTEM32;C:\Windows\WinSxS\amd64_microsoft.windows.common-controls_6595b64144ccf1df_6.0.19041.1110_none_60b5254171f9507e;C:\Users\matia\.p2\pool\plugins\org.eclipse.justj.openjdk.hotspot.jre.full.win32.x86_64_17.0.4.v20220805-1047\jre\bin\server;C:\Users\matia\AppData\Local\Temp\libgdxmatia\e787ab0a;C:\Users\matia\AppData\Local\Temp\lwjglmatia\3.3.1-build-7;C:\Windows\System32\DriverStore\FileRepository\nv_dispi.inf_amd64_009debfbd2e1619b;C:\Users\matia\AppData\Local\Temp\libgdxmatia\888fe1bc

VM Arguments:
jvm_args: -Dfile.encoding=UTF-8 -XX:+ShowCodeDetailsInExceptionMessages 
java_command: com.mygdx.game.DesktopLauncher
java_class_path (initial): G:\Mi unidad\PUCV\2do año\4to Semestre\Programación Avanzada\Jimbo Adventures, El origen (Beta)\desktop\bin\main;\Jimbo Adventures, El origen-core\bin\default;G:\Mi unidad\PUCV\2do año\4to Semestre\Programación Avanzada\Jimbo Adventures, El origen (Beta)\core\bin\main;C:\Users\matia\.gradle\caches\modules-2\files-2.1\com.badlogicgames.gdx\gdx-backend-lwjgl3\1.11.0\58a96db4cd349be4292d547856aa1e1c5f065f4e\gdx-backend-lwjgl3-1.11.0.jar;C:\Users\matia\.gradle\caches\modules-2\files-2.1\com.badlogicgames.gdx\gdx-platform\1.11.0\697fb13eada6d3c6ca648c9788692b0159add126\gdx-platform-1.11.0-natives-desktop.jar;C:\Users\matia\.gradle\caches\modules-2\files-2.1\com.badlogicgames.gdx\gdx-box2d-platform\1.11.0\62ff9baa1e57a11e0a4428a38c9660bf9f312fdc\gdx-box2d-platform-1.11.0-natives-desktop.jar;C:\Users\matia\.gradle\caches\modules-2\files-2.1\com.badlogicgames.gdx\gdx-bullet-platform\1.11.0\2c067b913a306ba26d482075297538ad91cdb88b\gdx-bullet-platform-1.11.0-natives-desktop.jar;C:\Users\matia\.gradle\caches\modules-2\files-2.1\com.badlogicgames.gdx\gdx-box2d\1.11.0\ad4facee800dd945d6d6e93dea2936bc135b5f\gdx-box2d-1.11.0.jar;C:\Users\matia\.gradle\caches\modules-2\files-2.1\com.badlogicgames.gdx\gdx-bullet\1.11.0\1eb83845fa655e7e8ab6bbb979d28b0502ad3302\gdx-bullet-1.11.0.jar;C:\Users\matia\.gradle\caches\modules-2\files-2.1\com.badlogicgames.gdx\gdx\1.11.0\ffe1206d1004cd9e40027e28964be0fea0399af7\gdx-1.11.0.jar;C:\Users\matia\.gradle\caches\modules-2\files-2.1\org.lwjgl\lwjgl-glfw\3.3.1\cbac1b8d30cb4795149c1ef540f912671a8616d0\lwjgl-glfw-3.3.1.jar;C:\Users\matia\.gradle\caches\modules-2\files-2.1\org.lwjgl\lwjgl-glfw\3.3.1\81716978214ecbda15050ca394b06ef61501a49e\lwjgl-glfw-3.3.1-natives-linux.jar;C:\Users\matia\.gradle\caches\modules-2\files-2.1\org.lwjgl\lwjgl-glfw\3.3.1\816d935933f2dd743074c4e717cc25b55720f294\lwjgl-glfw-3.3.1-natives-linux-arm32.jar;C:\Users\matia\.gradle\caches\modules-2\files-2.1\org.lwjgl\lwjgl-glfw\3.3.1\513eb39b866d0fe131a
Launcher Type: SUN_STANDARD

[Global flags]
     intx CICompilerCount                          = 4                                         {product} {ergonomic}
     uint ConcGCThreads                            = 3                                         {product} {ergonomic}
     uint G1ConcRefinementThreads                  = 10                                        {product} {ergonomic}
   size_t G1HeapRegionSize                         = 2097152                                   {product} {ergonomic}
    uintx GCDrainStackTargetSize                   = 64                                        {product} {ergonomic}
   size_t InitialHeapSize                          = 266338304                                 {product} {ergonomic}
   size_t MarkStackSize                            = 4194304                                   {product} {ergonomic}
   size_t MaxHeapSize                              = 4259315712                                {product} {ergonomic}
   size_t MaxNewSize                               = 2554331136                                {product} {ergonomic}
   size_t MinHeapDeltaBytes                        = 2097152                                   {product} {ergonomic}
   size_t MinHeapSize                              = 8388608                                   {product} {ergonomic}
    uintx NonNMethodCodeHeapSize                   = 5839372                                {pd product} {ergonomic}
    uintx NonProfiledCodeHeapSize                  = 122909434                              {pd product} {ergonomic}
    uintx ProfiledCodeHeapSize                     = 122909434                              {pd product} {ergonomic}
    uintx ReservedCodeCacheSize                    = 251658240                              {pd product} {ergonomic}
     bool SegmentedCodeCache                       = true                                      {product} {ergonomic}
     bool ShowCodeDetailsInExceptionMessages       = true                                   {manageable} {command line}
   size_t SoftMaxHeapSize                          = 4259315712                             {manageable} {ergonomic}
     bool UseCompressedClassPointers               = true                           {product lp64_product} {ergonomic}
     bool UseCompressedOops                        = true                           {product lp64_product} {ergonomic}
     bool UseG1GC                                  = true                                      {product} {ergonomic}
     bool UseLargePagesIndividualAllocation        = false                                  {pd product} {ergonomic}

Logging:
Log output configuration:
 #0: stdout all=warning uptime,level,tags
 #1: stderr all=off uptime,level,tags

Environment Variables:
PATH=C:/Users/matia/.p2/pool/plugins/org.eclipse.justj.openjdk.hotspot.jre.full.win32.x86_64_17.0.4.v20220805-1047/jre/bin/server;C:/Users/matia/.p2/pool/plugins/org.eclipse.justj.openjdk.hotspot.jre.full.win32.x86_64_17.0.4.v20220805-1047/jre/bin;C:\Program Files\Common Files\Oracle\Java\javapath;C:\Windows\system32;C:\Windows;C:\Windows\System32\Wbem;C:\Windows\System32\WindowsPowerShell\v1.0\;C:\Windows\System32\OpenSSH\;C:\Program Files\NVIDIA Corporation\NVIDIA NvDLISR;C:\Program Files (x86)\NVIDIA Corporation\PhysX\Common;C:\Program Files\Git\cmd;C:\TDM-GCC-64\bin;C:\Users\matia\AppData\Local\Microsoft\WindowsApps;;C:\Users\matia\AppData\Local\Programs\Microsoft VS Code\bin;C:\Users\matia\Desktop\Programación;
USERNAME=matia
OS=Windows_NT
PROCESSOR_IDENTIFIER=Intel64 Family 6 Model 165 Stepping 3, GenuineIntel
TMP=C:\Users\matia\AppData\Local\Temp
TEMP=C:\Users\matia\AppData\Local\Temp



---------------  S Y S T E M  ---------------

OS:
 Windows 10 , 64 bit Build 19041 (10.0.19041.2251)
OS uptime: 0 days 9:12 hours

CPU: total 12 (initial active 12) (6 cores per cpu, 2 threads per core) family 6 model 165 stepping 3 microcode 0xcc, cx8, cmov, fxsr, ht, mmx, 3dnowpref, sse, sse2, sse3, ssse3, sse4.1, sse4.2, popcnt, lzcnt, tsc, tscinvbit, avx, avx2, aes, erms, clmul, bmi1, bmi2, adx, fma, vzeroupper, clflush, clflushopt

Memory: 4k page, system-wide physical 16243M (6049M free)
TotalPageFile size 22899M (AvailPageFile size 5391M)
current process WorkingSet (physical memory assigned to process): 142M, peak: 166M
current process commit charge ("private bytes"): 573M, peak: 578M

vm_info: OpenJDK 64-Bit Server VM (17.0.4+8) for windows-amd64 JRE (17.0.4+8), built on Jul 19 2022 16:05:16 by "temurin" with MS VC++ 16.7 (VS2019)

END.
