#
# A fatal error has been detected by the Java Runtime Environment:
#
#  EXCEPTION_ACCESS_VIOLATION (0xc0000005) at pc=0x00000000679ee8ce, pid=8460, tid=8516
#
# JRE version: OpenJDK Runtime Environment Temurin-17.0.4+8 (17.0.4+8) (build 17.0.4+8)
# Java VM: OpenJDK 64-Bit Server VM Temurin-17.0.4+8 (17.0.4+8, mixed mode, tiered, compressed oops, compressed class ptrs, g1 gc, windows-amd64)
# Problematic frame:
# C  [gdx-box2d64.dll+0x1e8ce]
#
# No core dump will be written. Minidumps are not enabled by default on client versions of Windows
#
# If you would like to submit a bug report, please visit:
#   https://github.com/adoptium/adoptium-support/issues
# The crash happened outside the Java Virtual Machine in native code.
# See problematic frame for where to report the bug.
#

---------------  S U M M A R Y ------------

Command Line: -Dfile.encoding=UTF-8 -XX:+ShowCodeDetailsInExceptionMessages com.mygdx.game.DesktopLauncher

Host: Intel(R) Core(TM) i5-10400 CPU @ 2.90GHz, 12 cores, 15G,  Windows 10 , 64 bit Build 19041 (10.0.19041.2251)
Time: Sat Dec  3 02:48:11 2022 Hora verano Sudamérica Pacífico elapsed time: 11.962501 seconds (0d 0h 0m 11s)

---------------  T H R E A D  ---------------

Current thread (0x00000214a298b710):  JavaThread "main" [_thread_in_native, id=8516, stack(0x0000002a2e300000,0x0000002a2e400000)]

Stack: [0x0000002a2e300000,0x0000002a2e400000],  sp=0x0000002a2e3fecf0,  free space=1019k
Native frames: (J=compiled Java code, j=interpreted, Vv=VM code, C=native code)
C  [gdx-box2d64.dll+0x1e8ce]

Java frames: (J=compiled Java code, j=interpreted, Vv=VM code)
J 1345  com.badlogic.gdx.physics.box2d.Body.jniSetTransform(JFFF)V (0 bytes) @ 0x00000214adb9d873 [0x00000214adb9d820+0x0000000000000053]
J 1376 c1 com.badlogic.gdx.physics.box2d.Body.setTransform(Lcom/badlogic/gdx/math/Vector2;F)V (18 bytes) @ 0x00000214a684b9cc [0x00000214a684b940+0x000000000000008c]
j  Patrones.Jimbo.goToInitPos()V+18
j  Patrones.Level.update(F)V+140
J 1340 c1 Utils.Screens.render(F)V (37 bytes) @ 0x00000214a683829c [0x00000214a6838180+0x000000000000011c]
J 1296 c1 com.badlogic.gdx.backends.lwjgl3.Lwjgl3Window.update()Z (217 bytes) @ 0x00000214a682788c [0x00000214a6826b00+0x0000000000000d8c]
j  com.badlogic.gdx.backends.lwjgl3.Lwjgl3Application.loop()V+111
j  com.badlogic.gdx.backends.lwjgl3.Lwjgl3Application.<init>(Lcom/badlogic/gdx/ApplicationListener;Lcom/badlogic/gdx/backends/lwjgl3/Lwjgl3ApplicationConfiguration;)V+269
j  com.mygdx.game.DesktopLauncher.main([Ljava/lang/String;)V+46
v  ~StubRoutines::call_stub

siginfo: EXCEPTION_ACCESS_VIOLATION (0xc0000005), reading address 0x00000214c366d708


Register to memory mapping:

RIP=0x00000000679ee8ce gdx-box2d64.dll
RAX={method} {0x00000214c5779c50} 'setTransform' '(Lcom/badlogic/gdx/math/Vector2;F)V' in 'com/badlogic/gdx/physics/box2d/Body'
RBX=0x00000214c366faf0 points into unknown readable memory: 0x00000214c3654470 | 70 44 65 c3 14 02 00 00
RCX=0x00000214c366faf0 points into unknown readable memory: 0x00000214c3654470 | 70 44 65 c3 14 02 00 00
RDX=0x0000002a2e3fed78 is pointing into the stack for thread: 0x00000214a298b710
RSP=0x0000002a2e3fecf0 is pointing into the stack for thread: 0x00000214a298b710
RBP=0x0000002a2e3fee00 is pointing into the stack for thread: 0x00000214a298b710
RSI=0x0000002a2e3fed78 is pointing into the stack for thread: 0x00000214a298b710
RDI=0x00000214c3654470 points into unknown readable memory: 0x00000214ccb671a0 | a0 71 b6 cc 14 02 00 00
R8 =0x00000214c366faf0 points into unknown readable memory: 0x00000214c3654470 | 70 44 65 c3 14 02 00 00
R9 =0x00000000000000de is an unknown value
R10=0x00000000679f4680 gdx-box2d64.dll
R11=0x00000214a684b960 is at entry_point+32 in (nmethod*)0x00000214a684b790
R12=0x0 is NULL
R13=0x0000002a2e3fee70 is pointing into the stack for thread: 0x00000214a298b710
R14=0x00000214c57c38f8 is pointing into metadata
R15=0x00000214a298b710 is a thread


Registers:
RAX=0x00000214c5779c48, RBX=0x00000214c366faf0, RCX=0x00000214c366faf0, RDX=0x0000002a2e3fed78
RSP=0x0000002a2e3fecf0, RBP=0x0000002a2e3fee00, RSI=0x0000002a2e3fed78, RDI=0x00000214c3654470
R8 =0x00000214c366faf0, R9 =0x00000000000000de, R10=0x00000000679f4680, R11=0x00000214a684b960
R12=0x0000000000000000, R13=0x0000002a2e3fee70, R14=0x00000214c57c38f8, R15=0x00000214a298b710
RIP=0x00000000679ee8ce, EFLAGS=0x0000000000010206

Top of Stack: (sp=0x0000002a2e3fecf0)
0x0000002a2e3fecf0:   0000002a2e3fee00 00007ffa65bd2ca3
0x0000002a2e3fed00:   00000214c5766008 0000000000000000
0x0000002a2e3fed10:   0000000000000000 0000000000000000
0x0000002a2e3fed20:   0000000000000000 0000000000000000
0x0000002a2e3fed30:   00000214c5779c48 00000214c366faf0
0x0000002a2e3fed40:   00000214c57c3940 00000000679f46a9
0x0000002a2e3fed50:   00000214c22feaba 0000002a2e3fedc0
0x0000002a2e3fed60:   00000214c5400eb0 0000000000000000
0x0000002a2e3fed70:   00000007109fd970 40000000c0d00000
0x0000002a2e3fed80:   0000000000000000 00000214adb9d921
0x0000002a2e3fed90:   0000002a2e3fee10 00000214a60594fe
0x0000002a2e3feda0:   00007ffaad00a0f0 0000000000000000
0x0000002a2e3fedb0:   0000021440000000 0000000000000000
0x0000002a2e3fedc0:   0000000710919438 0000002a2e3fedc8
0x0000002a2e3fedd0:   00000214c22feb80 0000002a2e3fee20
0x0000002a2e3fede0:   00000214c5400eb0 0000000000000000 

Instructions: (pc=0x00000000679ee8ce)
0x00000000679ee7ce:   f3 0f 11 43 44 e9 c4 fe ff ff 0f 1f 84 00 00 00
0x00000000679ee7de:   00 00 48 8d 15 59 25 02 00 48 8d 0d b8 26 02 00
0x00000000679ee7ee:   41 b8 63 01 00 00 e8 97 53 01 00 48 8b 43 58 f6
0x00000000679ee7fe:   80 98 92 01 00 02 0f 85 92 fe ff ff e9 88 fe ff
0x00000000679ee80e:   ff 90 f3 0f 10 35 d0 28 02 00 f3 0f 11 b3 90 00
0x00000000679ee81e:   00 00 0f 28 ce 0f 28 c6 e9 c2 fe ff ff 0f 1f 44
0x00000000679ee82e:   00 00 48 8d 15 09 25 02 00 48 8d 0d 5d 26 02 00
0x00000000679ee83e:   41 b8 7d 01 00 00 e8 47 53 01 00 f3 0f 10 8b 98
0x00000000679ee84e:   00 00 00 e9 de fe ff ff 66 2e 0f 1f 84 00 00 00
0x00000000679ee85e:   00 00 83 39 02 74 0b 31 c0 83 3a 02 74 04 c3 0f
0x00000000679ee86e:   1f 00 48 8b 89 80 00 00 00 48 85 c9 75 0d eb 25
0x00000000679ee87e:   66 90 48 8b 49 18 48 85 c9 74 1a 48 39 11 75 f2
0x00000000679ee88e:   48 8b 41 08 0f b6 40 75 84 c0 74 d2 48 8b 49 18
0x00000000679ee89e:   48 85 c9 75 e6 b8 01 00 00 00 c3 90 66 0f 1f 44
0x00000000679ee8ae:   00 00 57 56 53 48 83 ec 40 0f 29 74 24 20 0f 29
0x00000000679ee8be:   7c 24 30 48 89 cb 48 89 d6 48 8b 79 58 0f 28 f2
0x00000000679ee8ce:   f6 87 98 92 01 00 02 0f 85 b5 00 00 00 0f 28 c6
0x00000000679ee8de:   48 81 c7 a0 92 01 00 e8 e6 55 01 00 0f 28 f8 f3
0x00000000679ee8ee:   0f 11 43 14 0f 28 c6 e8 e6 53 01 00 f3 0f 10 4b
0x00000000679ee8fe:   1c 48 8b 06 f3 0f 10 53 20 48 8b 73 70 0f 28 d9
0x00000000679ee90e:   f3 0f 59 c8 0f 28 e2 f3 0f 59 d7 f3 0f 59 df 48
0x00000000679ee91e:   89 43 0c 48 85 f6 f3 0f 59 e0 f3 0f 11 43 18 f3
0x00000000679ee92e:   0f 11 73 38 f3 0f 5c ca f3 0f 11 73 34 f3 0f 58
0x00000000679ee93e:   dc f3 0f 58 4b 0c f3 0f 58 5b 10 f3 0f 11 4b 2c
0x00000000679ee94e:   f3 0f 11 5b 30 48 8b 43 2c 48 89 43 24 74 1e 48
0x00000000679ee95e:   83 c3 0c 48 89 f1 49 89 d9 49 89 d8 48 89 fa e8
0x00000000679ee96e:   6e 0e 00 00 48 8b 76 08 48 85 f6 75 e6 0f 28 74
0x00000000679ee97e:   24 20 0f 28 7c 24 30 48 83 c4 40 5b 5e 5f c3 0f
0x00000000679ee98e:   1f 00 48 8d 15 a9 23 02 00 48 8d 0d 08 25 02 00
0x00000000679ee99e:   41 b8 a3 01 00 00 e8 e7 51 01 00 48 8b 7b 58 f6
0x00000000679ee9ae:   87 98 92 01 00 02 75 c5 e9 20 ff ff ff 90 0f 1f
0x00000000679ee9be:   40 00 55 57 56 53 48 83 ec 58 0f 29 74 24 30 0f 


Stack slot to memory mapping:
stack at sp + 0 slots: 0x0000002a2e3fee00 is pointing into the stack for thread: 0x00000214a298b710
stack at sp + 1 slots: 0x00007ffa65bd2ca3 jvm.dll
stack at sp + 2 slots: {method} {0x00000214c5766010} 'goToInitPos' '()V' in 'Patrones/Jimbo'
stack at sp + 3 slots: 0x0 is NULL
stack at sp + 4 slots: 0x0 is NULL
stack at sp + 5 slots: 0x0 is NULL
stack at sp + 6 slots: 0x0 is NULL
stack at sp + 7 slots: 0x0 is NULL


---------------  P R O C E S S  ---------------

Threads class SMR info:
_java_thread_list=0x00000214c4c99480, length=13, elements={
0x00000214a298b710, 0x00000214c1926c10, 0x00000214c242a780, 0x00000214c2478df0,
0x00000214c24796b0, 0x00000214c2479f70, 0x00000214c2496930, 0x00000214c24971f0,
0x00000214c2499bb0, 0x00000214c24a3c90, 0x00000214c2609320, 0x00000214c260d5e0,
0x00000214c4bc8c70
}

Java Threads: ( => current thread )
=>0x00000214a298b710 JavaThread "main" [_thread_in_native, id=8516, stack(0x0000002a2e300000,0x0000002a2e400000)]
  0x00000214c1926c10 JavaThread "Reference Handler" daemon [_thread_blocked, id=6796, stack(0x0000002a2ea00000,0x0000002a2eb00000)]
  0x00000214c242a780 JavaThread "Finalizer" daemon [_thread_blocked, id=11920, stack(0x0000002a2eb00000,0x0000002a2ec00000)]
  0x00000214c2478df0 JavaThread "Signal Dispatcher" daemon [_thread_blocked, id=3952, stack(0x0000002a2ec00000,0x0000002a2ed00000)]
  0x00000214c24796b0 JavaThread "Attach Listener" daemon [_thread_blocked, id=4080, stack(0x0000002a2ed00000,0x0000002a2ee00000)]
  0x00000214c2479f70 JavaThread "Service Thread" daemon [_thread_blocked, id=1476, stack(0x0000002a2ee00000,0x0000002a2ef00000)]
  0x00000214c2496930 JavaThread "Monitor Deflation Thread" daemon [_thread_blocked, id=18188, stack(0x0000002a2ef00000,0x0000002a2f000000)]
  0x00000214c24971f0 JavaThread "C2 CompilerThread0" daemon [_thread_blocked, id=3216, stack(0x0000002a2f000000,0x0000002a2f100000)]
  0x00000214c2499bb0 JavaThread "C1 CompilerThread0" daemon [_thread_blocked, id=14816, stack(0x0000002a2f100000,0x0000002a2f200000)]
  0x00000214c24a3c90 JavaThread "Sweeper thread" daemon [_thread_blocked, id=18548, stack(0x0000002a2f200000,0x0000002a2f300000)]
  0x00000214c2609320 JavaThread "Notification Thread" daemon [_thread_blocked, id=2000, stack(0x0000002a2f300000,0x0000002a2f400000)]
  0x00000214c260d5e0 JavaThread "Common-Cleaner" daemon [_thread_blocked, id=10372, stack(0x0000002a2f500000,0x0000002a2f600000)]
  0x00000214c4bc8c70 JavaThread "LWJGL3 Timer" daemon [_thread_blocked, id=10156, stack(0x0000002a2ff00000,0x0000002a30000000)]

Other Threads:
  0x00000214c1925580 VMThread "VM Thread" [stack: 0x0000002a2e900000,0x0000002a2ea00000] [id=4992]
  0x00000214c253c8f0 WatcherThread [stack: 0x0000002a2f400000,0x0000002a2f500000] [id=6396]
  0x00000214a29f5b80 GCTaskThread "GC Thread#0" [stack: 0x0000002a2e400000,0x0000002a2e500000] [id=3228]
  0x00000214c4c292d0 GCTaskThread "GC Thread#1" [stack: 0x0000002a30000000,0x0000002a30100000] [id=4996]
  0x00000214c4dfeca0 GCTaskThread "GC Thread#2" [stack: 0x0000002a30100000,0x0000002a30200000] [id=3144]
  0x00000214c4e00f60 GCTaskThread "GC Thread#3" [stack: 0x0000002a30200000,0x0000002a30300000] [id=3840]
  0x00000214c4e01210 GCTaskThread "GC Thread#4" [stack: 0x0000002a30300000,0x0000002a30400000] [id=10976]
  0x00000214c4e014c0 GCTaskThread "GC Thread#5" [stack: 0x0000002a30400000,0x0000002a30500000] [id=17208]
  0x00000214c4e47160 GCTaskThread "GC Thread#6" [stack: 0x0000002a30500000,0x0000002a30600000] [id=3236]
  0x00000214c4e47410 GCTaskThread "GC Thread#7" [stack: 0x0000002a30600000,0x0000002a30700000] [id=12420]
  0x00000214c4e47ed0 GCTaskThread "GC Thread#8" [stack: 0x0000002a30700000,0x0000002a30800000] [id=15780]
  0x00000214a2a083c0 ConcurrentGCThread "G1 Main Marker" [stack: 0x0000002a2e500000,0x0000002a2e600000] [id=17568]
  0x00000214a2a08ce0 ConcurrentGCThread "G1 Conc#0" [stack: 0x0000002a2e600000,0x0000002a2e700000] [id=1404]
  0x00000214c17c34f0 ConcurrentGCThread "G1 Refine#0" [stack: 0x0000002a2e700000,0x0000002a2e800000] [id=14372]
  0x00000214a2a5b2a0 ConcurrentGCThread "G1 Service" [stack: 0x0000002a2e800000,0x0000002a2e900000] [id=17800]

Threads with active compile tasks:

VM state: not at safepoint (normal execution)

VM Mutex/Monitor currently owned by a thread: None

Heap address: 0x0000000702200000, size: 4062 MB, Compressed Oops mode: Zero based, Oop shift amount: 3

CDS archive(s) not mapped
Compressed class space mapped at: 0x0000000800000000-0x0000000840000000, reserved size: 1073741824
Narrow klass base: 0x0000000800000000, Narrow klass shift: 0, Narrow klass range: 0x40000000

GC Precious Log:
 CPUs: 12 total, 12 available
 Memory: 16243M
 Large Page Support: Disabled
 NUMA Support: Disabled
 Compressed Oops: Enabled (Zero based)
 Heap Region Size: 2M
 Heap Min Capacity: 8M
 Heap Initial Capacity: 254M
 Heap Max Capacity: 4062M
 Pre-touch: Disabled
 Parallel Workers: 10
 Concurrent Workers: 3
 Concurrent Refinement Workers: 10
 Periodic GC: Disabled

Heap:
 garbage-first heap   total 260096K, used 5182K [0x0000000702200000, 0x0000000800000000)
  region size 2048K, 4 young (8192K), 2 survivors (4096K)
 Metaspace       used 13088K, committed 13248K, reserved 1064960K
  class space    used 1022K, committed 1088K, reserved 1048576K

Heap Regions: E=young(eden), S=young(survivor), O=old, HS=humongous(starts), HC=humongous(continues), CS=collection set, F=free, OA=open archive, CA=closed archive, TAMS=top-at-mark-start (previous, next)
|   0|0x0000000702200000, 0x0000000702200000, 0x0000000702400000|  0%| F|  |TAMS 0x0000000702200000, 0x0000000702200000| Untracked 
|   1|0x0000000702400000, 0x0000000702400000, 0x0000000702600000|  0%| F|  |TAMS 0x0000000702400000, 0x0000000702400000| Untracked 
|   2|0x0000000702600000, 0x0000000702600000, 0x0000000702800000|  0%| F|  |TAMS 0x0000000702600000, 0x0000000702600000| Untracked 
|   3|0x0000000702800000, 0x0000000702800000, 0x0000000702a00000|  0%| F|  |TAMS 0x0000000702800000, 0x0000000702800000| Untracked 
|   4|0x0000000702a00000, 0x0000000702a00000, 0x0000000702c00000|  0%| F|  |TAMS 0x0000000702a00000, 0x0000000702a00000| Untracked 
|   5|0x0000000702c00000, 0x0000000702c00000, 0x0000000702e00000|  0%| F|  |TAMS 0x0000000702c00000, 0x0000000702c00000| Untracked 
|   6|0x0000000702e00000, 0x0000000702e00000, 0x0000000703000000|  0%| F|  |TAMS 0x0000000702e00000, 0x0000000702e00000| Untracked 
|   7|0x0000000703000000, 0x0000000703000000, 0x0000000703200000|  0%| F|  |TAMS 0x0000000703000000, 0x0000000703000000| Untracked 
|   8|0x0000000703200000, 0x0000000703200000, 0x0000000703400000|  0%| F|  |TAMS 0x0000000703200000, 0x0000000703200000| Untracked 
|   9|0x0000000703400000, 0x0000000703400000, 0x0000000703600000|  0%| F|  |TAMS 0x0000000703400000, 0x0000000703400000| Untracked 
|  10|0x0000000703600000, 0x0000000703600000, 0x0000000703800000|  0%| F|  |TAMS 0x0000000703600000, 0x0000000703600000| Untracked 
|  11|0x0000000703800000, 0x0000000703800000, 0x0000000703a00000|  0%| F|  |TAMS 0x0000000703800000, 0x0000000703800000| Untracked 
|  12|0x0000000703a00000, 0x0000000703a00000, 0x0000000703c00000|  0%| F|  |TAMS 0x0000000703a00000, 0x0000000703a00000| Untracked 
|  13|0x0000000703c00000, 0x0000000703c00000, 0x0000000703e00000|  0%| F|  |TAMS 0x0000000703c00000, 0x0000000703c00000| Untracked 
|  14|0x0000000703e00000, 0x0000000703e00000, 0x0000000704000000|  0%| F|  |TAMS 0x0000000703e00000, 0x0000000703e00000| Untracked 
|  15|0x0000000704000000, 0x0000000704000000, 0x0000000704200000|  0%| F|  |TAMS 0x0000000704000000, 0x0000000704000000| Untracked 
|  16|0x0000000704200000, 0x0000000704200000, 0x0000000704400000|  0%| F|  |TAMS 0x0000000704200000, 0x0000000704200000| Untracked 
|  17|0x0000000704400000, 0x0000000704400000, 0x0000000704600000|  0%| F|  |TAMS 0x0000000704400000, 0x0000000704400000| Untracked 
|  18|0x0000000704600000, 0x0000000704600000, 0x0000000704800000|  0%| F|  |TAMS 0x0000000704600000, 0x0000000704600000| Untracked 
|  19|0x0000000704800000, 0x0000000704800000, 0x0000000704a00000|  0%| F|  |TAMS 0x0000000704800000, 0x0000000704800000| Untracked 
|  20|0x0000000704a00000, 0x0000000704a00000, 0x0000000704c00000|  0%| F|  |TAMS 0x0000000704a00000, 0x0000000704a00000| Untracked 
|  21|0x0000000704c00000, 0x0000000704c00000, 0x0000000704e00000|  0%| F|  |TAMS 0x0000000704c00000, 0x0000000704c00000| Untracked 
|  22|0x0000000704e00000, 0x0000000704e00000, 0x0000000705000000|  0%| F|  |TAMS 0x0000000704e00000, 0x0000000704e00000| Untracked 
|  23|0x0000000705000000, 0x0000000705000000, 0x0000000705200000|  0%| F|  |TAMS 0x0000000705000000, 0x0000000705000000| Untracked 
|  24|0x0000000705200000, 0x0000000705200000, 0x0000000705400000|  0%| F|  |TAMS 0x0000000705200000, 0x0000000705200000| Untracked 
|  25|0x0000000705400000, 0x0000000705400000, 0x0000000705600000|  0%| F|  |TAMS 0x0000000705400000, 0x0000000705400000| Untracked 
|  26|0x0000000705600000, 0x0000000705600000, 0x0000000705800000|  0%| F|  |TAMS 0x0000000705600000, 0x0000000705600000| Untracked 
|  27|0x0000000705800000, 0x0000000705800000, 0x0000000705a00000|  0%| F|  |TAMS 0x0000000705800000, 0x0000000705800000| Untracked 
|  28|0x0000000705a00000, 0x0000000705a00000, 0x0000000705c00000|  0%| F|  |TAMS 0x0000000705a00000, 0x0000000705a00000| Untracked 
|  29|0x0000000705c00000, 0x0000000705c00000, 0x0000000705e00000|  0%| F|  |TAMS 0x0000000705c00000, 0x0000000705c00000| Untracked 
|  30|0x0000000705e00000, 0x0000000705e00000, 0x0000000706000000|  0%| F|  |TAMS 0x0000000705e00000, 0x0000000705e00000| Untracked 
|  31|0x0000000706000000, 0x0000000706000000, 0x0000000706200000|  0%| F|  |TAMS 0x0000000706000000, 0x0000000706000000| Untracked 
|  32|0x0000000706200000, 0x0000000706200000, 0x0000000706400000|  0%| F|  |TAMS 0x0000000706200000, 0x0000000706200000| Untracked 
|  33|0x0000000706400000, 0x0000000706400000, 0x0000000706600000|  0%| F|  |TAMS 0x0000000706400000, 0x0000000706400000| Untracked 
|  34|0x0000000706600000, 0x0000000706600000, 0x0000000706800000|  0%| F|  |TAMS 0x0000000706600000, 0x0000000706600000| Untracked 
|  35|0x0000000706800000, 0x0000000706800000, 0x0000000706a00000|  0%| F|  |TAMS 0x0000000706800000, 0x0000000706800000| Untracked 
|  36|0x0000000706a00000, 0x0000000706a00000, 0x0000000706c00000|  0%| F|  |TAMS 0x0000000706a00000, 0x0000000706a00000| Untracked 
|  37|0x0000000706c00000, 0x0000000706c00000, 0x0000000706e00000|  0%| F|  |TAMS 0x0000000706c00000, 0x0000000706c00000| Untracked 
|  38|0x0000000706e00000, 0x0000000706e00000, 0x0000000707000000|  0%| F|  |TAMS 0x0000000706e00000, 0x0000000706e00000| Untracked 
|  39|0x0000000707000000, 0x0000000707000000, 0x0000000707200000|  0%| F|  |TAMS 0x0000000707000000, 0x0000000707000000| Untracked 
|  40|0x0000000707200000, 0x0000000707200000, 0x0000000707400000|  0%| F|  |TAMS 0x0000000707200000, 0x0000000707200000| Untracked 
|  41|0x0000000707400000, 0x0000000707400000, 0x0000000707600000|  0%| F|  |TAMS 0x0000000707400000, 0x0000000707400000| Untracked 
|  42|0x0000000707600000, 0x0000000707600000, 0x0000000707800000|  0%| F|  |TAMS 0x0000000707600000, 0x0000000707600000| Untracked 
|  43|0x0000000707800000, 0x0000000707800000, 0x0000000707a00000|  0%| F|  |TAMS 0x0000000707800000, 0x0000000707800000| Untracked 
|  44|0x0000000707a00000, 0x0000000707a00000, 0x0000000707c00000|  0%| F|  |TAMS 0x0000000707a00000, 0x0000000707a00000| Untracked 
|  45|0x0000000707c00000, 0x0000000707c00000, 0x0000000707e00000|  0%| F|  |TAMS 0x0000000707c00000, 0x0000000707c00000| Untracked 
|  46|0x0000000707e00000, 0x0000000707e00000, 0x0000000708000000|  0%| F|  |TAMS 0x0000000707e00000, 0x0000000707e00000| Untracked 
|  47|0x0000000708000000, 0x0000000708000000, 0x0000000708200000|  0%| F|  |TAMS 0x0000000708000000, 0x0000000708000000| Untracked 
|  48|0x0000000708200000, 0x0000000708200000, 0x0000000708400000|  0%| F|  |TAMS 0x0000000708200000, 0x0000000708200000| Untracked 
|  49|0x0000000708400000, 0x0000000708400000, 0x0000000708600000|  0%| F|  |TAMS 0x0000000708400000, 0x0000000708400000| Untracked 
|  50|0x0000000708600000, 0x0000000708600000, 0x0000000708800000|  0%| F|  |TAMS 0x0000000708600000, 0x0000000708600000| Untracked 
|  51|0x0000000708800000, 0x0000000708800000, 0x0000000708a00000|  0%| F|  |TAMS 0x0000000708800000, 0x0000000708800000| Untracked 
|  52|0x0000000708a00000, 0x0000000708a00000, 0x0000000708c00000|  0%| F|  |TAMS 0x0000000708a00000, 0x0000000708a00000| Untracked 
|  53|0x0000000708c00000, 0x0000000708c00000, 0x0000000708e00000|  0%| F|  |TAMS 0x0000000708c00000, 0x0000000708c00000| Untracked 
|  54|0x0000000708e00000, 0x0000000708e00000, 0x0000000709000000|  0%| F|  |TAMS 0x0000000708e00000, 0x0000000708e00000| Untracked 
|  55|0x0000000709000000, 0x0000000709000000, 0x0000000709200000|  0%| F|  |TAMS 0x0000000709000000, 0x0000000709000000| Untracked 
|  56|0x0000000709200000, 0x0000000709200000, 0x0000000709400000|  0%| F|  |TAMS 0x0000000709200000, 0x0000000709200000| Untracked 
|  57|0x0000000709400000, 0x0000000709400000, 0x0000000709600000|  0%| F|  |TAMS 0x0000000709400000, 0x0000000709400000| Untracked 
|  58|0x0000000709600000, 0x0000000709600000, 0x0000000709800000|  0%| F|  |TAMS 0x0000000709600000, 0x0000000709600000| Untracked 
|  59|0x0000000709800000, 0x0000000709800000, 0x0000000709a00000|  0%| F|  |TAMS 0x0000000709800000, 0x0000000709800000| Untracked 
|  60|0x0000000709a00000, 0x0000000709a00000, 0x0000000709c00000|  0%| F|  |TAMS 0x0000000709a00000, 0x0000000709a00000| Untracked 
|  61|0x0000000709c00000, 0x0000000709c00000, 0x0000000709e00000|  0%| F|  |TAMS 0x0000000709c00000, 0x0000000709c00000| Untracked 
|  62|0x0000000709e00000, 0x0000000709e00000, 0x000000070a000000|  0%| F|  |TAMS 0x0000000709e00000, 0x0000000709e00000| Untracked 
|  63|0x000000070a000000, 0x000000070a000000, 0x000000070a200000|  0%| F|  |TAMS 0x000000070a000000, 0x000000070a000000| Untracked 
|  64|0x000000070a200000, 0x000000070a200000, 0x000000070a400000|  0%| F|  |TAMS 0x000000070a200000, 0x000000070a200000| Untracked 
|  65|0x000000070a400000, 0x000000070a400000, 0x000000070a600000|  0%| F|  |TAMS 0x000000070a400000, 0x000000070a400000| Untracked 
|  66|0x000000070a600000, 0x000000070a600000, 0x000000070a800000|  0%| F|  |TAMS 0x000000070a600000, 0x000000070a600000| Untracked 
|  67|0x000000070a800000, 0x000000070a800000, 0x000000070aa00000|  0%| F|  |TAMS 0x000000070a800000, 0x000000070a800000| Untracked 
|  68|0x000000070aa00000, 0x000000070aa00000, 0x000000070ac00000|  0%| F|  |TAMS 0x000000070aa00000, 0x000000070aa00000| Untracked 
|  69|0x000000070ac00000, 0x000000070ac00000, 0x000000070ae00000|  0%| F|  |TAMS 0x000000070ac00000, 0x000000070ac00000| Untracked 
|  70|0x000000070ae00000, 0x000000070ae00000, 0x000000070b000000|  0%| F|  |TAMS 0x000000070ae00000, 0x000000070ae00000| Untracked 
|  71|0x000000070b000000, 0x000000070b000000, 0x000000070b200000|  0%| F|  |TAMS 0x000000070b000000, 0x000000070b000000| Untracked 
|  72|0x000000070b200000, 0x000000070b200000, 0x000000070b400000|  0%| F|  |TAMS 0x000000070b200000, 0x000000070b200000| Untracked 
|  73|0x000000070b400000, 0x000000070b400000, 0x000000070b600000|  0%| F|  |TAMS 0x000000070b400000, 0x000000070b400000| Untracked 
|  74|0x000000070b600000, 0x000000070b600000, 0x000000070b800000|  0%| F|  |TAMS 0x000000070b600000, 0x000000070b600000| Untracked 
|  75|0x000000070b800000, 0x000000070b800000, 0x000000070ba00000|  0%| F|  |TAMS 0x000000070b800000, 0x000000070b800000| Untracked 
|  76|0x000000070ba00000, 0x000000070ba00000, 0x000000070bc00000|  0%| F|  |TAMS 0x000000070ba00000, 0x000000070ba00000| Untracked 
|  77|0x000000070bc00000, 0x000000070bc00000, 0x000000070be00000|  0%| F|  |TAMS 0x000000070bc00000, 0x000000070bc00000| Untracked 
|  78|0x000000070be00000, 0x000000070be00000, 0x000000070c000000|  0%| F|  |TAMS 0x000000070be00000, 0x000000070be00000| Untracked 
|  79|0x000000070c000000, 0x000000070c000000, 0x000000070c200000|  0%| F|  |TAMS 0x000000070c000000, 0x000000070c000000| Untracked 
|  80|0x000000070c200000, 0x000000070c200000, 0x000000070c400000|  0%| F|  |TAMS 0x000000070c200000, 0x000000070c200000| Untracked 
|  81|0x000000070c400000, 0x000000070c400000, 0x000000070c600000|  0%| F|  |TAMS 0x000000070c400000, 0x000000070c400000| Untracked 
|  82|0x000000070c600000, 0x000000070c600000, 0x000000070c800000|  0%| F|  |TAMS 0x000000070c600000, 0x000000070c600000| Untracked 
|  83|0x000000070c800000, 0x000000070c800000, 0x000000070ca00000|  0%| F|  |TAMS 0x000000070c800000, 0x000000070c800000| Untracked 
|  84|0x000000070ca00000, 0x000000070ca00000, 0x000000070cc00000|  0%| F|  |TAMS 0x000000070ca00000, 0x000000070ca00000| Untracked 
|  85|0x000000070cc00000, 0x000000070cc00000, 0x000000070ce00000|  0%| F|  |TAMS 0x000000070cc00000, 0x000000070cc00000| Untracked 
|  86|0x000000070ce00000, 0x000000070ce00000, 0x000000070d000000|  0%| F|  |TAMS 0x000000070ce00000, 0x000000070ce00000| Untracked 
|  87|0x000000070d000000, 0x000000070d000000, 0x000000070d200000|  0%| F|  |TAMS 0x000000070d000000, 0x000000070d000000| Untracked 
|  88|0x000000070d200000, 0x000000070d200000, 0x000000070d400000|  0%| F|  |TAMS 0x000000070d200000, 0x000000070d200000| Untracked 
|  89|0x000000070d400000, 0x000000070d400000, 0x000000070d600000|  0%| F|  |TAMS 0x000000070d400000, 0x000000070d400000| Untracked 
|  90|0x000000070d600000, 0x000000070d600000, 0x000000070d800000|  0%| F|  |TAMS 0x000000070d600000, 0x000000070d600000| Untracked 
|  91|0x000000070d800000, 0x000000070d800000, 0x000000070da00000|  0%| F|  |TAMS 0x000000070d800000, 0x000000070d800000| Untracked 
|  92|0x000000070da00000, 0x000000070da00000, 0x000000070dc00000|  0%| F|  |TAMS 0x000000070da00000, 0x000000070da00000| Untracked 
|  93|0x000000070dc00000, 0x000000070dc00000, 0x000000070de00000|  0%| F|  |TAMS 0x000000070dc00000, 0x000000070dc00000| Untracked 
|  94|0x000000070de00000, 0x000000070de00000, 0x000000070e000000|  0%| F|  |TAMS 0x000000070de00000, 0x000000070de00000| Untracked 
|  95|0x000000070e000000, 0x000000070e000000, 0x000000070e200000|  0%| F|  |TAMS 0x000000070e000000, 0x000000070e000000| Untracked 
|  96|0x000000070e200000, 0x000000070e200000, 0x000000070e400000|  0%| F|  |TAMS 0x000000070e200000, 0x000000070e200000| Untracked 
|  97|0x000000070e400000, 0x000000070e400000, 0x000000070e600000|  0%| F|  |TAMS 0x000000070e400000, 0x000000070e400000| Untracked 
|  98|0x000000070e600000, 0x000000070e600000, 0x000000070e800000|  0%| F|  |TAMS 0x000000070e600000, 0x000000070e600000| Untracked 
|  99|0x000000070e800000, 0x000000070e800000, 0x000000070ea00000|  0%| F|  |TAMS 0x000000070e800000, 0x000000070e800000| Untracked 
| 100|0x000000070ea00000, 0x000000070ea00000, 0x000000070ec00000|  0%| F|  |TAMS 0x000000070ea00000, 0x000000070ea00000| Untracked 
| 101|0x000000070ec00000, 0x000000070ec00000, 0x000000070ee00000|  0%| F|  |TAMS 0x000000070ec00000, 0x000000070ec00000| Untracked 
| 102|0x000000070ee00000, 0x000000070ee00000, 0x000000070f000000|  0%| F|  |TAMS 0x000000070ee00000, 0x000000070ee00000| Untracked 
| 103|0x000000070f000000, 0x000000070f000000, 0x000000070f200000|  0%| F|  |TAMS 0x000000070f000000, 0x000000070f000000| Untracked 
| 104|0x000000070f200000, 0x000000070f200000, 0x000000070f400000|  0%| F|  |TAMS 0x000000070f200000, 0x000000070f200000| Untracked 
| 105|0x000000070f400000, 0x000000070f400000, 0x000000070f600000|  0%| F|  |TAMS 0x000000070f400000, 0x000000070f400000| Untracked 
| 106|0x000000070f600000, 0x000000070f600000, 0x000000070f800000|  0%| F|  |TAMS 0x000000070f600000, 0x000000070f600000| Untracked 
| 107|0x000000070f800000, 0x000000070f800000, 0x000000070fa00000|  0%| F|  |TAMS 0x000000070f800000, 0x000000070f800000| Untracked 
| 108|0x000000070fa00000, 0x000000070fa00000, 0x000000070fc00000|  0%| F|  |TAMS 0x000000070fa00000, 0x000000070fa00000| Untracked 
| 109|0x000000070fc00000, 0x000000070fc00000, 0x000000070fe00000|  0%| F|  |TAMS 0x000000070fc00000, 0x000000070fc00000| Untracked 
| 110|0x000000070fe00000, 0x000000070fe00000, 0x0000000710000000|  0%| F|  |TAMS 0x000000070fe00000, 0x000000070fe00000| Untracked 
| 111|0x0000000710000000, 0x0000000710000000, 0x0000000710200000|  0%| F|  |TAMS 0x0000000710000000, 0x0000000710000000| Untracked 
| 112|0x0000000710200000, 0x0000000710200000, 0x0000000710400000|  0%| F|  |TAMS 0x0000000710200000, 0x0000000710200000| Untracked 
| 113|0x0000000710400000, 0x0000000710400000, 0x0000000710600000|  0%| F|  |TAMS 0x0000000710400000, 0x0000000710400000| Untracked 
| 114|0x0000000710600000, 0x000000071070f850, 0x0000000710800000| 53%| S|CS|TAMS 0x0000000710600000, 0x0000000710600000| Complete 
| 115|0x0000000710800000, 0x0000000710a00000, 0x0000000710a00000|100%| S|CS|TAMS 0x0000000710800000, 0x0000000710800000| Complete 
| 116|0x0000000710a00000, 0x0000000710a00000, 0x0000000710c00000|  0%| F|  |TAMS 0x0000000710a00000, 0x0000000710a00000| Untracked 
| 117|0x0000000710c00000, 0x0000000710c00000, 0x0000000710e00000|  0%| F|  |TAMS 0x0000000710c00000, 0x0000000710c00000| Untracked 
| 118|0x0000000710e00000, 0x0000000710e00000, 0x0000000711000000|  0%| F|  |TAMS 0x0000000710e00000, 0x0000000710e00000| Untracked 
| 119|0x0000000711000000, 0x0000000711000000, 0x0000000711200000|  0%| F|  |TAMS 0x0000000711000000, 0x0000000711000000| Untracked 
| 120|0x0000000711200000, 0x0000000711200000, 0x0000000711400000|  0%| F|  |TAMS 0x0000000711200000, 0x0000000711200000| Untracked 
| 121|0x0000000711400000, 0x0000000711400000, 0x0000000711600000|  0%| F|  |TAMS 0x0000000711400000, 0x0000000711400000| Untracked 
| 122|0x0000000711600000, 0x0000000711600000, 0x0000000711800000|  0%| F|  |TAMS 0x0000000711600000, 0x0000000711600000| Untracked 
| 123|0x0000000711800000, 0x0000000711800000, 0x0000000711a00000|  0%| F|  |TAMS 0x0000000711800000, 0x0000000711800000| Untracked 
| 124|0x0000000711a00000, 0x0000000711a00000, 0x0000000711c00000|  0%| F|  |TAMS 0x0000000711a00000, 0x0000000711a00000| Untracked 
| 125|0x0000000711c00000, 0x0000000711dcee50, 0x0000000711e00000| 90%| E|  |TAMS 0x0000000711c00000, 0x0000000711c00000| Complete 
| 126|0x0000000711e00000, 0x0000000712000000, 0x0000000712000000|100%| E|CS|TAMS 0x0000000711e00000, 0x0000000711e00000| Complete 

Card table byte_map: [0x00000214b5d90000,0x00000214b6580000] _byte_map_base: 0x00000214b257f000

Marking Bits (Prev, Next): (CMBitMap*) 0x00000214a29f74b0, (CMBitMap*) 0x00000214a29f74f0
 Prev Bits: [0x00000214b6d70000, 0x00000214bace8000)
 Next Bits: [0x00000214bacf0000, 0x00000214bec68000)

Polling page: 0x00000214a2160000

Metaspace:

Usage:
  Non-class:     11.78 MB used.
      Class:   1022.95 KB used.
       Both:     12.78 MB used.

Virtual space:
  Non-class space:       16.00 MB reserved,      11.88 MB ( 74%) committed,  2 nodes.
      Class space:        1.00 GB reserved,       1.06 MB ( <1%) committed,  1 nodes.
             Both:        1.02 GB reserved,      12.94 MB (  1%) committed. 

Chunk freelists:
   Non-Class:  160.00 KB
       Class:  2.97 MB
        Both:  3.12 MB

MaxMetaspaceSize: unlimited
CompressedClassSpaceSize: 1.00 GB
Initial GC threshold: 21.00 MB
Current GC threshold: 21.00 MB
CDS: off
MetaspaceReclaimPolicy: balanced
 - commit_granule_bytes: 65536.
 - commit_granule_words: 8192.
 - virtual_space_node_default_size: 1048576.
 - enlarge_chunks_in_place: 1.
 - new_chunks_are_fully_committed: 0.
 - uncommit_free_chunks: 1.
 - use_allocation_guard: 0.
 - handle_deallocations: 1.


Internal statistics:

num_allocs_failed_limit: 0.
num_arena_births: 66.
num_arena_deaths: 0.
num_vsnodes_births: 3.
num_vsnodes_deaths: 0.
num_space_committed: 205.
num_space_uncommitted: 0.
num_chunks_returned_to_freelist: 0.
num_chunks_taken_from_freelist: 249.
num_chunk_merges: 0.
num_chunk_splits: 175.
num_chunks_enlarged: 146.
num_purges: 0.
num_inconsistent_stats: 0.

CodeHeap 'non-profiled nmethods': size=120000Kb used=653Kb max_used=653Kb free=119346Kb
 bounds [0x00000214adb20000, 0x00000214add90000, 0x00000214b5050000]
CodeHeap 'profiled nmethods': size=120000Kb used=2487Kb max_used=2487Kb free=117512Kb
 bounds [0x00000214a65f0000, 0x00000214a6860000, 0x00000214adb20000]
CodeHeap 'non-nmethods': size=5760Kb used=1626Kb max_used=1685Kb free=4133Kb
 bounds [0x00000214a6050000, 0x00000214a62c0000, 0x00000214a65f0000]
 total_blobs=2517 nmethods=1451 adapters=979
 compilation: enabled
              stopped_count=0, restarted_count=0
 full_count=0

Compilation events (20 events):
Event: 11.932 Thread 0x00000214c24971f0 nmethod 1439 0x00000214adbbec10 code [0x00000214adbbed80, 0x00000214adbbee18]
Event: 11.932 Thread 0x00000214c2499bb0 1440       3       com.badlogic.gdx.math.Vector3::<init> (5 bytes)
Event: 11.933 Thread 0x00000214c2499bb0 nmethod 1440 0x00000214a6858510 code [0x00000214a68586a0, 0x00000214a68587f8]
Event: 11.946 Thread 0x00000214c2499bb0 1441       3       java.lang.Math::min (46 bytes)
Event: 11.946 Thread 0x00000214c24971f0 1444   !   4       java.io.BufferedReader::readLine (327 bytes)
Event: 11.946 Thread 0x00000214c2499bb0 nmethod 1441 0x00000214a6858890 code [0x00000214a6858a40, 0x00000214a6858d98]
Event: 11.946 Thread 0x00000214c2499bb0 1443       3       java.util.StringTokenizer::setMaxDelimCodePoint (156 bytes)
Event: 11.946 Thread 0x00000214c2499bb0 nmethod 1443 0x00000214a6858e10 code [0x00000214a6859080, 0x00000214a6859dd8]
Event: 11.946 Thread 0x00000214c2499bb0 1447       3       java.lang.AbstractStringBuilder::appendChars (130 bytes)
Event: 11.947 Thread 0x00000214c2499bb0 nmethod 1447 0x00000214a685a290 code [0x00000214a685a480, 0x00000214a685aa28]
Event: 11.947 Thread 0x00000214c2499bb0 1442       3       java.util.StringTokenizer::<init> (52 bytes)
Event: 11.947 Thread 0x00000214c2499bb0 nmethod 1442 0x00000214a685ac90 code [0x00000214a685ae60, 0x00000214a685b1e8]
Event: 11.947 Thread 0x00000214c2499bb0 1449       3       java.util.StringTokenizer::<init> (8 bytes)
Event: 11.947 Thread 0x00000214c2499bb0 nmethod 1449 0x00000214a685b390 code [0x00000214a685b520, 0x00000214a685b668]
Event: 11.947 Thread 0x00000214c2499bb0 1446       3       com.badlogic.gdx.graphics.g2d.BitmapFont$Glyph::<init> (10 bytes)
Event: 11.947 Thread 0x00000214c2499bb0 nmethod 1446 0x00000214a685b710 code [0x00000214a685b8a0, 0x00000214a685ba18]
Event: 11.948 Thread 0x00000214c2499bb0 1450       3       com.badlogic.gdx.graphics.g2d.BitmapFont$BitmapFontData::setGlyphRegion (402 bytes)
Event: 11.948 Thread 0x00000214c2499bb0 nmethod 1450 0x00000214a685bb10 code [0x00000214a685bd40, 0x00000214a685c8f8]
Event: 11.949 Thread 0x00000214c2499bb0 1451  s    3       java.io.FileDescriptor::attach (73 bytes)
Event: 11.949 Thread 0x00000214c2499bb0 nmethod 1451 0x00000214a685cc10 code [0x00000214a685ce40, 0x00000214a685d968]

GC Heap History (2 events):
Event: 2.331 GC heap before
{Heap before GC invocations=0 (full 0):
 garbage-first heap   total 260096K, used 24576K [0x0000000702200000, 0x0000000800000000)
  region size 2048K, 11 young (22528K), 0 survivors (0K)
 Metaspace       used 12837K, committed 12992K, reserved 1064960K
  class space    used 1018K, committed 1088K, reserved 1048576K
}
Event: 2.333 GC heap after
{Heap after GC invocations=1 (full 0):
 garbage-first heap   total 260096K, used 3134K [0x0000000702200000, 0x0000000800000000)
  region size 2048K, 2 young (4096K), 2 survivors (4096K)
 Metaspace       used 12837K, committed 12992K, reserved 1064960K
  class space    used 1018K, committed 1088K, reserved 1048576K
}

Deoptimization events (20 events):
Event: 0.784 Thread 0x00000214a298b710 DEOPT PACKING pc=0x00000214adb64be4 sp=0x0000002a2e3fdd90
Event: 0.784 Thread 0x00000214a298b710 DEOPT UNPACKING pc=0x00000214a60a23a3 sp=0x0000002a2e3fdca0 mode 2
Event: 1.016 Thread 0x00000214a298b710 DEOPT PACKING pc=0x00000214a67737fe sp=0x0000002a2e3fef60
Event: 1.016 Thread 0x00000214a298b710 DEOPT UNPACKING pc=0x00000214a60a2b43 sp=0x0000002a2e3fe4a8 mode 0
Event: 1.885 Thread 0x00000214a298b710 Uncommon trap: trap_request=0xffffff45 fr.pc=0x00000214adb5a964 relative=0x0000000000000104
Event: 1.885 Thread 0x00000214a298b710 Uncommon trap: reason=unstable_if action=reinterpret pc=0x00000214adb5a964 method=java.io.WinNTFileSystem.normalize(Ljava/lang/String;)Ljava/lang/String; @ 74 c2
Event: 1.885 Thread 0x00000214a298b710 DEOPT PACKING pc=0x00000214adb5a964 sp=0x0000002a2e3febc0
Event: 1.885 Thread 0x00000214a298b710 DEOPT UNPACKING pc=0x00000214a60a23a3 sp=0x0000002a2e3feb98 mode 2
Event: 2.180 Thread 0x00000214a298b710 Uncommon trap: trap_request=0xffffff45 fr.pc=0x00000214adb6eed0 relative=0x00000000000001b0
Event: 2.180 Thread 0x00000214a298b710 Uncommon trap: reason=unstable_if action=reinterpret pc=0x00000214adb6eed0 method=com.badlogic.gdx.utils.Array.add(Ljava/lang/Object;)V @ 11 c2
Event: 2.180 Thread 0x00000214a298b710 DEOPT PACKING pc=0x00000214adb6eed0 sp=0x0000002a2e3fead0
Event: 2.180 Thread 0x00000214a298b710 DEOPT UNPACKING pc=0x00000214a60a23a3 sp=0x0000002a2e3fea90 mode 2
Event: 11.931 Thread 0x00000214a298b710 Uncommon trap: trap_request=0x0000011f fr.pc=0x00000214adbb5d74 relative=0x0000000000000db4
Event: 11.931 Thread 0x00000214a298b710 Uncommon trap: reason=unloaded action=reinterpret pc=0x00000214adbb5d74 method=Patrones.Level.update(F)V @ 120 c2
Event: 11.931 Thread 0x00000214a298b710 DEOPT PACKING pc=0x00000214adbb5d74 sp=0x0000002a2e3feef0
Event: 11.932 Thread 0x00000214a298b710 DEOPT UNPACKING pc=0x00000214a60a23a3 sp=0x0000002a2e3feeb0 mode 2
Event: 11.953 Thread 0x00000214a298b710 Uncommon trap: trap_request=0xffffffd6 fr.pc=0x00000214adb82534 relative=0x00000000000001f4
Event: 11.953 Thread 0x00000214a298b710 Uncommon trap: reason=array_check action=maybe_recompile pc=0x00000214adb82534 method=com.badlogic.gdx.utils.Array.add(Ljava/lang/Object;)V @ 46 c2
Event: 11.953 Thread 0x00000214a298b710 DEOPT PACKING pc=0x00000214adb82534 sp=0x0000002a2e3fed90
Event: 11.953 Thread 0x00000214a298b710 DEOPT UNPACKING pc=0x00000214a60a23a3 sp=0x0000002a2e3fed38 mode 2

Classes unloaded (0 events):
No events

Classes redefined (0 events):
No events

Internal exceptions (20 events):
Event: 0.256 Thread 0x00000214a298b710 Exception <a 'java/lang/NoSuchMethodError'{0x00000007118c69f0}: 'int java.lang.invoke.DirectMethodHandle$Holder.invokeSpecial(java.lang.Object, java.lang.Object, java.lang.Object)'> (0x00000007118c69f0) 
thrown [s\src\hotspot\share\interpreter\linkResolver.cpp, line 759]
Event: 0.282 Thread 0x00000214a298b710 Exception <a 'sun/nio/fs/WindowsException'{0x0000000711969700}> (0x0000000711969700) 
thrown [s\src\hotspot\share\prims\jni.cpp, line 516]
Event: 0.282 Thread 0x00000214a298b710 Exception <a 'sun/nio/fs/WindowsException'{0x0000000711969c50}> (0x0000000711969c50) 
thrown [s\src\hotspot\share\prims\jni.cpp, line 516]
Event: 0.293 Thread 0x00000214a298b710 Exception <a 'java/lang/NoSuchMethodError'{0x00000007119ad5c8}: 'int java.lang.invoke.DirectMethodHandle$Holder.invokeStaticInit(java.lang.Object, java.lang.Object, int, long)'> (0x00000007119ad5c8) 
thrown [s\src\hotspot\share\interpreter\linkResolver.cpp, line 759]
Event: 0.293 Thread 0x00000214a298b710 Exception <a 'java/lang/NoSuchMethodError'{0x00000007119b2e90}: 'java.lang.Object java.lang.invoke.DirectMethodHandle$Holder.newInvokeSpecial(java.lang.Object, java.lang.Object, int)'> (0x00000007119b2e90) 
thrown [s\src\hotspot\share\interpreter\linkResolver.cpp, line 759]
Event: 0.295 Thread 0x00000214a298b710 Exception <a 'java/lang/NoSuchMethodError'{0x00000007119c7ff8}: 'int java.lang.invoke.DirectMethodHandle$Holder.invokeStaticInit(java.lang.Object, java.lang.Object, long, long)'> (0x00000007119c7ff8) 
thrown [s\src\hotspot\share\interpreter\linkResolver.cpp, line 759]
Event: 0.296 Thread 0x00000214a298b710 Exception <a 'java/lang/NoSuchMethodError'{0x00000007119ce108}: 'java.lang.Object java.lang.invoke.DirectMethodHandle$Holder.newInvokeSpecial(java.lang.Object, java.lang.Object, long)'> (0x00000007119ce108) 
thrown [s\src\hotspot\share\interpreter\linkResolver.cpp, line 759]
Event: 0.296 Thread 0x00000214a298b710 Exception <a 'java/lang/NoSuchMethodError'{0x00000007119d2150}: 'java.lang.Object java.lang.invoke.Invokers$Holder.linkToTargetMethod(java.lang.Object, long, java.lang.Object)'> (0x00000007119d2150) 
thrown [s\src\hotspot\share\interpreter\linkResolver.cpp, line 759]
Event: 0.296 Thread 0x00000214a298b710 Exception <a 'java/lang/NoSuchMethodError'{0x00000007119d9868}: 'int java.lang.invoke.DirectMethodHandle$Holder.invokeStaticInit(java.lang.Object, java.lang.Object, java.lang.Object, long)'> (0x00000007119d9868) 
thrown [s\src\hotspot\share\interpreter\linkResolver.cpp, line 759]
Event: 0.316 Thread 0x00000214a298b710 Exception <a 'sun/nio/fs/WindowsException'{0x0000000711696f38}> (0x0000000711696f38) 
thrown [s\src\hotspot\share\prims\jni.cpp, line 516]
Event: 0.316 Thread 0x00000214a298b710 Exception <a 'sun/nio/fs/WindowsException'{0x00000007116972c8}> (0x00000007116972c8) 
thrown [s\src\hotspot\share\prims\jni.cpp, line 516]
Event: 0.338 Thread 0x00000214a298b710 Exception <a 'sun/nio/fs/WindowsException'{0x000000071175bdf8}> (0x000000071175bdf8) 
thrown [s\src\hotspot\share\prims\jni.cpp, line 516]
Event: 0.338 Thread 0x00000214a298b710 Exception <a 'sun/nio/fs/WindowsException'{0x000000071175c158}> (0x000000071175c158) 
thrown [s\src\hotspot\share\prims\jni.cpp, line 516]
Event: 0.374 Thread 0x00000214a298b710 Exception <a 'sun/nio/fs/WindowsException'{0x00000007117f7cd8}> (0x00000007117f7cd8) 
thrown [s\src\hotspot\share\prims\jni.cpp, line 516]
Event: 0.374 Thread 0x00000214a298b710 Exception <a 'sun/nio/fs/WindowsException'{0x00000007117f8058}> (0x00000007117f8058) 
thrown [s\src\hotspot\share\prims\jni.cpp, line 516]
Event: 0.409 Thread 0x00000214a298b710 Exception <a 'java/lang/NoSuchMethodError'{0x0000000711447000}: 'java.lang.Object java.lang.invoke.DirectMethodHandle$Holder.newInvokeSpecial(java.lang.Object, long)'> (0x0000000711447000) 
thrown [s\src\hotspot\share\interpreter\linkResolver.cpp, line 759]
Event: 0.562 Thread 0x00000214a298b710 Exception <a 'sun/nio/fs/WindowsException'{0x0000000711583cb8}> (0x0000000711583cb8) 
thrown [s\src\hotspot\share\prims\jni.cpp, line 516]
Event: 0.562 Thread 0x00000214a298b710 Exception <a 'sun/nio/fs/WindowsException'{0x0000000711584060}> (0x0000000711584060) 
thrown [s\src\hotspot\share\prims\jni.cpp, line 516]
Event: 0.567 Thread 0x00000214a298b710 Exception <a 'sun/nio/fs/WindowsException'{0x0000000711594550}> (0x0000000711594550) 
thrown [s\src\hotspot\share\prims\jni.cpp, line 516]
Event: 0.567 Thread 0x00000214a298b710 Exception <a 'sun/nio/fs/WindowsException'{0x0000000711594830}> (0x0000000711594830) 
thrown [s\src\hotspot\share\prims\jni.cpp, line 516]

VM Operations (20 events):
Event: 2.331 Executing VM operation: HandshakeAllThreads
Event: 2.331 Executing VM operation: HandshakeAllThreads done
Event: 2.331 Executing VM operation: G1CollectForAllocation
Event: 2.333 Executing VM operation: G1CollectForAllocation done
Event: 3.333 Executing VM operation: Cleanup
Event: 3.334 Executing VM operation: Cleanup done
Event: 4.334 Executing VM operation: Cleanup
Event: 4.334 Executing VM operation: Cleanup done
Event: 5.335 Executing VM operation: Cleanup
Event: 5.335 Executing VM operation: Cleanup done
Event: 6.335 Executing VM operation: Cleanup
Event: 6.335 Executing VM operation: Cleanup done
Event: 7.336 Executing VM operation: Cleanup
Event: 7.336 Executing VM operation: Cleanup done
Event: 8.336 Executing VM operation: Cleanup
Event: 8.336 Executing VM operation: Cleanup done
Event: 9.337 Executing VM operation: Cleanup
Event: 9.337 Executing VM operation: Cleanup done
Event: 10.338 Executing VM operation: Cleanup
Event: 10.338 Executing VM operation: Cleanup done

Events (20 events):
Event: 0.805 Thread 0x00000214c4bc8c70 Thread added: 0x00000214c4bc8c70
Event: 1.679 loading class java/io/FileReader
Event: 1.679 loading class java/io/FileReader done
Event: 1.693 Loaded shared library C:\Users\matia\AppData\Local\Temp\libgdxmatia\888fe1bc\gdx-box2d64.dll
Event: 1.859 loading class jdk/internal/math/FloatingDecimal
Event: 1.859 loading class jdk/internal/math/FloatingDecimal done
Event: 1.860 loading class jdk/internal/math/FloatingDecimal$ExceptionalBinaryToASCIIBuffer
Event: 1.860 loading class jdk/internal/math/FloatingDecimal$BinaryToASCIIConverter
Event: 1.860 loading class jdk/internal/math/FloatingDecimal$BinaryToASCIIConverter done
Event: 1.860 loading class jdk/internal/math/FloatingDecimal$ExceptionalBinaryToASCIIBuffer done
Event: 1.860 loading class jdk/internal/math/FloatingDecimal$BinaryToASCIIBuffer
Event: 1.860 loading class jdk/internal/math/FloatingDecimal$BinaryToASCIIBuffer done
Event: 1.860 loading class jdk/internal/math/FloatingDecimal$1
Event: 1.860 loading class jdk/internal/math/FloatingDecimal$1 done
Event: 1.860 loading class jdk/internal/math/FloatingDecimal$PreparedASCIIToBinaryBuffer
Event: 1.860 loading class jdk/internal/math/FloatingDecimal$ASCIIToBinaryConverter
Event: 1.860 loading class jdk/internal/math/FloatingDecimal$ASCIIToBinaryConverter done
Event: 1.860 loading class jdk/internal/math/FloatingDecimal$PreparedASCIIToBinaryBuffer done
Event: 1.860 loading class jdk/internal/math/FloatingDecimal$ASCIIToBinaryBuffer
Event: 1.860 loading class jdk/internal/math/FloatingDecimal$ASCIIToBinaryBuffer done


Dynamic libraries:
0x00007ff791560000 - 0x00007ff79156e000 	C:\Users\matia\.p2\pool\plugins\org.eclipse.justj.openjdk.hotspot.jre.full.win32.x86_64_17.0.4.v20220805-1047\jre\bin\javaw.exe
0x00007ffaeb470000 - 0x00007ffaeb668000 	C:\Windows\SYSTEM32\ntdll.dll
0x00007ffae9640000 - 0x00007ffae96ff000 	C:\Windows\System32\KERNEL32.DLL
0x00007ffae8c50000 - 0x00007ffae8f22000 	C:\Windows\System32\KERNELBASE.dll
0x00007ffae8f60000 - 0x00007ffae9060000 	C:\Windows\System32\ucrtbase.dll
0x00007ffae4850000 - 0x00007ffae4868000 	C:\Users\matia\.p2\pool\plugins\org.eclipse.justj.openjdk.hotspot.jre.full.win32.x86_64_17.0.4.v20220805-1047\jre\bin\jli.dll
0x00007ffae4190000 - 0x00007ffae41a9000 	C:\Users\matia\.p2\pool\plugins\org.eclipse.justj.openjdk.hotspot.jre.full.win32.x86_64_17.0.4.v20220805-1047\jre\bin\VCRUNTIME140.dll
0x00007ffae9c70000 - 0x00007ffae9e0d000 	C:\Windows\System32\USER32.dll
0x00007ffad30e0000 - 0x00007ffad337a000 	C:\Windows\WinSxS\amd64_microsoft.windows.common-controls_6595b64144ccf1df_6.0.19041.1110_none_60b5254171f9507e\COMCTL32.dll
0x00007ffae8f30000 - 0x00007ffae8f52000 	C:\Windows\System32\win32u.dll
0x00007ffaeb330000 - 0x00007ffaeb3ce000 	C:\Windows\System32\msvcrt.dll
0x00007ffae9b60000 - 0x00007ffae9b8b000 	C:\Windows\System32\GDI32.dll
0x00007ffae90d0000 - 0x00007ffae91df000 	C:\Windows\System32\gdi32full.dll
0x00007ffae9290000 - 0x00007ffae932d000 	C:\Windows\System32\msvcp_win.dll
0x00007ffae9b90000 - 0x00007ffae9bc2000 	C:\Windows\System32\IMM32.DLL
0x00007ffae4420000 - 0x00007ffae442c000 	C:\Users\matia\.p2\pool\plugins\org.eclipse.justj.openjdk.hotspot.jre.full.win32.x86_64_17.0.4.v20220805-1047\jre\bin\vcruntime140_1.dll
0x00007ffac6dd0000 - 0x00007ffac6e61000 	C:\Users\matia\.p2\pool\plugins\org.eclipse.justj.openjdk.hotspot.jre.full.win32.x86_64_17.0.4.v20220805-1047\jre\bin\msvcp140.dll
0x00007ffa65850000 - 0x00007ffa66496000 	C:\Users\matia\.p2\pool\plugins\org.eclipse.justj.openjdk.hotspot.jre.full.win32.x86_64_17.0.4.v20220805-1047\jre\bin\server\jvm.dll
0x00007ffae9590000 - 0x00007ffae963e000 	C:\Windows\System32\ADVAPI32.dll
0x00007ffae9bd0000 - 0x00007ffae9c6c000 	C:\Windows\System32\sechost.dll
0x00007ffaea420000 - 0x00007ffaea545000 	C:\Windows\System32\RPCRT4.dll
0x00007ffaea110000 - 0x00007ffaea118000 	C:\Windows\System32\PSAPI.DLL
0x00007ffae4160000 - 0x00007ffae4169000 	C:\Windows\SYSTEM32\WSOCK32.dll
0x00007ffae1200000 - 0x00007ffae120a000 	C:\Windows\SYSTEM32\VERSION.dll
0x00007ffae06b0000 - 0x00007ffae06d7000 	C:\Windows\SYSTEM32\WINMM.dll
0x00007ffae9e10000 - 0x00007ffae9e7b000 	C:\Windows\System32\WS2_32.dll
0x00007ffae6a50000 - 0x00007ffae6a62000 	C:\Windows\SYSTEM32\kernel.appcore.dll
0x00007ffae4800000 - 0x00007ffae480a000 	C:\Users\matia\.p2\pool\plugins\org.eclipse.justj.openjdk.hotspot.jre.full.win32.x86_64_17.0.4.v20220805-1047\jre\bin\jimage.dll
0x00007ffad7150000 - 0x00007ffad7334000 	C:\Windows\SYSTEM32\DBGHELP.DLL
0x00007ffad6bc0000 - 0x00007ffad6bec000 	C:\Windows\SYSTEM32\dbgcore.DLL
0x00007ffae8b70000 - 0x00007ffae8bf2000 	C:\Windows\System32\bcryptPrimitives.dll
0x00007ffac8070000 - 0x00007ffac8095000 	C:\Users\matia\.p2\pool\plugins\org.eclipse.justj.openjdk.hotspot.jre.full.win32.x86_64_17.0.4.v20220805-1047\jre\bin\java.dll
0x00007ffae4220000 - 0x00007ffae4238000 	C:\Users\matia\.p2\pool\plugins\org.eclipse.justj.openjdk.hotspot.jre.full.win32.x86_64_17.0.4.v20220805-1047\jre\bin\zip.dll
0x00007ffaea9d0000 - 0x00007ffaeb113000 	C:\Windows\System32\SHELL32.dll
0x00007ffae6c50000 - 0x00007ffae73e2000 	C:\Windows\SYSTEM32\windows.storage.dll
0x00007ffae9760000 - 0x00007ffae9ab4000 	C:\Windows\System32\combase.dll
0x00007ffae85d0000 - 0x00007ffae8600000 	C:\Windows\SYSTEM32\Wldp.dll
0x00007ffae9f00000 - 0x00007ffae9fad000 	C:\Windows\System32\SHCORE.dll
0x00007ffaeb3d0000 - 0x00007ffaeb425000 	C:\Windows\System32\shlwapi.dll
0x00007ffae8ab0000 - 0x00007ffae8acf000 	C:\Windows\SYSTEM32\profapi.dll
0x00007ffae3bf0000 - 0x00007ffae3c09000 	C:\Users\matia\.p2\pool\plugins\org.eclipse.justj.openjdk.hotspot.jre.full.win32.x86_64_17.0.4.v20220805-1047\jre\bin\net.dll
0x00007ffad9f20000 - 0x00007ffada02c000 	C:\Windows\SYSTEM32\WINHTTP.dll
0x00007ffae8330000 - 0x00007ffae839a000 	C:\Windows\system32\mswsock.dll
0x00007ffac6f50000 - 0x00007ffac6f65000 	C:\Users\matia\.p2\pool\plugins\org.eclipse.justj.openjdk.hotspot.jre.full.win32.x86_64_17.0.4.v20220805-1047\jre\bin\nio.dll
0x0000000067a30000 - 0x0000000067a59000 	C:\Users\matia\AppData\Local\Temp\libgdxmatia\e787ab0a\gdx64.dll
0x00007ffae2560000 - 0x00007ffae25d5000 	C:\Users\matia\AppData\Local\Temp\lwjglmatia\3.3.1-build-7\lwjgl.dll
0x00007ffa764c0000 - 0x00007ffa76719000 	C:\Users\matia\AppData\Local\Temp\lwjglmatia\3.3.1-build-7\jemalloc.dll
0x00007ffac4d10000 - 0x00007ffac4d71000 	C:\Users\matia\AppData\Local\Temp\lwjglmatia\3.3.1-build-7\glfw.dll
0x00007ffac83c0000 - 0x00007ffac8405000 	C:\Windows\SYSTEM32\dinput8.dll
0x00007ffa75ec0000 - 0x00007ffa75ed1000 	C:\Windows\SYSTEM32\xinput1_4.dll
0x00007ffae8c00000 - 0x00007ffae8c4e000 	C:\Windows\System32\cfgmgr32.dll
0x00007ffae8920000 - 0x00007ffae894c000 	C:\Windows\SYSTEM32\DEVOBJ.dll
0x00007ffae6760000 - 0x00007ffae678f000 	C:\Windows\SYSTEM32\dwmapi.dll
0x00007ffac7050000 - 0x00007ffac71a2000 	C:\Windows\SYSTEM32\inputhost.dll
0x00007ffae94c0000 - 0x00007ffae958d000 	C:\Windows\System32\OLEAUT32.dll
0x00007ffae4570000 - 0x00007ffae4666000 	C:\Windows\SYSTEM32\PROPSYS.dll
0x00007ffae6080000 - 0x00007ffae6172000 	C:\Windows\SYSTEM32\CoreMessaging.dll
0x00007ffae5650000 - 0x00007ffae57a4000 	C:\Windows\SYSTEM32\wintypes.dll
0x00007ffae5d20000 - 0x00007ffae607e000 	C:\Windows\SYSTEM32\CoreUIComponents.dll
0x00007ffae7d20000 - 0x00007ffae7d53000 	C:\Windows\SYSTEM32\ntmarta.dll
0x00007ffae6580000 - 0x00007ffae661e000 	C:\Windows\system32\uxtheme.dll
0x00007ffaea300000 - 0x00007ffaea415000 	C:\Windows\System32\MSCTF.dll
0x00007ffaad000000 - 0x00007ffaad197000 	C:\Users\matia\AppData\Local\Temp\lwjglmatia\3.3.1-build-7\OpenAL.dll
0x00007ffaea120000 - 0x00007ffaea24a000 	C:\Windows\System32\ole32.dll
0x00007ffaea250000 - 0x00007ffaea2ff000 	C:\Windows\System32\clbcatq.dll
0x00007ffae2a20000 - 0x00007ffae2aa5000 	C:\Windows\System32\MMDevApi.dll
0x00007ffae2d50000 - 0x00007ffae2ed2000 	C:\Windows\SYSTEM32\AUDIOSES.DLL
0x00007ffae80f0000 - 0x00007ffae813b000 	C:\Windows\SYSTEM32\powrprof.dll
0x00007ffae7fb0000 - 0x00007ffae7fc2000 	C:\Windows\SYSTEM32\UMPDC.dll
0x00007ffae6660000 - 0x00007ffae6674000 	C:\Windows\SYSTEM32\resourcepolicyclient.dll
0x00007ffac7db0000 - 0x00007ffac7ed5000 	C:\Windows\SYSTEM32\opengl32.dll
0x00007ffaca390000 - 0x00007ffaca3bc000 	C:\Windows\SYSTEM32\GLU32.dll
0x00007ffae2ee0000 - 0x00007ffae2fd7000 	C:\Windows\System32\AppXDeploymentClient.dll
0x00007ffa5d4b0000 - 0x00007ffa60de1000 	C:\Windows\System32\DriverStore\FileRepository\nv_dispi.inf_amd64_009debfbd2e1619b\nvoglv64.dll
0x00007ffaea550000 - 0x00007ffaea9b8000 	C:\Windows\System32\SETUPAPI.dll
0x00007ffae9330000 - 0x00007ffae9357000 	C:\Windows\System32\bcrypt.dll
0x00007ffae4700000 - 0x00007ffae4714000 	C:\Windows\SYSTEM32\WTSAPI32.dll
0x00007ffae8760000 - 0x00007ffae8772000 	C:\Windows\SYSTEM32\msasn1.dll
0x00007ffae1230000 - 0x00007ffae1261000 	C:\Windows\SYSTEM32\cryptnet.dll
0x00007ffae9360000 - 0x00007ffae94b6000 	C:\Windows\System32\CRYPT32.dll
0x00007ffae0d60000 - 0x00007ffae0ea8000 	C:\Windows\SYSTEM32\drvstore.dll
0x00007ffae8540000 - 0x00007ffae854c000 	C:\Windows\SYSTEM32\cryptbase.dll
0x00007ffae9060000 - 0x00007ffae90ca000 	C:\Windows\System32\WINTRUST.dll
0x00007ffadf0f0000 - 0x00007ffadf12b000 	C:\Windows\SYSTEM32\dxcore.dll
0x00007ffa6a510000 - 0x00007ffa6a7df000 	C:\Windows\system32\nvspcap64.dll
0x00007ffae7870000 - 0x00007ffae78d4000 	C:\Windows\SYSTEM32\WINSTA.dll
0x00007ffac4b70000 - 0x00007ffac4bcd000 	C:\Users\matia\AppData\Local\Temp\lwjglmatia\3.3.1-build-7\lwjgl_opengl.dll
0x00007ffac4880000 - 0x00007ffac4979000 	C:\Windows\SYSTEM32\textinputframework.dll
0x00007ffad3070000 - 0x00007ffad30d6000 	C:\Windows\system32\Oleacc.dll
0x00000000679d0000 - 0x0000000067a2a000 	C:\Users\matia\AppData\Local\Temp\libgdxmatia\888fe1bc\gdx-box2d64.dll

dbghelp: loaded successfully - version: 4.0.5 - missing functions: none
symbol engine: initialized successfully - sym options: 0x614 - pdb path: .;C:\Users\matia\.p2\pool\plugins\org.eclipse.justj.openjdk.hotspot.jre.full.win32.x86_64_17.0.4.v20220805-1047\jre\bin;C:\Windows\SYSTEM32;C:\Windows\WinSxS\amd64_microsoft.windows.common-controls_6595b64144ccf1df_6.0.19041.1110_none_60b5254171f9507e;C:\Users\matia\.p2\pool\plugins\org.eclipse.justj.openjdk.hotspot.jre.full.win32.x86_64_17.0.4.v20220805-1047\jre\bin\server;C:\Users\matia\AppData\Local\Temp\libgdxmatia\e787ab0a;C:\Users\matia\AppData\Local\Temp\lwjglmatia\3.3.1-build-7;C:\Windows\System32\DriverStore\FileRepository\nv_dispi.inf_amd64_009debfbd2e1619b;C:\Users\matia\AppData\Local\Temp\libgdxmatia\888fe1bc

VM Arguments:
jvm_args: -Dfile.encoding=UTF-8 -XX:+ShowCodeDetailsInExceptionMessages 
java_command: com.mygdx.game.DesktopLauncher
java_class_path (initial): G:\Mi unidad\PUCV\2do año\4to Semestre\Programación Avanzada\Jimbo Adventures, El origen (Beta)\desktop\bin\main;\Jimbo Adventures, El origen-core\bin\default;G:\Mi unidad\PUCV\2do año\4to Semestre\Programación Avanzada\Jimbo Adventures, El origen (Beta)\core\bin\main;C:\Users\matia\.gradle\caches\modules-2\files-2.1\com.badlogicgames.gdx\gdx-backend-lwjgl3\1.11.0\58a96db4cd349be4292d547856aa1e1c5f065f4e\gdx-backend-lwjgl3-1.11.0.jar;C:\Users\matia\.gradle\caches\modules-2\files-2.1\com.badlogicgames.gdx\gdx-platform\1.11.0\697fb13eada6d3c6ca648c9788692b0159add126\gdx-platform-1.11.0-natives-desktop.jar;C:\Users\matia\.gradle\caches\modules-2\files-2.1\com.badlogicgames.gdx\gdx-box2d-platform\1.11.0\62ff9baa1e57a11e0a4428a38c9660bf9f312fdc\gdx-box2d-platform-1.11.0-natives-desktop.jar;C:\Users\matia\.gradle\caches\modules-2\files-2.1\com.badlogicgames.gdx\gdx-bullet-platform\1.11.0\2c067b913a306ba26d482075297538ad91cdb88b\gdx-bullet-platform-1.11.0-natives-desktop.jar;C:\Users\matia\.gradle\caches\modules-2\files-2.1\com.badlogicgames.gdx\gdx-box2d\1.11.0\ad4facee800dd945d6d6e93dea2936bc135b5f\gdx-box2d-1.11.0.jar;C:\Users\matia\.gradle\caches\modules-2\files-2.1\com.badlogicgames.gdx\gdx-bullet\1.11.0\1eb83845fa655e7e8ab6bbb979d28b0502ad3302\gdx-bullet-1.11.0.jar;C:\Users\matia\.gradle\caches\modules-2\files-2.1\com.badlogicgames.gdx\gdx\1.11.0\ffe1206d1004cd9e40027e28964be0fea0399af7\gdx-1.11.0.jar;C:\Users\matia\.gradle\caches\modules-2\files-2.1\org.lwjgl\lwjgl-glfw\3.3.1\cbac1b8d30cb4795149c1ef540f912671a8616d0\lwjgl-glfw-3.3.1.jar;C:\Users\matia\.gradle\caches\modules-2\files-2.1\org.lwjgl\lwjgl-glfw\3.3.1\81716978214ecbda15050ca394b06ef61501a49e\lwjgl-glfw-3.3.1-natives-linux.jar;C:\Users\matia\.gradle\caches\modules-2\files-2.1\org.lwjgl\lwjgl-glfw\3.3.1\816d935933f2dd743074c4e717cc25b55720f294\lwjgl-glfw-3.3.1-natives-linux-arm32.jar;C:\Users\matia\.gradle\caches\modules-2\files-2.1\org.lwjgl\lwjgl-glfw\3.3.1\513eb39b866d0fe131a
Launcher Type: SUN_STANDARD

[Global flags]
     intx CICompilerCount                          = 4                                         {product} {ergonomic}
     uint ConcGCThreads                            = 3                                         {product} {ergonomic}
     uint G1ConcRefinementThreads                  = 10                                        {product} {ergonomic}
   size_t G1HeapRegionSize                         = 2097152                                   {product} {ergonomic}
    uintx GCDrainStackTargetSize                   = 64                                        {product} {ergonomic}
   size_t InitialHeapSize                          = 266338304                                 {product} {ergonomic}
   size_t MarkStackSize                            = 4194304                                   {product} {ergonomic}
   size_t MaxHeapSize                              = 4259315712                                {product} {ergonomic}
   size_t MaxNewSize                               = 2554331136                                {product} {ergonomic}
   size_t MinHeapDeltaBytes                        = 2097152                                   {product} {ergonomic}
   size_t MinHeapSize                              = 8388608                                   {product} {ergonomic}
    uintx NonNMethodCodeHeapSize                   = 5839372                                {pd product} {ergonomic}
    uintx NonProfiledCodeHeapSize                  = 122909434                              {pd product} {ergonomic}
    uintx ProfiledCodeHeapSize                     = 122909434                              {pd product} {ergonomic}
    uintx ReservedCodeCacheSize                    = 251658240                              {pd product} {ergonomic}
     bool SegmentedCodeCache                       = true                                      {product} {ergonomic}
     bool ShowCodeDetailsInExceptionMessages       = true                                   {manageable} {command line}
   size_t SoftMaxHeapSize                          = 4259315712                             {manageable} {ergonomic}
     bool UseCompressedClassPointers               = true                           {product lp64_product} {ergonomic}
     bool UseCompressedOops                        = true                           {product lp64_product} {ergonomic}
     bool UseG1GC                                  = true                                      {product} {ergonomic}
     bool UseLargePagesIndividualAllocation        = false                                  {pd product} {ergonomic}

Logging:
Log output configuration:
 #0: stdout all=warning uptime,level,tags
 #1: stderr all=off uptime,level,tags

Environment Variables:
PATH=C:/Users/matia/.p2/pool/plugins/org.eclipse.justj.openjdk.hotspot.jre.full.win32.x86_64_17.0.4.v20220805-1047/jre/bin/server;C:/Users/matia/.p2/pool/plugins/org.eclipse.justj.openjdk.hotspot.jre.full.win32.x86_64_17.0.4.v20220805-1047/jre/bin;C:\Program Files\Common Files\Oracle\Java\javapath;C:\Windows\system32;C:\Windows;C:\Windows\System32\Wbem;C:\Windows\System32\WindowsPowerShell\v1.0\;C:\Windows\System32\OpenSSH\;C:\Program Files\NVIDIA Corporation\NVIDIA NvDLISR;C:\Program Files (x86)\NVIDIA Corporation\PhysX\Common;C:\Program Files\Git\cmd;C:\TDM-GCC-64\bin;C:\Users\matia\AppData\Local\Microsoft\WindowsApps;;C:\Users\matia\AppData\Local\Programs\Microsoft VS Code\bin;C:\Users\matia\Desktop\Programación;
USERNAME=matia
OS=Windows_NT
PROCESSOR_IDENTIFIER=Intel64 Family 6 Model 165 Stepping 3, GenuineIntel
TMP=C:\Users\matia\AppData\Local\Temp
TEMP=C:\Users\matia\AppData\Local\Temp



---------------  S Y S T E M  ---------------

OS:
 Windows 10 , 64 bit Build 19041 (10.0.19041.2251)
OS uptime: 0 days 12:17 hours

CPU: total 12 (initial active 12) (6 cores per cpu, 2 threads per core) family 6 model 165 stepping 3 microcode 0xcc, cx8, cmov, fxsr, ht, mmx, 3dnowpref, sse, sse2, sse3, ssse3, sse4.1, sse4.2, popcnt, lzcnt, tsc, tscinvbit, avx, avx2, aes, erms, clmul, bmi1, bmi2, adx, fma, vzeroupper, clflush, clflushopt

Memory: 4k page, system-wide physical 16243M (7410M free)
TotalPageFile size 23411M (AvailPageFile size 8469M)
current process WorkingSet (physical memory assigned to process): 160M, peak: 175M
current process commit charge ("private bytes"): 602M, peak: 613M

vm_info: OpenJDK 64-Bit Server VM (17.0.4+8) for windows-amd64 JRE (17.0.4+8), built on Jul 19 2022 16:05:16 by "temurin" with MS VC++ 16.7 (VS2019)

END.
