#
# A fatal error has been detected by the Java Runtime Environment:
#
#  EXCEPTION_ACCESS_VIOLATION (0xc0000005) at pc=0x0000000067f6f509, pid=20568, tid=20332
#
# JRE version: OpenJDK Runtime Environment Temurin-17.0.4+8 (17.0.4+8) (build 17.0.4+8)
# Java VM: OpenJDK 64-Bit Server VM Temurin-17.0.4+8 (17.0.4+8, mixed mode, tiered, compressed oops, compressed class ptrs, g1 gc, windows-amd64)
# Problematic frame:
# C  [gdx-box2d64.dll+0x1f509]
#
# No core dump will be written. Minidumps are not enabled by default on client versions of Windows
#
# If you would like to submit a bug report, please visit:
#   https://github.com/adoptium/adoptium-support/issues
# The crash happened outside the Java Virtual Machine in native code.
# See problematic frame for where to report the bug.
#

---------------  S U M M A R Y ------------

Command Line: -Dfile.encoding=UTF-8 -XX:+ShowCodeDetailsInExceptionMessages com.mygdx.game.DesktopLauncher

Host: Intel(R) Core(TM) i5-10400 CPU @ 2.90GHz, 12 cores, 15G,  Windows 10 , 64 bit Build 19041 (10.0.19041.2251)
Time: Fri Dec  2 01:16:48 2022 Hora verano Sudamérica Pacífico elapsed time: 1.253220 seconds (0d 0h 0m 1s)

---------------  T H R E A D  ---------------

Current thread (0x000001fac086bd20):  JavaThread "main" [_thread_in_native, id=20332, stack(0x00000023dcb00000,0x00000023dcc00000)]

Stack: [0x00000023dcb00000,0x00000023dcc00000],  sp=0x00000023dcbff0b0,  free space=1020k
Native frames: (J=compiled Java code, j=interpreted, Vv=VM code, C=native code)
C  [gdx-box2d64.dll+0x1f509]

Java frames: (J=compiled Java code, j=interpreted, Vv=VM code)
j  com.badlogic.gdx.physics.box2d.Body.jniCreateFixture(JJFFFZSSS)J+0
j  com.badlogic.gdx.physics.box2d.Body.createFixture(Lcom/badlogic/gdx/physics/box2d/FixtureDef;)Lcom/badlogic/gdx/physics/box2d/Fixture;+49
j  com.mygdx.game.Item.setItemWorld(Lcom/badlogic/gdx/physics/box2d/World;)V+20
j  com.mygdx.game.Consumibles.setItemsWorld(Lcom/badlogic/gdx/physics/box2d/World;)V+19
j  Patrones.LevelBuilder.setObjectsWorld()V+8
j  Patrones.LevelBuilder.getLevel()LPatrones/Level;+1
j  com.mygdx.game.JimboAdventures.create()V+32
j  com.badlogic.gdx.backends.lwjgl3.Lwjgl3Window.initializeListener()V+11
j  com.badlogic.gdx.backends.lwjgl3.Lwjgl3Window.update()Z+8
j  com.badlogic.gdx.backends.lwjgl3.Lwjgl3Application.loop()V+111
j  com.badlogic.gdx.backends.lwjgl3.Lwjgl3Application.<init>(Lcom/badlogic/gdx/ApplicationListener;Lcom/badlogic/gdx/backends/lwjgl3/Lwjgl3ApplicationConfiguration;)V+269
j  com.mygdx.game.DesktopLauncher.main([Ljava/lang/String;)V+46
v  ~StubRoutines::call_stub

siginfo: EXCEPTION_ACCESS_VIOLATION (0xc0000005), reading address 0xffffffffffffffff


Register to memory mapping:

RIP=0x0000000067f6f509 gdx-box2d64.dll
RAX=0x000001fae89d00c0 points into unknown readable memory: 0x000001fae2d11ea0 | a0 1e d1 e2 fa 01 00 00
RBX=0x000001fae89c40f0 points into unknown readable memory: 0x000001fa00000000 | 00 00 00 00 fa 01 00 00
RCX=0x000001fae2d104f0 points into unknown readable memory: 0x000001fae89d00c0 | c0 00 9d e8 fa 01 00 00
RDX=0x000001fae2cf65e0 points into unknown readable memory: 0x000001fae2d0f970 | 70 f9 d0 e2 fa 01 00 00
RSP=0x00000023dcbff0b0 is pointing into the stack for thread: 0x000001fac086bd20
RBP=0x000001fae2cf65e0 points into unknown readable memory: 0x000001fae2d0f970 | 70 f9 d0 e2 fa 01 00 00
RSI=0x00000023dcbff170 is pointing into the stack for thread: 0x000001fac086bd20
RDI=0x000001fae2cf65e0 points into unknown readable memory: 0x000001fae2d0f970 | 70 f9 d0 e2 fa 01 00 00
R8 =0x000001fae89c0140 points into unknown readable memory: 0x0000002600000000 | 00 00 00 00 26 00 00 00
R9 =0x00000023dcbff170 is pointing into the stack for thread: 0x000001fac086bd20
R10=0x000001fac3f3d5f2 is at code_begin+946 in an Interpreter codelet
method entry point (kind = native)  [0x000001fac3f3d240, 0x000001fac3f3dbc0]  2432 bytes
R11=0x0000000000000102 is an unknown value
R12=0x0 is NULL
R13={method} {0x000001fae367c2c0} 'jniCreateFixture' '(JJFFFZSSS)J' in 'com/badlogic/gdx/physics/box2d/Body'
R14=0x00000023dcbff2f8 is pointing into the stack for thread: 0x000001fac086bd20
R15=0x000001fac086bd20 is a thread


Registers:
RAX=0x000001fae89d00c0, RBX=0x000001fae89c40f0, RCX=0x000001fae2d104f0, RDX=0x000001fae2cf65e0
RSP=0x00000023dcbff0b0, RBP=0x000001fae2cf65e0, RSI=0x00000023dcbff170, RDI=0x000001fae2cf65e0
R8 =0x000001fae89c0140, R9 =0x00000023dcbff170, R10=0x000001fac3f3d5f2, R11=0x0000000000000102
R12=0x0000000000000000, R13=0x000001fae367c2b8, R14=0x00000023dcbff2f8, R15=0x000001fac086bd20
RIP=0x0000000067f6f509, EFLAGS=0x0000000000010202

Top of Stack: (sp=0x00000023dcbff0b0)
0x00000023dcbff0b0:   00000023dcbff130 000001fac3f394fe
0x00000023dcbff0c0:   00000023dcbff130 000001fae89c0140
0x00000023dcbff0d0:   000001fadfa975a8 000001fae89c0140
0x00000023dcbff0e0:   000001fae89c40f0 000001fae2cf65e0
0x00000023dcbff0f0:   00000023dcbff170 0000000067f6e3bd
0x00000023dcbff100:   000001fae3682718 0000000000000000
0x00000023dcbff110:   0000000710fac668 000001fae36826c0
0x00000023dcbff120:   00000023dcbff1a0 000001fae367c2b8
0x00000023dcbff130:   000001fadfa975a8 0000000000013b98
0x00000023dcbff140:   00000023dcbff280 0000000067f7464d
0x00000023dcbff150:   9e3779b97f4a7c15 0000000000000000
0x00000023dcbff160:   d5ecc41f20ea2742 0000000000000000
0x00000023dcbff170:   000001fae2d104f0 0000000000000000
0x00000023dcbff180:   000000003e4ccccd 0001010000000000
0x00000023dcbff190:   000000000000ffff 00000007114b0128
0x00000023dcbff1a0:   000001fae340cc08 000001fac3f3d621 

Instructions: (pc=0x0000000067f6f509)
0x0000000067f6f409:   c8 02 c7 81 ac 00 00 00 00 00 00 00 66 89 41 04
0x0000000067f6f419:   0f b7 42 04 a8 02 75 11 83 c8 02 c7 82 ac 00 00
0x0000000067f6f429:   00 00 00 00 00 66 89 42 04 41 83 44 24 60 01 48
0x0000000067f6f439:   83 c4 38 5b 5e 5f 5d 41 5c 41 5d c3 90 66 2e 0f
0x0000000067f6f449:   1f 84 00 00 00 00 00 48 89 ca e9 78 af 01 00 90
0x0000000067f6f459:   90 90 90 90 90 90 90 48 b8 00 00 00 00 01 00 ff
0x0000000067f6f469:   ff 48 89 41 30 31 c0 48 c7 41 40 00 00 00 00 48
0x0000000067f6f479:   c7 41 10 00 00 00 00 48 c7 41 08 00 00 00 00 48
0x0000000067f6f489:   c7 41 28 00 00 00 00 66 89 41 38 48 c7 41 18 00
0x0000000067f6f499:   00 00 00 c7 01 00 00 00 00 c3 90 66 90 66 2e 0f
0x0000000067f6f4a9:   1f 84 00 00 00 00 00 55 57 56 53 48 83 ec 28 49
0x0000000067f6f4b9:   8b 41 08 f3 41 0f 10 41 10 48 89 cb 48 89 d5 f3
0x0000000067f6f4c9:   0f 11 41 20 4c 89 ce 48 89 41 40 41 8b 41 1e f3
0x0000000067f6f4d9:   41 0f 10 41 14 f3 0f 11 41 24 4c 89 41 10 48 c7
0x0000000067f6f4e9:   41 08 00 00 00 00 89 41 34 41 0f b7 41 22 66 89
0x0000000067f6f4f9:   41 38 41 0f b6 41 1c 88 41 3a 49 8b 09 48 8b 01
0x0000000067f6f509:   ff 50 10 48 8b 10 48 89 c1 48 89 43 18 ff 52 18
0x0000000067f6f519:   89 c2 89 c7 48 89 e9 c1 e2 05 e8 c8 c4 fe ff 85
0x0000000067f6f529:   ff 48 89 43 28 7e 27 8d 4f ff 48 8d 50 10 48 c1
0x0000000067f6f539:   e1 05 48 8d 44 08 30 48 c7 02 00 00 00 00 c7 42
0x0000000067f6f549:   0c ff ff ff ff 48 83 c2 20 48 39 c2 75 e9 f3 0f
0x0000000067f6f559:   10 46 18 c7 43 30 00 00 00 00 f3 0f 11 03 48 83
0x0000000067f6f569:   c4 28 5b 5e 5f 5d c3 57 56 53 48 83 ec 20 8b 41
0x0000000067f6f579:   30 48 89 cb 48 89 d7 85 c0 0f 85 a8 00 00 00 48
0x0000000067f6f589:   8b 4b 18 48 8b 01 ff 50 18 48 8b 53 28 c1 e0 05
0x0000000067f6f599:   48 89 f9 41 89 c0 e8 8c c6 fe ff 48 8b 73 18 48
0x0000000067f6f5a9:   c7 43 28 00 00 00 00 8b 46 08 83 f8 01 0f 84 94
0x0000000067f6f5b9:   00 00 00 0f 82 be 00 00 00 83 f8 02 74 39 83 f8
0x0000000067f6f5c9:   03 0f 85 e0 00 00 00 48 8b 06 48 89 f1 ff 10 41
0x0000000067f6f5d9:   b8 30 00 00 00 48 89 f2 48 89 f9 e8 47 c6 fe ff
0x0000000067f6f5e9:   48 c7 43 18 00 00 00 00 48 83 c4 20 5b 5e 5f c3
0x0000000067f6f5f9:   0f 1f 80 00 00 00 00 48 8b 06 48 89 f1 ff 10 41 


Stack slot to memory mapping:
stack at sp + 0 slots: 0x00000023dcbff130 is pointing into the stack for thread: 0x000001fac086bd20
stack at sp + 1 slots: 0x000001fac3f394fe is at code_begin+1118 in an Interpreter codelet
return entry points  [0x000001fac3f390a0, 0x000001fac3f39ba0]  2816 bytes
stack at sp + 2 slots: 0x00000023dcbff130 is pointing into the stack for thread: 0x000001fac086bd20
stack at sp + 3 slots: 0x000001fae89c0140 points into unknown readable memory: 0x0000002600000000 | 00 00 00 00 26 00 00 00
stack at sp + 4 slots: 0x000001fadfa975a8 is pointing into metadata
stack at sp + 5 slots: 0x000001fae89c0140 points into unknown readable memory: 0x0000002600000000 | 00 00 00 00 26 00 00 00
stack at sp + 6 slots: 0x000001fae89c40f0 points into unknown readable memory: 0x000001fa00000000 | 00 00 00 00 fa 01 00 00
stack at sp + 7 slots: 0x000001fae2cf65e0 points into unknown readable memory: 0x000001fae2d0f970 | 70 f9 d0 e2 fa 01 00 00


---------------  P R O C E S S  ---------------

Threads class SMR info:
_java_thread_list=0x000001fae0204b00, length=12, elements={
0x000001fac086bd20, 0x000001fae0045a20, 0x000001fae0046b10, 0x000001fae008fdc0,
0x000001fae0090680, 0x000001fae0091030, 0x000001fae00a7900, 0x000001fae00b0500,
0x000001fae00b3300, 0x000001fae00c54c0, 0x000001fae0227810, 0x000001fae0235cb0
}

Java Threads: ( => current thread )
=>0x000001fac086bd20 JavaThread "main" [_thread_in_native, id=20332, stack(0x00000023dcb00000,0x00000023dcc00000)]
  0x000001fae0045a20 JavaThread "Reference Handler" daemon [_thread_blocked, id=18840, stack(0x00000023dd200000,0x00000023dd300000)]
  0x000001fae0046b10 JavaThread "Finalizer" daemon [_thread_blocked, id=16024, stack(0x00000023dd300000,0x00000023dd400000)]
  0x000001fae008fdc0 JavaThread "Signal Dispatcher" daemon [_thread_blocked, id=23492, stack(0x00000023dd400000,0x00000023dd500000)]
  0x000001fae0090680 JavaThread "Attach Listener" daemon [_thread_blocked, id=4192, stack(0x00000023dd500000,0x00000023dd600000)]
  0x000001fae0091030 JavaThread "Service Thread" daemon [_thread_blocked, id=21656, stack(0x00000023dd600000,0x00000023dd700000)]
  0x000001fae00a7900 JavaThread "Monitor Deflation Thread" daemon [_thread_blocked, id=22224, stack(0x00000023dd700000,0x00000023dd800000)]
  0x000001fae00b0500 JavaThread "C2 CompilerThread0" daemon [_thread_blocked, id=14848, stack(0x00000023dd800000,0x00000023dd900000)]
  0x000001fae00b3300 JavaThread "C1 CompilerThread0" daemon [_thread_blocked, id=19708, stack(0x00000023dd900000,0x00000023dda00000)]
  0x000001fae00c54c0 JavaThread "Sweeper thread" daemon [_thread_blocked, id=21636, stack(0x00000023dda00000,0x00000023ddb00000)]
  0x000001fae0227810 JavaThread "Notification Thread" daemon [_thread_blocked, id=2916, stack(0x00000023ddb00000,0x00000023ddc00000)]
  0x000001fae0235cb0 JavaThread "Common-Cleaner" daemon [_thread_blocked, id=16988, stack(0x00000023ddd00000,0x00000023dde00000)]

Other Threads:
  0x000001fae003f8b0 VMThread "VM Thread" [stack: 0x00000023dd100000,0x00000023dd200000] [id=18112]
  0x000001fae016d880 WatcherThread [stack: 0x00000023ddc00000,0x00000023ddd00000] [id=20904]
  0x000001fac08d6510 GCTaskThread "GC Thread#0" [stack: 0x00000023dcc00000,0x00000023dcd00000] [id=15220]
  0x000001fac08e8dd0 ConcurrentGCThread "G1 Main Marker" [stack: 0x00000023dcd00000,0x00000023dce00000] [id=19692]
  0x000001fac08e97e0 ConcurrentGCThread "G1 Conc#0" [stack: 0x00000023dce00000,0x00000023dcf00000] [id=5128]
  0x000001fadf6a91e0 ConcurrentGCThread "G1 Refine#0" [stack: 0x00000023dcf00000,0x00000023dd000000] [id=7684]
  0x000001fadf6a9b10 ConcurrentGCThread "G1 Service" [stack: 0x00000023dd000000,0x00000023dd100000] [id=8600]

Threads with active compile tasks:

VM state: not at safepoint (normal execution)

VM Mutex/Monitor currently owned by a thread: None

Heap address: 0x0000000702200000, size: 4062 MB, Compressed Oops mode: Zero based, Oop shift amount: 3

CDS archive(s) not mapped
Compressed class space mapped at: 0x0000000800000000-0x0000000840000000, reserved size: 1073741824
Narrow klass base: 0x0000000800000000, Narrow klass shift: 0, Narrow klass range: 0x40000000

GC Precious Log:
 CPUs: 12 total, 12 available
 Memory: 16243M
 Large Page Support: Disabled
 NUMA Support: Disabled
 Compressed Oops: Enabled (Zero based)
 Heap Region Size: 2M
 Heap Min Capacity: 8M
 Heap Initial Capacity: 254M
 Heap Max Capacity: 4062M
 Pre-touch: Disabled
 Parallel Workers: 10
 Concurrent Workers: 3
 Concurrent Refinement Workers: 10
 Periodic GC: Disabled

Heap:
 garbage-first heap   total 260096K, used 20480K [0x0000000702200000, 0x0000000800000000)
  region size 2048K, 9 young (18432K), 0 survivors (0K)
 Metaspace       used 11594K, committed 11776K, reserved 1064960K
  class space    used 941K, committed 1024K, reserved 1048576K

Heap Regions: E=young(eden), S=young(survivor), O=old, HS=humongous(starts), HC=humongous(continues), CS=collection set, F=free, OA=open archive, CA=closed archive, TAMS=top-at-mark-start (previous, next)
|   0|0x0000000702200000, 0x0000000702400000, 0x0000000702400000|100%|HS|  |TAMS 0x0000000702200000, 0x0000000702200000| Complete 
|   1|0x0000000702400000, 0x0000000702600000, 0x0000000702600000|100%|HC|  |TAMS 0x0000000702400000, 0x0000000702400000| Complete 
|   2|0x0000000702600000, 0x0000000702600000, 0x0000000702800000|  0%| F|  |TAMS 0x0000000702600000, 0x0000000702600000| Untracked 
|   3|0x0000000702800000, 0x0000000702800000, 0x0000000702a00000|  0%| F|  |TAMS 0x0000000702800000, 0x0000000702800000| Untracked 
|   4|0x0000000702a00000, 0x0000000702a00000, 0x0000000702c00000|  0%| F|  |TAMS 0x0000000702a00000, 0x0000000702a00000| Untracked 
|   5|0x0000000702c00000, 0x0000000702c00000, 0x0000000702e00000|  0%| F|  |TAMS 0x0000000702c00000, 0x0000000702c00000| Untracked 
|   6|0x0000000702e00000, 0x0000000702e00000, 0x0000000703000000|  0%| F|  |TAMS 0x0000000702e00000, 0x0000000702e00000| Untracked 
|   7|0x0000000703000000, 0x0000000703000000, 0x0000000703200000|  0%| F|  |TAMS 0x0000000703000000, 0x0000000703000000| Untracked 
|   8|0x0000000703200000, 0x0000000703200000, 0x0000000703400000|  0%| F|  |TAMS 0x0000000703200000, 0x0000000703200000| Untracked 
|   9|0x0000000703400000, 0x0000000703400000, 0x0000000703600000|  0%| F|  |TAMS 0x0000000703400000, 0x0000000703400000| Untracked 
|  10|0x0000000703600000, 0x0000000703600000, 0x0000000703800000|  0%| F|  |TAMS 0x0000000703600000, 0x0000000703600000| Untracked 
|  11|0x0000000703800000, 0x0000000703800000, 0x0000000703a00000|  0%| F|  |TAMS 0x0000000703800000, 0x0000000703800000| Untracked 
|  12|0x0000000703a00000, 0x0000000703a00000, 0x0000000703c00000|  0%| F|  |TAMS 0x0000000703a00000, 0x0000000703a00000| Untracked 
|  13|0x0000000703c00000, 0x0000000703c00000, 0x0000000703e00000|  0%| F|  |TAMS 0x0000000703c00000, 0x0000000703c00000| Untracked 
|  14|0x0000000703e00000, 0x0000000703e00000, 0x0000000704000000|  0%| F|  |TAMS 0x0000000703e00000, 0x0000000703e00000| Untracked 
|  15|0x0000000704000000, 0x0000000704000000, 0x0000000704200000|  0%| F|  |TAMS 0x0000000704000000, 0x0000000704000000| Untracked 
|  16|0x0000000704200000, 0x0000000704200000, 0x0000000704400000|  0%| F|  |TAMS 0x0000000704200000, 0x0000000704200000| Untracked 
|  17|0x0000000704400000, 0x0000000704400000, 0x0000000704600000|  0%| F|  |TAMS 0x0000000704400000, 0x0000000704400000| Untracked 
|  18|0x0000000704600000, 0x0000000704600000, 0x0000000704800000|  0%| F|  |TAMS 0x0000000704600000, 0x0000000704600000| Untracked 
|  19|0x0000000704800000, 0x0000000704800000, 0x0000000704a00000|  0%| F|  |TAMS 0x0000000704800000, 0x0000000704800000| Untracked 
|  20|0x0000000704a00000, 0x0000000704a00000, 0x0000000704c00000|  0%| F|  |TAMS 0x0000000704a00000, 0x0000000704a00000| Untracked 
|  21|0x0000000704c00000, 0x0000000704c00000, 0x0000000704e00000|  0%| F|  |TAMS 0x0000000704c00000, 0x0000000704c00000| Untracked 
|  22|0x0000000704e00000, 0x0000000704e00000, 0x0000000705000000|  0%| F|  |TAMS 0x0000000704e00000, 0x0000000704e00000| Untracked 
|  23|0x0000000705000000, 0x0000000705000000, 0x0000000705200000|  0%| F|  |TAMS 0x0000000705000000, 0x0000000705000000| Untracked 
|  24|0x0000000705200000, 0x0000000705200000, 0x0000000705400000|  0%| F|  |TAMS 0x0000000705200000, 0x0000000705200000| Untracked 
|  25|0x0000000705400000, 0x0000000705400000, 0x0000000705600000|  0%| F|  |TAMS 0x0000000705400000, 0x0000000705400000| Untracked 
|  26|0x0000000705600000, 0x0000000705600000, 0x0000000705800000|  0%| F|  |TAMS 0x0000000705600000, 0x0000000705600000| Untracked 
|  27|0x0000000705800000, 0x0000000705800000, 0x0000000705a00000|  0%| F|  |TAMS 0x0000000705800000, 0x0000000705800000| Untracked 
|  28|0x0000000705a00000, 0x0000000705a00000, 0x0000000705c00000|  0%| F|  |TAMS 0x0000000705a00000, 0x0000000705a00000| Untracked 
|  29|0x0000000705c00000, 0x0000000705c00000, 0x0000000705e00000|  0%| F|  |TAMS 0x0000000705c00000, 0x0000000705c00000| Untracked 
|  30|0x0000000705e00000, 0x0000000705e00000, 0x0000000706000000|  0%| F|  |TAMS 0x0000000705e00000, 0x0000000705e00000| Untracked 
|  31|0x0000000706000000, 0x0000000706000000, 0x0000000706200000|  0%| F|  |TAMS 0x0000000706000000, 0x0000000706000000| Untracked 
|  32|0x0000000706200000, 0x0000000706200000, 0x0000000706400000|  0%| F|  |TAMS 0x0000000706200000, 0x0000000706200000| Untracked 
|  33|0x0000000706400000, 0x0000000706400000, 0x0000000706600000|  0%| F|  |TAMS 0x0000000706400000, 0x0000000706400000| Untracked 
|  34|0x0000000706600000, 0x0000000706600000, 0x0000000706800000|  0%| F|  |TAMS 0x0000000706600000, 0x0000000706600000| Untracked 
|  35|0x0000000706800000, 0x0000000706800000, 0x0000000706a00000|  0%| F|  |TAMS 0x0000000706800000, 0x0000000706800000| Untracked 
|  36|0x0000000706a00000, 0x0000000706a00000, 0x0000000706c00000|  0%| F|  |TAMS 0x0000000706a00000, 0x0000000706a00000| Untracked 
|  37|0x0000000706c00000, 0x0000000706c00000, 0x0000000706e00000|  0%| F|  |TAMS 0x0000000706c00000, 0x0000000706c00000| Untracked 
|  38|0x0000000706e00000, 0x0000000706e00000, 0x0000000707000000|  0%| F|  |TAMS 0x0000000706e00000, 0x0000000706e00000| Untracked 
|  39|0x0000000707000000, 0x0000000707000000, 0x0000000707200000|  0%| F|  |TAMS 0x0000000707000000, 0x0000000707000000| Untracked 
|  40|0x0000000707200000, 0x0000000707200000, 0x0000000707400000|  0%| F|  |TAMS 0x0000000707200000, 0x0000000707200000| Untracked 
|  41|0x0000000707400000, 0x0000000707400000, 0x0000000707600000|  0%| F|  |TAMS 0x0000000707400000, 0x0000000707400000| Untracked 
|  42|0x0000000707600000, 0x0000000707600000, 0x0000000707800000|  0%| F|  |TAMS 0x0000000707600000, 0x0000000707600000| Untracked 
|  43|0x0000000707800000, 0x0000000707800000, 0x0000000707a00000|  0%| F|  |TAMS 0x0000000707800000, 0x0000000707800000| Untracked 
|  44|0x0000000707a00000, 0x0000000707a00000, 0x0000000707c00000|  0%| F|  |TAMS 0x0000000707a00000, 0x0000000707a00000| Untracked 
|  45|0x0000000707c00000, 0x0000000707c00000, 0x0000000707e00000|  0%| F|  |TAMS 0x0000000707c00000, 0x0000000707c00000| Untracked 
|  46|0x0000000707e00000, 0x0000000707e00000, 0x0000000708000000|  0%| F|  |TAMS 0x0000000707e00000, 0x0000000707e00000| Untracked 
|  47|0x0000000708000000, 0x0000000708000000, 0x0000000708200000|  0%| F|  |TAMS 0x0000000708000000, 0x0000000708000000| Untracked 
|  48|0x0000000708200000, 0x0000000708200000, 0x0000000708400000|  0%| F|  |TAMS 0x0000000708200000, 0x0000000708200000| Untracked 
|  49|0x0000000708400000, 0x0000000708400000, 0x0000000708600000|  0%| F|  |TAMS 0x0000000708400000, 0x0000000708400000| Untracked 
|  50|0x0000000708600000, 0x0000000708600000, 0x0000000708800000|  0%| F|  |TAMS 0x0000000708600000, 0x0000000708600000| Untracked 
|  51|0x0000000708800000, 0x0000000708800000, 0x0000000708a00000|  0%| F|  |TAMS 0x0000000708800000, 0x0000000708800000| Untracked 
|  52|0x0000000708a00000, 0x0000000708a00000, 0x0000000708c00000|  0%| F|  |TAMS 0x0000000708a00000, 0x0000000708a00000| Untracked 
|  53|0x0000000708c00000, 0x0000000708c00000, 0x0000000708e00000|  0%| F|  |TAMS 0x0000000708c00000, 0x0000000708c00000| Untracked 
|  54|0x0000000708e00000, 0x0000000708e00000, 0x0000000709000000|  0%| F|  |TAMS 0x0000000708e00000, 0x0000000708e00000| Untracked 
|  55|0x0000000709000000, 0x0000000709000000, 0x0000000709200000|  0%| F|  |TAMS 0x0000000709000000, 0x0000000709000000| Untracked 
|  56|0x0000000709200000, 0x0000000709200000, 0x0000000709400000|  0%| F|  |TAMS 0x0000000709200000, 0x0000000709200000| Untracked 
|  57|0x0000000709400000, 0x0000000709400000, 0x0000000709600000|  0%| F|  |TAMS 0x0000000709400000, 0x0000000709400000| Untracked 
|  58|0x0000000709600000, 0x0000000709600000, 0x0000000709800000|  0%| F|  |TAMS 0x0000000709600000, 0x0000000709600000| Untracked 
|  59|0x0000000709800000, 0x0000000709800000, 0x0000000709a00000|  0%| F|  |TAMS 0x0000000709800000, 0x0000000709800000| Untracked 
|  60|0x0000000709a00000, 0x0000000709a00000, 0x0000000709c00000|  0%| F|  |TAMS 0x0000000709a00000, 0x0000000709a00000| Untracked 
|  61|0x0000000709c00000, 0x0000000709c00000, 0x0000000709e00000|  0%| F|  |TAMS 0x0000000709c00000, 0x0000000709c00000| Untracked 
|  62|0x0000000709e00000, 0x0000000709e00000, 0x000000070a000000|  0%| F|  |TAMS 0x0000000709e00000, 0x0000000709e00000| Untracked 
|  63|0x000000070a000000, 0x000000070a000000, 0x000000070a200000|  0%| F|  |TAMS 0x000000070a000000, 0x000000070a000000| Untracked 
|  64|0x000000070a200000, 0x000000070a200000, 0x000000070a400000|  0%| F|  |TAMS 0x000000070a200000, 0x000000070a200000| Untracked 
|  65|0x000000070a400000, 0x000000070a400000, 0x000000070a600000|  0%| F|  |TAMS 0x000000070a400000, 0x000000070a400000| Untracked 
|  66|0x000000070a600000, 0x000000070a600000, 0x000000070a800000|  0%| F|  |TAMS 0x000000070a600000, 0x000000070a600000| Untracked 
|  67|0x000000070a800000, 0x000000070a800000, 0x000000070aa00000|  0%| F|  |TAMS 0x000000070a800000, 0x000000070a800000| Untracked 
|  68|0x000000070aa00000, 0x000000070aa00000, 0x000000070ac00000|  0%| F|  |TAMS 0x000000070aa00000, 0x000000070aa00000| Untracked 
|  69|0x000000070ac00000, 0x000000070ac00000, 0x000000070ae00000|  0%| F|  |TAMS 0x000000070ac00000, 0x000000070ac00000| Untracked 
|  70|0x000000070ae00000, 0x000000070ae00000, 0x000000070b000000|  0%| F|  |TAMS 0x000000070ae00000, 0x000000070ae00000| Untracked 
|  71|0x000000070b000000, 0x000000070b000000, 0x000000070b200000|  0%| F|  |TAMS 0x000000070b000000, 0x000000070b000000| Untracked 
|  72|0x000000070b200000, 0x000000070b200000, 0x000000070b400000|  0%| F|  |TAMS 0x000000070b200000, 0x000000070b200000| Untracked 
|  73|0x000000070b400000, 0x000000070b400000, 0x000000070b600000|  0%| F|  |TAMS 0x000000070b400000, 0x000000070b400000| Untracked 
|  74|0x000000070b600000, 0x000000070b600000, 0x000000070b800000|  0%| F|  |TAMS 0x000000070b600000, 0x000000070b600000| Untracked 
|  75|0x000000070b800000, 0x000000070b800000, 0x000000070ba00000|  0%| F|  |TAMS 0x000000070b800000, 0x000000070b800000| Untracked 
|  76|0x000000070ba00000, 0x000000070ba00000, 0x000000070bc00000|  0%| F|  |TAMS 0x000000070ba00000, 0x000000070ba00000| Untracked 
|  77|0x000000070bc00000, 0x000000070bc00000, 0x000000070be00000|  0%| F|  |TAMS 0x000000070bc00000, 0x000000070bc00000| Untracked 
|  78|0x000000070be00000, 0x000000070be00000, 0x000000070c000000|  0%| F|  |TAMS 0x000000070be00000, 0x000000070be00000| Untracked 
|  79|0x000000070c000000, 0x000000070c000000, 0x000000070c200000|  0%| F|  |TAMS 0x000000070c000000, 0x000000070c000000| Untracked 
|  80|0x000000070c200000, 0x000000070c200000, 0x000000070c400000|  0%| F|  |TAMS 0x000000070c200000, 0x000000070c200000| Untracked 
|  81|0x000000070c400000, 0x000000070c400000, 0x000000070c600000|  0%| F|  |TAMS 0x000000070c400000, 0x000000070c400000| Untracked 
|  82|0x000000070c600000, 0x000000070c600000, 0x000000070c800000|  0%| F|  |TAMS 0x000000070c600000, 0x000000070c600000| Untracked 
|  83|0x000000070c800000, 0x000000070c800000, 0x000000070ca00000|  0%| F|  |TAMS 0x000000070c800000, 0x000000070c800000| Untracked 
|  84|0x000000070ca00000, 0x000000070ca00000, 0x000000070cc00000|  0%| F|  |TAMS 0x000000070ca00000, 0x000000070ca00000| Untracked 
|  85|0x000000070cc00000, 0x000000070cc00000, 0x000000070ce00000|  0%| F|  |TAMS 0x000000070cc00000, 0x000000070cc00000| Untracked 
|  86|0x000000070ce00000, 0x000000070ce00000, 0x000000070d000000|  0%| F|  |TAMS 0x000000070ce00000, 0x000000070ce00000| Untracked 
|  87|0x000000070d000000, 0x000000070d000000, 0x000000070d200000|  0%| F|  |TAMS 0x000000070d000000, 0x000000070d000000| Untracked 
|  88|0x000000070d200000, 0x000000070d200000, 0x000000070d400000|  0%| F|  |TAMS 0x000000070d200000, 0x000000070d200000| Untracked 
|  89|0x000000070d400000, 0x000000070d400000, 0x000000070d600000|  0%| F|  |TAMS 0x000000070d400000, 0x000000070d400000| Untracked 
|  90|0x000000070d600000, 0x000000070d600000, 0x000000070d800000|  0%| F|  |TAMS 0x000000070d600000, 0x000000070d600000| Untracked 
|  91|0x000000070d800000, 0x000000070d800000, 0x000000070da00000|  0%| F|  |TAMS 0x000000070d800000, 0x000000070d800000| Untracked 
|  92|0x000000070da00000, 0x000000070da00000, 0x000000070dc00000|  0%| F|  |TAMS 0x000000070da00000, 0x000000070da00000| Untracked 
|  93|0x000000070dc00000, 0x000000070dc00000, 0x000000070de00000|  0%| F|  |TAMS 0x000000070dc00000, 0x000000070dc00000| Untracked 
|  94|0x000000070de00000, 0x000000070de00000, 0x000000070e000000|  0%| F|  |TAMS 0x000000070de00000, 0x000000070de00000| Untracked 
|  95|0x000000070e000000, 0x000000070e000000, 0x000000070e200000|  0%| F|  |TAMS 0x000000070e000000, 0x000000070e000000| Untracked 
|  96|0x000000070e200000, 0x000000070e200000, 0x000000070e400000|  0%| F|  |TAMS 0x000000070e200000, 0x000000070e200000| Untracked 
|  97|0x000000070e400000, 0x000000070e400000, 0x000000070e600000|  0%| F|  |TAMS 0x000000070e400000, 0x000000070e400000| Untracked 
|  98|0x000000070e600000, 0x000000070e600000, 0x000000070e800000|  0%| F|  |TAMS 0x000000070e600000, 0x000000070e600000| Untracked 
|  99|0x000000070e800000, 0x000000070e800000, 0x000000070ea00000|  0%| F|  |TAMS 0x000000070e800000, 0x000000070e800000| Untracked 
| 100|0x000000070ea00000, 0x000000070ea00000, 0x000000070ec00000|  0%| F|  |TAMS 0x000000070ea00000, 0x000000070ea00000| Untracked 
| 101|0x000000070ec00000, 0x000000070ec00000, 0x000000070ee00000|  0%| F|  |TAMS 0x000000070ec00000, 0x000000070ec00000| Untracked 
| 102|0x000000070ee00000, 0x000000070ee00000, 0x000000070f000000|  0%| F|  |TAMS 0x000000070ee00000, 0x000000070ee00000| Untracked 
| 103|0x000000070f000000, 0x000000070f000000, 0x000000070f200000|  0%| F|  |TAMS 0x000000070f000000, 0x000000070f000000| Untracked 
| 104|0x000000070f200000, 0x000000070f200000, 0x000000070f400000|  0%| F|  |TAMS 0x000000070f200000, 0x000000070f200000| Untracked 
| 105|0x000000070f400000, 0x000000070f400000, 0x000000070f600000|  0%| F|  |TAMS 0x000000070f400000, 0x000000070f400000| Untracked 
| 106|0x000000070f600000, 0x000000070f600000, 0x000000070f800000|  0%| F|  |TAMS 0x000000070f600000, 0x000000070f600000| Untracked 
| 107|0x000000070f800000, 0x000000070f800000, 0x000000070fa00000|  0%| F|  |TAMS 0x000000070f800000, 0x000000070f800000| Untracked 
| 108|0x000000070fa00000, 0x000000070fa00000, 0x000000070fc00000|  0%| F|  |TAMS 0x000000070fa00000, 0x000000070fa00000| Untracked 
| 109|0x000000070fc00000, 0x000000070fc00000, 0x000000070fe00000|  0%| F|  |TAMS 0x000000070fc00000, 0x000000070fc00000| Untracked 
| 110|0x000000070fe00000, 0x000000070fe00000, 0x0000000710000000|  0%| F|  |TAMS 0x000000070fe00000, 0x000000070fe00000| Untracked 
| 111|0x0000000710000000, 0x0000000710000000, 0x0000000710200000|  0%| F|  |TAMS 0x0000000710000000, 0x0000000710000000| Untracked 
| 112|0x0000000710200000, 0x0000000710200000, 0x0000000710400000|  0%| F|  |TAMS 0x0000000710200000, 0x0000000710200000| Untracked 
| 113|0x0000000710400000, 0x0000000710400000, 0x0000000710600000|  0%| F|  |TAMS 0x0000000710400000, 0x0000000710400000| Untracked 
| 114|0x0000000710600000, 0x0000000710600000, 0x0000000710800000|  0%| F|  |TAMS 0x0000000710600000, 0x0000000710600000| Untracked 
| 115|0x0000000710800000, 0x0000000710800000, 0x0000000710a00000|  0%| F|  |TAMS 0x0000000710800000, 0x0000000710800000| Untracked 
| 116|0x0000000710a00000, 0x0000000710a00000, 0x0000000710c00000|  0%| F|  |TAMS 0x0000000710a00000, 0x0000000710a00000| Untracked 
| 117|0x0000000710c00000, 0x0000000710c00000, 0x0000000710e00000|  0%| F|  |TAMS 0x0000000710c00000, 0x0000000710c00000| Untracked 
| 118|0x0000000710e00000, 0x0000000710fe1c50, 0x0000000711000000| 94%| E|  |TAMS 0x0000000710e00000, 0x0000000710e00000| Complete 
| 119|0x0000000711000000, 0x0000000711200000, 0x0000000711200000|100%| E|CS|TAMS 0x0000000711000000, 0x0000000711000000| Complete 
| 120|0x0000000711200000, 0x0000000711400000, 0x0000000711400000|100%| E|CS|TAMS 0x0000000711200000, 0x0000000711200000| Complete 
| 121|0x0000000711400000, 0x0000000711600000, 0x0000000711600000|100%| E|CS|TAMS 0x0000000711400000, 0x0000000711400000| Complete 
| 122|0x0000000711600000, 0x0000000711800000, 0x0000000711800000|100%| E|CS|TAMS 0x0000000711600000, 0x0000000711600000| Complete 
| 123|0x0000000711800000, 0x0000000711a00000, 0x0000000711a00000|100%| E|CS|TAMS 0x0000000711800000, 0x0000000711800000| Complete 
| 124|0x0000000711a00000, 0x0000000711c00000, 0x0000000711c00000|100%| E|CS|TAMS 0x0000000711a00000, 0x0000000711a00000| Complete 
| 125|0x0000000711c00000, 0x0000000711e00000, 0x0000000711e00000|100%| E|CS|TAMS 0x0000000711c00000, 0x0000000711c00000| Complete 
| 126|0x0000000711e00000, 0x0000000712000000, 0x0000000712000000|100%| E|CS|TAMS 0x0000000711e00000, 0x0000000711e00000| Complete 

Card table byte_map: [0x000001fad3c80000,0x000001fad4470000] _byte_map_base: 0x000001fad046f000

Marking Bits (Prev, Next): (CMBitMap*) 0x000001fac08d7f30, (CMBitMap*) 0x000001fac08d7f70
 Prev Bits: [0x000001fad4c60000, 0x000001fad8bd8000)
 Next Bits: [0x000001fad8be0000, 0x000001fadcb58000)

Polling page: 0x000001fabe7e0000

Metaspace:

Usage:
  Non-class:     10.40 MB used.
      Class:    941.89 KB used.
       Both:     11.32 MB used.

Virtual space:
  Non-class space:       16.00 MB reserved,      10.50 MB ( 66%) committed,  2 nodes.
      Class space:        1.00 GB reserved,       1.00 MB ( <1%) committed,  1 nodes.
             Both:        1.02 GB reserved,      11.50 MB (  1%) committed. 

Chunk freelists:
   Non-Class:  1.45 MB
       Class:  3.05 MB
        Both:  4.50 MB

MaxMetaspaceSize: unlimited
CompressedClassSpaceSize: 1.00 GB
Initial GC threshold: 21.00 MB
Current GC threshold: 21.00 MB
CDS: off
MetaspaceReclaimPolicy: balanced
 - commit_granule_bytes: 65536.
 - commit_granule_words: 8192.
 - virtual_space_node_default_size: 1048576.
 - enlarge_chunks_in_place: 1.
 - new_chunks_are_fully_committed: 0.
 - uncommit_free_chunks: 1.
 - use_allocation_guard: 0.
 - handle_deallocations: 1.


Internal statistics:

num_allocs_failed_limit: 0.
num_arena_births: 66.
num_arena_deaths: 0.
num_vsnodes_births: 3.
num_vsnodes_deaths: 0.
num_space_committed: 182.
num_space_uncommitted: 0.
num_chunks_returned_to_freelist: 0.
num_chunks_taken_from_freelist: 206.
num_chunk_merges: 0.
num_chunk_splits: 131.
num_chunks_enlarged: 100.
num_purges: 0.
num_inconsistent_stats: 0.

CodeHeap 'non-profiled nmethods': size=120000Kb used=292Kb max_used=292Kb free=119707Kb
 bounds [0x000001facba00000, 0x000001facbc70000, 0x000001fad2f30000]
CodeHeap 'profiled nmethods': size=120000Kb used=1561Kb max_used=1561Kb free=118438Kb
 bounds [0x000001fac44d0000, 0x000001fac4740000, 0x000001facba00000]
CodeHeap 'non-nmethods': size=5760Kb used=1586Kb max_used=1593Kb free=4173Kb
 bounds [0x000001fac3f30000, 0x000001fac41a0000, 0x000001fac44d0000]
 total_blobs=1881 nmethods=869 adapters=925
 compilation: enabled
              stopped_count=0, restarted_count=0
 full_count=0

Compilation events (20 events):
Event: 1.051 Thread 0x000001fae00b3300  860       3       java.nio.ByteBuffer::clear (7 bytes)
Event: 1.052 Thread 0x000001fae00b3300 nmethod 860 0x000001fac464bd10 code [0x000001fac464bea0, 0x000001fac464c018]
Event: 1.052 Thread 0x000001fae00b3300  861       3       java.nio.charset.CharsetDecoder::implFlush (4 bytes)
Event: 1.052 Thread 0x000001fae00b3300 nmethod 861 0x000001fac464c110 code [0x000001fac464c2a0, 0x000001fac464c3b8]
Event: 1.053 Thread 0x000001fae00b3300  862       3       java.io.WinNTFileSystem::normalizePrefix (132 bytes)
Event: 1.054 Thread 0x000001fae00b3300 nmethod 862 0x000001fac464c490 code [0x000001fac464c8c0, 0x000001fac464e968]
Event: 1.081 Thread 0x000001fae00b3300  863       3       jdk.internal.loader.BuiltinClassLoader::hasClassPath (13 bytes)
Event: 1.081 Thread 0x000001fae00b3300 nmethod 863 0x000001fac464f590 code [0x000001fac464f720, 0x000001fac464f898]
Event: 1.141 Thread 0x000001fae00b3300  864       3       java.nio.charset.CharsetDecoder::flush (49 bytes)
Event: 1.141 Thread 0x000001fae00b3300 nmethod 864 0x000001fac464f910 code [0x000001fac464fae0, 0x000001fac464fee8]
Event: 1.171 Thread 0x000001fae00b3300  865       3       java.lang.Integer::parseInt (300 bytes)
Event: 1.172 Thread 0x000001fae00b3300 nmethod 865 0x000001fac4650010 code [0x000001fac4650420, 0x000001fac4651d38]
Event: 1.178 Thread 0x000001fae00b3300  866   !   3       java.nio.HeapCharBuffer::toString (30 bytes)
Event: 1.178 Thread 0x000001fae00b3300 nmethod 866 0x000001fac4652610 code [0x000001fac46527c0, 0x000001fac4652a78]
Event: 1.215 Thread 0x000001fae00b0500  867       4       java.lang.CharacterData::of (136 bytes)
Event: 1.216 Thread 0x000001fae00b0500 nmethod 867 0x000001facba48f10 code [0x000001facba49080, 0x000001facba49118]
Event: 1.243 Thread 0x000001fae00b3300  868       3       jdk.internal.loader.BuiltinClassLoader::isSealed (71 bytes)
Event: 1.244 Thread 0x000001fae00b3300 nmethod 868 0x000001fac4652c10 code [0x000001fac4653020, 0x000001fac4654c28]
Event: 1.244 Thread 0x000001fae00b3300  869   !   3       jdk.internal.loader.URLClassPath$JarLoader::checkResource (78 bytes)
Event: 1.244 Thread 0x000001fae00b3300 nmethod 869 0x000001fac4655690 code [0x000001fac46558e0, 0x000001fac4656328]

GC Heap History (0 events):
No events

Deoptimization events (20 events):
Event: 0.233 Thread 0x000001fac086bd20 DEOPT PACKING pc=0x000001fac4542065 sp=0x00000023dcbfc9b0
Event: 0.233 Thread 0x000001fac086bd20 DEOPT UNPACKING pc=0x000001fac3f82b43 sp=0x00000023dcbfbe00 mode 0
Event: 0.241 Thread 0x000001fac086bd20 DEOPT PACKING pc=0x000001fac4542065 sp=0x00000023dcbf7b20
Event: 0.241 Thread 0x000001fac086bd20 DEOPT UNPACKING pc=0x000001fac3f82b43 sp=0x00000023dcbf6f70 mode 0
Event: 0.265 Thread 0x000001fac086bd20 DEOPT PACKING pc=0x000001fac4542065 sp=0x00000023dcbfa3d0
Event: 0.265 Thread 0x000001fac086bd20 DEOPT UNPACKING pc=0x000001fac3f82b43 sp=0x00000023dcbf9820 mode 0
Event: 0.278 Thread 0x000001fac086bd20 Uncommon trap: trap_request=0xffffff45 fr.pc=0x000001facba0d5c0 relative=0x0000000000000040
Event: 0.278 Thread 0x000001fac086bd20 Uncommon trap: reason=unstable_if action=reinterpret pc=0x000001facba0d5c0 method=sun.nio.fs.WindowsPathParser.isSlash(C)Z @ 9 c2
Event: 0.278 Thread 0x000001fac086bd20 DEOPT PACKING pc=0x000001facba0d5c0 sp=0x00000023dcbfbe70
Event: 0.278 Thread 0x000001fac086bd20 DEOPT UNPACKING pc=0x000001fac3f823a3 sp=0x00000023dcbfbdf8 mode 2
Event: 0.311 Thread 0x000001fac086bd20 DEOPT PACKING pc=0x000001fac44f2fbe sp=0x00000023dcbfaac0
Event: 0.311 Thread 0x000001fac086bd20 DEOPT UNPACKING pc=0x000001fac3f82b43 sp=0x00000023dcbf9f38 mode 0
Event: 0.590 Thread 0x000001fac086bd20 Uncommon trap: trap_request=0xffffff5c fr.pc=0x000001facba3ba58 relative=0x0000000000000058
Event: 0.590 Thread 0x000001fac086bd20 Uncommon trap: reason=speculate_null_check action=make_not_entrant pc=0x000001facba3ba58 method=sun.misc.Unsafe.getLong(Ljava/lang/Object;J)J @ 5 c2
Event: 0.590 Thread 0x000001fac086bd20 DEOPT PACKING pc=0x000001facba3ba58 sp=0x00000023dcbff1b0
Event: 0.590 Thread 0x000001fac086bd20 DEOPT UNPACKING pc=0x000001fac3f823a3 sp=0x00000023dcbff128 mode 2
Event: 0.843 Thread 0x000001fac086bd20 Uncommon trap: trap_request=0xffffff45 fr.pc=0x000001facba3c8e4 relative=0x0000000000000104
Event: 0.843 Thread 0x000001fac086bd20 Uncommon trap: reason=unstable_if action=reinterpret pc=0x000001facba3c8e4 method=java.io.WinNTFileSystem.normalize(Ljava/lang/String;)Ljava/lang/String; @ 74 c2
Event: 0.843 Thread 0x000001fac086bd20 DEOPT PACKING pc=0x000001facba3c8e4 sp=0x00000023dcbff1e0
Event: 0.843 Thread 0x000001fac086bd20 DEOPT UNPACKING pc=0x000001fac3f823a3 sp=0x00000023dcbff1b8 mode 2

Classes unloaded (0 events):
No events

Classes redefined (0 events):
No events

Internal exceptions (20 events):
Event: 0.254 Thread 0x000001fac086bd20 Exception <a 'java/lang/NoSuchMethodError'{0x00000007118ca520}: 'int java.lang.invoke.DirectMethodHandle$Holder.invokeSpecial(java.lang.Object, java.lang.Object, java.lang.Object)'> (0x00000007118ca520) 
thrown [s\src\hotspot\share\interpreter\linkResolver.cpp, line 759]
Event: 0.278 Thread 0x000001fac086bd20 Exception <a 'sun/nio/fs/WindowsException'{0x000000071196d2c8}> (0x000000071196d2c8) 
thrown [s\src\hotspot\share\prims\jni.cpp, line 516]
Event: 0.278 Thread 0x000001fac086bd20 Exception <a 'sun/nio/fs/WindowsException'{0x000000071196d818}> (0x000000071196d818) 
thrown [s\src\hotspot\share\prims\jni.cpp, line 516]
Event: 0.288 Thread 0x000001fac086bd20 Exception <a 'java/lang/NoSuchMethodError'{0x00000007119b0f50}: 'int java.lang.invoke.DirectMethodHandle$Holder.invokeStaticInit(java.lang.Object, java.lang.Object, int, long)'> (0x00000007119b0f50) 
thrown [s\src\hotspot\share\interpreter\linkResolver.cpp, line 759]
Event: 0.288 Thread 0x000001fac086bd20 Exception <a 'java/lang/NoSuchMethodError'{0x00000007119b6818}: 'java.lang.Object java.lang.invoke.DirectMethodHandle$Holder.newInvokeSpecial(java.lang.Object, java.lang.Object, int)'> (0x00000007119b6818) 
thrown [s\src\hotspot\share\interpreter\linkResolver.cpp, line 759]
Event: 0.290 Thread 0x000001fac086bd20 Exception <a 'java/lang/NoSuchMethodError'{0x00000007119cb980}: 'int java.lang.invoke.DirectMethodHandle$Holder.invokeStaticInit(java.lang.Object, java.lang.Object, long, long)'> (0x00000007119cb980) 
thrown [s\src\hotspot\share\interpreter\linkResolver.cpp, line 759]
Event: 0.290 Thread 0x000001fac086bd20 Exception <a 'java/lang/NoSuchMethodError'{0x00000007119d2070}: 'java.lang.Object java.lang.invoke.DirectMethodHandle$Holder.newInvokeSpecial(java.lang.Object, java.lang.Object, long)'> (0x00000007119d2070) 
thrown [s\src\hotspot\share\interpreter\linkResolver.cpp, line 759]
Event: 0.291 Thread 0x000001fac086bd20 Exception <a 'java/lang/NoSuchMethodError'{0x00000007119d60b8}: 'java.lang.Object java.lang.invoke.Invokers$Holder.linkToTargetMethod(java.lang.Object, long, java.lang.Object)'> (0x00000007119d60b8) 
thrown [s\src\hotspot\share\interpreter\linkResolver.cpp, line 759]
Event: 0.291 Thread 0x000001fac086bd20 Exception <a 'java/lang/NoSuchMethodError'{0x00000007119dd7d0}: 'int java.lang.invoke.DirectMethodHandle$Holder.invokeStaticInit(java.lang.Object, java.lang.Object, java.lang.Object, long)'> (0x00000007119dd7d0) 
thrown [s\src\hotspot\share\interpreter\linkResolver.cpp, line 759]
Event: 0.308 Thread 0x000001fac086bd20 Exception <a 'sun/nio/fs/WindowsException'{0x000000071169a8a8}> (0x000000071169a8a8) 
thrown [s\src\hotspot\share\prims\jni.cpp, line 516]
Event: 0.308 Thread 0x000001fac086bd20 Exception <a 'sun/nio/fs/WindowsException'{0x000000071169ac38}> (0x000000071169ac38) 
thrown [s\src\hotspot\share\prims\jni.cpp, line 516]
Event: 0.326 Thread 0x000001fac086bd20 Exception <a 'sun/nio/fs/WindowsException'{0x000000071175e6d8}> (0x000000071175e6d8) 
thrown [s\src\hotspot\share\prims\jni.cpp, line 516]
Event: 0.326 Thread 0x000001fac086bd20 Exception <a 'sun/nio/fs/WindowsException'{0x000000071175ea38}> (0x000000071175ea38) 
thrown [s\src\hotspot\share\prims\jni.cpp, line 516]
Event: 0.363 Thread 0x000001fac086bd20 Exception <a 'sun/nio/fs/WindowsException'{0x00000007117f9998}> (0x00000007117f9998) 
thrown [s\src\hotspot\share\prims\jni.cpp, line 516]
Event: 0.364 Thread 0x000001fac086bd20 Exception <a 'sun/nio/fs/WindowsException'{0x00000007117f9d18}> (0x00000007117f9d18) 
thrown [s\src\hotspot\share\prims\jni.cpp, line 516]
Event: 0.397 Thread 0x000001fac086bd20 Exception <a 'java/lang/NoSuchMethodError'{0x0000000711448870}: 'java.lang.Object java.lang.invoke.DirectMethodHandle$Holder.newInvokeSpecial(java.lang.Object, long)'> (0x0000000711448870) 
thrown [s\src\hotspot\share\interpreter\linkResolver.cpp, line 759]
Event: 0.565 Thread 0x000001fac086bd20 Exception <a 'sun/nio/fs/WindowsException'{0x0000000711585ce8}> (0x0000000711585ce8) 
thrown [s\src\hotspot\share\prims\jni.cpp, line 516]
Event: 0.565 Thread 0x000001fac086bd20 Exception <a 'sun/nio/fs/WindowsException'{0x0000000711586090}> (0x0000000711586090) 
thrown [s\src\hotspot\share\prims\jni.cpp, line 516]
Event: 0.568 Thread 0x000001fac086bd20 Exception <a 'sun/nio/fs/WindowsException'{0x0000000711596740}> (0x0000000711596740) 
thrown [s\src\hotspot\share\prims\jni.cpp, line 516]
Event: 0.568 Thread 0x000001fac086bd20 Exception <a 'sun/nio/fs/WindowsException'{0x0000000711596a20}> (0x0000000711596a20) 
thrown [s\src\hotspot\share\prims\jni.cpp, line 516]

VM Operations (8 events):
Event: 0.132 Executing VM operation: HandshakeAllThreads
Event: 0.132 Executing VM operation: HandshakeAllThreads done
Event: 0.205 Executing VM operation: HandshakeAllThreads
Event: 0.205 Executing VM operation: HandshakeAllThreads done
Event: 0.252 Executing VM operation: HandshakeAllThreads
Event: 0.252 Executing VM operation: HandshakeAllThreads done
Event: 0.631 Executing VM operation: HandshakeAllThreads
Event: 0.631 Executing VM operation: HandshakeAllThreads done

Events (20 events):
Event: 0.713 loading class sun/net/DefaultProgressMeteringPolicy
Event: 0.713 loading class sun/net/ProgressMeteringPolicy
Event: 0.713 loading class sun/net/ProgressMeteringPolicy done
Event: 0.713 loading class sun/net/DefaultProgressMeteringPolicy done
Event: 0.825 loading class jdk/internal/math/FloatingDecimal
Event: 0.826 loading class jdk/internal/math/FloatingDecimal done
Event: 0.826 loading class jdk/internal/math/FloatingDecimal$ExceptionalBinaryToASCIIBuffer
Event: 0.826 loading class jdk/internal/math/FloatingDecimal$BinaryToASCIIConverter
Event: 0.826 loading class jdk/internal/math/FloatingDecimal$BinaryToASCIIConverter done
Event: 0.826 loading class jdk/internal/math/FloatingDecimal$ExceptionalBinaryToASCIIBuffer done
Event: 0.826 loading class jdk/internal/math/FloatingDecimal$BinaryToASCIIBuffer
Event: 0.826 loading class jdk/internal/math/FloatingDecimal$BinaryToASCIIBuffer done
Event: 0.826 loading class jdk/internal/math/FloatingDecimal$1
Event: 0.826 loading class jdk/internal/math/FloatingDecimal$1 done
Event: 0.826 loading class jdk/internal/math/FloatingDecimal$PreparedASCIIToBinaryBuffer
Event: 0.826 loading class jdk/internal/math/FloatingDecimal$ASCIIToBinaryConverter
Event: 0.826 loading class jdk/internal/math/FloatingDecimal$ASCIIToBinaryConverter done
Event: 0.826 loading class jdk/internal/math/FloatingDecimal$PreparedASCIIToBinaryBuffer done
Event: 0.826 loading class jdk/internal/math/FloatingDecimal$ASCIIToBinaryBuffer
Event: 0.826 loading class jdk/internal/math/FloatingDecimal$ASCIIToBinaryBuffer done


Dynamic libraries:
0x00007ff768ab0000 - 0x00007ff768abe000 	C:\Users\matia\.p2\pool\plugins\org.eclipse.justj.openjdk.hotspot.jre.full.win32.x86_64_17.0.4.v20220805-1047\jre\bin\javaw.exe
0x00007ff913c10000 - 0x00007ff913e08000 	C:\Windows\SYSTEM32\ntdll.dll
0x00007ff912160000 - 0x00007ff91221f000 	C:\Windows\System32\KERNEL32.DLL
0x00007ff9118e0000 - 0x00007ff911bb2000 	C:\Windows\System32\KERNELBASE.dll
0x00007ff911450000 - 0x00007ff911550000 	C:\Windows\System32\ucrtbase.dll
0x00007ff907380000 - 0x00007ff907398000 	C:\Users\matia\.p2\pool\plugins\org.eclipse.justj.openjdk.hotspot.jre.full.win32.x86_64_17.0.4.v20220805-1047\jre\bin\jli.dll
0x00007ff90bef0000 - 0x00007ff90bf09000 	C:\Users\matia\.p2\pool\plugins\org.eclipse.justj.openjdk.hotspot.jre.full.win32.x86_64_17.0.4.v20220805-1047\jre\bin\VCRUNTIME140.dll
0x00007ff913530000 - 0x00007ff9136cd000 	C:\Windows\System32\USER32.dll
0x00007ff904640000 - 0x00007ff9048da000 	C:\Windows\WinSxS\amd64_microsoft.windows.common-controls_6595b64144ccf1df_6.0.19041.1110_none_60b5254171f9507e\COMCTL32.dll
0x00007ff911770000 - 0x00007ff911792000 	C:\Windows\System32\win32u.dll
0x00007ff913940000 - 0x00007ff9139de000 	C:\Windows\System32\msvcrt.dll
0x00007ff9128b0000 - 0x00007ff9128db000 	C:\Windows\System32\GDI32.dll
0x00007ff911340000 - 0x00007ff91144f000 	C:\Windows\System32\gdi32full.dll
0x00007ff911bc0000 - 0x00007ff911c5d000 	C:\Windows\System32\msvcp_win.dll
0x00007ff9131c0000 - 0x00007ff9131f2000 	C:\Windows\System32\IMM32.DLL
0x00007ff90d1c0000 - 0x00007ff90d1cc000 	C:\Users\matia\.p2\pool\plugins\org.eclipse.justj.openjdk.hotspot.jre.full.win32.x86_64_17.0.4.v20220805-1047\jre\bin\vcruntime140_1.dll
0x00007ff8dab20000 - 0x00007ff8dabb1000 	C:\Users\matia\.p2\pool\plugins\org.eclipse.justj.openjdk.hotspot.jre.full.win32.x86_64_17.0.4.v20220805-1047\jre\bin\msvcp140.dll
0x00007ff8c6860000 - 0x00007ff8c74a6000 	C:\Users\matia\.p2\pool\plugins\org.eclipse.justj.openjdk.hotspot.jre.full.win32.x86_64_17.0.4.v20220805-1047\jre\bin\server\jvm.dll
0x00007ff9139e0000 - 0x00007ff913a8e000 	C:\Windows\System32\ADVAPI32.dll
0x00007ff913360000 - 0x00007ff9133fc000 	C:\Windows\System32\sechost.dll
0x00007ff913a90000 - 0x00007ff913bb5000 	C:\Windows\System32\RPCRT4.dll
0x00007ff9128a0000 - 0x00007ff9128a8000 	C:\Windows\System32\PSAPI.DLL
0x00007ff9073b0000 - 0x00007ff9073d7000 	C:\Windows\SYSTEM32\WINMM.dll
0x00007ff90d1e0000 - 0x00007ff90d1e9000 	C:\Windows\SYSTEM32\WSOCK32.dll
0x00007ff90b410000 - 0x00007ff90b41a000 	C:\Windows\SYSTEM32\VERSION.dll
0x00007ff9138d0000 - 0x00007ff91393b000 	C:\Windows\System32\WS2_32.dll
0x00007ff90f1f0000 - 0x00007ff90f202000 	C:\Windows\SYSTEM32\kernel.appcore.dll
0x00007ff90c850000 - 0x00007ff90c85a000 	C:\Users\matia\.p2\pool\plugins\org.eclipse.justj.openjdk.hotspot.jre.full.win32.x86_64_17.0.4.v20220805-1047\jre\bin\jimage.dll
0x00007ff905c40000 - 0x00007ff905e24000 	C:\Windows\SYSTEM32\DBGHELP.DLL
0x00007ff903fb0000 - 0x00007ff903fdc000 	C:\Windows\SYSTEM32\dbgcore.DLL
0x00007ff9117a0000 - 0x00007ff911822000 	C:\Windows\System32\bcryptPrimitives.dll
0x00007ff90bea0000 - 0x00007ff90bec5000 	C:\Users\matia\.p2\pool\plugins\org.eclipse.justj.openjdk.hotspot.jre.full.win32.x86_64_17.0.4.v20220805-1047\jre\bin\java.dll
0x00007ff8ed0e0000 - 0x00007ff8ed0f8000 	C:\Users\matia\.p2\pool\plugins\org.eclipse.justj.openjdk.hotspot.jre.full.win32.x86_64_17.0.4.v20220805-1047\jre\bin\zip.dll
0x00007ff912a70000 - 0x00007ff9131b3000 	C:\Windows\System32\SHELL32.dll
0x00007ff90f3f0000 - 0x00007ff90fb82000 	C:\Windows\SYSTEM32\windows.storage.dll
0x00007ff911d80000 - 0x00007ff9120d4000 	C:\Windows\System32\combase.dll
0x00007ff910d70000 - 0x00007ff910da0000 	C:\Windows\SYSTEM32\Wldp.dll
0x00007ff9129c0000 - 0x00007ff912a6d000 	C:\Windows\System32\SHCORE.dll
0x00007ff912220000 - 0x00007ff912275000 	C:\Windows\System32\shlwapi.dll
0x00007ff911250000 - 0x00007ff91126f000 	C:\Windows\SYSTEM32\profapi.dll
0x00007ff8e6150000 - 0x00007ff8e6169000 	C:\Users\matia\.p2\pool\plugins\org.eclipse.justj.openjdk.hotspot.jre.full.win32.x86_64_17.0.4.v20220805-1047\jre\bin\net.dll
0x00007ff902860000 - 0x00007ff90296c000 	C:\Windows\SYSTEM32\WINHTTP.dll
0x00007ff910ad0000 - 0x00007ff910b3a000 	C:\Windows\system32\mswsock.dll
0x00007ff8e6130000 - 0x00007ff8e6145000 	C:\Users\matia\.p2\pool\plugins\org.eclipse.justj.openjdk.hotspot.jre.full.win32.x86_64_17.0.4.v20220805-1047\jre\bin\nio.dll
0x0000000067fb0000 - 0x0000000067fd9000 	C:\Users\matia\AppData\Local\Temp\libgdxmatia\e787ab0a\gdx64.dll
0x00007ff8ed270000 - 0x00007ff8ed2e5000 	C:\Users\matia\AppData\Local\Temp\lwjglmatia\3.3.1-build-7\lwjgl.dll
0x00007ff8c7640000 - 0x00007ff8c7899000 	C:\Users\matia\AppData\Local\Temp\lwjglmatia\3.3.1-build-7\jemalloc.dll
0x00007ff8e2f30000 - 0x00007ff8e2f91000 	C:\Users\matia\AppData\Local\Temp\lwjglmatia\3.3.1-build-7\glfw.dll
0x00007ff8ed220000 - 0x00007ff8ed265000 	C:\Windows\SYSTEM32\dinput8.dll
0x00007ff893360000 - 0x00007ff893371000 	C:\Windows\SYSTEM32\xinput1_4.dll
0x00007ff911550000 - 0x00007ff91159e000 	C:\Windows\System32\cfgmgr32.dll
0x00007ff9110c0000 - 0x00007ff9110ec000 	C:\Windows\SYSTEM32\DEVOBJ.dll
0x00007ff90ef00000 - 0x00007ff90ef2f000 	C:\Windows\SYSTEM32\dwmapi.dll
0x00007ff8ef640000 - 0x00007ff8ef792000 	C:\Windows\SYSTEM32\inputhost.dll
0x00007ff9128f0000 - 0x00007ff9129bd000 	C:\Windows\System32\OLEAUT32.dll
0x00007ff90ded0000 - 0x00007ff90e024000 	C:\Windows\SYSTEM32\wintypes.dll
0x00007ff90e900000 - 0x00007ff90e9f2000 	C:\Windows\SYSTEM32\CoreMessaging.dll
0x00007ff90c6f0000 - 0x00007ff90c7e6000 	C:\Windows\SYSTEM32\PROPSYS.dll
0x00007ff90e5a0000 - 0x00007ff90e8fe000 	C:\Windows\SYSTEM32\CoreUIComponents.dll
0x00007ff9104a0000 - 0x00007ff9104d3000 	C:\Windows\SYSTEM32\ntmarta.dll
0x00007ff90ed20000 - 0x00007ff90edbe000 	C:\Windows\system32\uxtheme.dll
0x00007ff911c60000 - 0x00007ff911d75000 	C:\Windows\System32\MSCTF.dll
0x00007ff8c57e0000 - 0x00007ff8c5977000 	C:\Users\matia\AppData\Local\Temp\lwjglmatia\3.3.1-build-7\OpenAL.dll
0x00007ff913400000 - 0x00007ff91352a000 	C:\Windows\System32\ole32.dll
0x00007ff913820000 - 0x00007ff9138cf000 	C:\Windows\System32\clbcatq.dll
0x00007ff90aea0000 - 0x00007ff90af25000 	C:\Windows\System32\MMDevApi.dll
0x00007ff90afa0000 - 0x00007ff90b122000 	C:\Windows\SYSTEM32\AUDIOSES.DLL
0x00007ff910890000 - 0x00007ff9108db000 	C:\Windows\SYSTEM32\powrprof.dll
0x00007ff910750000 - 0x00007ff910762000 	C:\Windows\SYSTEM32\UMPDC.dll
0x00007ff90ee00000 - 0x00007ff90ee14000 	C:\Windows\SYSTEM32\resourcepolicyclient.dll
0x00007ff8f27f0000 - 0x00007ff8f2915000 	C:\Windows\SYSTEM32\opengl32.dll
0x00007ff8f2bb0000 - 0x00007ff8f2bdc000 	C:\Windows\SYSTEM32\GLU32.dll
0x00007ff90ba10000 - 0x00007ff90bb07000 	C:\Windows\System32\AppXDeploymentClient.dll
0x00007ff86aed0000 - 0x00007ff86e801000 	C:\Windows\System32\DriverStore\FileRepository\nv_dispi.inf_amd64_009debfbd2e1619b\nvoglv64.dll
0x00007ff912430000 - 0x00007ff912898000 	C:\Windows\System32\SETUPAPI.dll
0x00007ff911310000 - 0x00007ff911337000 	C:\Windows\System32\bcrypt.dll
0x00007ff90cd00000 - 0x00007ff90cd14000 	C:\Windows\SYSTEM32\WTSAPI32.dll
0x00007ff910f00000 - 0x00007ff910f12000 	C:\Windows\SYSTEM32\msasn1.dll
0x00007ff9098f0000 - 0x00007ff909921000 	C:\Windows\SYSTEM32\cryptnet.dll
0x00007ff9115a0000 - 0x00007ff9116f6000 	C:\Windows\System32\CRYPT32.dll
0x00007ff909710000 - 0x00007ff909858000 	C:\Windows\SYSTEM32\drvstore.dll
0x00007ff910ce0000 - 0x00007ff910cec000 	C:\Windows\SYSTEM32\cryptbase.dll
0x00007ff911700000 - 0x00007ff91176a000 	C:\Windows\System32\WINTRUST.dll
0x00007ff907eb0000 - 0x00007ff907eeb000 	C:\Windows\SYSTEM32\dxcore.dll
0x00007ff894240000 - 0x00007ff89450f000 	C:\Windows\system32\nvspcap64.dll
0x00007ff910010000 - 0x00007ff910074000 	C:\Windows\SYSTEM32\WINSTA.dll
0x00007ff8dbf20000 - 0x00007ff8dbf7d000 	C:\Users\matia\AppData\Local\Temp\lwjglmatia\3.3.1-build-7\lwjgl_opengl.dll
0x00007ff8ef910000 - 0x00007ff8efa09000 	C:\Windows\SYSTEM32\textinputframework.dll
0x00007ff904530000 - 0x00007ff904596000 	C:\Windows\system32\Oleacc.dll
0x0000000067f50000 - 0x0000000067faa000 	C:\Users\matia\AppData\Local\Temp\libgdxmatia\888fe1bc\gdx-box2d64.dll

dbghelp: loaded successfully - version: 4.0.5 - missing functions: none
symbol engine: initialized successfully - sym options: 0x614 - pdb path: .;C:\Users\matia\.p2\pool\plugins\org.eclipse.justj.openjdk.hotspot.jre.full.win32.x86_64_17.0.4.v20220805-1047\jre\bin;C:\Windows\SYSTEM32;C:\Windows\WinSxS\amd64_microsoft.windows.common-controls_6595b64144ccf1df_6.0.19041.1110_none_60b5254171f9507e;C:\Users\matia\.p2\pool\plugins\org.eclipse.justj.openjdk.hotspot.jre.full.win32.x86_64_17.0.4.v20220805-1047\jre\bin\server;C:\Users\matia\AppData\Local\Temp\libgdxmatia\e787ab0a;C:\Users\matia\AppData\Local\Temp\lwjglmatia\3.3.1-build-7;C:\Windows\System32\DriverStore\FileRepository\nv_dispi.inf_amd64_009debfbd2e1619b;C:\Users\matia\AppData\Local\Temp\libgdxmatia\888fe1bc

VM Arguments:
jvm_args: -Dfile.encoding=UTF-8 -XX:+ShowCodeDetailsInExceptionMessages 
java_command: com.mygdx.game.DesktopLauncher
java_class_path (initial): G:\Mi unidad\PUCV\2do año\4to Semestre\Programación Avanzada\Jimbo Adventures, El origen (Beta)\desktop\bin\main;\Jimbo Adventures, El origen-core\bin\default;G:\Mi unidad\PUCV\2do año\4to Semestre\Programación Avanzada\Jimbo Adventures, El origen (Beta)\core\bin\main;C:\Users\matia\.gradle\caches\modules-2\files-2.1\com.badlogicgames.gdx\gdx-backend-lwjgl3\1.11.0\58a96db4cd349be4292d547856aa1e1c5f065f4e\gdx-backend-lwjgl3-1.11.0.jar;C:\Users\matia\.gradle\caches\modules-2\files-2.1\com.badlogicgames.gdx\gdx-platform\1.11.0\697fb13eada6d3c6ca648c9788692b0159add126\gdx-platform-1.11.0-natives-desktop.jar;C:\Users\matia\.gradle\caches\modules-2\files-2.1\com.badlogicgames.gdx\gdx-box2d-platform\1.11.0\62ff9baa1e57a11e0a4428a38c9660bf9f312fdc\gdx-box2d-platform-1.11.0-natives-desktop.jar;C:\Users\matia\.gradle\caches\modules-2\files-2.1\com.badlogicgames.gdx\gdx-bullet-platform\1.11.0\2c067b913a306ba26d482075297538ad91cdb88b\gdx-bullet-platform-1.11.0-natives-desktop.jar;C:\Users\matia\.gradle\caches\modules-2\files-2.1\com.badlogicgames.gdx\gdx-box2d\1.11.0\ad4facee800dd945d6d6e93dea2936bc135b5f\gdx-box2d-1.11.0.jar;C:\Users\matia\.gradle\caches\modules-2\files-2.1\com.badlogicgames.gdx\gdx-bullet\1.11.0\1eb83845fa655e7e8ab6bbb979d28b0502ad3302\gdx-bullet-1.11.0.jar;C:\Users\matia\.gradle\caches\modules-2\files-2.1\com.badlogicgames.gdx\gdx\1.11.0\ffe1206d1004cd9e40027e28964be0fea0399af7\gdx-1.11.0.jar;C:\Users\matia\.gradle\caches\modules-2\files-2.1\org.lwjgl\lwjgl-glfw\3.3.1\cbac1b8d30cb4795149c1ef540f912671a8616d0\lwjgl-glfw-3.3.1.jar;C:\Users\matia\.gradle\caches\modules-2\files-2.1\org.lwjgl\lwjgl-glfw\3.3.1\81716978214ecbda15050ca394b06ef61501a49e\lwjgl-glfw-3.3.1-natives-linux.jar;C:\Users\matia\.gradle\caches\modules-2\files-2.1\org.lwjgl\lwjgl-glfw\3.3.1\816d935933f2dd743074c4e717cc25b55720f294\lwjgl-glfw-3.3.1-natives-linux-arm32.jar;C:\Users\matia\.gradle\caches\modules-2\files-2.1\org.lwjgl\lwjgl-glfw\3.3.1\513eb39b866d0fe131a
Launcher Type: SUN_STANDARD

[Global flags]
     intx CICompilerCount                          = 4                                         {product} {ergonomic}
     uint ConcGCThreads                            = 3                                         {product} {ergonomic}
     uint G1ConcRefinementThreads                  = 10                                        {product} {ergonomic}
   size_t G1HeapRegionSize                         = 2097152                                   {product} {ergonomic}
    uintx GCDrainStackTargetSize                   = 64                                        {product} {ergonomic}
   size_t InitialHeapSize                          = 266338304                                 {product} {ergonomic}
   size_t MarkStackSize                            = 4194304                                   {product} {ergonomic}
   size_t MaxHeapSize                              = 4259315712                                {product} {ergonomic}
   size_t MaxNewSize                               = 2554331136                                {product} {ergonomic}
   size_t MinHeapDeltaBytes                        = 2097152                                   {product} {ergonomic}
   size_t MinHeapSize                              = 8388608                                   {product} {ergonomic}
    uintx NonNMethodCodeHeapSize                   = 5839372                                {pd product} {ergonomic}
    uintx NonProfiledCodeHeapSize                  = 122909434                              {pd product} {ergonomic}
    uintx ProfiledCodeHeapSize                     = 122909434                              {pd product} {ergonomic}
    uintx ReservedCodeCacheSize                    = 251658240                              {pd product} {ergonomic}
     bool SegmentedCodeCache                       = true                                      {product} {ergonomic}
     bool ShowCodeDetailsInExceptionMessages       = true                                   {manageable} {command line}
   size_t SoftMaxHeapSize                          = 4259315712                             {manageable} {ergonomic}
     bool UseCompressedClassPointers               = true                           {product lp64_product} {ergonomic}
     bool UseCompressedOops                        = true                           {product lp64_product} {ergonomic}
     bool UseG1GC                                  = true                                      {product} {ergonomic}
     bool UseLargePagesIndividualAllocation        = false                                  {pd product} {ergonomic}

Logging:
Log output configuration:
 #0: stdout all=warning uptime,level,tags
 #1: stderr all=off uptime,level,tags

Environment Variables:
PATH=C:/Users/matia/.p2/pool/plugins/org.eclipse.justj.openjdk.hotspot.jre.full.win32.x86_64_17.0.4.v20220805-1047/jre/bin/server;C:/Users/matia/.p2/pool/plugins/org.eclipse.justj.openjdk.hotspot.jre.full.win32.x86_64_17.0.4.v20220805-1047/jre/bin;C:\Program Files\Common Files\Oracle\Java\javapath;C:\Windows\system32;C:\Windows;C:\Windows\System32\Wbem;C:\Windows\System32\WindowsPowerShell\v1.0\;C:\Windows\System32\OpenSSH\;C:\Program Files\NVIDIA Corporation\NVIDIA NvDLISR;C:\Program Files (x86)\NVIDIA Corporation\PhysX\Common;C:\Program Files\Git\cmd;C:\TDM-GCC-64\bin;C:\Users\matia\AppData\Local\Microsoft\WindowsApps;;C:\Users\matia\AppData\Local\Programs\Microsoft VS Code\bin;C:\Users\matia\Desktop\Programación;
USERNAME=matia
OS=Windows_NT
PROCESSOR_IDENTIFIER=Intel64 Family 6 Model 165 Stepping 3, GenuineIntel
TMP=C:\Users\matia\AppData\Local\Temp
TEMP=C:\Users\matia\AppData\Local\Temp



---------------  S Y S T E M  ---------------

OS:
 Windows 10 , 64 bit Build 19041 (10.0.19041.2251)
OS uptime: 0 days 9:11 hours

CPU: total 12 (initial active 12) (6 cores per cpu, 2 threads per core) family 6 model 165 stepping 3 microcode 0xcc, cx8, cmov, fxsr, ht, mmx, 3dnowpref, sse, sse2, sse3, ssse3, sse4.1, sse4.2, popcnt, lzcnt, tsc, tscinvbit, avx, avx2, aes, erms, clmul, bmi1, bmi2, adx, fma, vzeroupper, clflush, clflushopt

Memory: 4k page, system-wide physical 16243M (5992M free)
TotalPageFile size 22899M (AvailPageFile size 5153M)
current process WorkingSet (physical memory assigned to process): 141M, peak: 165M
current process commit charge ("private bytes"): 573M, peak: 577M

vm_info: OpenJDK 64-Bit Server VM (17.0.4+8) for windows-amd64 JRE (17.0.4+8), built on Jul 19 2022 16:05:16 by "temurin" with MS VC++ 16.7 (VS2019)

END.
