#
# A fatal error has been detected by the Java Runtime Environment:
#
#  EXCEPTION_ACCESS_VIOLATION (0xc0000005) at pc=0x00000000679ee8ce, pid=5196, tid=7464
#
# JRE version: OpenJDK Runtime Environment Temurin-17.0.4+8 (17.0.4+8) (build 17.0.4+8)
# Java VM: OpenJDK 64-Bit Server VM Temurin-17.0.4+8 (17.0.4+8, mixed mode, tiered, compressed oops, compressed class ptrs, g1 gc, windows-amd64)
# Problematic frame:
# C  [gdx-box2d64.dll+0x1e8ce]
#
# No core dump will be written. Minidumps are not enabled by default on client versions of Windows
#
# If you would like to submit a bug report, please visit:
#   https://github.com/adoptium/adoptium-support/issues
# The crash happened outside the Java Virtual Machine in native code.
# See problematic frame for where to report the bug.
#

---------------  S U M M A R Y ------------

Command Line: -Dfile.encoding=UTF-8 -XX:+ShowCodeDetailsInExceptionMessages com.mygdx.game.DesktopLauncher

Host: Intel(R) Core(TM) i5-10400 CPU @ 2.90GHz, 12 cores, 15G,  Windows 10 , 64 bit Build 19041 (10.0.19041.2251)
Time: Sat Dec  3 02:57:21 2022 Hora verano Sudamérica Pacífico elapsed time: 5.037371 seconds (0d 0h 0m 5s)

---------------  T H R E A D  ---------------

Current thread (0x000001f8509eb110):  JavaThread "main" [_thread_in_native, id=7464, stack(0x000000620e200000,0x000000620e300000)]

Stack: [0x000000620e200000,0x000000620e300000],  sp=0x000000620e2feb80,  free space=1018k
Native frames: (J=compiled Java code, j=interpreted, Vv=VM code, C=native code)
C  [gdx-box2d64.dll+0x1e8ce]

Java frames: (J=compiled Java code, j=interpreted, Vv=VM code)
J 1352  com.badlogic.gdx.physics.box2d.Body.jniSetTransform(JFFF)V (0 bytes) @ 0x000001f85bc03273 [0x000001f85bc03220+0x0000000000000053]
j  com.badlogic.gdx.physics.box2d.Body.setTransform(Lcom/badlogic/gdx/math/Vector2;F)V+14
J 1261 c1 Patrones.Level.update(F)V (449 bytes) @ 0x000001f85487778c [0x000001f8548764c0+0x00000000000012cc]
J 1353 c1 Utils.Screens.render(F)V (37 bytes) @ 0x000001f85489889c [0x000001f854898780+0x000000000000011c]
J 1303 c1 com.badlogic.gdx.backends.lwjgl3.Lwjgl3Window.update()Z (217 bytes) @ 0x000001f85488638c [0x000001f854885600+0x0000000000000d8c]
j  com.badlogic.gdx.backends.lwjgl3.Lwjgl3Application.loop()V+111
j  com.badlogic.gdx.backends.lwjgl3.Lwjgl3Application.<init>(Lcom/badlogic/gdx/ApplicationListener;Lcom/badlogic/gdx/backends/lwjgl3/Lwjgl3ApplicationConfiguration;)V+269
j  com.mygdx.game.DesktopLauncher.main([Ljava/lang/String;)V+46
v  ~StubRoutines::call_stub

siginfo: EXCEPTION_ACCESS_VIOLATION (0xc0000005), reading address 0x000001f87166d708


Register to memory mapping:

RIP=0x00000000679ee8ce gdx-box2d64.dll
RAX={method} {0x000001f87377b590} 'jniSetTransform' '(JFFF)V' in 'com/badlogic/gdx/physics/box2d/Body'
RBX=0x000001f87166faf0 points into unknown readable memory: 0x000001f871654470 | 70 44 65 71 f8 01 00 00
RCX=0x000001f87166faf0 points into unknown readable memory: 0x000001f871654470 | 70 44 65 71 f8 01 00 00
RDX=0x000000620e2fec08 is pointing into the stack for thread: 0x000001f8509eb110
RSP=0x000000620e2feb80 is pointing into the stack for thread: 0x000001f8509eb110
RBP=0x000000620e2fec90 is pointing into the stack for thread: 0x000001f8509eb110
RSI=0x000000620e2fec08 is pointing into the stack for thread: 0x000001f8509eb110
RDI=0x000001f871654470 points into unknown readable memory: 0x000001f87acc71a0 | a0 71 cc 7a f8 01 00 00
R8 =0x000001f87166faf0 points into unknown readable memory: 0x000001f871654470 | 70 44 65 71 f8 01 00 00
R9 =0x0 is NULL
R10=0x00000000679f4680 gdx-box2d64.dll
R11=0x000001f85bc03240 is at entry_point+32 in (nmethod*)0x000001f85bc03090
R12=0x0 is NULL
R13=0x000000620e2fecb0 is pointing into the stack for thread: 0x000001f8509eb110
R14=0x000000620e2fed48 is pointing into the stack for thread: 0x000001f8509eb110
R15=0x000001f8509eb110 is a thread


Registers:
RAX=0x000001f87377b588, RBX=0x000001f87166faf0, RCX=0x000001f87166faf0, RDX=0x000000620e2fec08
RSP=0x000000620e2feb80, RBP=0x000000620e2fec90, RSI=0x000000620e2fec08, RDI=0x000001f871654470
R8 =0x000001f87166faf0, R9 =0x0000000000000000, R10=0x00000000679f4680, R11=0x000001f85bc03240
R12=0x0000000000000000, R13=0x000000620e2fecb0, R14=0x000000620e2fed48, R15=0x000001f8509eb110
RIP=0x00000000679ee8ce, EFLAGS=0x0000000000010202

Top of Stack: (sp=0x000000620e2feb80)
0x000000620e2feb80:   000000620e2feb80 0000000000000000
0x000000620e2feb90:   000000620e2fec08 000001f8702b2b60
0x000000620e2feba0:   0000000000000000 0000000000000000
0x000000620e2febb0:   0000000000000000 0000000000000000
0x000000620e2febc0:   000001f87377b588 00000007108ca830
0x000000620e2febd0:   00000007108283d0 00000000679f46a9
0x000000620e2febe0:   000001f8540baf78 00007ffaad00a0f0
0x000000620e2febf0:   0000000000000000 000001f872d4ee70
0x000000620e2fec00:   0000000000000000 40000000c0d00000
0x000000620e2fec10:   000000620e2fec10 000001f85bc03321
0x000000620e2fec20:   000000620e2fec88 000001f873400ea0
0x000000620e2fec30:   0000000000000000 00000007109fce98
0x000000620e2fec40:   000001f840000000 0000000000000000
0x000000620e2fec50:   00000007108ca830 000000620e2fecd8
0x000000620e2fec60:   000001f8540b94fe 00007ffaad00a0f0
0x000000620e2fec70:   0000000000000000 000001f872d4ee70 

Instructions: (pc=0x00000000679ee8ce)
0x00000000679ee7ce:   f3 0f 11 43 44 e9 c4 fe ff ff 0f 1f 84 00 00 00
0x00000000679ee7de:   00 00 48 8d 15 59 25 02 00 48 8d 0d b8 26 02 00
0x00000000679ee7ee:   41 b8 63 01 00 00 e8 97 53 01 00 48 8b 43 58 f6
0x00000000679ee7fe:   80 98 92 01 00 02 0f 85 92 fe ff ff e9 88 fe ff
0x00000000679ee80e:   ff 90 f3 0f 10 35 d0 28 02 00 f3 0f 11 b3 90 00
0x00000000679ee81e:   00 00 0f 28 ce 0f 28 c6 e9 c2 fe ff ff 0f 1f 44
0x00000000679ee82e:   00 00 48 8d 15 09 25 02 00 48 8d 0d 5d 26 02 00
0x00000000679ee83e:   41 b8 7d 01 00 00 e8 47 53 01 00 f3 0f 10 8b 98
0x00000000679ee84e:   00 00 00 e9 de fe ff ff 66 2e 0f 1f 84 00 00 00
0x00000000679ee85e:   00 00 83 39 02 74 0b 31 c0 83 3a 02 74 04 c3 0f
0x00000000679ee86e:   1f 00 48 8b 89 80 00 00 00 48 85 c9 75 0d eb 25
0x00000000679ee87e:   66 90 48 8b 49 18 48 85 c9 74 1a 48 39 11 75 f2
0x00000000679ee88e:   48 8b 41 08 0f b6 40 75 84 c0 74 d2 48 8b 49 18
0x00000000679ee89e:   48 85 c9 75 e6 b8 01 00 00 00 c3 90 66 0f 1f 44
0x00000000679ee8ae:   00 00 57 56 53 48 83 ec 40 0f 29 74 24 20 0f 29
0x00000000679ee8be:   7c 24 30 48 89 cb 48 89 d6 48 8b 79 58 0f 28 f2
0x00000000679ee8ce:   f6 87 98 92 01 00 02 0f 85 b5 00 00 00 0f 28 c6
0x00000000679ee8de:   48 81 c7 a0 92 01 00 e8 e6 55 01 00 0f 28 f8 f3
0x00000000679ee8ee:   0f 11 43 14 0f 28 c6 e8 e6 53 01 00 f3 0f 10 4b
0x00000000679ee8fe:   1c 48 8b 06 f3 0f 10 53 20 48 8b 73 70 0f 28 d9
0x00000000679ee90e:   f3 0f 59 c8 0f 28 e2 f3 0f 59 d7 f3 0f 59 df 48
0x00000000679ee91e:   89 43 0c 48 85 f6 f3 0f 59 e0 f3 0f 11 43 18 f3
0x00000000679ee92e:   0f 11 73 38 f3 0f 5c ca f3 0f 11 73 34 f3 0f 58
0x00000000679ee93e:   dc f3 0f 58 4b 0c f3 0f 58 5b 10 f3 0f 11 4b 2c
0x00000000679ee94e:   f3 0f 11 5b 30 48 8b 43 2c 48 89 43 24 74 1e 48
0x00000000679ee95e:   83 c3 0c 48 89 f1 49 89 d9 49 89 d8 48 89 fa e8
0x00000000679ee96e:   6e 0e 00 00 48 8b 76 08 48 85 f6 75 e6 0f 28 74
0x00000000679ee97e:   24 20 0f 28 7c 24 30 48 83 c4 40 5b 5e 5f c3 0f
0x00000000679ee98e:   1f 00 48 8d 15 a9 23 02 00 48 8d 0d 08 25 02 00
0x00000000679ee99e:   41 b8 a3 01 00 00 e8 e7 51 01 00 48 8b 7b 58 f6
0x00000000679ee9ae:   87 98 92 01 00 02 75 c5 e9 20 ff ff ff 90 0f 1f
0x00000000679ee9be:   40 00 55 57 56 53 48 83 ec 58 0f 29 74 24 30 0f 


Stack slot to memory mapping:
stack at sp + 0 slots: 0x000000620e2feb80 is pointing into the stack for thread: 0x000001f8509eb110
stack at sp + 1 slots: 0x0 is NULL
stack at sp + 2 slots: 0x000000620e2fec08 is pointing into the stack for thread: 0x000001f8509eb110
stack at sp + 3 slots: 0x000001f8702b2b60 is pointing into metadata
stack at sp + 4 slots: 0x0 is NULL
stack at sp + 5 slots: 0x0 is NULL
stack at sp + 6 slots: 0x0 is NULL
stack at sp + 7 slots: 0x0 is NULL


---------------  P R O C E S S  ---------------

Threads class SMR info:
_java_thread_list=0x000001f872c8c970, length=13, elements={
0x000001f8509eb110, 0x000001f870465020, 0x000001f870465e90, 0x000001f870437810,
0x000001f86f96c470, 0x000001f86f96ce20, 0x000001f86f96e510, 0x000001f87048b100,
0x000001f87048dac0, 0x000001f8704a7c90, 0x000001f87061c170, 0x000001f870638870,
0x000001f872e4d830
}

Java Threads: ( => current thread )
=>0x000001f8509eb110 JavaThread "main" [_thread_in_native, id=7464, stack(0x000000620e200000,0x000000620e300000)]
  0x000001f870465020 JavaThread "Reference Handler" daemon [_thread_blocked, id=9308, stack(0x000000620e900000,0x000000620ea00000)]
  0x000001f870465e90 JavaThread "Finalizer" daemon [_thread_blocked, id=15856, stack(0x000000620ea00000,0x000000620eb00000)]
  0x000001f870437810 JavaThread "Signal Dispatcher" daemon [_thread_blocked, id=10972, stack(0x000000620eb00000,0x000000620ec00000)]
  0x000001f86f96c470 JavaThread "Attach Listener" daemon [_thread_blocked, id=10308, stack(0x000000620ec00000,0x000000620ed00000)]
  0x000001f86f96ce20 JavaThread "Service Thread" daemon [_thread_blocked, id=10264, stack(0x000000620ed00000,0x000000620ee00000)]
  0x000001f86f96e510 JavaThread "Monitor Deflation Thread" daemon [_thread_blocked, id=19280, stack(0x000000620ee00000,0x000000620ef00000)]
  0x000001f87048b100 JavaThread "C2 CompilerThread0" daemon [_thread_blocked, id=14600, stack(0x000000620ef00000,0x000000620f000000)]
  0x000001f87048dac0 JavaThread "C1 CompilerThread0" daemon [_thread_blocked, id=3452, stack(0x000000620f000000,0x000000620f100000)]
  0x000001f8704a7c90 JavaThread "Sweeper thread" daemon [_thread_blocked, id=16908, stack(0x000000620f100000,0x000000620f200000)]
  0x000001f87061c170 JavaThread "Notification Thread" daemon [_thread_blocked, id=10980, stack(0x000000620f200000,0x000000620f300000)]
  0x000001f870638870 JavaThread "Common-Cleaner" daemon [_thread_blocked, id=3056, stack(0x000000620f400000,0x000000620f500000)]
  0x000001f872e4d830 JavaThread "LWJGL3 Timer" daemon [_thread_blocked, id=1744, stack(0x000000620ff00000,0x0000006210000000)]

Other Threads:
  0x000001f86f962ec0 VMThread "VM Thread" [stack: 0x000000620e800000,0x000000620e900000] [id=17880]
  0x000001f850a703c0 WatcherThread [stack: 0x000000620f300000,0x000000620f400000] [id=10044]
  0x000001f850a55900 GCTaskThread "GC Thread#0" [stack: 0x000000620e300000,0x000000620e400000] [id=6168]
  0x000001f872edbb50 GCTaskThread "GC Thread#1" [stack: 0x000000620fe00000,0x000000620ff00000] [id=8104]
  0x000001f872edbe00 GCTaskThread "GC Thread#2" [stack: 0x0000006210000000,0x0000006210100000] [id=9108]
  0x000001f872edc0b0 GCTaskThread "GC Thread#3" [stack: 0x0000006210100000,0x0000006210200000] [id=17016]
  0x000001f872ede370 GCTaskThread "GC Thread#4" [stack: 0x0000006210200000,0x0000006210300000] [id=18176]
  0x000001f872ede620 GCTaskThread "GC Thread#5" [stack: 0x0000006210300000,0x0000006210400000] [id=19364]
  0x000001f872ed5df0 GCTaskThread "GC Thread#6" [stack: 0x0000006210400000,0x0000006210500000] [id=4972]
  0x000001f872ed60a0 GCTaskThread "GC Thread#7" [stack: 0x0000006210500000,0x0000006210600000] [id=10252]
  0x000001f872eebd90 GCTaskThread "GC Thread#8" [stack: 0x0000006210600000,0x0000006210700000] [id=2076]
  0x000001f850a67e30 ConcurrentGCThread "G1 Main Marker" [stack: 0x000000620e400000,0x000000620e500000] [id=5036]
  0x000001f850a68840 ConcurrentGCThread "G1 Conc#0" [stack: 0x000000620e500000,0x000000620e600000] [id=10468]
  0x000001f850abec30 ConcurrentGCThread "G1 Refine#0" [stack: 0x000000620e600000,0x000000620e700000] [id=9720]
  0x000001f86f7fcc60 ConcurrentGCThread "G1 Service" [stack: 0x000000620e700000,0x000000620e800000] [id=16872]

Threads with active compile tasks:

VM state: not at safepoint (normal execution)

VM Mutex/Monitor currently owned by a thread: None

Heap address: 0x0000000702200000, size: 4062 MB, Compressed Oops mode: Zero based, Oop shift amount: 3

CDS archive(s) not mapped
Compressed class space mapped at: 0x0000000800000000-0x0000000840000000, reserved size: 1073741824
Narrow klass base: 0x0000000800000000, Narrow klass shift: 0, Narrow klass range: 0x40000000

GC Precious Log:
 CPUs: 12 total, 12 available
 Memory: 16243M
 Large Page Support: Disabled
 NUMA Support: Disabled
 Compressed Oops: Enabled (Zero based)
 Heap Region Size: 2M
 Heap Min Capacity: 8M
 Heap Initial Capacity: 254M
 Heap Max Capacity: 4062M
 Pre-touch: Disabled
 Parallel Workers: 10
 Concurrent Workers: 3
 Concurrent Refinement Workers: 10
 Periodic GC: Disabled

Heap:
 garbage-first heap   total 260096K, used 3178K [0x0000000702200000, 0x0000000800000000)
  region size 2048K, 3 young (6144K), 2 survivors (4096K)
 Metaspace       used 13072K, committed 13248K, reserved 1064960K
  class space    used 1023K, committed 1088K, reserved 1048576K

Heap Regions: E=young(eden), S=young(survivor), O=old, HS=humongous(starts), HC=humongous(continues), CS=collection set, F=free, OA=open archive, CA=closed archive, TAMS=top-at-mark-start (previous, next)
|   0|0x0000000702200000, 0x0000000702200000, 0x0000000702400000|  0%| F|  |TAMS 0x0000000702200000, 0x0000000702200000| Untracked 
|   1|0x0000000702400000, 0x0000000702400000, 0x0000000702600000|  0%| F|  |TAMS 0x0000000702400000, 0x0000000702400000| Untracked 
|   2|0x0000000702600000, 0x0000000702600000, 0x0000000702800000|  0%| F|  |TAMS 0x0000000702600000, 0x0000000702600000| Untracked 
|   3|0x0000000702800000, 0x0000000702800000, 0x0000000702a00000|  0%| F|  |TAMS 0x0000000702800000, 0x0000000702800000| Untracked 
|   4|0x0000000702a00000, 0x0000000702a00000, 0x0000000702c00000|  0%| F|  |TAMS 0x0000000702a00000, 0x0000000702a00000| Untracked 
|   5|0x0000000702c00000, 0x0000000702c00000, 0x0000000702e00000|  0%| F|  |TAMS 0x0000000702c00000, 0x0000000702c00000| Untracked 
|   6|0x0000000702e00000, 0x0000000702e00000, 0x0000000703000000|  0%| F|  |TAMS 0x0000000702e00000, 0x0000000702e00000| Untracked 
|   7|0x0000000703000000, 0x0000000703000000, 0x0000000703200000|  0%| F|  |TAMS 0x0000000703000000, 0x0000000703000000| Untracked 
|   8|0x0000000703200000, 0x0000000703200000, 0x0000000703400000|  0%| F|  |TAMS 0x0000000703200000, 0x0000000703200000| Untracked 
|   9|0x0000000703400000, 0x0000000703400000, 0x0000000703600000|  0%| F|  |TAMS 0x0000000703400000, 0x0000000703400000| Untracked 
|  10|0x0000000703600000, 0x0000000703600000, 0x0000000703800000|  0%| F|  |TAMS 0x0000000703600000, 0x0000000703600000| Untracked 
|  11|0x0000000703800000, 0x0000000703800000, 0x0000000703a00000|  0%| F|  |TAMS 0x0000000703800000, 0x0000000703800000| Untracked 
|  12|0x0000000703a00000, 0x0000000703a00000, 0x0000000703c00000|  0%| F|  |TAMS 0x0000000703a00000, 0x0000000703a00000| Untracked 
|  13|0x0000000703c00000, 0x0000000703c00000, 0x0000000703e00000|  0%| F|  |TAMS 0x0000000703c00000, 0x0000000703c00000| Untracked 
|  14|0x0000000703e00000, 0x0000000703e00000, 0x0000000704000000|  0%| F|  |TAMS 0x0000000703e00000, 0x0000000703e00000| Untracked 
|  15|0x0000000704000000, 0x0000000704000000, 0x0000000704200000|  0%| F|  |TAMS 0x0000000704000000, 0x0000000704000000| Untracked 
|  16|0x0000000704200000, 0x0000000704200000, 0x0000000704400000|  0%| F|  |TAMS 0x0000000704200000, 0x0000000704200000| Untracked 
|  17|0x0000000704400000, 0x0000000704400000, 0x0000000704600000|  0%| F|  |TAMS 0x0000000704400000, 0x0000000704400000| Untracked 
|  18|0x0000000704600000, 0x0000000704600000, 0x0000000704800000|  0%| F|  |TAMS 0x0000000704600000, 0x0000000704600000| Untracked 
|  19|0x0000000704800000, 0x0000000704800000, 0x0000000704a00000|  0%| F|  |TAMS 0x0000000704800000, 0x0000000704800000| Untracked 
|  20|0x0000000704a00000, 0x0000000704a00000, 0x0000000704c00000|  0%| F|  |TAMS 0x0000000704a00000, 0x0000000704a00000| Untracked 
|  21|0x0000000704c00000, 0x0000000704c00000, 0x0000000704e00000|  0%| F|  |TAMS 0x0000000704c00000, 0x0000000704c00000| Untracked 
|  22|0x0000000704e00000, 0x0000000704e00000, 0x0000000705000000|  0%| F|  |TAMS 0x0000000704e00000, 0x0000000704e00000| Untracked 
|  23|0x0000000705000000, 0x0000000705000000, 0x0000000705200000|  0%| F|  |TAMS 0x0000000705000000, 0x0000000705000000| Untracked 
|  24|0x0000000705200000, 0x0000000705200000, 0x0000000705400000|  0%| F|  |TAMS 0x0000000705200000, 0x0000000705200000| Untracked 
|  25|0x0000000705400000, 0x0000000705400000, 0x0000000705600000|  0%| F|  |TAMS 0x0000000705400000, 0x0000000705400000| Untracked 
|  26|0x0000000705600000, 0x0000000705600000, 0x0000000705800000|  0%| F|  |TAMS 0x0000000705600000, 0x0000000705600000| Untracked 
|  27|0x0000000705800000, 0x0000000705800000, 0x0000000705a00000|  0%| F|  |TAMS 0x0000000705800000, 0x0000000705800000| Untracked 
|  28|0x0000000705a00000, 0x0000000705a00000, 0x0000000705c00000|  0%| F|  |TAMS 0x0000000705a00000, 0x0000000705a00000| Untracked 
|  29|0x0000000705c00000, 0x0000000705c00000, 0x0000000705e00000|  0%| F|  |TAMS 0x0000000705c00000, 0x0000000705c00000| Untracked 
|  30|0x0000000705e00000, 0x0000000705e00000, 0x0000000706000000|  0%| F|  |TAMS 0x0000000705e00000, 0x0000000705e00000| Untracked 
|  31|0x0000000706000000, 0x0000000706000000, 0x0000000706200000|  0%| F|  |TAMS 0x0000000706000000, 0x0000000706000000| Untracked 
|  32|0x0000000706200000, 0x0000000706200000, 0x0000000706400000|  0%| F|  |TAMS 0x0000000706200000, 0x0000000706200000| Untracked 
|  33|0x0000000706400000, 0x0000000706400000, 0x0000000706600000|  0%| F|  |TAMS 0x0000000706400000, 0x0000000706400000| Untracked 
|  34|0x0000000706600000, 0x0000000706600000, 0x0000000706800000|  0%| F|  |TAMS 0x0000000706600000, 0x0000000706600000| Untracked 
|  35|0x0000000706800000, 0x0000000706800000, 0x0000000706a00000|  0%| F|  |TAMS 0x0000000706800000, 0x0000000706800000| Untracked 
|  36|0x0000000706a00000, 0x0000000706a00000, 0x0000000706c00000|  0%| F|  |TAMS 0x0000000706a00000, 0x0000000706a00000| Untracked 
|  37|0x0000000706c00000, 0x0000000706c00000, 0x0000000706e00000|  0%| F|  |TAMS 0x0000000706c00000, 0x0000000706c00000| Untracked 
|  38|0x0000000706e00000, 0x0000000706e00000, 0x0000000707000000|  0%| F|  |TAMS 0x0000000706e00000, 0x0000000706e00000| Untracked 
|  39|0x0000000707000000, 0x0000000707000000, 0x0000000707200000|  0%| F|  |TAMS 0x0000000707000000, 0x0000000707000000| Untracked 
|  40|0x0000000707200000, 0x0000000707200000, 0x0000000707400000|  0%| F|  |TAMS 0x0000000707200000, 0x0000000707200000| Untracked 
|  41|0x0000000707400000, 0x0000000707400000, 0x0000000707600000|  0%| F|  |TAMS 0x0000000707400000, 0x0000000707400000| Untracked 
|  42|0x0000000707600000, 0x0000000707600000, 0x0000000707800000|  0%| F|  |TAMS 0x0000000707600000, 0x0000000707600000| Untracked 
|  43|0x0000000707800000, 0x0000000707800000, 0x0000000707a00000|  0%| F|  |TAMS 0x0000000707800000, 0x0000000707800000| Untracked 
|  44|0x0000000707a00000, 0x0000000707a00000, 0x0000000707c00000|  0%| F|  |TAMS 0x0000000707a00000, 0x0000000707a00000| Untracked 
|  45|0x0000000707c00000, 0x0000000707c00000, 0x0000000707e00000|  0%| F|  |TAMS 0x0000000707c00000, 0x0000000707c00000| Untracked 
|  46|0x0000000707e00000, 0x0000000707e00000, 0x0000000708000000|  0%| F|  |TAMS 0x0000000707e00000, 0x0000000707e00000| Untracked 
|  47|0x0000000708000000, 0x0000000708000000, 0x0000000708200000|  0%| F|  |TAMS 0x0000000708000000, 0x0000000708000000| Untracked 
|  48|0x0000000708200000, 0x0000000708200000, 0x0000000708400000|  0%| F|  |TAMS 0x0000000708200000, 0x0000000708200000| Untracked 
|  49|0x0000000708400000, 0x0000000708400000, 0x0000000708600000|  0%| F|  |TAMS 0x0000000708400000, 0x0000000708400000| Untracked 
|  50|0x0000000708600000, 0x0000000708600000, 0x0000000708800000|  0%| F|  |TAMS 0x0000000708600000, 0x0000000708600000| Untracked 
|  51|0x0000000708800000, 0x0000000708800000, 0x0000000708a00000|  0%| F|  |TAMS 0x0000000708800000, 0x0000000708800000| Untracked 
|  52|0x0000000708a00000, 0x0000000708a00000, 0x0000000708c00000|  0%| F|  |TAMS 0x0000000708a00000, 0x0000000708a00000| Untracked 
|  53|0x0000000708c00000, 0x0000000708c00000, 0x0000000708e00000|  0%| F|  |TAMS 0x0000000708c00000, 0x0000000708c00000| Untracked 
|  54|0x0000000708e00000, 0x0000000708e00000, 0x0000000709000000|  0%| F|  |TAMS 0x0000000708e00000, 0x0000000708e00000| Untracked 
|  55|0x0000000709000000, 0x0000000709000000, 0x0000000709200000|  0%| F|  |TAMS 0x0000000709000000, 0x0000000709000000| Untracked 
|  56|0x0000000709200000, 0x0000000709200000, 0x0000000709400000|  0%| F|  |TAMS 0x0000000709200000, 0x0000000709200000| Untracked 
|  57|0x0000000709400000, 0x0000000709400000, 0x0000000709600000|  0%| F|  |TAMS 0x0000000709400000, 0x0000000709400000| Untracked 
|  58|0x0000000709600000, 0x0000000709600000, 0x0000000709800000|  0%| F|  |TAMS 0x0000000709600000, 0x0000000709600000| Untracked 
|  59|0x0000000709800000, 0x0000000709800000, 0x0000000709a00000|  0%| F|  |TAMS 0x0000000709800000, 0x0000000709800000| Untracked 
|  60|0x0000000709a00000, 0x0000000709a00000, 0x0000000709c00000|  0%| F|  |TAMS 0x0000000709a00000, 0x0000000709a00000| Untracked 
|  61|0x0000000709c00000, 0x0000000709c00000, 0x0000000709e00000|  0%| F|  |TAMS 0x0000000709c00000, 0x0000000709c00000| Untracked 
|  62|0x0000000709e00000, 0x0000000709e00000, 0x000000070a000000|  0%| F|  |TAMS 0x0000000709e00000, 0x0000000709e00000| Untracked 
|  63|0x000000070a000000, 0x000000070a000000, 0x000000070a200000|  0%| F|  |TAMS 0x000000070a000000, 0x000000070a000000| Untracked 
|  64|0x000000070a200000, 0x000000070a200000, 0x000000070a400000|  0%| F|  |TAMS 0x000000070a200000, 0x000000070a200000| Untracked 
|  65|0x000000070a400000, 0x000000070a400000, 0x000000070a600000|  0%| F|  |TAMS 0x000000070a400000, 0x000000070a400000| Untracked 
|  66|0x000000070a600000, 0x000000070a600000, 0x000000070a800000|  0%| F|  |TAMS 0x000000070a600000, 0x000000070a600000| Untracked 
|  67|0x000000070a800000, 0x000000070a800000, 0x000000070aa00000|  0%| F|  |TAMS 0x000000070a800000, 0x000000070a800000| Untracked 
|  68|0x000000070aa00000, 0x000000070aa00000, 0x000000070ac00000|  0%| F|  |TAMS 0x000000070aa00000, 0x000000070aa00000| Untracked 
|  69|0x000000070ac00000, 0x000000070ac00000, 0x000000070ae00000|  0%| F|  |TAMS 0x000000070ac00000, 0x000000070ac00000| Untracked 
|  70|0x000000070ae00000, 0x000000070ae00000, 0x000000070b000000|  0%| F|  |TAMS 0x000000070ae00000, 0x000000070ae00000| Untracked 
|  71|0x000000070b000000, 0x000000070b000000, 0x000000070b200000|  0%| F|  |TAMS 0x000000070b000000, 0x000000070b000000| Untracked 
|  72|0x000000070b200000, 0x000000070b200000, 0x000000070b400000|  0%| F|  |TAMS 0x000000070b200000, 0x000000070b200000| Untracked 
|  73|0x000000070b400000, 0x000000070b400000, 0x000000070b600000|  0%| F|  |TAMS 0x000000070b400000, 0x000000070b400000| Untracked 
|  74|0x000000070b600000, 0x000000070b600000, 0x000000070b800000|  0%| F|  |TAMS 0x000000070b600000, 0x000000070b600000| Untracked 
|  75|0x000000070b800000, 0x000000070b800000, 0x000000070ba00000|  0%| F|  |TAMS 0x000000070b800000, 0x000000070b800000| Untracked 
|  76|0x000000070ba00000, 0x000000070ba00000, 0x000000070bc00000|  0%| F|  |TAMS 0x000000070ba00000, 0x000000070ba00000| Untracked 
|  77|0x000000070bc00000, 0x000000070bc00000, 0x000000070be00000|  0%| F|  |TAMS 0x000000070bc00000, 0x000000070bc00000| Untracked 
|  78|0x000000070be00000, 0x000000070be00000, 0x000000070c000000|  0%| F|  |TAMS 0x000000070be00000, 0x000000070be00000| Untracked 
|  79|0x000000070c000000, 0x000000070c000000, 0x000000070c200000|  0%| F|  |TAMS 0x000000070c000000, 0x000000070c000000| Untracked 
|  80|0x000000070c200000, 0x000000070c200000, 0x000000070c400000|  0%| F|  |TAMS 0x000000070c200000, 0x000000070c200000| Untracked 
|  81|0x000000070c400000, 0x000000070c400000, 0x000000070c600000|  0%| F|  |TAMS 0x000000070c400000, 0x000000070c400000| Untracked 
|  82|0x000000070c600000, 0x000000070c600000, 0x000000070c800000|  0%| F|  |TAMS 0x000000070c600000, 0x000000070c600000| Untracked 
|  83|0x000000070c800000, 0x000000070c800000, 0x000000070ca00000|  0%| F|  |TAMS 0x000000070c800000, 0x000000070c800000| Untracked 
|  84|0x000000070ca00000, 0x000000070ca00000, 0x000000070cc00000|  0%| F|  |TAMS 0x000000070ca00000, 0x000000070ca00000| Untracked 
|  85|0x000000070cc00000, 0x000000070cc00000, 0x000000070ce00000|  0%| F|  |TAMS 0x000000070cc00000, 0x000000070cc00000| Untracked 
|  86|0x000000070ce00000, 0x000000070ce00000, 0x000000070d000000|  0%| F|  |TAMS 0x000000070ce00000, 0x000000070ce00000| Untracked 
|  87|0x000000070d000000, 0x000000070d000000, 0x000000070d200000|  0%| F|  |TAMS 0x000000070d000000, 0x000000070d000000| Untracked 
|  88|0x000000070d200000, 0x000000070d200000, 0x000000070d400000|  0%| F|  |TAMS 0x000000070d200000, 0x000000070d200000| Untracked 
|  89|0x000000070d400000, 0x000000070d400000, 0x000000070d600000|  0%| F|  |TAMS 0x000000070d400000, 0x000000070d400000| Untracked 
|  90|0x000000070d600000, 0x000000070d600000, 0x000000070d800000|  0%| F|  |TAMS 0x000000070d600000, 0x000000070d600000| Untracked 
|  91|0x000000070d800000, 0x000000070d800000, 0x000000070da00000|  0%| F|  |TAMS 0x000000070d800000, 0x000000070d800000| Untracked 
|  92|0x000000070da00000, 0x000000070da00000, 0x000000070dc00000|  0%| F|  |TAMS 0x000000070da00000, 0x000000070da00000| Untracked 
|  93|0x000000070dc00000, 0x000000070dc00000, 0x000000070de00000|  0%| F|  |TAMS 0x000000070dc00000, 0x000000070dc00000| Untracked 
|  94|0x000000070de00000, 0x000000070de00000, 0x000000070e000000|  0%| F|  |TAMS 0x000000070de00000, 0x000000070de00000| Untracked 
|  95|0x000000070e000000, 0x000000070e000000, 0x000000070e200000|  0%| F|  |TAMS 0x000000070e000000, 0x000000070e000000| Untracked 
|  96|0x000000070e200000, 0x000000070e200000, 0x000000070e400000|  0%| F|  |TAMS 0x000000070e200000, 0x000000070e200000| Untracked 
|  97|0x000000070e400000, 0x000000070e400000, 0x000000070e600000|  0%| F|  |TAMS 0x000000070e400000, 0x000000070e400000| Untracked 
|  98|0x000000070e600000, 0x000000070e600000, 0x000000070e800000|  0%| F|  |TAMS 0x000000070e600000, 0x000000070e600000| Untracked 
|  99|0x000000070e800000, 0x000000070e800000, 0x000000070ea00000|  0%| F|  |TAMS 0x000000070e800000, 0x000000070e800000| Untracked 
| 100|0x000000070ea00000, 0x000000070ea00000, 0x000000070ec00000|  0%| F|  |TAMS 0x000000070ea00000, 0x000000070ea00000| Untracked 
| 101|0x000000070ec00000, 0x000000070ec00000, 0x000000070ee00000|  0%| F|  |TAMS 0x000000070ec00000, 0x000000070ec00000| Untracked 
| 102|0x000000070ee00000, 0x000000070ee00000, 0x000000070f000000|  0%| F|  |TAMS 0x000000070ee00000, 0x000000070ee00000| Untracked 
| 103|0x000000070f000000, 0x000000070f000000, 0x000000070f200000|  0%| F|  |TAMS 0x000000070f000000, 0x000000070f000000| Untracked 
| 104|0x000000070f200000, 0x000000070f200000, 0x000000070f400000|  0%| F|  |TAMS 0x000000070f200000, 0x000000070f200000| Untracked 
| 105|0x000000070f400000, 0x000000070f400000, 0x000000070f600000|  0%| F|  |TAMS 0x000000070f400000, 0x000000070f400000| Untracked 
| 106|0x000000070f600000, 0x000000070f600000, 0x000000070f800000|  0%| F|  |TAMS 0x000000070f600000, 0x000000070f600000| Untracked 
| 107|0x000000070f800000, 0x000000070f800000, 0x000000070fa00000|  0%| F|  |TAMS 0x000000070f800000, 0x000000070f800000| Untracked 
| 108|0x000000070fa00000, 0x000000070fa00000, 0x000000070fc00000|  0%| F|  |TAMS 0x000000070fa00000, 0x000000070fa00000| Untracked 
| 109|0x000000070fc00000, 0x000000070fc00000, 0x000000070fe00000|  0%| F|  |TAMS 0x000000070fc00000, 0x000000070fc00000| Untracked 
| 110|0x000000070fe00000, 0x000000070fe00000, 0x0000000710000000|  0%| F|  |TAMS 0x000000070fe00000, 0x000000070fe00000| Untracked 
| 111|0x0000000710000000, 0x0000000710000000, 0x0000000710200000|  0%| F|  |TAMS 0x0000000710000000, 0x0000000710000000| Untracked 
| 112|0x0000000710200000, 0x0000000710200000, 0x0000000710400000|  0%| F|  |TAMS 0x0000000710200000, 0x0000000710200000| Untracked 
| 113|0x0000000710400000, 0x0000000710400000, 0x0000000710600000|  0%| F|  |TAMS 0x0000000710400000, 0x0000000710400000| Untracked 
| 114|0x0000000710600000, 0x000000071071aa70, 0x0000000710800000| 55%| S|CS|TAMS 0x0000000710600000, 0x0000000710600000| Complete 
| 115|0x0000000710800000, 0x0000000710a00000, 0x0000000710a00000|100%| S|CS|TAMS 0x0000000710800000, 0x0000000710800000| Complete 
| 116|0x0000000710a00000, 0x0000000710a00000, 0x0000000710c00000|  0%| F|  |TAMS 0x0000000710a00000, 0x0000000710a00000| Untracked 
| 117|0x0000000710c00000, 0x0000000710c00000, 0x0000000710e00000|  0%| F|  |TAMS 0x0000000710c00000, 0x0000000710c00000| Untracked 
| 118|0x0000000710e00000, 0x0000000710e00000, 0x0000000711000000|  0%| F|  |TAMS 0x0000000710e00000, 0x0000000710e00000| Untracked 
| 119|0x0000000711000000, 0x0000000711000000, 0x0000000711200000|  0%| F|  |TAMS 0x0000000711000000, 0x0000000711000000| Untracked 
| 120|0x0000000711200000, 0x0000000711200000, 0x0000000711400000|  0%| F|  |TAMS 0x0000000711200000, 0x0000000711200000| Untracked 
| 121|0x0000000711400000, 0x0000000711400000, 0x0000000711600000|  0%| F|  |TAMS 0x0000000711400000, 0x0000000711400000| Untracked 
| 122|0x0000000711600000, 0x0000000711600000, 0x0000000711800000|  0%| F|  |TAMS 0x0000000711600000, 0x0000000711600000| Untracked 
| 123|0x0000000711800000, 0x0000000711800000, 0x0000000711a00000|  0%| F|  |TAMS 0x0000000711800000, 0x0000000711800000| Untracked 
| 124|0x0000000711a00000, 0x0000000711a00000, 0x0000000711c00000|  0%| F|  |TAMS 0x0000000711a00000, 0x0000000711a00000| Untracked 
| 125|0x0000000711c00000, 0x0000000711c00000, 0x0000000711e00000|  0%| F|  |TAMS 0x0000000711c00000, 0x0000000711c00000| Untracked 
| 126|0x0000000711e00000, 0x0000000712000000, 0x0000000712000000|100%| E|  |TAMS 0x0000000711e00000, 0x0000000711e00000| Complete 

Card table byte_map: [0x000001f863df0000,0x000001f8645e0000] _byte_map_base: 0x000001f8605df000

Marking Bits (Prev, Next): (CMBitMap*) 0x000001f850a56f20, (CMBitMap*) 0x000001f850a56f60
 Prev Bits: [0x000001f864dd0000, 0x000001f868d48000)
 Next Bits: [0x000001f868d50000, 0x000001f86ccc8000)

Polling page: 0x000001f8501c0000

Metaspace:

Usage:
  Non-class:     11.77 MB used.
      Class:   1023.52 KB used.
       Both:     12.77 MB used.

Virtual space:
  Non-class space:       16.00 MB reserved,      11.88 MB ( 74%) committed,  2 nodes.
      Class space:        1.00 GB reserved,       1.06 MB ( <1%) committed,  1 nodes.
             Both:        1.02 GB reserved,      12.94 MB (  1%) committed. 

Chunk freelists:
   Non-Class:  176.00 KB
       Class:  2.97 MB
        Both:  3.14 MB

MaxMetaspaceSize: unlimited
CompressedClassSpaceSize: 1.00 GB
Initial GC threshold: 21.00 MB
Current GC threshold: 21.00 MB
CDS: off
MetaspaceReclaimPolicy: balanced
 - commit_granule_bytes: 65536.
 - commit_granule_words: 8192.
 - virtual_space_node_default_size: 1048576.
 - enlarge_chunks_in_place: 1.
 - new_chunks_are_fully_committed: 0.
 - uncommit_free_chunks: 1.
 - use_allocation_guard: 0.
 - handle_deallocations: 1.


Internal statistics:

num_allocs_failed_limit: 0.
num_arena_births: 66.
num_arena_deaths: 0.
num_vsnodes_births: 3.
num_vsnodes_deaths: 0.
num_space_committed: 205.
num_space_uncommitted: 0.
num_chunks_returned_to_freelist: 0.
num_chunks_taken_from_freelist: 249.
num_chunk_merges: 0.
num_chunk_splits: 175.
num_chunks_enlarged: 145.
num_purges: 0.
num_inconsistent_stats: 0.

CodeHeap 'non-profiled nmethods': size=120000Kb used=554Kb max_used=554Kb free=119445Kb
 bounds [0x000001f85bb80000, 0x000001f85bdf0000, 0x000001f8630b0000]
CodeHeap 'profiled nmethods': size=120000Kb used=2379Kb max_used=2379Kb free=117620Kb
 bounds [0x000001f854650000, 0x000001f8548c0000, 0x000001f85bb80000]
CodeHeap 'non-nmethods': size=5760Kb used=1627Kb max_used=1657Kb free=4132Kb
 bounds [0x000001f8540b0000, 0x000001f854320000, 0x000001f854650000]
 total_blobs=2459 nmethods=1392 adapters=980
 compilation: enabled
              stopped_count=0, restarted_count=0
 full_count=0

Compilation events (20 events):
Event: 4.730 Thread 0x000001f87048dac0 nmethod 1380 0x000001f85489e910 code [0x000001f85489eaa0, 0x000001f85489ebb8]
Event: 4.964 Thread 0x000001f87048b100 1381       4       com.badlogic.gdx.math.Vector3::sub (23 bytes)
Event: 4.964 Thread 0x000001f87048b100 nmethod 1381 0x000001f85bc05c90 code [0x000001f85bc05e00, 0x000001f85bc05eb8]
Event: 5.006 Thread 0x000001f87048dac0 1382       3       com.badlogic.gdx.math.Vector3::<init> (5 bytes)
Event: 5.006 Thread 0x000001f87048dac0 nmethod 1382 0x000001f85489ec90 code [0x000001f85489ee20, 0x000001f85489ef78]
Event: 5.018 Thread 0x000001f87048b100 1383       4       java.lang.CharacterDataLatin1::digit (32 bytes)
Event: 5.018 Thread 0x000001f87048dac0 1385       3       java.util.StringTokenizer::setMaxDelimCodePoint (156 bytes)
Event: 5.018 Thread 0x000001f87048b100 nmethod 1383 0x000001f85bc05f90 code [0x000001f85bc06120, 0x000001f85bc06218]
Event: 5.018 Thread 0x000001f87048b100 1386   !   4       java.io.BufferedReader::readLine (327 bytes)
Event: 5.019 Thread 0x000001f87048dac0 nmethod 1385 0x000001f85489f010 code [0x000001f85489f280, 0x000001f85489ffd8]
Event: 5.019 Thread 0x000001f87048dac0 1389       3       java.lang.AbstractStringBuilder::appendChars (130 bytes)
Event: 5.019 Thread 0x000001f87048dac0 nmethod 1389 0x000001f8548a0490 code [0x000001f8548a0680, 0x000001f8548a0c28]
Event: 5.019 Thread 0x000001f87048dac0 1384       3       java.util.StringTokenizer::<init> (52 bytes)
Event: 5.019 Thread 0x000001f87048dac0 nmethod 1384 0x000001f8548a0e90 code [0x000001f8548a1060, 0x000001f8548a13e8]
Event: 5.019 Thread 0x000001f87048dac0 1387       3       java.util.StringTokenizer::<init> (8 bytes)
Event: 5.019 Thread 0x000001f87048dac0 nmethod 1387 0x000001f8548a1590 code [0x000001f8548a1720, 0x000001f8548a1868]
Event: 5.019 Thread 0x000001f87048dac0 1391       3       java.lang.Math::min (46 bytes)
Event: 5.019 Thread 0x000001f87048dac0 nmethod 1391 0x000001f8548a1910 code [0x000001f8548a1ac0, 0x000001f8548a1e18]
Event: 5.020 Thread 0x000001f87048dac0 1392       3       com.badlogic.gdx.graphics.g2d.BitmapFont$BitmapFontData::setGlyphRegion (402 bytes)
Event: 5.021 Thread 0x000001f87048dac0 nmethod 1392 0x000001f8548a1e90 code [0x000001f8548a20c0, 0x000001f8548a2c78]

GC Heap History (2 events):
Event: 2.205 GC heap before
{Heap before GC invocations=0 (full 0):
 garbage-first heap   total 260096K, used 26624K [0x0000000702200000, 0x0000000800000000)
  region size 2048K, 11 young (22528K), 0 survivors (0K)
 Metaspace       used 12850K, committed 12992K, reserved 1064960K
  class space    used 1018K, committed 1088K, reserved 1048576K
}
Event: 2.207 GC heap after
{Heap after GC invocations=1 (full 0):
 garbage-first heap   total 260096K, used 3178K [0x0000000702200000, 0x0000000800000000)
  region size 2048K, 2 young (4096K), 2 survivors (4096K)
 Metaspace       used 12850K, committed 12992K, reserved 1064960K
  class space    used 1018K, committed 1088K, reserved 1048576K
}

Deoptimization events (20 events):
Event: 0.762 Thread 0x000001f8509eb110 Uncommon trap: trap_request=0xffffff45 fr.pc=0x000001f85bbc8364 relative=0x00000000000000c4
Event: 0.762 Thread 0x000001f8509eb110 Uncommon trap: reason=unstable_if action=reinterpret pc=0x000001f85bbc8364 method=sun.net.www.ParseUtil.match(CJJ)Z @ 13 c2
Event: 0.762 Thread 0x000001f8509eb110 DEOPT PACKING pc=0x000001f85bbc8364 sp=0x000000620e2fdc50
Event: 0.762 Thread 0x000001f8509eb110 DEOPT UNPACKING pc=0x000001f8541023a3 sp=0x000000620e2fdb60 mode 2
Event: 1.101 Thread 0x000001f8509eb110 DEOPT PACKING pc=0x000001f8547d80d6 sp=0x000000620e2fee20
Event: 1.101 Thread 0x000001f8509eb110 DEOPT UNPACKING pc=0x000001f854102b43 sp=0x000000620e2fe368 mode 0
Event: 1.110 Thread 0x000001f8509eb110 DEOPT PACKING pc=0x000001f8547d80d6 sp=0x000000620e2fee20
Event: 1.110 Thread 0x000001f8509eb110 DEOPT UNPACKING pc=0x000001f854102b43 sp=0x000000620e2fe368 mode 0
Event: 1.786 Thread 0x000001f8509eb110 Uncommon trap: trap_request=0xffffff45 fr.pc=0x000001f85bbbb164 relative=0x0000000000000104
Event: 1.786 Thread 0x000001f8509eb110 Uncommon trap: reason=unstable_if action=reinterpret pc=0x000001f85bbbb164 method=java.io.WinNTFileSystem.normalize(Ljava/lang/String;)Ljava/lang/String; @ 74 c2
Event: 1.786 Thread 0x000001f8509eb110 DEOPT PACKING pc=0x000001f85bbbb164 sp=0x000000620e2fea80
Event: 1.786 Thread 0x000001f8509eb110 DEOPT UNPACKING pc=0x000001f8541023a3 sp=0x000000620e2fea58 mode 2
Event: 2.195 Thread 0x000001f8509eb110 Uncommon trap: trap_request=0xffffffd6 fr.pc=0x000001f85bbd6b34 relative=0x00000000000001f4
Event: 2.195 Thread 0x000001f8509eb110 Uncommon trap: reason=array_check action=maybe_recompile pc=0x000001f85bbd6b34 method=com.badlogic.gdx.utils.Array.add(Ljava/lang/Object;)V @ 46 c2
Event: 2.195 Thread 0x000001f8509eb110 DEOPT PACKING pc=0x000001f85bbd6b34 sp=0x000000620e2febd0
Event: 2.195 Thread 0x000001f8509eb110 DEOPT UNPACKING pc=0x000001f8541023a3 sp=0x000000620e2feb78 mode 2
Event: 5.022 Thread 0x000001f8509eb110 Uncommon trap: trap_request=0xffffffd6 fr.pc=0x000001f85bbd6b34 relative=0x00000000000001f4
Event: 5.022 Thread 0x000001f8509eb110 Uncommon trap: reason=array_check action=maybe_recompile pc=0x000001f85bbd6b34 method=com.badlogic.gdx.utils.Array.add(Ljava/lang/Object;)V @ 46 c2
Event: 5.022 Thread 0x000001f8509eb110 DEOPT PACKING pc=0x000001f85bbd6b34 sp=0x000000620e2fec00
Event: 5.022 Thread 0x000001f8509eb110 DEOPT UNPACKING pc=0x000001f8541023a3 sp=0x000000620e2feba8 mode 2

Classes unloaded (0 events):
No events

Classes redefined (0 events):
No events

Internal exceptions (20 events):
Event: 0.260 Thread 0x000001f8509eb110 Exception <a 'java/lang/NoSuchMethodError'{0x00000007118c69f0}: 'int java.lang.invoke.DirectMethodHandle$Holder.invokeSpecial(java.lang.Object, java.lang.Object, java.lang.Object)'> (0x00000007118c69f0) 
thrown [s\src\hotspot\share\interpreter\linkResolver.cpp, line 759]
Event: 0.285 Thread 0x000001f8509eb110 Exception <a 'sun/nio/fs/WindowsException'{0x0000000711969700}> (0x0000000711969700) 
thrown [s\src\hotspot\share\prims\jni.cpp, line 516]
Event: 0.285 Thread 0x000001f8509eb110 Exception <a 'sun/nio/fs/WindowsException'{0x0000000711969c50}> (0x0000000711969c50) 
thrown [s\src\hotspot\share\prims\jni.cpp, line 516]
Event: 0.295 Thread 0x000001f8509eb110 Exception <a 'java/lang/NoSuchMethodError'{0x00000007119ad5c8}: 'int java.lang.invoke.DirectMethodHandle$Holder.invokeStaticInit(java.lang.Object, java.lang.Object, int, long)'> (0x00000007119ad5c8) 
thrown [s\src\hotspot\share\interpreter\linkResolver.cpp, line 759]
Event: 0.296 Thread 0x000001f8509eb110 Exception <a 'java/lang/NoSuchMethodError'{0x00000007119b2e90}: 'java.lang.Object java.lang.invoke.DirectMethodHandle$Holder.newInvokeSpecial(java.lang.Object, java.lang.Object, int)'> (0x00000007119b2e90) 
thrown [s\src\hotspot\share\interpreter\linkResolver.cpp, line 759]
Event: 0.297 Thread 0x000001f8509eb110 Exception <a 'java/lang/NoSuchMethodError'{0x00000007119c7ff8}: 'int java.lang.invoke.DirectMethodHandle$Holder.invokeStaticInit(java.lang.Object, java.lang.Object, long, long)'> (0x00000007119c7ff8) 
thrown [s\src\hotspot\share\interpreter\linkResolver.cpp, line 759]
Event: 0.298 Thread 0x000001f8509eb110 Exception <a 'java/lang/NoSuchMethodError'{0x00000007119ce108}: 'java.lang.Object java.lang.invoke.DirectMethodHandle$Holder.newInvokeSpecial(java.lang.Object, java.lang.Object, long)'> (0x00000007119ce108) 
thrown [s\src\hotspot\share\interpreter\linkResolver.cpp, line 759]
Event: 0.298 Thread 0x000001f8509eb110 Exception <a 'java/lang/NoSuchMethodError'{0x00000007119d2150}: 'java.lang.Object java.lang.invoke.Invokers$Holder.linkToTargetMethod(java.lang.Object, long, java.lang.Object)'> (0x00000007119d2150) 
thrown [s\src\hotspot\share\interpreter\linkResolver.cpp, line 759]
Event: 0.299 Thread 0x000001f8509eb110 Exception <a 'java/lang/NoSuchMethodError'{0x00000007119d9868}: 'int java.lang.invoke.DirectMethodHandle$Holder.invokeStaticInit(java.lang.Object, java.lang.Object, java.lang.Object, long)'> (0x00000007119d9868) 
thrown [s\src\hotspot\share\interpreter\linkResolver.cpp, line 759]
Event: 0.316 Thread 0x000001f8509eb110 Exception <a 'sun/nio/fs/WindowsException'{0x0000000711696f38}> (0x0000000711696f38) 
thrown [s\src\hotspot\share\prims\jni.cpp, line 516]
Event: 0.316 Thread 0x000001f8509eb110 Exception <a 'sun/nio/fs/WindowsException'{0x00000007116972c8}> (0x00000007116972c8) 
thrown [s\src\hotspot\share\prims\jni.cpp, line 516]
Event: 0.336 Thread 0x000001f8509eb110 Exception <a 'sun/nio/fs/WindowsException'{0x000000071175bdf8}> (0x000000071175bdf8) 
thrown [s\src\hotspot\share\prims\jni.cpp, line 516]
Event: 0.336 Thread 0x000001f8509eb110 Exception <a 'sun/nio/fs/WindowsException'{0x000000071175c158}> (0x000000071175c158) 
thrown [s\src\hotspot\share\prims\jni.cpp, line 516]
Event: 0.372 Thread 0x000001f8509eb110 Exception <a 'sun/nio/fs/WindowsException'{0x00000007117f7cd8}> (0x00000007117f7cd8) 
thrown [s\src\hotspot\share\prims\jni.cpp, line 516]
Event: 0.372 Thread 0x000001f8509eb110 Exception <a 'sun/nio/fs/WindowsException'{0x00000007117f8058}> (0x00000007117f8058) 
thrown [s\src\hotspot\share\prims\jni.cpp, line 516]
Event: 0.406 Thread 0x000001f8509eb110 Exception <a 'java/lang/NoSuchMethodError'{0x0000000711447000}: 'java.lang.Object java.lang.invoke.DirectMethodHandle$Holder.newInvokeSpecial(java.lang.Object, long)'> (0x0000000711447000) 
thrown [s\src\hotspot\share\interpreter\linkResolver.cpp, line 759]
Event: 0.537 Thread 0x000001f8509eb110 Exception <a 'sun/nio/fs/WindowsException'{0x0000000711583cb8}> (0x0000000711583cb8) 
thrown [s\src\hotspot\share\prims\jni.cpp, line 516]
Event: 0.537 Thread 0x000001f8509eb110 Exception <a 'sun/nio/fs/WindowsException'{0x0000000711584060}> (0x0000000711584060) 
thrown [s\src\hotspot\share\prims\jni.cpp, line 516]
Event: 0.540 Thread 0x000001f8509eb110 Exception <a 'sun/nio/fs/WindowsException'{0x00000007115943c8}> (0x00000007115943c8) 
thrown [s\src\hotspot\share\prims\jni.cpp, line 516]
Event: 0.541 Thread 0x000001f8509eb110 Exception <a 'sun/nio/fs/WindowsException'{0x00000007115946a8}> (0x00000007115946a8) 
thrown [s\src\hotspot\share\prims\jni.cpp, line 516]

VM Operations (18 events):
Event: 0.136 Executing VM operation: HandshakeAllThreads
Event: 0.136 Executing VM operation: HandshakeAllThreads done
Event: 0.212 Executing VM operation: HandshakeAllThreads
Event: 0.212 Executing VM operation: HandshakeAllThreads done
Event: 0.259 Executing VM operation: HandshakeAllThreads
Event: 0.259 Executing VM operation: HandshakeAllThreads done
Event: 0.608 Executing VM operation: HandshakeAllThreads
Event: 0.608 Executing VM operation: HandshakeAllThreads done
Event: 1.611 Executing VM operation: Cleanup
Event: 1.611 Executing VM operation: Cleanup done
Event: 1.650 Executing VM operation: HandshakeAllThreads
Event: 1.650 Executing VM operation: HandshakeAllThreads done
Event: 2.204 Executing VM operation: HandshakeAllThreads
Event: 2.204 Executing VM operation: HandshakeAllThreads done
Event: 2.205 Executing VM operation: G1CollectForAllocation
Event: 2.207 Executing VM operation: G1CollectForAllocation done
Event: 4.207 Executing VM operation: Cleanup
Event: 4.207 Executing VM operation: Cleanup done

Events (20 events):
Event: 0.860 Thread 0x000001f872c71770 Thread exited: 0x000001f872c71770
Event: 1.636 loading class java/io/FileReader
Event: 1.636 loading class java/io/FileReader done
Event: 1.650 Loaded shared library C:\Users\matia\AppData\Local\Temp\libgdxmatia\888fe1bc\gdx-box2d64.dll
Event: 1.773 loading class jdk/internal/math/FloatingDecimal
Event: 1.773 loading class jdk/internal/math/FloatingDecimal done
Event: 1.773 loading class jdk/internal/math/FloatingDecimal$ExceptionalBinaryToASCIIBuffer
Event: 1.773 loading class jdk/internal/math/FloatingDecimal$BinaryToASCIIConverter
Event: 1.773 loading class jdk/internal/math/FloatingDecimal$BinaryToASCIIConverter done
Event: 1.773 loading class jdk/internal/math/FloatingDecimal$ExceptionalBinaryToASCIIBuffer done
Event: 1.773 loading class jdk/internal/math/FloatingDecimal$BinaryToASCIIBuffer
Event: 1.773 loading class jdk/internal/math/FloatingDecimal$BinaryToASCIIBuffer done
Event: 1.773 loading class jdk/internal/math/FloatingDecimal$1
Event: 1.773 loading class jdk/internal/math/FloatingDecimal$1 done
Event: 1.773 loading class jdk/internal/math/FloatingDecimal$PreparedASCIIToBinaryBuffer
Event: 1.773 loading class jdk/internal/math/FloatingDecimal$ASCIIToBinaryConverter
Event: 1.773 loading class jdk/internal/math/FloatingDecimal$ASCIIToBinaryConverter done
Event: 1.773 loading class jdk/internal/math/FloatingDecimal$PreparedASCIIToBinaryBuffer done
Event: 1.773 loading class jdk/internal/math/FloatingDecimal$ASCIIToBinaryBuffer
Event: 1.774 loading class jdk/internal/math/FloatingDecimal$ASCIIToBinaryBuffer done


Dynamic libraries:
0x00007ff791560000 - 0x00007ff79156e000 	C:\Users\matia\.p2\pool\plugins\org.eclipse.justj.openjdk.hotspot.jre.full.win32.x86_64_17.0.4.v20220805-1047\jre\bin\javaw.exe
0x00007ffaeb470000 - 0x00007ffaeb668000 	C:\Windows\SYSTEM32\ntdll.dll
0x00007ffae9640000 - 0x00007ffae96ff000 	C:\Windows\System32\KERNEL32.DLL
0x00007ffae8c50000 - 0x00007ffae8f22000 	C:\Windows\System32\KERNELBASE.dll
0x00007ffae8f60000 - 0x00007ffae9060000 	C:\Windows\System32\ucrtbase.dll
0x00007ffae4190000 - 0x00007ffae41a9000 	C:\Users\matia\.p2\pool\plugins\org.eclipse.justj.openjdk.hotspot.jre.full.win32.x86_64_17.0.4.v20220805-1047\jre\bin\VCRUNTIME140.dll
0x00007ffae4850000 - 0x00007ffae4868000 	C:\Users\matia\.p2\pool\plugins\org.eclipse.justj.openjdk.hotspot.jre.full.win32.x86_64_17.0.4.v20220805-1047\jre\bin\jli.dll
0x00007ffae9c70000 - 0x00007ffae9e0d000 	C:\Windows\System32\USER32.dll
0x00007ffad30e0000 - 0x00007ffad337a000 	C:\Windows\WinSxS\amd64_microsoft.windows.common-controls_6595b64144ccf1df_6.0.19041.1110_none_60b5254171f9507e\COMCTL32.dll
0x00007ffae8f30000 - 0x00007ffae8f52000 	C:\Windows\System32\win32u.dll
0x00007ffaeb330000 - 0x00007ffaeb3ce000 	C:\Windows\System32\msvcrt.dll
0x00007ffae9b60000 - 0x00007ffae9b8b000 	C:\Windows\System32\GDI32.dll
0x00007ffae90d0000 - 0x00007ffae91df000 	C:\Windows\System32\gdi32full.dll
0x00007ffae9290000 - 0x00007ffae932d000 	C:\Windows\System32\msvcp_win.dll
0x00007ffae9b90000 - 0x00007ffae9bc2000 	C:\Windows\System32\IMM32.DLL
0x00007ffae4420000 - 0x00007ffae442c000 	C:\Users\matia\.p2\pool\plugins\org.eclipse.justj.openjdk.hotspot.jre.full.win32.x86_64_17.0.4.v20220805-1047\jre\bin\vcruntime140_1.dll
0x00007ffac6dd0000 - 0x00007ffac6e61000 	C:\Users\matia\.p2\pool\plugins\org.eclipse.justj.openjdk.hotspot.jre.full.win32.x86_64_17.0.4.v20220805-1047\jre\bin\msvcp140.dll
0x00007ffa65850000 - 0x00007ffa66496000 	C:\Users\matia\.p2\pool\plugins\org.eclipse.justj.openjdk.hotspot.jre.full.win32.x86_64_17.0.4.v20220805-1047\jre\bin\server\jvm.dll
0x00007ffae9590000 - 0x00007ffae963e000 	C:\Windows\System32\ADVAPI32.dll
0x00007ffae9bd0000 - 0x00007ffae9c6c000 	C:\Windows\System32\sechost.dll
0x00007ffaea420000 - 0x00007ffaea545000 	C:\Windows\System32\RPCRT4.dll
0x00007ffaea110000 - 0x00007ffaea118000 	C:\Windows\System32\PSAPI.DLL
0x00007ffae4160000 - 0x00007ffae4169000 	C:\Windows\SYSTEM32\WSOCK32.dll
0x00007ffae06b0000 - 0x00007ffae06d7000 	C:\Windows\SYSTEM32\WINMM.dll
0x00007ffae1200000 - 0x00007ffae120a000 	C:\Windows\SYSTEM32\VERSION.dll
0x00007ffae9e10000 - 0x00007ffae9e7b000 	C:\Windows\System32\WS2_32.dll
0x00007ffae6a50000 - 0x00007ffae6a62000 	C:\Windows\SYSTEM32\kernel.appcore.dll
0x00007ffae4800000 - 0x00007ffae480a000 	C:\Users\matia\.p2\pool\plugins\org.eclipse.justj.openjdk.hotspot.jre.full.win32.x86_64_17.0.4.v20220805-1047\jre\bin\jimage.dll
0x00007ffad7150000 - 0x00007ffad7334000 	C:\Windows\SYSTEM32\DBGHELP.DLL
0x00007ffad6bc0000 - 0x00007ffad6bec000 	C:\Windows\SYSTEM32\dbgcore.DLL
0x00007ffae8b70000 - 0x00007ffae8bf2000 	C:\Windows\System32\bcryptPrimitives.dll
0x00007ffac8070000 - 0x00007ffac8095000 	C:\Users\matia\.p2\pool\plugins\org.eclipse.justj.openjdk.hotspot.jre.full.win32.x86_64_17.0.4.v20220805-1047\jre\bin\java.dll
0x00007ffae4220000 - 0x00007ffae4238000 	C:\Users\matia\.p2\pool\plugins\org.eclipse.justj.openjdk.hotspot.jre.full.win32.x86_64_17.0.4.v20220805-1047\jre\bin\zip.dll
0x00007ffaea9d0000 - 0x00007ffaeb113000 	C:\Windows\System32\SHELL32.dll
0x00007ffae6c50000 - 0x00007ffae73e2000 	C:\Windows\SYSTEM32\windows.storage.dll
0x00007ffae9760000 - 0x00007ffae9ab4000 	C:\Windows\System32\combase.dll
0x00007ffae85d0000 - 0x00007ffae8600000 	C:\Windows\SYSTEM32\Wldp.dll
0x00007ffae9f00000 - 0x00007ffae9fad000 	C:\Windows\System32\SHCORE.dll
0x00007ffaeb3d0000 - 0x00007ffaeb425000 	C:\Windows\System32\shlwapi.dll
0x00007ffae8ab0000 - 0x00007ffae8acf000 	C:\Windows\SYSTEM32\profapi.dll
0x00007ffae3bf0000 - 0x00007ffae3c09000 	C:\Users\matia\.p2\pool\plugins\org.eclipse.justj.openjdk.hotspot.jre.full.win32.x86_64_17.0.4.v20220805-1047\jre\bin\net.dll
0x00007ffad9f20000 - 0x00007ffada02c000 	C:\Windows\SYSTEM32\WINHTTP.dll
0x00007ffae8330000 - 0x00007ffae839a000 	C:\Windows\system32\mswsock.dll
0x00007ffac6f50000 - 0x00007ffac6f65000 	C:\Users\matia\.p2\pool\plugins\org.eclipse.justj.openjdk.hotspot.jre.full.win32.x86_64_17.0.4.v20220805-1047\jre\bin\nio.dll
0x0000000067a30000 - 0x0000000067a59000 	C:\Users\matia\AppData\Local\Temp\libgdxmatia\e787ab0a\gdx64.dll
0x00007ffae2560000 - 0x00007ffae25d5000 	C:\Users\matia\AppData\Local\Temp\lwjglmatia\3.3.1-build-7\lwjgl.dll
0x00007ffa764c0000 - 0x00007ffa76719000 	C:\Users\matia\AppData\Local\Temp\lwjglmatia\3.3.1-build-7\jemalloc.dll
0x00007ffac4d10000 - 0x00007ffac4d71000 	C:\Users\matia\AppData\Local\Temp\lwjglmatia\3.3.1-build-7\glfw.dll
0x00007ffac83c0000 - 0x00007ffac8405000 	C:\Windows\SYSTEM32\dinput8.dll
0x00007ffa75ec0000 - 0x00007ffa75ed1000 	C:\Windows\SYSTEM32\xinput1_4.dll
0x00007ffae8c00000 - 0x00007ffae8c4e000 	C:\Windows\System32\cfgmgr32.dll
0x00007ffae8920000 - 0x00007ffae894c000 	C:\Windows\SYSTEM32\DEVOBJ.dll
0x00007ffae6760000 - 0x00007ffae678f000 	C:\Windows\SYSTEM32\dwmapi.dll
0x00007ffac7050000 - 0x00007ffac71a2000 	C:\Windows\SYSTEM32\inputhost.dll
0x00007ffae94c0000 - 0x00007ffae958d000 	C:\Windows\System32\OLEAUT32.dll
0x00007ffae5650000 - 0x00007ffae57a4000 	C:\Windows\SYSTEM32\wintypes.dll
0x00007ffae4570000 - 0x00007ffae4666000 	C:\Windows\SYSTEM32\PROPSYS.dll
0x00007ffae6080000 - 0x00007ffae6172000 	C:\Windows\SYSTEM32\CoreMessaging.dll
0x00007ffae5d20000 - 0x00007ffae607e000 	C:\Windows\SYSTEM32\CoreUIComponents.dll
0x00007ffae7d20000 - 0x00007ffae7d53000 	C:\Windows\SYSTEM32\ntmarta.dll
0x00007ffae6580000 - 0x00007ffae661e000 	C:\Windows\system32\uxtheme.dll
0x00007ffaea300000 - 0x00007ffaea415000 	C:\Windows\System32\MSCTF.dll
0x00007ffaad000000 - 0x00007ffaad197000 	C:\Users\matia\AppData\Local\Temp\lwjglmatia\3.3.1-build-7\OpenAL.dll
0x00007ffaea120000 - 0x00007ffaea24a000 	C:\Windows\System32\ole32.dll
0x00007ffaea250000 - 0x00007ffaea2ff000 	C:\Windows\System32\clbcatq.dll
0x00007ffae2a20000 - 0x00007ffae2aa5000 	C:\Windows\System32\MMDevApi.dll
0x00007ffae2d50000 - 0x00007ffae2ed2000 	C:\Windows\SYSTEM32\AUDIOSES.DLL
0x00007ffae80f0000 - 0x00007ffae813b000 	C:\Windows\SYSTEM32\powrprof.dll
0x00007ffae7fb0000 - 0x00007ffae7fc2000 	C:\Windows\SYSTEM32\UMPDC.dll
0x00007ffae6660000 - 0x00007ffae6674000 	C:\Windows\SYSTEM32\resourcepolicyclient.dll
0x00007ffac7db0000 - 0x00007ffac7ed5000 	C:\Windows\SYSTEM32\opengl32.dll
0x00007ffaca390000 - 0x00007ffaca3bc000 	C:\Windows\SYSTEM32\GLU32.dll
0x00007ffae2ee0000 - 0x00007ffae2fd7000 	C:\Windows\System32\AppXDeploymentClient.dll
0x00007ffa5d4b0000 - 0x00007ffa60de1000 	C:\Windows\System32\DriverStore\FileRepository\nv_dispi.inf_amd64_009debfbd2e1619b\nvoglv64.dll
0x00007ffaea550000 - 0x00007ffaea9b8000 	C:\Windows\System32\SETUPAPI.dll
0x00007ffae9330000 - 0x00007ffae9357000 	C:\Windows\System32\bcrypt.dll
0x00007ffae4700000 - 0x00007ffae4714000 	C:\Windows\SYSTEM32\WTSAPI32.dll
0x00007ffae8760000 - 0x00007ffae8772000 	C:\Windows\SYSTEM32\msasn1.dll
0x00007ffae1230000 - 0x00007ffae1261000 	C:\Windows\SYSTEM32\cryptnet.dll
0x00007ffae9360000 - 0x00007ffae94b6000 	C:\Windows\System32\CRYPT32.dll
0x00007ffae0d60000 - 0x00007ffae0ea8000 	C:\Windows\SYSTEM32\drvstore.dll
0x00007ffae8540000 - 0x00007ffae854c000 	C:\Windows\SYSTEM32\cryptbase.dll
0x00007ffae9060000 - 0x00007ffae90ca000 	C:\Windows\System32\WINTRUST.dll
0x00007ffadf0f0000 - 0x00007ffadf12b000 	C:\Windows\SYSTEM32\dxcore.dll
0x00007ffa6a510000 - 0x00007ffa6a7df000 	C:\Windows\system32\nvspcap64.dll
0x00007ffae7870000 - 0x00007ffae78d4000 	C:\Windows\SYSTEM32\WINSTA.dll
0x00007ffac4b70000 - 0x00007ffac4bcd000 	C:\Users\matia\AppData\Local\Temp\lwjglmatia\3.3.1-build-7\lwjgl_opengl.dll
0x00007ffac4880000 - 0x00007ffac4979000 	C:\Windows\SYSTEM32\textinputframework.dll
0x00007ffad3070000 - 0x00007ffad30d6000 	C:\Windows\system32\Oleacc.dll
0x00000000679d0000 - 0x0000000067a2a000 	C:\Users\matia\AppData\Local\Temp\libgdxmatia\888fe1bc\gdx-box2d64.dll

dbghelp: loaded successfully - version: 4.0.5 - missing functions: none
symbol engine: initialized successfully - sym options: 0x614 - pdb path: .;C:\Users\matia\.p2\pool\plugins\org.eclipse.justj.openjdk.hotspot.jre.full.win32.x86_64_17.0.4.v20220805-1047\jre\bin;C:\Windows\SYSTEM32;C:\Windows\WinSxS\amd64_microsoft.windows.common-controls_6595b64144ccf1df_6.0.19041.1110_none_60b5254171f9507e;C:\Users\matia\.p2\pool\plugins\org.eclipse.justj.openjdk.hotspot.jre.full.win32.x86_64_17.0.4.v20220805-1047\jre\bin\server;C:\Users\matia\AppData\Local\Temp\libgdxmatia\e787ab0a;C:\Users\matia\AppData\Local\Temp\lwjglmatia\3.3.1-build-7;C:\Windows\System32\DriverStore\FileRepository\nv_dispi.inf_amd64_009debfbd2e1619b;C:\Users\matia\AppData\Local\Temp\libgdxmatia\888fe1bc

VM Arguments:
jvm_args: -Dfile.encoding=UTF-8 -XX:+ShowCodeDetailsInExceptionMessages 
java_command: com.mygdx.game.DesktopLauncher
java_class_path (initial): G:\Mi unidad\PUCV\2do año\4to Semestre\Programación Avanzada\Jimbo Adventures, El origen (Beta)\desktop\bin\main;\Jimbo Adventures, El origen-core\bin\default;G:\Mi unidad\PUCV\2do año\4to Semestre\Programación Avanzada\Jimbo Adventures, El origen (Beta)\core\bin\main;C:\Users\matia\.gradle\caches\modules-2\files-2.1\com.badlogicgames.gdx\gdx-backend-lwjgl3\1.11.0\58a96db4cd349be4292d547856aa1e1c5f065f4e\gdx-backend-lwjgl3-1.11.0.jar;C:\Users\matia\.gradle\caches\modules-2\files-2.1\com.badlogicgames.gdx\gdx-platform\1.11.0\697fb13eada6d3c6ca648c9788692b0159add126\gdx-platform-1.11.0-natives-desktop.jar;C:\Users\matia\.gradle\caches\modules-2\files-2.1\com.badlogicgames.gdx\gdx-box2d-platform\1.11.0\62ff9baa1e57a11e0a4428a38c9660bf9f312fdc\gdx-box2d-platform-1.11.0-natives-desktop.jar;C:\Users\matia\.gradle\caches\modules-2\files-2.1\com.badlogicgames.gdx\gdx-bullet-platform\1.11.0\2c067b913a306ba26d482075297538ad91cdb88b\gdx-bullet-platform-1.11.0-natives-desktop.jar;C:\Users\matia\.gradle\caches\modules-2\files-2.1\com.badlogicgames.gdx\gdx-box2d\1.11.0\ad4facee800dd945d6d6e93dea2936bc135b5f\gdx-box2d-1.11.0.jar;C:\Users\matia\.gradle\caches\modules-2\files-2.1\com.badlogicgames.gdx\gdx-bullet\1.11.0\1eb83845fa655e7e8ab6bbb979d28b0502ad3302\gdx-bullet-1.11.0.jar;C:\Users\matia\.gradle\caches\modules-2\files-2.1\com.badlogicgames.gdx\gdx\1.11.0\ffe1206d1004cd9e40027e28964be0fea0399af7\gdx-1.11.0.jar;C:\Users\matia\.gradle\caches\modules-2\files-2.1\org.lwjgl\lwjgl-glfw\3.3.1\cbac1b8d30cb4795149c1ef540f912671a8616d0\lwjgl-glfw-3.3.1.jar;C:\Users\matia\.gradle\caches\modules-2\files-2.1\org.lwjgl\lwjgl-glfw\3.3.1\81716978214ecbda15050ca394b06ef61501a49e\lwjgl-glfw-3.3.1-natives-linux.jar;C:\Users\matia\.gradle\caches\modules-2\files-2.1\org.lwjgl\lwjgl-glfw\3.3.1\816d935933f2dd743074c4e717cc25b55720f294\lwjgl-glfw-3.3.1-natives-linux-arm32.jar;C:\Users\matia\.gradle\caches\modules-2\files-2.1\org.lwjgl\lwjgl-glfw\3.3.1\513eb39b866d0fe131a
Launcher Type: SUN_STANDARD

[Global flags]
     intx CICompilerCount                          = 4                                         {product} {ergonomic}
     uint ConcGCThreads                            = 3                                         {product} {ergonomic}
     uint G1ConcRefinementThreads                  = 10                                        {product} {ergonomic}
   size_t G1HeapRegionSize                         = 2097152                                   {product} {ergonomic}
    uintx GCDrainStackTargetSize                   = 64                                        {product} {ergonomic}
   size_t InitialHeapSize                          = 266338304                                 {product} {ergonomic}
   size_t MarkStackSize                            = 4194304                                   {product} {ergonomic}
   size_t MaxHeapSize                              = 4259315712                                {product} {ergonomic}
   size_t MaxNewSize                               = 2554331136                                {product} {ergonomic}
   size_t MinHeapDeltaBytes                        = 2097152                                   {product} {ergonomic}
   size_t MinHeapSize                              = 8388608                                   {product} {ergonomic}
    uintx NonNMethodCodeHeapSize                   = 5839372                                {pd product} {ergonomic}
    uintx NonProfiledCodeHeapSize                  = 122909434                              {pd product} {ergonomic}
    uintx ProfiledCodeHeapSize                     = 122909434                              {pd product} {ergonomic}
    uintx ReservedCodeCacheSize                    = 251658240                              {pd product} {ergonomic}
     bool SegmentedCodeCache                       = true                                      {product} {ergonomic}
     bool ShowCodeDetailsInExceptionMessages       = true                                   {manageable} {command line}
   size_t SoftMaxHeapSize                          = 4259315712                             {manageable} {ergonomic}
     bool UseCompressedClassPointers               = true                           {product lp64_product} {ergonomic}
     bool UseCompressedOops                        = true                           {product lp64_product} {ergonomic}
     bool UseG1GC                                  = true                                      {product} {ergonomic}
     bool UseLargePagesIndividualAllocation        = false                                  {pd product} {ergonomic}

Logging:
Log output configuration:
 #0: stdout all=warning uptime,level,tags
 #1: stderr all=off uptime,level,tags

Environment Variables:
PATH=C:/Users/matia/.p2/pool/plugins/org.eclipse.justj.openjdk.hotspot.jre.full.win32.x86_64_17.0.4.v20220805-1047/jre/bin/server;C:/Users/matia/.p2/pool/plugins/org.eclipse.justj.openjdk.hotspot.jre.full.win32.x86_64_17.0.4.v20220805-1047/jre/bin;C:\Program Files\Common Files\Oracle\Java\javapath;C:\Windows\system32;C:\Windows;C:\Windows\System32\Wbem;C:\Windows\System32\WindowsPowerShell\v1.0\;C:\Windows\System32\OpenSSH\;C:\Program Files\NVIDIA Corporation\NVIDIA NvDLISR;C:\Program Files (x86)\NVIDIA Corporation\PhysX\Common;C:\Program Files\Git\cmd;C:\TDM-GCC-64\bin;C:\Users\matia\AppData\Local\Microsoft\WindowsApps;;C:\Users\matia\AppData\Local\Programs\Microsoft VS Code\bin;C:\Users\matia\Desktop\Programación;
USERNAME=matia
OS=Windows_NT
PROCESSOR_IDENTIFIER=Intel64 Family 6 Model 165 Stepping 3, GenuineIntel
TMP=C:\Users\matia\AppData\Local\Temp
TEMP=C:\Users\matia\AppData\Local\Temp



---------------  S Y S T E M  ---------------

OS:
 Windows 10 , 64 bit Build 19041 (10.0.19041.2251)
OS uptime: 0 days 12:26 hours

CPU: total 12 (initial active 12) (6 cores per cpu, 2 threads per core) family 6 model 165 stepping 3 microcode 0xcc, cx8, cmov, fxsr, ht, mmx, 3dnowpref, sse, sse2, sse3, ssse3, sse4.1, sse4.2, popcnt, lzcnt, tsc, tscinvbit, avx, avx2, aes, erms, clmul, bmi1, bmi2, adx, fma, vzeroupper, clflush, clflushopt

Memory: 4k page, system-wide physical 16243M (7430M free)
TotalPageFile size 23411M (AvailPageFile size 8353M)
current process WorkingSet (physical memory assigned to process): 161M, peak: 174M
current process commit charge ("private bytes"): 608M, peak: 608M

vm_info: OpenJDK 64-Bit Server VM (17.0.4+8) for windows-amd64 JRE (17.0.4+8), built on Jul 19 2022 16:05:16 by "temurin" with MS VC++ 16.7 (VS2019)

END.
