#
# A fatal error has been detected by the Java Runtime Environment:
#
#  EXCEPTION_ACCESS_VIOLATION (0xc0000005) at pc=0x00000000679ef509, pid=18016, tid=16996
#
# JRE version: OpenJDK Runtime Environment Temurin-17.0.4+8 (17.0.4+8) (build 17.0.4+8)
# Java VM: OpenJDK 64-Bit Server VM Temurin-17.0.4+8 (17.0.4+8, mixed mode, tiered, compressed oops, compressed class ptrs, g1 gc, windows-amd64)
# Problematic frame:
# C  [gdx-box2d64.dll+0x1f509]
#
# No core dump will be written. Minidumps are not enabled by default on client versions of Windows
#
# If you would like to submit a bug report, please visit:
#   https://github.com/adoptium/adoptium-support/issues
# The crash happened outside the Java Virtual Machine in native code.
# See problematic frame for where to report the bug.
#

---------------  S U M M A R Y ------------

Command Line: -Dfile.encoding=UTF-8 -XX:+ShowCodeDetailsInExceptionMessages com.mygdx.game.DesktopLauncher

Host: Intel(R) Core(TM) i5-10400 CPU @ 2.90GHz, 12 cores, 15G,  Windows 10 , 64 bit Build 19041 (10.0.19041.2251)
Time: Sat Dec  3 03:26:25 2022 Hora verano Sudamérica Pacífico elapsed time: 7.999488 seconds (0d 0h 0m 7s)

---------------  T H R E A D  ---------------

Current thread (0x0000023a2182cc70):  JavaThread "main" [_thread_in_native, id=16996, stack(0x000000ce7fb00000,0x000000ce7fc00000)]

Stack: [0x000000ce7fb00000,0x000000ce7fc00000],  sp=0x000000ce7fbff040,  free space=1020k
Native frames: (J=compiled Java code, j=interpreted, Vv=VM code, C=native code)
C  [gdx-box2d64.dll+0x1f509]

Java frames: (J=compiled Java code, j=interpreted, Vv=VM code)
j  com.badlogic.gdx.physics.box2d.Body.jniCreateFixture(JJFFFZSSS)J+0
j  com.badlogic.gdx.physics.box2d.Body.createFixture(Lcom/badlogic/gdx/physics/box2d/FixtureDef;)Lcom/badlogic/gdx/physics/box2d/Fixture;+49
j  Patrones.Jimbo.setPlayerWorld(Lcom/badlogic/gdx/physics/box2d/World;)V+26
j  Patrones.LevelBuilder.setObjectsWorld()V+8
j  Patrones.LevelBuilder.getLevel()LPatrones/Level;+1
j  Ventanas.GameOver.render(F)V+215
J 1291 c1 com.badlogic.gdx.backends.lwjgl3.Lwjgl3Window.update()Z (217 bytes) @ 0x0000023a256c798c [0x0000023a256c6c00+0x0000000000000d8c]
j  com.badlogic.gdx.backends.lwjgl3.Lwjgl3Application.loop()V+111
j  com.badlogic.gdx.backends.lwjgl3.Lwjgl3Application.<init>(Lcom/badlogic/gdx/ApplicationListener;Lcom/badlogic/gdx/backends/lwjgl3/Lwjgl3ApplicationConfiguration;)V+269
j  com.mygdx.game.DesktopLauncher.main([Ljava/lang/String;)V+46
v  ~StubRoutines::call_stub

siginfo: EXCEPTION_ACCESS_VIOLATION (0xc0000005), reading address 0x0000004900000010


Register to memory mapping:

RIP=0x00000000679ef509 gdx-box2d64.dll
RAX=0x0000004900000000 is an unknown value
RBX=0x0000023a49a1d170 points into unknown readable memory: 0x0000023a00000000 | 00 00 00 00 3a 02 00 00
RCX=0x0000023a499d0290 points into unknown readable memory: 0x0000004900000000 | 00 00 00 00 49 00 00 00
RDX=0x0000023a499fddc0 points into unknown readable memory: 0x0000023a49b68630 | 30 86 b6 49 3a 02 00 00
RSP=0x000000ce7fbff040 is pointing into the stack for thread: 0x0000023a2182cc70
RBP=0x0000023a499fddc0 points into unknown readable memory: 0x0000023a49b68630 | 30 86 b6 49 3a 02 00 00
RSI=0x000000ce7fbff100 is pointing into the stack for thread: 0x0000023a2182cc70
RDI=0x0000023a499fddc0 points into unknown readable memory: 0x0000023a49b68630 | 30 86 b6 49 3a 02 00 00
R8 =0x0000023a49a19160 points into unknown readable memory: 0x0000002600000002 | 02 00 00 00 26 00 00 00
R9 =0x000000ce7fbff100 is pointing into the stack for thread: 0x0000023a2182cc70
R10=0x0 is NULL
R11=0x0000023a49b112a0 points into unknown readable memory: 0x0000023a49a21180 | 80 11 a2 49 3a 02 00 00
R12=0x0 is NULL
R13={method} {0x0000023a4477f0a8} 'jniCreateFixture' '(JJFFFZSSS)J' in 'com/badlogic/gdx/physics/box2d/Body'
R14=0x000000ce7fbff288 is pointing into the stack for thread: 0x0000023a2182cc70
R15=0x0000023a2182cc70 is a thread


Registers:
RAX=0x0000004900000000, RBX=0x0000023a49a1d170, RCX=0x0000023a499d0290, RDX=0x0000023a499fddc0
RSP=0x000000ce7fbff040, RBP=0x0000023a499fddc0, RSI=0x000000ce7fbff100, RDI=0x0000023a499fddc0
R8 =0x0000023a49a19160, R9 =0x000000ce7fbff100, R10=0x0000000000000000, R11=0x0000023a49b112a0
R12=0x0000000000000000, R13=0x0000023a4477f0a0, R14=0x000000ce7fbff288, R15=0x0000023a2182cc70
RIP=0x00000000679ef509, EFLAGS=0x0000000000010202

Top of Stack: (sp=0x000000ce7fbff040)
0x000000ce7fbff040:   000000ce7fbff0c0 0000023a24ef94fe
0x000000ce7fbff050:   000000ce7fbff0c0 0000023a49a19160
0x000000ce7fbff060:   0000000711c309f0 0000023a49a19160
0x000000ce7fbff070:   0000023a49a1d170 0000023a499fddc0
0x000000ce7fbff080:   000000ce7fbff100 00000000679ee3bd
0x000000ce7fbff090:   0000023a447854c0 0000000000000000
0x000000ce7fbff0a0:   000000071092f740 0000023a44785468
0x000000ce7fbff0b0:   000000ce7fbff130 0000023a4477f0a0
0x000000ce7fbff0c0:   0000000711c309f0 0000023a447b9748
0x000000ce7fbff0d0:   000000ce7fbff210 00000000679f464d
0x000000ce7fbff0e0:   0000000711a60348 000000ce7fbff0e8
0x000000ce7fbff0f0:   0000023a4477ed69 000000ce7fbff158
0x000000ce7fbff100:   0000023a499d0290 0000000000000000
0x000000ce7fbff110:   000000003e4ccccd 0001020041700000
0x000000ce7fbff120:   000000000000ffff 000000ce7fbff140
0x000000ce7fbff130:   000000ce7fbff1b0 0000023a24efd621 

Instructions: (pc=0x00000000679ef509)
0x00000000679ef409:   c8 02 c7 81 ac 00 00 00 00 00 00 00 66 89 41 04
0x00000000679ef419:   0f b7 42 04 a8 02 75 11 83 c8 02 c7 82 ac 00 00
0x00000000679ef429:   00 00 00 00 00 66 89 42 04 41 83 44 24 60 01 48
0x00000000679ef439:   83 c4 38 5b 5e 5f 5d 41 5c 41 5d c3 90 66 2e 0f
0x00000000679ef449:   1f 84 00 00 00 00 00 48 89 ca e9 78 af 01 00 90
0x00000000679ef459:   90 90 90 90 90 90 90 48 b8 00 00 00 00 01 00 ff
0x00000000679ef469:   ff 48 89 41 30 31 c0 48 c7 41 40 00 00 00 00 48
0x00000000679ef479:   c7 41 10 00 00 00 00 48 c7 41 08 00 00 00 00 48
0x00000000679ef489:   c7 41 28 00 00 00 00 66 89 41 38 48 c7 41 18 00
0x00000000679ef499:   00 00 00 c7 01 00 00 00 00 c3 90 66 90 66 2e 0f
0x00000000679ef4a9:   1f 84 00 00 00 00 00 55 57 56 53 48 83 ec 28 49
0x00000000679ef4b9:   8b 41 08 f3 41 0f 10 41 10 48 89 cb 48 89 d5 f3
0x00000000679ef4c9:   0f 11 41 20 4c 89 ce 48 89 41 40 41 8b 41 1e f3
0x00000000679ef4d9:   41 0f 10 41 14 f3 0f 11 41 24 4c 89 41 10 48 c7
0x00000000679ef4e9:   41 08 00 00 00 00 89 41 34 41 0f b7 41 22 66 89
0x00000000679ef4f9:   41 38 41 0f b6 41 1c 88 41 3a 49 8b 09 48 8b 01
0x00000000679ef509:   ff 50 10 48 8b 10 48 89 c1 48 89 43 18 ff 52 18
0x00000000679ef519:   89 c2 89 c7 48 89 e9 c1 e2 05 e8 c8 c4 fe ff 85
0x00000000679ef529:   ff 48 89 43 28 7e 27 8d 4f ff 48 8d 50 10 48 c1
0x00000000679ef539:   e1 05 48 8d 44 08 30 48 c7 02 00 00 00 00 c7 42
0x00000000679ef549:   0c ff ff ff ff 48 83 c2 20 48 39 c2 75 e9 f3 0f
0x00000000679ef559:   10 46 18 c7 43 30 00 00 00 00 f3 0f 11 03 48 83
0x00000000679ef569:   c4 28 5b 5e 5f 5d c3 57 56 53 48 83 ec 20 8b 41
0x00000000679ef579:   30 48 89 cb 48 89 d7 85 c0 0f 85 a8 00 00 00 48
0x00000000679ef589:   8b 4b 18 48 8b 01 ff 50 18 48 8b 53 28 c1 e0 05
0x00000000679ef599:   48 89 f9 41 89 c0 e8 8c c6 fe ff 48 8b 73 18 48
0x00000000679ef5a9:   c7 43 28 00 00 00 00 8b 46 08 83 f8 01 0f 84 94
0x00000000679ef5b9:   00 00 00 0f 82 be 00 00 00 83 f8 02 74 39 83 f8
0x00000000679ef5c9:   03 0f 85 e0 00 00 00 48 8b 06 48 89 f1 ff 10 41
0x00000000679ef5d9:   b8 30 00 00 00 48 89 f2 48 89 f9 e8 47 c6 fe ff
0x00000000679ef5e9:   48 c7 43 18 00 00 00 00 48 83 c4 20 5b 5e 5f c3
0x00000000679ef5f9:   0f 1f 80 00 00 00 00 48 8b 06 48 89 f1 ff 10 41 


Stack slot to memory mapping:
stack at sp + 0 slots: 0x000000ce7fbff0c0 is pointing into the stack for thread: 0x0000023a2182cc70
stack at sp + 1 slots: 0x0000023a24ef94fe is at code_begin+1118 in an Interpreter codelet
return entry points  [0x0000023a24ef90a0, 0x0000023a24ef9ba0]  2816 bytes
stack at sp + 2 slots: 0x000000ce7fbff0c0 is pointing into the stack for thread: 0x0000023a2182cc70
stack at sp + 3 slots: 0x0000023a49a19160 points into unknown readable memory: 0x0000002600000002 | 02 00 00 00 26 00 00 00
stack at sp + 4 slots: 0x0000000711c309f0 is an oop: [J 
{0x0000000711c309f0} - klass: {type array long}
 - length: 128
stack at sp + 5 slots: 0x0000023a49a19160 points into unknown readable memory: 0x0000002600000002 | 02 00 00 00 26 00 00 00
stack at sp + 6 slots: 0x0000023a49a1d170 points into unknown readable memory: 0x0000023a00000000 | 00 00 00 00 3a 02 00 00
stack at sp + 7 slots: 0x0000023a499fddc0 points into unknown readable memory: 0x0000023a49b68630 | 30 86 b6 49 3a 02 00 00


---------------  P R O C E S S  ---------------

Threads class SMR info:
_java_thread_list=0x0000023a43a6c490, length=13, elements={
0x0000023a2182cc70, 0x0000023a41063020, 0x0000023a41064020, 0x0000023a410340c0,
0x0000023a41036990, 0x0000023a41037250, 0x0000023a4108b500, 0x0000023a41094500,
0x0000023a41096e10, 0x0000023a41098720, 0x0000023a41202530, 0x0000023a4121da00,
0x0000023a43a8a2a0
}

Java Threads: ( => current thread )
=>0x0000023a2182cc70 JavaThread "main" [_thread_in_native, id=16996, stack(0x000000ce7fb00000,0x000000ce7fc00000)]
  0x0000023a41063020 JavaThread "Reference Handler" daemon [_thread_blocked, id=16856, stack(0x000000ce00200000,0x000000ce00300000)]
  0x0000023a41064020 JavaThread "Finalizer" daemon [_thread_blocked, id=1864, stack(0x000000ce00300000,0x000000ce00400000)]
  0x0000023a410340c0 JavaThread "Signal Dispatcher" daemon [_thread_blocked, id=4440, stack(0x000000ce00400000,0x000000ce00500000)]
  0x0000023a41036990 JavaThread "Attach Listener" daemon [_thread_blocked, id=2292, stack(0x000000ce00500000,0x000000ce00600000)]
  0x0000023a41037250 JavaThread "Service Thread" daemon [_thread_blocked, id=4492, stack(0x000000ce00600000,0x000000ce00700000)]
  0x0000023a4108b500 JavaThread "Monitor Deflation Thread" daemon [_thread_blocked, id=5420, stack(0x000000ce00700000,0x000000ce00800000)]
  0x0000023a41094500 JavaThread "C2 CompilerThread0" daemon [_thread_blocked, id=16892, stack(0x000000ce00800000,0x000000ce00900000)]
  0x0000023a41096e10 JavaThread "C1 CompilerThread0" daemon [_thread_blocked, id=15340, stack(0x000000ce00900000,0x000000ce00a00000)]
  0x0000023a41098720 JavaThread "Sweeper thread" daemon [_thread_blocked, id=14300, stack(0x000000ce00a00000,0x000000ce00b00000)]
  0x0000023a41202530 JavaThread "Notification Thread" daemon [_thread_blocked, id=6044, stack(0x000000ce00b00000,0x000000ce00c00000)]
  0x0000023a4121da00 JavaThread "Common-Cleaner" daemon [_thread_blocked, id=16012, stack(0x000000ce00d00000,0x000000ce00e00000)]
  0x0000023a43a8a2a0 JavaThread "LWJGL3 Timer" daemon [_thread_blocked, id=756, stack(0x000000ce01800000,0x000000ce01900000)]

Other Threads:
  0x0000023a407a4630 VMThread "VM Thread" [stack: 0x000000ce00100000,0x000000ce00200000] [id=1600]
  0x0000023a41202e10 WatcherThread [stack: 0x000000ce00c00000,0x000000ce00d00000] [id=16468]
  0x0000023a21897700 GCTaskThread "GC Thread#0" [stack: 0x000000ce7fc00000,0x000000ce7fd00000] [id=13640]
  0x0000023a43ba5810 GCTaskThread "GC Thread#1" [stack: 0x000000ce01700000,0x000000ce01800000] [id=17136]
  0x0000023a43ba5ac0 GCTaskThread "GC Thread#2" [stack: 0x000000ce01900000,0x000000ce01a00000] [id=11340]
  0x0000023a43b3b5b0 GCTaskThread "GC Thread#3" [stack: 0x000000ce01a00000,0x000000ce01b00000] [id=6576]
  0x0000023a43b3b860 GCTaskThread "GC Thread#4" [stack: 0x000000ce01b00000,0x000000ce01c00000] [id=14696]
  0x0000023a43b3bb10 GCTaskThread "GC Thread#5" [stack: 0x000000ce01c00000,0x000000ce01d00000] [id=12116]
  0x0000023a43b8bea0 GCTaskThread "GC Thread#6" [stack: 0x000000ce01d00000,0x000000ce01e00000] [id=14548]
  0x0000023a43b8c150 GCTaskThread "GC Thread#7" [stack: 0x000000ce01e00000,0x000000ce01f00000] [id=10152]
  0x0000023a43b8c400 GCTaskThread "GC Thread#8" [stack: 0x000000ce01f00000,0x000000ce02000000] [id=19360]
  0x0000023a218a9ad0 ConcurrentGCThread "G1 Main Marker" [stack: 0x000000ce7fd00000,0x000000ce7fe00000] [id=2696]
  0x0000023a218aa3f0 ConcurrentGCThread "G1 Conc#0" [stack: 0x000000ce7fe00000,0x000000ce7ff00000] [id=15392]
  0x0000023a218fe680 ConcurrentGCThread "G1 Refine#0" [stack: 0x000000ce7ff00000,0x000000ce80000000] [id=10176]
  0x0000023a4063d130 ConcurrentGCThread "G1 Service" [stack: 0x000000ce00000000,0x000000ce00100000] [id=5244]

Threads with active compile tasks:

VM state: not at safepoint (normal execution)

VM Mutex/Monitor currently owned by a thread: None

Heap address: 0x0000000702200000, size: 4062 MB, Compressed Oops mode: Zero based, Oop shift amount: 3

CDS archive(s) not mapped
Compressed class space mapped at: 0x0000000800000000-0x0000000840000000, reserved size: 1073741824
Narrow klass base: 0x0000000800000000, Narrow klass shift: 0, Narrow klass range: 0x40000000

GC Precious Log:
 CPUs: 12 total, 12 available
 Memory: 16243M
 Large Page Support: Disabled
 NUMA Support: Disabled
 Compressed Oops: Enabled (Zero based)
 Heap Region Size: 2M
 Heap Min Capacity: 8M
 Heap Initial Capacity: 254M
 Heap Max Capacity: 4062M
 Pre-touch: Disabled
 Parallel Workers: 10
 Concurrent Workers: 3
 Concurrent Refinement Workers: 10
 Periodic GC: Disabled

Heap:
 garbage-first heap   total 260096K, used 11300K [0x0000000702200000, 0x0000000800000000)
  region size 2048K, 5 young (10240K), 2 survivors (4096K)
 Metaspace       used 13109K, committed 13248K, reserved 1064960K
  class space    used 1024K, committed 1088K, reserved 1048576K

Heap Regions: E=young(eden), S=young(survivor), O=old, HS=humongous(starts), HC=humongous(continues), CS=collection set, F=free, OA=open archive, CA=closed archive, TAMS=top-at-mark-start (previous, next)
|   0|0x0000000702200000, 0x0000000702400000, 0x0000000702400000|100%|HS|  |TAMS 0x0000000702200000, 0x0000000702200000| Complete 
|   1|0x0000000702400000, 0x0000000702600000, 0x0000000702600000|100%|HC|  |TAMS 0x0000000702400000, 0x0000000702400000| Complete 
|   2|0x0000000702600000, 0x0000000702600000, 0x0000000702800000|  0%| F|  |TAMS 0x0000000702600000, 0x0000000702600000| Untracked 
|   3|0x0000000702800000, 0x0000000702800000, 0x0000000702a00000|  0%| F|  |TAMS 0x0000000702800000, 0x0000000702800000| Untracked 
|   4|0x0000000702a00000, 0x0000000702a00000, 0x0000000702c00000|  0%| F|  |TAMS 0x0000000702a00000, 0x0000000702a00000| Untracked 
|   5|0x0000000702c00000, 0x0000000702c00000, 0x0000000702e00000|  0%| F|  |TAMS 0x0000000702c00000, 0x0000000702c00000| Untracked 
|   6|0x0000000702e00000, 0x0000000702e00000, 0x0000000703000000|  0%| F|  |TAMS 0x0000000702e00000, 0x0000000702e00000| Untracked 
|   7|0x0000000703000000, 0x0000000703000000, 0x0000000703200000|  0%| F|  |TAMS 0x0000000703000000, 0x0000000703000000| Untracked 
|   8|0x0000000703200000, 0x0000000703200000, 0x0000000703400000|  0%| F|  |TAMS 0x0000000703200000, 0x0000000703200000| Untracked 
|   9|0x0000000703400000, 0x0000000703400000, 0x0000000703600000|  0%| F|  |TAMS 0x0000000703400000, 0x0000000703400000| Untracked 
|  10|0x0000000703600000, 0x0000000703600000, 0x0000000703800000|  0%| F|  |TAMS 0x0000000703600000, 0x0000000703600000| Untracked 
|  11|0x0000000703800000, 0x0000000703800000, 0x0000000703a00000|  0%| F|  |TAMS 0x0000000703800000, 0x0000000703800000| Untracked 
|  12|0x0000000703a00000, 0x0000000703a00000, 0x0000000703c00000|  0%| F|  |TAMS 0x0000000703a00000, 0x0000000703a00000| Untracked 
|  13|0x0000000703c00000, 0x0000000703c00000, 0x0000000703e00000|  0%| F|  |TAMS 0x0000000703c00000, 0x0000000703c00000| Untracked 
|  14|0x0000000703e00000, 0x0000000703e00000, 0x0000000704000000|  0%| F|  |TAMS 0x0000000703e00000, 0x0000000703e00000| Untracked 
|  15|0x0000000704000000, 0x0000000704000000, 0x0000000704200000|  0%| F|  |TAMS 0x0000000704000000, 0x0000000704000000| Untracked 
|  16|0x0000000704200000, 0x0000000704200000, 0x0000000704400000|  0%| F|  |TAMS 0x0000000704200000, 0x0000000704200000| Untracked 
|  17|0x0000000704400000, 0x0000000704400000, 0x0000000704600000|  0%| F|  |TAMS 0x0000000704400000, 0x0000000704400000| Untracked 
|  18|0x0000000704600000, 0x0000000704600000, 0x0000000704800000|  0%| F|  |TAMS 0x0000000704600000, 0x0000000704600000| Untracked 
|  19|0x0000000704800000, 0x0000000704800000, 0x0000000704a00000|  0%| F|  |TAMS 0x0000000704800000, 0x0000000704800000| Untracked 
|  20|0x0000000704a00000, 0x0000000704a00000, 0x0000000704c00000|  0%| F|  |TAMS 0x0000000704a00000, 0x0000000704a00000| Untracked 
|  21|0x0000000704c00000, 0x0000000704c00000, 0x0000000704e00000|  0%| F|  |TAMS 0x0000000704c00000, 0x0000000704c00000| Untracked 
|  22|0x0000000704e00000, 0x0000000704e00000, 0x0000000705000000|  0%| F|  |TAMS 0x0000000704e00000, 0x0000000704e00000| Untracked 
|  23|0x0000000705000000, 0x0000000705000000, 0x0000000705200000|  0%| F|  |TAMS 0x0000000705000000, 0x0000000705000000| Untracked 
|  24|0x0000000705200000, 0x0000000705200000, 0x0000000705400000|  0%| F|  |TAMS 0x0000000705200000, 0x0000000705200000| Untracked 
|  25|0x0000000705400000, 0x0000000705400000, 0x0000000705600000|  0%| F|  |TAMS 0x0000000705400000, 0x0000000705400000| Untracked 
|  26|0x0000000705600000, 0x0000000705600000, 0x0000000705800000|  0%| F|  |TAMS 0x0000000705600000, 0x0000000705600000| Untracked 
|  27|0x0000000705800000, 0x0000000705800000, 0x0000000705a00000|  0%| F|  |TAMS 0x0000000705800000, 0x0000000705800000| Untracked 
|  28|0x0000000705a00000, 0x0000000705a00000, 0x0000000705c00000|  0%| F|  |TAMS 0x0000000705a00000, 0x0000000705a00000| Untracked 
|  29|0x0000000705c00000, 0x0000000705c00000, 0x0000000705e00000|  0%| F|  |TAMS 0x0000000705c00000, 0x0000000705c00000| Untracked 
|  30|0x0000000705e00000, 0x0000000705e00000, 0x0000000706000000|  0%| F|  |TAMS 0x0000000705e00000, 0x0000000705e00000| Untracked 
|  31|0x0000000706000000, 0x0000000706000000, 0x0000000706200000|  0%| F|  |TAMS 0x0000000706000000, 0x0000000706000000| Untracked 
|  32|0x0000000706200000, 0x0000000706200000, 0x0000000706400000|  0%| F|  |TAMS 0x0000000706200000, 0x0000000706200000| Untracked 
|  33|0x0000000706400000, 0x0000000706400000, 0x0000000706600000|  0%| F|  |TAMS 0x0000000706400000, 0x0000000706400000| Untracked 
|  34|0x0000000706600000, 0x0000000706600000, 0x0000000706800000|  0%| F|  |TAMS 0x0000000706600000, 0x0000000706600000| Untracked 
|  35|0x0000000706800000, 0x0000000706800000, 0x0000000706a00000|  0%| F|  |TAMS 0x0000000706800000, 0x0000000706800000| Untracked 
|  36|0x0000000706a00000, 0x0000000706a00000, 0x0000000706c00000|  0%| F|  |TAMS 0x0000000706a00000, 0x0000000706a00000| Untracked 
|  37|0x0000000706c00000, 0x0000000706c00000, 0x0000000706e00000|  0%| F|  |TAMS 0x0000000706c00000, 0x0000000706c00000| Untracked 
|  38|0x0000000706e00000, 0x0000000706e00000, 0x0000000707000000|  0%| F|  |TAMS 0x0000000706e00000, 0x0000000706e00000| Untracked 
|  39|0x0000000707000000, 0x0000000707000000, 0x0000000707200000|  0%| F|  |TAMS 0x0000000707000000, 0x0000000707000000| Untracked 
|  40|0x0000000707200000, 0x0000000707200000, 0x0000000707400000|  0%| F|  |TAMS 0x0000000707200000, 0x0000000707200000| Untracked 
|  41|0x0000000707400000, 0x0000000707400000, 0x0000000707600000|  0%| F|  |TAMS 0x0000000707400000, 0x0000000707400000| Untracked 
|  42|0x0000000707600000, 0x0000000707600000, 0x0000000707800000|  0%| F|  |TAMS 0x0000000707600000, 0x0000000707600000| Untracked 
|  43|0x0000000707800000, 0x0000000707800000, 0x0000000707a00000|  0%| F|  |TAMS 0x0000000707800000, 0x0000000707800000| Untracked 
|  44|0x0000000707a00000, 0x0000000707a00000, 0x0000000707c00000|  0%| F|  |TAMS 0x0000000707a00000, 0x0000000707a00000| Untracked 
|  45|0x0000000707c00000, 0x0000000707c00000, 0x0000000707e00000|  0%| F|  |TAMS 0x0000000707c00000, 0x0000000707c00000| Untracked 
|  46|0x0000000707e00000, 0x0000000707e00000, 0x0000000708000000|  0%| F|  |TAMS 0x0000000707e00000, 0x0000000707e00000| Untracked 
|  47|0x0000000708000000, 0x0000000708000000, 0x0000000708200000|  0%| F|  |TAMS 0x0000000708000000, 0x0000000708000000| Untracked 
|  48|0x0000000708200000, 0x0000000708200000, 0x0000000708400000|  0%| F|  |TAMS 0x0000000708200000, 0x0000000708200000| Untracked 
|  49|0x0000000708400000, 0x0000000708400000, 0x0000000708600000|  0%| F|  |TAMS 0x0000000708400000, 0x0000000708400000| Untracked 
|  50|0x0000000708600000, 0x0000000708600000, 0x0000000708800000|  0%| F|  |TAMS 0x0000000708600000, 0x0000000708600000| Untracked 
|  51|0x0000000708800000, 0x0000000708800000, 0x0000000708a00000|  0%| F|  |TAMS 0x0000000708800000, 0x0000000708800000| Untracked 
|  52|0x0000000708a00000, 0x0000000708a00000, 0x0000000708c00000|  0%| F|  |TAMS 0x0000000708a00000, 0x0000000708a00000| Untracked 
|  53|0x0000000708c00000, 0x0000000708c00000, 0x0000000708e00000|  0%| F|  |TAMS 0x0000000708c00000, 0x0000000708c00000| Untracked 
|  54|0x0000000708e00000, 0x0000000708e00000, 0x0000000709000000|  0%| F|  |TAMS 0x0000000708e00000, 0x0000000708e00000| Untracked 
|  55|0x0000000709000000, 0x0000000709000000, 0x0000000709200000|  0%| F|  |TAMS 0x0000000709000000, 0x0000000709000000| Untracked 
|  56|0x0000000709200000, 0x0000000709200000, 0x0000000709400000|  0%| F|  |TAMS 0x0000000709200000, 0x0000000709200000| Untracked 
|  57|0x0000000709400000, 0x0000000709400000, 0x0000000709600000|  0%| F|  |TAMS 0x0000000709400000, 0x0000000709400000| Untracked 
|  58|0x0000000709600000, 0x0000000709600000, 0x0000000709800000|  0%| F|  |TAMS 0x0000000709600000, 0x0000000709600000| Untracked 
|  59|0x0000000709800000, 0x0000000709800000, 0x0000000709a00000|  0%| F|  |TAMS 0x0000000709800000, 0x0000000709800000| Untracked 
|  60|0x0000000709a00000, 0x0000000709a00000, 0x0000000709c00000|  0%| F|  |TAMS 0x0000000709a00000, 0x0000000709a00000| Untracked 
|  61|0x0000000709c00000, 0x0000000709c00000, 0x0000000709e00000|  0%| F|  |TAMS 0x0000000709c00000, 0x0000000709c00000| Untracked 
|  62|0x0000000709e00000, 0x0000000709e00000, 0x000000070a000000|  0%| F|  |TAMS 0x0000000709e00000, 0x0000000709e00000| Untracked 
|  63|0x000000070a000000, 0x000000070a000000, 0x000000070a200000|  0%| F|  |TAMS 0x000000070a000000, 0x000000070a000000| Untracked 
|  64|0x000000070a200000, 0x000000070a200000, 0x000000070a400000|  0%| F|  |TAMS 0x000000070a200000, 0x000000070a200000| Untracked 
|  65|0x000000070a400000, 0x000000070a400000, 0x000000070a600000|  0%| F|  |TAMS 0x000000070a400000, 0x000000070a400000| Untracked 
|  66|0x000000070a600000, 0x000000070a600000, 0x000000070a800000|  0%| F|  |TAMS 0x000000070a600000, 0x000000070a600000| Untracked 
|  67|0x000000070a800000, 0x000000070a800000, 0x000000070aa00000|  0%| F|  |TAMS 0x000000070a800000, 0x000000070a800000| Untracked 
|  68|0x000000070aa00000, 0x000000070aa00000, 0x000000070ac00000|  0%| F|  |TAMS 0x000000070aa00000, 0x000000070aa00000| Untracked 
|  69|0x000000070ac00000, 0x000000070ac00000, 0x000000070ae00000|  0%| F|  |TAMS 0x000000070ac00000, 0x000000070ac00000| Untracked 
|  70|0x000000070ae00000, 0x000000070ae00000, 0x000000070b000000|  0%| F|  |TAMS 0x000000070ae00000, 0x000000070ae00000| Untracked 
|  71|0x000000070b000000, 0x000000070b000000, 0x000000070b200000|  0%| F|  |TAMS 0x000000070b000000, 0x000000070b000000| Untracked 
|  72|0x000000070b200000, 0x000000070b200000, 0x000000070b400000|  0%| F|  |TAMS 0x000000070b200000, 0x000000070b200000| Untracked 
|  73|0x000000070b400000, 0x000000070b400000, 0x000000070b600000|  0%| F|  |TAMS 0x000000070b400000, 0x000000070b400000| Untracked 
|  74|0x000000070b600000, 0x000000070b600000, 0x000000070b800000|  0%| F|  |TAMS 0x000000070b600000, 0x000000070b600000| Untracked 
|  75|0x000000070b800000, 0x000000070b800000, 0x000000070ba00000|  0%| F|  |TAMS 0x000000070b800000, 0x000000070b800000| Untracked 
|  76|0x000000070ba00000, 0x000000070ba00000, 0x000000070bc00000|  0%| F|  |TAMS 0x000000070ba00000, 0x000000070ba00000| Untracked 
|  77|0x000000070bc00000, 0x000000070bc00000, 0x000000070be00000|  0%| F|  |TAMS 0x000000070bc00000, 0x000000070bc00000| Untracked 
|  78|0x000000070be00000, 0x000000070be00000, 0x000000070c000000|  0%| F|  |TAMS 0x000000070be00000, 0x000000070be00000| Untracked 
|  79|0x000000070c000000, 0x000000070c000000, 0x000000070c200000|  0%| F|  |TAMS 0x000000070c000000, 0x000000070c000000| Untracked 
|  80|0x000000070c200000, 0x000000070c200000, 0x000000070c400000|  0%| F|  |TAMS 0x000000070c200000, 0x000000070c200000| Untracked 
|  81|0x000000070c400000, 0x000000070c400000, 0x000000070c600000|  0%| F|  |TAMS 0x000000070c400000, 0x000000070c400000| Untracked 
|  82|0x000000070c600000, 0x000000070c600000, 0x000000070c800000|  0%| F|  |TAMS 0x000000070c600000, 0x000000070c600000| Untracked 
|  83|0x000000070c800000, 0x000000070c800000, 0x000000070ca00000|  0%| F|  |TAMS 0x000000070c800000, 0x000000070c800000| Untracked 
|  84|0x000000070ca00000, 0x000000070ca00000, 0x000000070cc00000|  0%| F|  |TAMS 0x000000070ca00000, 0x000000070ca00000| Untracked 
|  85|0x000000070cc00000, 0x000000070cc00000, 0x000000070ce00000|  0%| F|  |TAMS 0x000000070cc00000, 0x000000070cc00000| Untracked 
|  86|0x000000070ce00000, 0x000000070ce00000, 0x000000070d000000|  0%| F|  |TAMS 0x000000070ce00000, 0x000000070ce00000| Untracked 
|  87|0x000000070d000000, 0x000000070d000000, 0x000000070d200000|  0%| F|  |TAMS 0x000000070d000000, 0x000000070d000000| Untracked 
|  88|0x000000070d200000, 0x000000070d200000, 0x000000070d400000|  0%| F|  |TAMS 0x000000070d200000, 0x000000070d200000| Untracked 
|  89|0x000000070d400000, 0x000000070d400000, 0x000000070d600000|  0%| F|  |TAMS 0x000000070d400000, 0x000000070d400000| Untracked 
|  90|0x000000070d600000, 0x000000070d600000, 0x000000070d800000|  0%| F|  |TAMS 0x000000070d600000, 0x000000070d600000| Untracked 
|  91|0x000000070d800000, 0x000000070d800000, 0x000000070da00000|  0%| F|  |TAMS 0x000000070d800000, 0x000000070d800000| Untracked 
|  92|0x000000070da00000, 0x000000070da00000, 0x000000070dc00000|  0%| F|  |TAMS 0x000000070da00000, 0x000000070da00000| Untracked 
|  93|0x000000070dc00000, 0x000000070dc00000, 0x000000070de00000|  0%| F|  |TAMS 0x000000070dc00000, 0x000000070dc00000| Untracked 
|  94|0x000000070de00000, 0x000000070de00000, 0x000000070e000000|  0%| F|  |TAMS 0x000000070de00000, 0x000000070de00000| Untracked 
|  95|0x000000070e000000, 0x000000070e000000, 0x000000070e200000|  0%| F|  |TAMS 0x000000070e000000, 0x000000070e000000| Untracked 
|  96|0x000000070e200000, 0x000000070e200000, 0x000000070e400000|  0%| F|  |TAMS 0x000000070e200000, 0x000000070e200000| Untracked 
|  97|0x000000070e400000, 0x000000070e400000, 0x000000070e600000|  0%| F|  |TAMS 0x000000070e400000, 0x000000070e400000| Untracked 
|  98|0x000000070e600000, 0x000000070e600000, 0x000000070e800000|  0%| F|  |TAMS 0x000000070e600000, 0x000000070e600000| Untracked 
|  99|0x000000070e800000, 0x000000070e800000, 0x000000070ea00000|  0%| F|  |TAMS 0x000000070e800000, 0x000000070e800000| Untracked 
| 100|0x000000070ea00000, 0x000000070ea00000, 0x000000070ec00000|  0%| F|  |TAMS 0x000000070ea00000, 0x000000070ea00000| Untracked 
| 101|0x000000070ec00000, 0x000000070ec00000, 0x000000070ee00000|  0%| F|  |TAMS 0x000000070ec00000, 0x000000070ec00000| Untracked 
| 102|0x000000070ee00000, 0x000000070ee00000, 0x000000070f000000|  0%| F|  |TAMS 0x000000070ee00000, 0x000000070ee00000| Untracked 
| 103|0x000000070f000000, 0x000000070f000000, 0x000000070f200000|  0%| F|  |TAMS 0x000000070f000000, 0x000000070f000000| Untracked 
| 104|0x000000070f200000, 0x000000070f200000, 0x000000070f400000|  0%| F|  |TAMS 0x000000070f200000, 0x000000070f200000| Untracked 
| 105|0x000000070f400000, 0x000000070f400000, 0x000000070f600000|  0%| F|  |TAMS 0x000000070f400000, 0x000000070f400000| Untracked 
| 106|0x000000070f600000, 0x000000070f600000, 0x000000070f800000|  0%| F|  |TAMS 0x000000070f600000, 0x000000070f600000| Untracked 
| 107|0x000000070f800000, 0x000000070f800000, 0x000000070fa00000|  0%| F|  |TAMS 0x000000070f800000, 0x000000070f800000| Untracked 
| 108|0x000000070fa00000, 0x000000070fa00000, 0x000000070fc00000|  0%| F|  |TAMS 0x000000070fa00000, 0x000000070fa00000| Untracked 
| 109|0x000000070fc00000, 0x000000070fc00000, 0x000000070fe00000|  0%| F|  |TAMS 0x000000070fc00000, 0x000000070fc00000| Untracked 
| 110|0x000000070fe00000, 0x000000070fe00000, 0x0000000710000000|  0%| F|  |TAMS 0x000000070fe00000, 0x000000070fe00000| Untracked 
| 111|0x0000000710000000, 0x0000000710000000, 0x0000000710200000|  0%| F|  |TAMS 0x0000000710000000, 0x0000000710000000| Untracked 
| 112|0x0000000710200000, 0x0000000710200000, 0x0000000710400000|  0%| F|  |TAMS 0x0000000710200000, 0x0000000710200000| Untracked 
| 113|0x0000000710400000, 0x0000000710400000, 0x0000000710600000|  0%| F|  |TAMS 0x0000000710400000, 0x0000000710400000| Untracked 
| 114|0x0000000710600000, 0x00000007107090a8, 0x0000000710800000| 51%| S|CS|TAMS 0x0000000710600000, 0x0000000710600000| Complete 
| 115|0x0000000710800000, 0x0000000710a00000, 0x0000000710a00000|100%| S|CS|TAMS 0x0000000710800000, 0x0000000710800000| Complete 
| 116|0x0000000710a00000, 0x0000000710a00000, 0x0000000710c00000|  0%| F|  |TAMS 0x0000000710a00000, 0x0000000710a00000| Untracked 
| 117|0x0000000710c00000, 0x0000000710c00000, 0x0000000710e00000|  0%| F|  |TAMS 0x0000000710c00000, 0x0000000710c00000| Untracked 
| 118|0x0000000710e00000, 0x0000000710e00000, 0x0000000711000000|  0%| F|  |TAMS 0x0000000710e00000, 0x0000000710e00000| Untracked 
| 119|0x0000000711000000, 0x0000000711000000, 0x0000000711200000|  0%| F|  |TAMS 0x0000000711000000, 0x0000000711000000| Untracked 
| 120|0x0000000711200000, 0x0000000711200000, 0x0000000711400000|  0%| F|  |TAMS 0x0000000711200000, 0x0000000711200000| Untracked 
| 121|0x0000000711400000, 0x0000000711400000, 0x0000000711600000|  0%| F|  |TAMS 0x0000000711400000, 0x0000000711400000| Untracked 
| 122|0x0000000711600000, 0x0000000711600000, 0x0000000711800000|  0%| F|  |TAMS 0x0000000711600000, 0x0000000711600000| Untracked 
| 123|0x0000000711800000, 0x0000000711800000, 0x0000000711a00000|  0%| F|  |TAMS 0x0000000711800000, 0x0000000711800000| Untracked 
| 124|0x0000000711a00000, 0x0000000711a9b9b8, 0x0000000711c00000| 30%| E|  |TAMS 0x0000000711a00000, 0x0000000711a00000| Complete 
| 125|0x0000000711c00000, 0x0000000711e00000, 0x0000000711e00000|100%| E|CS|TAMS 0x0000000711c00000, 0x0000000711c00000| Complete 
| 126|0x0000000711e00000, 0x0000000712000000, 0x0000000712000000|100%| E|CS|TAMS 0x0000000711e00000, 0x0000000711e00000| Complete 

Card table byte_map: [0x0000023a34c30000,0x0000023a35420000] _byte_map_base: 0x0000023a3141f000

Marking Bits (Prev, Next): (CMBitMap*) 0x0000023a21898c30, (CMBitMap*) 0x0000023a21898c70
 Prev Bits: [0x0000023a35c10000, 0x0000023a39b88000)
 Next Bits: [0x0000023a39b90000, 0x0000023a3db08000)

Polling page: 0x0000023a21000000

Metaspace:

Usage:
  Non-class:     11.80 MB used.
      Class:      1.00 MB used.
       Both:     12.80 MB used.

Virtual space:
  Non-class space:       16.00 MB reserved,      11.88 MB ( 74%) committed,  2 nodes.
      Class space:        1.00 GB reserved,       1.06 MB ( <1%) committed,  1 nodes.
             Both:        1.02 GB reserved,      12.94 MB (  1%) committed. 

Chunk freelists:
   Non-Class:  144.00 KB
       Class:  2.97 MB
        Both:  3.11 MB

MaxMetaspaceSize: unlimited
CompressedClassSpaceSize: 1.00 GB
Initial GC threshold: 21.00 MB
Current GC threshold: 21.00 MB
CDS: off
MetaspaceReclaimPolicy: balanced
 - commit_granule_bytes: 65536.
 - commit_granule_words: 8192.
 - virtual_space_node_default_size: 1048576.
 - enlarge_chunks_in_place: 1.
 - new_chunks_are_fully_committed: 0.
 - uncommit_free_chunks: 1.
 - use_allocation_guard: 0.
 - handle_deallocations: 1.


Internal statistics:

num_allocs_failed_limit: 0.
num_arena_births: 66.
num_arena_deaths: 0.
num_vsnodes_births: 3.
num_vsnodes_deaths: 0.
num_space_committed: 205.
num_space_uncommitted: 0.
num_chunks_returned_to_freelist: 0.
num_chunks_taken_from_freelist: 250.
num_chunk_merges: 0.
num_chunk_splits: 176.
num_chunks_enlarged: 146.
num_purges: 0.
num_inconsistent_stats: 0.

CodeHeap 'non-profiled nmethods': size=120000Kb used=607Kb max_used=607Kb free=119392Kb
 bounds [0x0000023a2c9c0000, 0x0000023a2cc30000, 0x0000023a33ef0000]
CodeHeap 'profiled nmethods': size=120000Kb used=2530Kb max_used=2530Kb free=117469Kb
 bounds [0x0000023a25490000, 0x0000023a25710000, 0x0000023a2c9c0000]
CodeHeap 'non-nmethods': size=5760Kb used=1627Kb max_used=1657Kb free=4132Kb
 bounds [0x0000023a24ef0000, 0x0000023a25160000, 0x0000023a25490000]
 total_blobs=2543 nmethods=1476 adapters=980
 compilation: enabled
              stopped_count=0, restarted_count=0
 full_count=0

Compilation events (20 events):
Event: 7.876 Thread 0x0000023a41096e10 1464       3       java.io.FileDescriptor::<init> (17 bytes)
Event: 7.876 Thread 0x0000023a41096e10 nmethod 1464 0x0000023a25705210 code [0x0000023a257053a0, 0x0000023a25705518]
Event: 7.877 Thread 0x0000023a41096e10 1465       3       java.io.FileCleanable::register (49 bytes)
Event: 7.877 Thread 0x0000023a41096e10 nmethod 1465 0x0000023a25705610 code [0x0000023a25705820, 0x0000023a25706078]
Event: 7.877 Thread 0x0000023a41096e10 1466       3       java.io.FileDescriptor$1::get (5 bytes)
Event: 7.877 Thread 0x0000023a41096e10 nmethod 1466 0x0000023a25706390 code [0x0000023a25706520, 0x0000023a25706638]
Event: 7.877 Thread 0x0000023a41094500 1467       4       java.nio.ByteBuffer::limit (8 bytes)
Event: 7.878 Thread 0x0000023a41094500 nmethod 1467 0x0000023a2ca53290 code [0x0000023a2ca53400, 0x0000023a2ca534f8]
Event: 7.958 Thread 0x0000023a41096e10 1468  s    3       java.io.FileDescriptor::attach (73 bytes)
Event: 7.958 Thread 0x0000023a41096e10 nmethod 1468 0x0000023a25706710 code [0x0000023a25706940, 0x0000023a25707468]
Event: 7.969 Thread 0x0000023a41094500 1469       4       java.io.WinNTFileSystem::normalize (143 bytes)
Event: 7.977 Thread 0x0000023a41096e10 1470       3       java.nio.ByteBuffer::limit (6 bytes)
Event: 7.977 Thread 0x0000023a41096e10 nmethod 1470 0x0000023a25707790 code [0x0000023a25707940, 0x0000023a25707b08]
Event: 7.990 Thread 0x0000023a41094500 nmethod 1469 0x0000023a2ca53610 code [0x0000023a2ca538c0, 0x0000023a2ca55cb8]
Event: 7.990 Thread 0x0000023a41094500 1471       4       java.lang.String::endsWith (15 bytes)
Event: 7.991 Thread 0x0000023a41096e10 1473       3       java.lang.Float::parseFloat (5 bytes)
Event: 7.991 Thread 0x0000023a41096e10 nmethod 1473 0x0000023a25707b90 code [0x0000023a25707d40, 0x0000023a25707f78]
Event: 7.991 Thread 0x0000023a41096e10 1474       3       jdk.internal.math.FloatingDecimal::parseFloat (10 bytes)
Event: 7.991 Thread 0x0000023a41096e10 nmethod 1474 0x0000023a25708090 code [0x0000023a25708240, 0x0000023a25708418]
Event: 7.991 Thread 0x0000023a41096e10 1476       3       com.badlogic.gdx.utils.Array::<init> (21 bytes)

GC Heap History (2 events):
Event: 2.564 GC heap before
{Heap before GC invocations=0 (full 0):
 garbage-first heap   total 260096K, used 24576K [0x0000000702200000, 0x0000000800000000)
  region size 2048K, 11 young (22528K), 0 survivors (0K)
 Metaspace       used 12793K, committed 12992K, reserved 1064960K
  class space    used 1014K, committed 1088K, reserved 1048576K
}
Event: 2.567 GC heap after
{Heap after GC invocations=1 (full 0):
 garbage-first heap   total 260096K, used 3108K [0x0000000702200000, 0x0000000800000000)
  region size 2048K, 2 young (4096K), 2 survivors (4096K)
 Metaspace       used 12793K, committed 12992K, reserved 1064960K
  class space    used 1014K, committed 1088K, reserved 1048576K
}

Deoptimization events (20 events):
Event: 0.789 Thread 0x0000023a2182cc70 DEOPT PACKING pc=0x0000023a2ca07c64 sp=0x000000ce7fbfe280
Event: 0.789 Thread 0x0000023a2182cc70 DEOPT UNPACKING pc=0x0000023a24f423a3 sp=0x000000ce7fbfe190 mode 2
Event: 1.151 Thread 0x0000023a2182cc70 DEOPT PACKING pc=0x0000023a25618efe sp=0x000000ce7fbff450
Event: 1.151 Thread 0x0000023a2182cc70 DEOPT UNPACKING pc=0x0000023a24f42b43 sp=0x000000ce7fbfe998 mode 0
Event: 2.142 Thread 0x0000023a2182cc70 Uncommon trap: trap_request=0xffffff45 fr.pc=0x0000023a2c9fb264 relative=0x0000000000000104
Event: 2.142 Thread 0x0000023a2182cc70 Uncommon trap: reason=unstable_if action=reinterpret pc=0x0000023a2c9fb264 method=java.io.WinNTFileSystem.normalize(Ljava/lang/String;)Ljava/lang/String; @ 74 c2
Event: 2.142 Thread 0x0000023a2182cc70 DEOPT PACKING pc=0x0000023a2c9fb264 sp=0x000000ce7fbff0b0
Event: 2.142 Thread 0x0000023a2182cc70 DEOPT UNPACKING pc=0x0000023a24f423a3 sp=0x000000ce7fbff088 mode 2
Event: 2.403 Thread 0x0000023a2182cc70 Uncommon trap: trap_request=0xffffff45 fr.pc=0x0000023a2ca14450 relative=0x00000000000001b0
Event: 2.403 Thread 0x0000023a2182cc70 Uncommon trap: reason=unstable_if action=reinterpret pc=0x0000023a2ca14450 method=com.badlogic.gdx.utils.Array.add(Ljava/lang/Object;)V @ 11 c2
Event: 2.403 Thread 0x0000023a2182cc70 DEOPT PACKING pc=0x0000023a2ca14450 sp=0x000000ce7fbfefc0
Event: 2.403 Thread 0x0000023a2182cc70 DEOPT UNPACKING pc=0x0000023a24f423a3 sp=0x000000ce7fbfef80 mode 2
Event: 5.534 Thread 0x0000023a2182cc70 Uncommon trap: trap_request=0xffffff45 fr.pc=0x0000023a2ca3a3d8 relative=0x0000000000000058
Event: 5.534 Thread 0x0000023a2182cc70 Uncommon trap: reason=unstable_if action=reinterpret pc=0x0000023a2ca3a3d8 method=java.nio.Buffer.remaining()I @ 11 c2
Event: 5.534 Thread 0x0000023a2182cc70 DEOPT PACKING pc=0x0000023a2ca3a3d8 sp=0x000000ce7fbfefb0
Event: 5.534 Thread 0x0000023a2182cc70 DEOPT UNPACKING pc=0x0000023a24f423a3 sp=0x000000ce7fbfef48 mode 2
Event: 5.556 Thread 0x0000023a2182cc70 Uncommon trap: trap_request=0xffffffd6 fr.pc=0x0000023a2ca29a34 relative=0x00000000000001f4
Event: 5.556 Thread 0x0000023a2182cc70 Uncommon trap: reason=array_check action=maybe_recompile pc=0x0000023a2ca29a34 method=com.badlogic.gdx.utils.Array.add(Ljava/lang/Object;)V @ 46 c2
Event: 5.556 Thread 0x0000023a2182cc70 DEOPT PACKING pc=0x0000023a2ca29a34 sp=0x000000ce7fbff230
Event: 5.556 Thread 0x0000023a2182cc70 DEOPT UNPACKING pc=0x0000023a24f423a3 sp=0x000000ce7fbff1d8 mode 2

Classes unloaded (0 events):
No events

Classes redefined (0 events):
No events

Internal exceptions (20 events):
Event: 0.249 Thread 0x0000023a2182cc70 Exception <a 'java/lang/NoSuchMethodError'{0x00000007118c69b8}: 'int java.lang.invoke.DirectMethodHandle$Holder.invokeSpecial(java.lang.Object, java.lang.Object, java.lang.Object)'> (0x00000007118c69b8) 
thrown [s\src\hotspot\share\interpreter\linkResolver.cpp, line 759]
Event: 0.272 Thread 0x0000023a2182cc70 Exception <a 'sun/nio/fs/WindowsException'{0x00000007119696c8}> (0x00000007119696c8) 
thrown [s\src\hotspot\share\prims\jni.cpp, line 516]
Event: 0.272 Thread 0x0000023a2182cc70 Exception <a 'sun/nio/fs/WindowsException'{0x0000000711969c18}> (0x0000000711969c18) 
thrown [s\src\hotspot\share\prims\jni.cpp, line 516]
Event: 0.282 Thread 0x0000023a2182cc70 Exception <a 'java/lang/NoSuchMethodError'{0x00000007119ad6d0}: 'int java.lang.invoke.DirectMethodHandle$Holder.invokeStaticInit(java.lang.Object, java.lang.Object, int, long)'> (0x00000007119ad6d0) 
thrown [s\src\hotspot\share\interpreter\linkResolver.cpp, line 759]
Event: 0.283 Thread 0x0000023a2182cc70 Exception <a 'java/lang/NoSuchMethodError'{0x00000007119b2f98}: 'java.lang.Object java.lang.invoke.DirectMethodHandle$Holder.newInvokeSpecial(java.lang.Object, java.lang.Object, int)'> (0x00000007119b2f98) 
thrown [s\src\hotspot\share\interpreter\linkResolver.cpp, line 759]
Event: 0.285 Thread 0x0000023a2182cc70 Exception <a 'java/lang/NoSuchMethodError'{0x00000007119c8100}: 'int java.lang.invoke.DirectMethodHandle$Holder.invokeStaticInit(java.lang.Object, java.lang.Object, long, long)'> (0x00000007119c8100) 
thrown [s\src\hotspot\share\interpreter\linkResolver.cpp, line 759]
Event: 0.286 Thread 0x0000023a2182cc70 Exception <a 'java/lang/NoSuchMethodError'{0x00000007119ce210}: 'java.lang.Object java.lang.invoke.DirectMethodHandle$Holder.newInvokeSpecial(java.lang.Object, java.lang.Object, long)'> (0x00000007119ce210) 
thrown [s\src\hotspot\share\interpreter\linkResolver.cpp, line 759]
Event: 0.286 Thread 0x0000023a2182cc70 Exception <a 'java/lang/NoSuchMethodError'{0x00000007119d2258}: 'java.lang.Object java.lang.invoke.Invokers$Holder.linkToTargetMethod(java.lang.Object, long, java.lang.Object)'> (0x00000007119d2258) 
thrown [s\src\hotspot\share\interpreter\linkResolver.cpp, line 759]
Event: 0.287 Thread 0x0000023a2182cc70 Exception <a 'java/lang/NoSuchMethodError'{0x00000007119d9970}: 'int java.lang.invoke.DirectMethodHandle$Holder.invokeStaticInit(java.lang.Object, java.lang.Object, java.lang.Object, long)'> (0x00000007119d9970) 
thrown [s\src\hotspot\share\interpreter\linkResolver.cpp, line 759]
Event: 0.306 Thread 0x0000023a2182cc70 Exception <a 'sun/nio/fs/WindowsException'{0x0000000711696f38}> (0x0000000711696f38) 
thrown [s\src\hotspot\share\prims\jni.cpp, line 516]
Event: 0.306 Thread 0x0000023a2182cc70 Exception <a 'sun/nio/fs/WindowsException'{0x00000007116972c8}> (0x00000007116972c8) 
thrown [s\src\hotspot\share\prims\jni.cpp, line 516]
Event: 0.325 Thread 0x0000023a2182cc70 Exception <a 'sun/nio/fs/WindowsException'{0x000000071175af68}> (0x000000071175af68) 
thrown [s\src\hotspot\share\prims\jni.cpp, line 516]
Event: 0.326 Thread 0x0000023a2182cc70 Exception <a 'sun/nio/fs/WindowsException'{0x000000071175b2c8}> (0x000000071175b2c8) 
thrown [s\src\hotspot\share\prims\jni.cpp, line 516]
Event: 0.362 Thread 0x0000023a2182cc70 Exception <a 'sun/nio/fs/WindowsException'{0x00000007117f7338}> (0x00000007117f7338) 
thrown [s\src\hotspot\share\prims\jni.cpp, line 516]
Event: 0.362 Thread 0x0000023a2182cc70 Exception <a 'sun/nio/fs/WindowsException'{0x00000007117f76b8}> (0x00000007117f76b8) 
thrown [s\src\hotspot\share\prims\jni.cpp, line 516]
Event: 0.395 Thread 0x0000023a2182cc70 Exception <a 'java/lang/NoSuchMethodError'{0x0000000711446758}: 'java.lang.Object java.lang.invoke.DirectMethodHandle$Holder.newInvokeSpecial(java.lang.Object, long)'> (0x0000000711446758) 
thrown [s\src\hotspot\share\interpreter\linkResolver.cpp, line 759]
Event: 0.542 Thread 0x0000023a2182cc70 Exception <a 'sun/nio/fs/WindowsException'{0x0000000711582ee8}> (0x0000000711582ee8) 
thrown [s\src\hotspot\share\prims\jni.cpp, line 516]
Event: 0.543 Thread 0x0000023a2182cc70 Exception <a 'sun/nio/fs/WindowsException'{0x0000000711583290}> (0x0000000711583290) 
thrown [s\src\hotspot\share\prims\jni.cpp, line 516]
Event: 0.546 Thread 0x0000023a2182cc70 Exception <a 'sun/nio/fs/WindowsException'{0x00000007115935f8}> (0x00000007115935f8) 
thrown [s\src\hotspot\share\prims\jni.cpp, line 516]
Event: 0.546 Thread 0x0000023a2182cc70 Exception <a 'sun/nio/fs/WindowsException'{0x00000007115938d8}> (0x00000007115938d8) 
thrown [s\src\hotspot\share\prims\jni.cpp, line 516]

VM Operations (20 events):
Event: 1.623 Executing VM operation: Cleanup
Event: 1.623 Executing VM operation: Cleanup done
Event: 2.010 Executing VM operation: HandshakeAllThreads
Event: 2.010 Executing VM operation: HandshakeAllThreads done
Event: 2.564 Executing VM operation: G1CollectForAllocation
Event: 2.567 Executing VM operation: G1CollectForAllocation done
Event: 2.570 Executing VM operation: HandshakeAllThreads
Event: 2.570 Executing VM operation: HandshakeAllThreads done
Event: 2.571 Executing VM operation: HandshakeAllThreads
Event: 2.571 Executing VM operation: HandshakeAllThreads done
Event: 3.571 Executing VM operation: Cleanup
Event: 3.571 Executing VM operation: Cleanup done
Event: 4.572 Executing VM operation: Cleanup
Event: 4.572 Executing VM operation: Cleanup done
Event: 5.572 Executing VM operation: Cleanup
Event: 5.572 Executing VM operation: Cleanup done
Event: 6.573 Executing VM operation: Cleanup
Event: 6.573 Executing VM operation: Cleanup done
Event: 7.573 Executing VM operation: Cleanup
Event: 7.573 Executing VM operation: Cleanup done

Events (20 events):
Event: 1.010 Thread 0x0000023a43a892f0 Thread exited: 0x0000023a43a892f0
Event: 1.996 loading class java/io/FileReader
Event: 1.996 loading class java/io/FileReader done
Event: 2.010 Loaded shared library C:\Users\matia\AppData\Local\Temp\libgdxmatia\888fe1bc\gdx-box2d64.dll
Event: 2.130 loading class jdk/internal/math/FloatingDecimal
Event: 2.130 loading class jdk/internal/math/FloatingDecimal done
Event: 2.130 loading class jdk/internal/math/FloatingDecimal$ExceptionalBinaryToASCIIBuffer
Event: 2.130 loading class jdk/internal/math/FloatingDecimal$BinaryToASCIIConverter
Event: 2.130 loading class jdk/internal/math/FloatingDecimal$BinaryToASCIIConverter done
Event: 2.130 loading class jdk/internal/math/FloatingDecimal$ExceptionalBinaryToASCIIBuffer done
Event: 2.130 loading class jdk/internal/math/FloatingDecimal$BinaryToASCIIBuffer
Event: 2.130 loading class jdk/internal/math/FloatingDecimal$BinaryToASCIIBuffer done
Event: 2.131 loading class jdk/internal/math/FloatingDecimal$1
Event: 2.131 loading class jdk/internal/math/FloatingDecimal$1 done
Event: 2.131 loading class jdk/internal/math/FloatingDecimal$PreparedASCIIToBinaryBuffer
Event: 2.131 loading class jdk/internal/math/FloatingDecimal$ASCIIToBinaryConverter
Event: 2.131 loading class jdk/internal/math/FloatingDecimal$ASCIIToBinaryConverter done
Event: 2.131 loading class jdk/internal/math/FloatingDecimal$PreparedASCIIToBinaryBuffer done
Event: 2.131 loading class jdk/internal/math/FloatingDecimal$ASCIIToBinaryBuffer
Event: 2.131 loading class jdk/internal/math/FloatingDecimal$ASCIIToBinaryBuffer done


Dynamic libraries:
0x00007ff791560000 - 0x00007ff79156e000 	C:\Users\matia\.p2\pool\plugins\org.eclipse.justj.openjdk.hotspot.jre.full.win32.x86_64_17.0.4.v20220805-1047\jre\bin\javaw.exe
0x00007ffaeb470000 - 0x00007ffaeb668000 	C:\Windows\SYSTEM32\ntdll.dll
0x00007ffae9640000 - 0x00007ffae96ff000 	C:\Windows\System32\KERNEL32.DLL
0x00007ffae8c50000 - 0x00007ffae8f22000 	C:\Windows\System32\KERNELBASE.dll
0x00007ffae8f60000 - 0x00007ffae9060000 	C:\Windows\System32\ucrtbase.dll
0x00007ffae4850000 - 0x00007ffae4868000 	C:\Users\matia\.p2\pool\plugins\org.eclipse.justj.openjdk.hotspot.jre.full.win32.x86_64_17.0.4.v20220805-1047\jre\bin\jli.dll
0x00007ffae4190000 - 0x00007ffae41a9000 	C:\Users\matia\.p2\pool\plugins\org.eclipse.justj.openjdk.hotspot.jre.full.win32.x86_64_17.0.4.v20220805-1047\jre\bin\VCRUNTIME140.dll
0x00007ffae9c70000 - 0x00007ffae9e0d000 	C:\Windows\System32\USER32.dll
0x00007ffad30e0000 - 0x00007ffad337a000 	C:\Windows\WinSxS\amd64_microsoft.windows.common-controls_6595b64144ccf1df_6.0.19041.1110_none_60b5254171f9507e\COMCTL32.dll
0x00007ffae8f30000 - 0x00007ffae8f52000 	C:\Windows\System32\win32u.dll
0x00007ffaeb330000 - 0x00007ffaeb3ce000 	C:\Windows\System32\msvcrt.dll
0x00007ffae9b60000 - 0x00007ffae9b8b000 	C:\Windows\System32\GDI32.dll
0x00007ffae90d0000 - 0x00007ffae91df000 	C:\Windows\System32\gdi32full.dll
0x00007ffae9290000 - 0x00007ffae932d000 	C:\Windows\System32\msvcp_win.dll
0x00007ffae9b90000 - 0x00007ffae9bc2000 	C:\Windows\System32\IMM32.DLL
0x00007ffae4420000 - 0x00007ffae442c000 	C:\Users\matia\.p2\pool\plugins\org.eclipse.justj.openjdk.hotspot.jre.full.win32.x86_64_17.0.4.v20220805-1047\jre\bin\vcruntime140_1.dll
0x00007ffac6dd0000 - 0x00007ffac6e61000 	C:\Users\matia\.p2\pool\plugins\org.eclipse.justj.openjdk.hotspot.jre.full.win32.x86_64_17.0.4.v20220805-1047\jre\bin\msvcp140.dll
0x00007ffa65850000 - 0x00007ffa66496000 	C:\Users\matia\.p2\pool\plugins\org.eclipse.justj.openjdk.hotspot.jre.full.win32.x86_64_17.0.4.v20220805-1047\jre\bin\server\jvm.dll
0x00007ffae9590000 - 0x00007ffae963e000 	C:\Windows\System32\ADVAPI32.dll
0x00007ffae9bd0000 - 0x00007ffae9c6c000 	C:\Windows\System32\sechost.dll
0x00007ffaea420000 - 0x00007ffaea545000 	C:\Windows\System32\RPCRT4.dll
0x00007ffaea110000 - 0x00007ffaea118000 	C:\Windows\System32\PSAPI.DLL
0x00007ffae4160000 - 0x00007ffae4169000 	C:\Windows\SYSTEM32\WSOCK32.dll
0x00007ffae06b0000 - 0x00007ffae06d7000 	C:\Windows\SYSTEM32\WINMM.dll
0x00007ffae1200000 - 0x00007ffae120a000 	C:\Windows\SYSTEM32\VERSION.dll
0x00007ffae9e10000 - 0x00007ffae9e7b000 	C:\Windows\System32\WS2_32.dll
0x00007ffae6a50000 - 0x00007ffae6a62000 	C:\Windows\SYSTEM32\kernel.appcore.dll
0x00007ffae4800000 - 0x00007ffae480a000 	C:\Users\matia\.p2\pool\plugins\org.eclipse.justj.openjdk.hotspot.jre.full.win32.x86_64_17.0.4.v20220805-1047\jre\bin\jimage.dll
0x00007ffad7150000 - 0x00007ffad7334000 	C:\Windows\SYSTEM32\DBGHELP.DLL
0x00007ffad6bc0000 - 0x00007ffad6bec000 	C:\Windows\SYSTEM32\dbgcore.DLL
0x00007ffae8b70000 - 0x00007ffae8bf2000 	C:\Windows\System32\bcryptPrimitives.dll
0x00007ffac8070000 - 0x00007ffac8095000 	C:\Users\matia\.p2\pool\plugins\org.eclipse.justj.openjdk.hotspot.jre.full.win32.x86_64_17.0.4.v20220805-1047\jre\bin\java.dll
0x00007ffae4220000 - 0x00007ffae4238000 	C:\Users\matia\.p2\pool\plugins\org.eclipse.justj.openjdk.hotspot.jre.full.win32.x86_64_17.0.4.v20220805-1047\jre\bin\zip.dll
0x00007ffaea9d0000 - 0x00007ffaeb113000 	C:\Windows\System32\SHELL32.dll
0x00007ffae6c50000 - 0x00007ffae73e2000 	C:\Windows\SYSTEM32\windows.storage.dll
0x00007ffae9760000 - 0x00007ffae9ab4000 	C:\Windows\System32\combase.dll
0x00007ffae85d0000 - 0x00007ffae8600000 	C:\Windows\SYSTEM32\Wldp.dll
0x00007ffae9f00000 - 0x00007ffae9fad000 	C:\Windows\System32\SHCORE.dll
0x00007ffaeb3d0000 - 0x00007ffaeb425000 	C:\Windows\System32\shlwapi.dll
0x00007ffae8ab0000 - 0x00007ffae8acf000 	C:\Windows\SYSTEM32\profapi.dll
0x00007ffae3bf0000 - 0x00007ffae3c09000 	C:\Users\matia\.p2\pool\plugins\org.eclipse.justj.openjdk.hotspot.jre.full.win32.x86_64_17.0.4.v20220805-1047\jre\bin\net.dll
0x00007ffad9f20000 - 0x00007ffada02c000 	C:\Windows\SYSTEM32\WINHTTP.dll
0x00007ffae8330000 - 0x00007ffae839a000 	C:\Windows\system32\mswsock.dll
0x00007ffac6f50000 - 0x00007ffac6f65000 	C:\Users\matia\.p2\pool\plugins\org.eclipse.justj.openjdk.hotspot.jre.full.win32.x86_64_17.0.4.v20220805-1047\jre\bin\nio.dll
0x0000000067a30000 - 0x0000000067a59000 	C:\Users\matia\AppData\Local\Temp\libgdxmatia\e787ab0a\gdx64.dll
0x00007ffaba0c0000 - 0x00007ffaba135000 	C:\Users\matia\AppData\Local\Temp\lwjglmatia\3.3.1-build-7\lwjgl.dll
0x00007ffa764c0000 - 0x00007ffa76719000 	C:\Users\matia\AppData\Local\Temp\lwjglmatia\3.3.1-build-7\jemalloc.dll
0x00007ffac4d10000 - 0x00007ffac4d71000 	C:\Users\matia\AppData\Local\Temp\lwjglmatia\3.3.1-build-7\glfw.dll
0x00007ffac6b90000 - 0x00007ffac6bd5000 	C:\Windows\SYSTEM32\dinput8.dll
0x00007ffa75ec0000 - 0x00007ffa75ed1000 	C:\Windows\SYSTEM32\xinput1_4.dll
0x00007ffae8c00000 - 0x00007ffae8c4e000 	C:\Windows\System32\cfgmgr32.dll
0x00007ffae8920000 - 0x00007ffae894c000 	C:\Windows\SYSTEM32\DEVOBJ.dll
0x00007ffae6760000 - 0x00007ffae678f000 	C:\Windows\SYSTEM32\dwmapi.dll
0x00007ffac7050000 - 0x00007ffac71a2000 	C:\Windows\SYSTEM32\inputhost.dll
0x00007ffae94c0000 - 0x00007ffae958d000 	C:\Windows\System32\OLEAUT32.dll
0x00007ffae5650000 - 0x00007ffae57a4000 	C:\Windows\SYSTEM32\wintypes.dll
0x00007ffae4570000 - 0x00007ffae4666000 	C:\Windows\SYSTEM32\PROPSYS.dll
0x00007ffae6080000 - 0x00007ffae6172000 	C:\Windows\SYSTEM32\CoreMessaging.dll
0x00007ffae5d20000 - 0x00007ffae607e000 	C:\Windows\SYSTEM32\CoreUIComponents.dll
0x00007ffae7d20000 - 0x00007ffae7d53000 	C:\Windows\SYSTEM32\ntmarta.dll
0x00007ffae6580000 - 0x00007ffae661e000 	C:\Windows\system32\uxtheme.dll
0x00007ffaea300000 - 0x00007ffaea415000 	C:\Windows\System32\MSCTF.dll
0x00007ffaad000000 - 0x00007ffaad197000 	C:\Users\matia\AppData\Local\Temp\lwjglmatia\3.3.1-build-7\OpenAL.dll
0x00007ffaea120000 - 0x00007ffaea24a000 	C:\Windows\System32\ole32.dll
0x00007ffaea250000 - 0x00007ffaea2ff000 	C:\Windows\System32\clbcatq.dll
0x00007ffae2a20000 - 0x00007ffae2aa5000 	C:\Windows\System32\MMDevApi.dll
0x00007ffae2d50000 - 0x00007ffae2ed2000 	C:\Windows\SYSTEM32\AUDIOSES.DLL
0x00007ffae80f0000 - 0x00007ffae813b000 	C:\Windows\SYSTEM32\powrprof.dll
0x00007ffae7fb0000 - 0x00007ffae7fc2000 	C:\Windows\SYSTEM32\UMPDC.dll
0x00007ffae6660000 - 0x00007ffae6674000 	C:\Windows\SYSTEM32\resourcepolicyclient.dll
0x00007ffac7db0000 - 0x00007ffac7ed5000 	C:\Windows\SYSTEM32\opengl32.dll
0x00007ffaca390000 - 0x00007ffaca3bc000 	C:\Windows\SYSTEM32\GLU32.dll
0x00007ffae2ee0000 - 0x00007ffae2fd7000 	C:\Windows\System32\AppXDeploymentClient.dll
0x00007ffa5d4b0000 - 0x00007ffa60de1000 	C:\Windows\System32\DriverStore\FileRepository\nv_dispi.inf_amd64_009debfbd2e1619b\nvoglv64.dll
0x00007ffaea550000 - 0x00007ffaea9b8000 	C:\Windows\System32\SETUPAPI.dll
0x00007ffae9330000 - 0x00007ffae9357000 	C:\Windows\System32\bcrypt.dll
0x00007ffae4700000 - 0x00007ffae4714000 	C:\Windows\SYSTEM32\WTSAPI32.dll
0x00007ffae8760000 - 0x00007ffae8772000 	C:\Windows\SYSTEM32\msasn1.dll
0x00007ffae1230000 - 0x00007ffae1261000 	C:\Windows\SYSTEM32\cryptnet.dll
0x00007ffae9360000 - 0x00007ffae94b6000 	C:\Windows\System32\CRYPT32.dll
0x00007ffae0d60000 - 0x00007ffae0ea8000 	C:\Windows\SYSTEM32\drvstore.dll
0x00007ffae8540000 - 0x00007ffae854c000 	C:\Windows\SYSTEM32\cryptbase.dll
0x00007ffae9060000 - 0x00007ffae90ca000 	C:\Windows\System32\WINTRUST.dll
0x00007ffadf0f0000 - 0x00007ffadf12b000 	C:\Windows\SYSTEM32\dxcore.dll
0x00007ffa6a510000 - 0x00007ffa6a7df000 	C:\Windows\system32\nvspcap64.dll
0x00007ffae7870000 - 0x00007ffae78d4000 	C:\Windows\SYSTEM32\WINSTA.dll
0x00007ffac4b70000 - 0x00007ffac4bcd000 	C:\Users\matia\AppData\Local\Temp\lwjglmatia\3.3.1-build-7\lwjgl_opengl.dll
0x00007ffac4880000 - 0x00007ffac4979000 	C:\Windows\SYSTEM32\textinputframework.dll
0x00007ffad3070000 - 0x00007ffad30d6000 	C:\Windows\system32\Oleacc.dll
0x00000000679d0000 - 0x0000000067a2a000 	C:\Users\matia\AppData\Local\Temp\libgdxmatia\888fe1bc\gdx-box2d64.dll

dbghelp: loaded successfully - version: 4.0.5 - missing functions: none
symbol engine: initialized successfully - sym options: 0x614 - pdb path: .;C:\Users\matia\.p2\pool\plugins\org.eclipse.justj.openjdk.hotspot.jre.full.win32.x86_64_17.0.4.v20220805-1047\jre\bin;C:\Windows\SYSTEM32;C:\Windows\WinSxS\amd64_microsoft.windows.common-controls_6595b64144ccf1df_6.0.19041.1110_none_60b5254171f9507e;C:\Users\matia\.p2\pool\plugins\org.eclipse.justj.openjdk.hotspot.jre.full.win32.x86_64_17.0.4.v20220805-1047\jre\bin\server;C:\Users\matia\AppData\Local\Temp\libgdxmatia\e787ab0a;C:\Users\matia\AppData\Local\Temp\lwjglmatia\3.3.1-build-7;C:\Windows\System32\DriverStore\FileRepository\nv_dispi.inf_amd64_009debfbd2e1619b;C:\Users\matia\AppData\Local\Temp\libgdxmatia\888fe1bc

VM Arguments:
jvm_args: -Dfile.encoding=UTF-8 -XX:+ShowCodeDetailsInExceptionMessages 
java_command: com.mygdx.game.DesktopLauncher
java_class_path (initial): G:\Mi unidad\PUCV\2do año\4to Semestre\Programación Avanzada\Jimbo Adventures, El origen (Beta)\desktop\bin\main;\Jimbo Adventures, El origen-core\bin\default;G:\Mi unidad\PUCV\2do año\4to Semestre\Programación Avanzada\Jimbo Adventures, El origen (Beta)\core\bin\main;C:\Users\matia\.gradle\caches\modules-2\files-2.1\com.badlogicgames.gdx\gdx-backend-lwjgl3\1.11.0\58a96db4cd349be4292d547856aa1e1c5f065f4e\gdx-backend-lwjgl3-1.11.0.jar;C:\Users\matia\.gradle\caches\modules-2\files-2.1\com.badlogicgames.gdx\gdx-platform\1.11.0\697fb13eada6d3c6ca648c9788692b0159add126\gdx-platform-1.11.0-natives-desktop.jar;C:\Users\matia\.gradle\caches\modules-2\files-2.1\com.badlogicgames.gdx\gdx-box2d-platform\1.11.0\62ff9baa1e57a11e0a4428a38c9660bf9f312fdc\gdx-box2d-platform-1.11.0-natives-desktop.jar;C:\Users\matia\.gradle\caches\modules-2\files-2.1\com.badlogicgames.gdx\gdx-bullet-platform\1.11.0\2c067b913a306ba26d482075297538ad91cdb88b\gdx-bullet-platform-1.11.0-natives-desktop.jar;C:\Users\matia\.gradle\caches\modules-2\files-2.1\com.badlogicgames.gdx\gdx-box2d\1.11.0\ad4facee800dd945d6d6e93dea2936bc135b5f\gdx-box2d-1.11.0.jar;C:\Users\matia\.gradle\caches\modules-2\files-2.1\com.badlogicgames.gdx\gdx-bullet\1.11.0\1eb83845fa655e7e8ab6bbb979d28b0502ad3302\gdx-bullet-1.11.0.jar;C:\Users\matia\.gradle\caches\modules-2\files-2.1\com.badlogicgames.gdx\gdx\1.11.0\ffe1206d1004cd9e40027e28964be0fea0399af7\gdx-1.11.0.jar;C:\Users\matia\.gradle\caches\modules-2\files-2.1\org.lwjgl\lwjgl-glfw\3.3.1\cbac1b8d30cb4795149c1ef540f912671a8616d0\lwjgl-glfw-3.3.1.jar;C:\Users\matia\.gradle\caches\modules-2\files-2.1\org.lwjgl\lwjgl-glfw\3.3.1\81716978214ecbda15050ca394b06ef61501a49e\lwjgl-glfw-3.3.1-natives-linux.jar;C:\Users\matia\.gradle\caches\modules-2\files-2.1\org.lwjgl\lwjgl-glfw\3.3.1\816d935933f2dd743074c4e717cc25b55720f294\lwjgl-glfw-3.3.1-natives-linux-arm32.jar;C:\Users\matia\.gradle\caches\modules-2\files-2.1\org.lwjgl\lwjgl-glfw\3.3.1\513eb39b866d0fe131a
Launcher Type: SUN_STANDARD

[Global flags]
     intx CICompilerCount                          = 4                                         {product} {ergonomic}
     uint ConcGCThreads                            = 3                                         {product} {ergonomic}
     uint G1ConcRefinementThreads                  = 10                                        {product} {ergonomic}
   size_t G1HeapRegionSize                         = 2097152                                   {product} {ergonomic}
    uintx GCDrainStackTargetSize                   = 64                                        {product} {ergonomic}
   size_t InitialHeapSize                          = 266338304                                 {product} {ergonomic}
   size_t MarkStackSize                            = 4194304                                   {product} {ergonomic}
   size_t MaxHeapSize                              = 4259315712                                {product} {ergonomic}
   size_t MaxNewSize                               = 2554331136                                {product} {ergonomic}
   size_t MinHeapDeltaBytes                        = 2097152                                   {product} {ergonomic}
   size_t MinHeapSize                              = 8388608                                   {product} {ergonomic}
    uintx NonNMethodCodeHeapSize                   = 5839372                                {pd product} {ergonomic}
    uintx NonProfiledCodeHeapSize                  = 122909434                              {pd product} {ergonomic}
    uintx ProfiledCodeHeapSize                     = 122909434                              {pd product} {ergonomic}
    uintx ReservedCodeCacheSize                    = 251658240                              {pd product} {ergonomic}
     bool SegmentedCodeCache                       = true                                      {product} {ergonomic}
     bool ShowCodeDetailsInExceptionMessages       = true                                   {manageable} {command line}
   size_t SoftMaxHeapSize                          = 4259315712                             {manageable} {ergonomic}
     bool UseCompressedClassPointers               = true                           {product lp64_product} {ergonomic}
     bool UseCompressedOops                        = true                           {product lp64_product} {ergonomic}
     bool UseG1GC                                  = true                                      {product} {ergonomic}
     bool UseLargePagesIndividualAllocation        = false                                  {pd product} {ergonomic}

Logging:
Log output configuration:
 #0: stdout all=warning uptime,level,tags
 #1: stderr all=off uptime,level,tags

Environment Variables:
PATH=C:/Users/matia/.p2/pool/plugins/org.eclipse.justj.openjdk.hotspot.jre.full.win32.x86_64_17.0.4.v20220805-1047/jre/bin/server;C:/Users/matia/.p2/pool/plugins/org.eclipse.justj.openjdk.hotspot.jre.full.win32.x86_64_17.0.4.v20220805-1047/jre/bin;C:\Program Files\Common Files\Oracle\Java\javapath;C:\Windows\system32;C:\Windows;C:\Windows\System32\Wbem;C:\Windows\System32\WindowsPowerShell\v1.0\;C:\Windows\System32\OpenSSH\;C:\Program Files\NVIDIA Corporation\NVIDIA NvDLISR;C:\Program Files (x86)\NVIDIA Corporation\PhysX\Common;C:\Program Files\Git\cmd;C:\TDM-GCC-64\bin;C:\Users\matia\AppData\Local\Microsoft\WindowsApps;;C:\Users\matia\AppData\Local\Programs\Microsoft VS Code\bin;C:\Users\matia\Desktop\Programación;
USERNAME=matia
OS=Windows_NT
PROCESSOR_IDENTIFIER=Intel64 Family 6 Model 165 Stepping 3, GenuineIntel
TMP=C:\Users\matia\AppData\Local\Temp
TEMP=C:\Users\matia\AppData\Local\Temp



---------------  S Y S T E M  ---------------

OS:
 Windows 10 , 64 bit Build 19041 (10.0.19041.2251)
OS uptime: 0 days 12:55 hours

CPU: total 12 (initial active 12) (6 cores per cpu, 2 threads per core) family 6 model 165 stepping 3 microcode 0xcc, cx8, cmov, fxsr, ht, mmx, 3dnowpref, sse, sse2, sse3, ssse3, sse4.1, sse4.2, popcnt, lzcnt, tsc, tscinvbit, avx, avx2, aes, erms, clmul, bmi1, bmi2, adx, fma, vzeroupper, clflush, clflushopt

Memory: 4k page, system-wide physical 16243M (7835M free)
TotalPageFile size 23411M (AvailPageFile size 8268M)
current process WorkingSet (physical memory assigned to process): 163M, peak: 189M
current process commit charge ("private bytes"): 729M, peak: 735M

vm_info: OpenJDK 64-Bit Server VM (17.0.4+8) for windows-amd64 JRE (17.0.4+8), built on Jul 19 2022 16:05:16 by "temurin" with MS VC++ 16.7 (VS2019)

END.
