#
# A fatal error has been detected by the Java Runtime Environment:
#
#  EXCEPTION_ACCESS_VIOLATION (0xc0000005) at pc=0x00000000679ef509, pid=12768, tid=8816
#
# JRE version: OpenJDK Runtime Environment Temurin-17.0.4+8 (17.0.4+8) (build 17.0.4+8)
# Java VM: OpenJDK 64-Bit Server VM Temurin-17.0.4+8 (17.0.4+8, mixed mode, tiered, compressed oops, compressed class ptrs, g1 gc, windows-amd64)
# Problematic frame:
# C  [gdx-box2d64.dll+0x1f509]
#
# No core dump will be written. Minidumps are not enabled by default on client versions of Windows
#
# If you would like to submit a bug report, please visit:
#   https://github.com/adoptium/adoptium-support/issues
# The crash happened outside the Java Virtual Machine in native code.
# See problematic frame for where to report the bug.
#

---------------  S U M M A R Y ------------

Command Line: -Dfile.encoding=UTF-8 -XX:+ShowCodeDetailsInExceptionMessages com.mygdx.game.DesktopLauncher

Host: Intel(R) Core(TM) i5-10400 CPU @ 2.90GHz, 12 cores, 15G,  Windows 10 , 64 bit Build 19041 (10.0.19041.2251)
Time: Sat Dec  3 03:24:17 2022 Hora verano Sudamérica Pacífico elapsed time: 11.894426 seconds (0d 0h 0m 11s)

---------------  T H R E A D  ---------------

Current thread (0x000001a7bf5ccbf0):  JavaThread "main" [_thread_in_native, id=8816, stack(0x0000003c05800000,0x0000003c05900000)]

Stack: [0x0000003c05800000,0x0000003c05900000],  sp=0x0000003c058fef70,  free space=1019k
Native frames: (J=compiled Java code, j=interpreted, Vv=VM code, C=native code)
C  [gdx-box2d64.dll+0x1f509]

Java frames: (J=compiled Java code, j=interpreted, Vv=VM code)
j  com.badlogic.gdx.physics.box2d.Body.jniCreateFixture(JJFFFZSSS)J+0
j  com.badlogic.gdx.physics.box2d.Body.createFixture(Lcom/badlogic/gdx/physics/box2d/FixtureDef;)Lcom/badlogic/gdx/physics/box2d/Fixture;+49
j  Patrones.Jimbo.setPlayerWorld(Lcom/badlogic/gdx/physics/box2d/World;)V+26
j  Patrones.LevelBuilder.setObjectsWorld()V+8
j  Patrones.LevelBuilder.getLevel()LPatrones/Level;+1
j  Ventanas.GameOver.render(F)V+215
J 1315 c1 com.badlogic.gdx.backends.lwjgl3.Lwjgl3Window.update()Z (217 bytes) @ 0x000001a7c4c3ba8c [0x000001a7c4c3ad00+0x0000000000000d8c]
j  com.badlogic.gdx.backends.lwjgl3.Lwjgl3Application.loop()V+111
j  com.badlogic.gdx.backends.lwjgl3.Lwjgl3Application.<init>(Lcom/badlogic/gdx/ApplicationListener;Lcom/badlogic/gdx/backends/lwjgl3/Lwjgl3ApplicationConfiguration;)V+269
j  com.mygdx.game.DesktopLauncher.main([Ljava/lang/String;)V+46
v  ~StubRoutines::call_stub

siginfo: EXCEPTION_ACCESS_VIOLATION (0xc0000005), reading address 0x0000005500000010


Register to memory mapping:

RIP=0x00000000679ef509 gdx-box2d64.dll
RAX=0x0000005500000000 is an unknown value
RBX=0x000001a7e974cab0 points into unknown readable memory: 0x000001a700000000 | 00 00 00 00 a7 01 00 00
RCX=0x000001a7e9700450 points into unknown readable memory: 0x0000005500000000 | 00 00 00 00 55 00 00 00
RDX=0x000001a7e972d700 points into unknown readable memory: 0x000001a7e98523e0 | e0 23 85 e9 a7 01 00 00
RSP=0x0000003c058fef70 is pointing into the stack for thread: 0x000001a7bf5ccbf0
RBP=0x000001a7e972d700 points into unknown readable memory: 0x000001a7e98523e0 | e0 23 85 e9 a7 01 00 00
RSI=0x0000003c058ff030 is pointing into the stack for thread: 0x000001a7bf5ccbf0
RDI=0x000001a7e972d700 points into unknown readable memory: 0x000001a7e98523e0 | e0 23 85 e9 a7 01 00 00
R8 =0x000001a7e9748aa0 points into unknown readable memory: 0x0000002600000002 | 02 00 00 00 26 00 00 00
R9 =0x0000003c058ff030 is pointing into the stack for thread: 0x000001a7bf5ccbf0
R10=0x0 is NULL
R11=0x000001a7e9852bf0 points into unknown readable memory: 0x000001a7e9750ac0 | c0 0a 75 e9 a7 01 00 00
R12=0x0 is NULL
R13={method} {0x000001a7e437a4c0} 'jniCreateFixture' '(JJFFFZSSS)J' in 'com/badlogic/gdx/physics/box2d/Body'
R14=0x0000003c058ff1b8 is pointing into the stack for thread: 0x000001a7bf5ccbf0
R15=0x000001a7bf5ccbf0 is a thread


Registers:
RAX=0x0000005500000000, RBX=0x000001a7e974cab0, RCX=0x000001a7e9700450, RDX=0x000001a7e972d700
RSP=0x0000003c058fef70, RBP=0x000001a7e972d700, RSI=0x0000003c058ff030, RDI=0x000001a7e972d700
R8 =0x000001a7e9748aa0, R9 =0x0000003c058ff030, R10=0x0000000000000000, R11=0x000001a7e9852bf0
R12=0x0000000000000000, R13=0x000001a7e437a4b8, R14=0x0000003c058ff1b8, R15=0x000001a7bf5ccbf0
RIP=0x00000000679ef509, EFLAGS=0x0000000000010202

Top of Stack: (sp=0x0000003c058fef70)
0x0000003c058fef70:   0000000800057620 000001a7c447b92d
0x0000003c058fef80:   0000003c058feff8 000001a7e9748aa0
0x0000003c058fef90:   0000000711d552e0 000001a7e9748aa0
0x0000003c058fefa0:   000001a7e974cab0 000001a7e972d700
0x0000003c058fefb0:   0000003c058ff030 00000000679ee3bd
0x0000003c058fefc0:   0000003c058ff008 000001a7e43808d8
0x0000003c058fefd0:   0000000000000000 0000000710876600
0x0000003c058fefe0:   000001a7e4380880 000001a7e437a4b8
0x0000003c058feff0:   0000000711d552e0 000001a7e43b8888
0x0000003c058ff000:   0000003c058ff140 00000000679f464d
0x0000003c058ff010:   0000000711b83078 0000000711b82e20
0x0000003c058ff020:   0000003c058ff020 000001a7e437a191
0x0000003c058ff030:   000001a7e9700450 0000000000000000
0x0000003c058ff040:   000000003e4ccccd 0001000041700000
0x0000003c058ff050:   000001a70000ffff 0000000000000000
0x0000003c058ff060:   0000003c058ff078 000001a7c446d621 

Instructions: (pc=0x00000000679ef509)
0x00000000679ef409:   c8 02 c7 81 ac 00 00 00 00 00 00 00 66 89 41 04
0x00000000679ef419:   0f b7 42 04 a8 02 75 11 83 c8 02 c7 82 ac 00 00
0x00000000679ef429:   00 00 00 00 00 66 89 42 04 41 83 44 24 60 01 48
0x00000000679ef439:   83 c4 38 5b 5e 5f 5d 41 5c 41 5d c3 90 66 2e 0f
0x00000000679ef449:   1f 84 00 00 00 00 00 48 89 ca e9 78 af 01 00 90
0x00000000679ef459:   90 90 90 90 90 90 90 48 b8 00 00 00 00 01 00 ff
0x00000000679ef469:   ff 48 89 41 30 31 c0 48 c7 41 40 00 00 00 00 48
0x00000000679ef479:   c7 41 10 00 00 00 00 48 c7 41 08 00 00 00 00 48
0x00000000679ef489:   c7 41 28 00 00 00 00 66 89 41 38 48 c7 41 18 00
0x00000000679ef499:   00 00 00 c7 01 00 00 00 00 c3 90 66 90 66 2e 0f
0x00000000679ef4a9:   1f 84 00 00 00 00 00 55 57 56 53 48 83 ec 28 49
0x00000000679ef4b9:   8b 41 08 f3 41 0f 10 41 10 48 89 cb 48 89 d5 f3
0x00000000679ef4c9:   0f 11 41 20 4c 89 ce 48 89 41 40 41 8b 41 1e f3
0x00000000679ef4d9:   41 0f 10 41 14 f3 0f 11 41 24 4c 89 41 10 48 c7
0x00000000679ef4e9:   41 08 00 00 00 00 89 41 34 41 0f b7 41 22 66 89
0x00000000679ef4f9:   41 38 41 0f b6 41 1c 88 41 3a 49 8b 09 48 8b 01
0x00000000679ef509:   ff 50 10 48 8b 10 48 89 c1 48 89 43 18 ff 52 18
0x00000000679ef519:   89 c2 89 c7 48 89 e9 c1 e2 05 e8 c8 c4 fe ff 85
0x00000000679ef529:   ff 48 89 43 28 7e 27 8d 4f ff 48 8d 50 10 48 c1
0x00000000679ef539:   e1 05 48 8d 44 08 30 48 c7 02 00 00 00 00 c7 42
0x00000000679ef549:   0c ff ff ff ff 48 83 c2 20 48 39 c2 75 e9 f3 0f
0x00000000679ef559:   10 46 18 c7 43 30 00 00 00 00 f3 0f 11 03 48 83
0x00000000679ef569:   c4 28 5b 5e 5f 5d c3 57 56 53 48 83 ec 20 8b 41
0x00000000679ef579:   30 48 89 cb 48 89 d7 85 c0 0f 85 a8 00 00 00 48
0x00000000679ef589:   8b 4b 18 48 8b 01 ff 50 18 48 8b 53 28 c1 e0 05
0x00000000679ef599:   48 89 f9 41 89 c0 e8 8c c6 fe ff 48 8b 73 18 48
0x00000000679ef5a9:   c7 43 28 00 00 00 00 8b 46 08 83 f8 01 0f 84 94
0x00000000679ef5b9:   00 00 00 0f 82 be 00 00 00 83 f8 02 74 39 83 f8
0x00000000679ef5c9:   03 0f 85 e0 00 00 00 48 8b 06 48 89 f1 ff 10 41
0x00000000679ef5d9:   b8 30 00 00 00 48 89 f2 48 89 f9 e8 47 c6 fe ff
0x00000000679ef5e9:   48 c7 43 18 00 00 00 00 48 83 c4 20 5b 5e 5f c3
0x00000000679ef5f9:   0f 1f 80 00 00 00 00 48 8b 06 48 89 f1 ff 10 41 


Stack slot to memory mapping:
stack at sp + 0 slots: 0x0000000800057620 is a pointer to class: 
stack at sp + 1 slots: 0x000001a7c447b92d is at code_begin+109 in an Interpreter codelet
newarray  188 newarray  [0x000001a7c447b8c0, 0x000001a7c447b9a0]  224 bytes
stack at sp + 2 slots: 0x0000003c058feff8 is pointing into the stack for thread: 0x000001a7bf5ccbf0
stack at sp + 3 slots: 0x000001a7e9748aa0 points into unknown readable memory: 0x0000002600000002 | 02 00 00 00 26 00 00 00
stack at sp + 4 slots: 0x0000000711d552e0 is an oop: [J 
{0x0000000711d552e0} - klass: {type array long}
 - length: 128
stack at sp + 5 slots: 0x000001a7e9748aa0 points into unknown readable memory: 0x0000002600000002 | 02 00 00 00 26 00 00 00
stack at sp + 6 slots: 0x000001a7e974cab0 points into unknown readable memory: 0x000001a700000000 | 00 00 00 00 a7 01 00 00
stack at sp + 7 slots: 0x000001a7e972d700 points into unknown readable memory: 0x000001a7e98523e0 | e0 23 85 e9 a7 01 00 00


---------------  P R O C E S S  ---------------

Threads class SMR info:
_java_thread_list=0x000001a7e37f2d00, length=13, elements={
0x000001a7bf5ccbf0, 0x000001a7e10319a0, 0x000001a7e1032950, 0x000001a7e1076860,
0x000001a7e1079220, 0x000001a7e1079bd0, 0x000001a7e108c100, 0x000001a7e10902e0,
0x000001a7e109acf0, 0x000001a7e109c6f0, 0x000001a7e120e990, 0x000001a7e1231aa0,
0x000001a7e37adcc0
}

Java Threads: ( => current thread )
=>0x000001a7bf5ccbf0 JavaThread "main" [_thread_in_native, id=8816, stack(0x0000003c05800000,0x0000003c05900000)]
  0x000001a7e10319a0 JavaThread "Reference Handler" daemon [_thread_blocked, id=17368, stack(0x0000003c05f00000,0x0000003c06000000)]
  0x000001a7e1032950 JavaThread "Finalizer" daemon [_thread_blocked, id=7776, stack(0x0000003c06000000,0x0000003c06100000)]
  0x000001a7e1076860 JavaThread "Signal Dispatcher" daemon [_thread_blocked, id=12636, stack(0x0000003c06100000,0x0000003c06200000)]
  0x000001a7e1079220 JavaThread "Attach Listener" daemon [_thread_blocked, id=17032, stack(0x0000003c06200000,0x0000003c06300000)]
  0x000001a7e1079bd0 JavaThread "Service Thread" daemon [_thread_blocked, id=6008, stack(0x0000003c06300000,0x0000003c06400000)]
  0x000001a7e108c100 JavaThread "Monitor Deflation Thread" daemon [_thread_blocked, id=8132, stack(0x0000003c06400000,0x0000003c06500000)]
  0x000001a7e10902e0 JavaThread "C2 CompilerThread0" daemon [_thread_blocked, id=8584, stack(0x0000003c06500000,0x0000003c06600000)]
  0x000001a7e109acf0 JavaThread "C1 CompilerThread0" daemon [_thread_blocked, id=2180, stack(0x0000003c06600000,0x0000003c06700000)]
  0x000001a7e109c6f0 JavaThread "Sweeper thread" daemon [_thread_blocked, id=3236, stack(0x0000003c06700000,0x0000003c06800000)]
  0x000001a7e120e990 JavaThread "Notification Thread" daemon [_thread_blocked, id=1952, stack(0x0000003c06800000,0x0000003c06900000)]
  0x000001a7e1231aa0 JavaThread "Common-Cleaner" daemon [_thread_blocked, id=1384, stack(0x0000003c06a00000,0x0000003c06b00000)]
  0x000001a7e37adcc0 JavaThread "LWJGL3 Timer" daemon [_thread_blocked, id=8604, stack(0x0000003c07500000,0x0000003c07600000)]

Other Threads:
  0x000001a7e104ac20 VMThread "VM Thread" [stack: 0x0000003c05e00000,0x0000003c05f00000] [id=7012]
  0x000001a7bf66df80 WatcherThread [stack: 0x0000003c06900000,0x0000003c06a00000] [id=7704]
  0x000001a7bf63e890 GCTaskThread "GC Thread#0" [stack: 0x0000003c05900000,0x0000003c05a00000] [id=12004]
  0x000001a7e39242c0 GCTaskThread "GC Thread#1" [stack: 0x0000003c07400000,0x0000003c07500000] [id=14240]
  0x000001a7e3924570 GCTaskThread "GC Thread#2" [stack: 0x0000003c07600000,0x0000003c07700000] [id=8284]
  0x000001a7e3924820 GCTaskThread "GC Thread#3" [stack: 0x0000003c07700000,0x0000003c07800000] [id=6264]
  0x000001a7e392e160 GCTaskThread "GC Thread#4" [stack: 0x0000003c07800000,0x0000003c07900000] [id=4456]
  0x000001a7e392ee30 GCTaskThread "GC Thread#5" [stack: 0x0000003c07900000,0x0000003c07a00000] [id=8456]
  0x000001a7e3a25530 GCTaskThread "GC Thread#6" [stack: 0x0000003c07a00000,0x0000003c07b00000] [id=7576]
  0x000001a7e3a257e0 GCTaskThread "GC Thread#7" [stack: 0x0000003c07b00000,0x0000003c07c00000] [id=14716]
  0x000001a7e3a25a90 GCTaskThread "GC Thread#8" [stack: 0x0000003c07c00000,0x0000003c07d00000] [id=7148]
  0x000001a7bf6505b0 ConcurrentGCThread "G1 Main Marker" [stack: 0x0000003c05a00000,0x0000003c05b00000] [id=7024]
  0x000001a7bf651770 ConcurrentGCThread "G1 Conc#0" [stack: 0x0000003c05b00000,0x0000003c05c00000] [id=8496]
  0x000001a7e0376950 ConcurrentGCThread "G1 Refine#0" [stack: 0x0000003c05c00000,0x0000003c05d00000] [id=16812]
  0x000001a7e0377370 ConcurrentGCThread "G1 Service" [stack: 0x0000003c05d00000,0x0000003c05e00000] [id=16080]

Threads with active compile tasks:

VM state: not at safepoint (normal execution)

VM Mutex/Monitor currently owned by a thread: None

Heap address: 0x0000000702200000, size: 4062 MB, Compressed Oops mode: Zero based, Oop shift amount: 3

CDS archive(s) not mapped
Compressed class space mapped at: 0x0000000800000000-0x0000000840000000, reserved size: 1073741824
Narrow klass base: 0x0000000800000000, Narrow klass shift: 0, Narrow klass range: 0x40000000

GC Precious Log:
 CPUs: 12 total, 12 available
 Memory: 16243M
 Large Page Support: Disabled
 NUMA Support: Disabled
 Compressed Oops: Enabled (Zero based)
 Heap Region Size: 2M
 Heap Min Capacity: 8M
 Heap Initial Capacity: 254M
 Heap Max Capacity: 4062M
 Pre-touch: Disabled
 Parallel Workers: 10
 Concurrent Workers: 3
 Concurrent Refinement Workers: 10
 Periodic GC: Disabled

Heap:
 garbage-first heap   total 260096K, used 11346K [0x0000000702200000, 0x0000000800000000)
  region size 2048K, 5 young (10240K), 2 survivors (4096K)
 Metaspace       used 13131K, committed 13248K, reserved 1064960K
  class space    used 1024K, committed 1088K, reserved 1048576K

Heap Regions: E=young(eden), S=young(survivor), O=old, HS=humongous(starts), HC=humongous(continues), CS=collection set, F=free, OA=open archive, CA=closed archive, TAMS=top-at-mark-start (previous, next)
|   0|0x0000000702200000, 0x0000000702400000, 0x0000000702400000|100%|HS|  |TAMS 0x0000000702200000, 0x0000000702200000| Complete 
|   1|0x0000000702400000, 0x0000000702600000, 0x0000000702600000|100%|HC|  |TAMS 0x0000000702400000, 0x0000000702400000| Complete 
|   2|0x0000000702600000, 0x0000000702600000, 0x0000000702800000|  0%| F|  |TAMS 0x0000000702600000, 0x0000000702600000| Untracked 
|   3|0x0000000702800000, 0x0000000702800000, 0x0000000702a00000|  0%| F|  |TAMS 0x0000000702800000, 0x0000000702800000| Untracked 
|   4|0x0000000702a00000, 0x0000000702a00000, 0x0000000702c00000|  0%| F|  |TAMS 0x0000000702a00000, 0x0000000702a00000| Untracked 
|   5|0x0000000702c00000, 0x0000000702c00000, 0x0000000702e00000|  0%| F|  |TAMS 0x0000000702c00000, 0x0000000702c00000| Untracked 
|   6|0x0000000702e00000, 0x0000000702e00000, 0x0000000703000000|  0%| F|  |TAMS 0x0000000702e00000, 0x0000000702e00000| Untracked 
|   7|0x0000000703000000, 0x0000000703000000, 0x0000000703200000|  0%| F|  |TAMS 0x0000000703000000, 0x0000000703000000| Untracked 
|   8|0x0000000703200000, 0x0000000703200000, 0x0000000703400000|  0%| F|  |TAMS 0x0000000703200000, 0x0000000703200000| Untracked 
|   9|0x0000000703400000, 0x0000000703400000, 0x0000000703600000|  0%| F|  |TAMS 0x0000000703400000, 0x0000000703400000| Untracked 
|  10|0x0000000703600000, 0x0000000703600000, 0x0000000703800000|  0%| F|  |TAMS 0x0000000703600000, 0x0000000703600000| Untracked 
|  11|0x0000000703800000, 0x0000000703800000, 0x0000000703a00000|  0%| F|  |TAMS 0x0000000703800000, 0x0000000703800000| Untracked 
|  12|0x0000000703a00000, 0x0000000703a00000, 0x0000000703c00000|  0%| F|  |TAMS 0x0000000703a00000, 0x0000000703a00000| Untracked 
|  13|0x0000000703c00000, 0x0000000703c00000, 0x0000000703e00000|  0%| F|  |TAMS 0x0000000703c00000, 0x0000000703c00000| Untracked 
|  14|0x0000000703e00000, 0x0000000703e00000, 0x0000000704000000|  0%| F|  |TAMS 0x0000000703e00000, 0x0000000703e00000| Untracked 
|  15|0x0000000704000000, 0x0000000704000000, 0x0000000704200000|  0%| F|  |TAMS 0x0000000704000000, 0x0000000704000000| Untracked 
|  16|0x0000000704200000, 0x0000000704200000, 0x0000000704400000|  0%| F|  |TAMS 0x0000000704200000, 0x0000000704200000| Untracked 
|  17|0x0000000704400000, 0x0000000704400000, 0x0000000704600000|  0%| F|  |TAMS 0x0000000704400000, 0x0000000704400000| Untracked 
|  18|0x0000000704600000, 0x0000000704600000, 0x0000000704800000|  0%| F|  |TAMS 0x0000000704600000, 0x0000000704600000| Untracked 
|  19|0x0000000704800000, 0x0000000704800000, 0x0000000704a00000|  0%| F|  |TAMS 0x0000000704800000, 0x0000000704800000| Untracked 
|  20|0x0000000704a00000, 0x0000000704a00000, 0x0000000704c00000|  0%| F|  |TAMS 0x0000000704a00000, 0x0000000704a00000| Untracked 
|  21|0x0000000704c00000, 0x0000000704c00000, 0x0000000704e00000|  0%| F|  |TAMS 0x0000000704c00000, 0x0000000704c00000| Untracked 
|  22|0x0000000704e00000, 0x0000000704e00000, 0x0000000705000000|  0%| F|  |TAMS 0x0000000704e00000, 0x0000000704e00000| Untracked 
|  23|0x0000000705000000, 0x0000000705000000, 0x0000000705200000|  0%| F|  |TAMS 0x0000000705000000, 0x0000000705000000| Untracked 
|  24|0x0000000705200000, 0x0000000705200000, 0x0000000705400000|  0%| F|  |TAMS 0x0000000705200000, 0x0000000705200000| Untracked 
|  25|0x0000000705400000, 0x0000000705400000, 0x0000000705600000|  0%| F|  |TAMS 0x0000000705400000, 0x0000000705400000| Untracked 
|  26|0x0000000705600000, 0x0000000705600000, 0x0000000705800000|  0%| F|  |TAMS 0x0000000705600000, 0x0000000705600000| Untracked 
|  27|0x0000000705800000, 0x0000000705800000, 0x0000000705a00000|  0%| F|  |TAMS 0x0000000705800000, 0x0000000705800000| Untracked 
|  28|0x0000000705a00000, 0x0000000705a00000, 0x0000000705c00000|  0%| F|  |TAMS 0x0000000705a00000, 0x0000000705a00000| Untracked 
|  29|0x0000000705c00000, 0x0000000705c00000, 0x0000000705e00000|  0%| F|  |TAMS 0x0000000705c00000, 0x0000000705c00000| Untracked 
|  30|0x0000000705e00000, 0x0000000705e00000, 0x0000000706000000|  0%| F|  |TAMS 0x0000000705e00000, 0x0000000705e00000| Untracked 
|  31|0x0000000706000000, 0x0000000706000000, 0x0000000706200000|  0%| F|  |TAMS 0x0000000706000000, 0x0000000706000000| Untracked 
|  32|0x0000000706200000, 0x0000000706200000, 0x0000000706400000|  0%| F|  |TAMS 0x0000000706200000, 0x0000000706200000| Untracked 
|  33|0x0000000706400000, 0x0000000706400000, 0x0000000706600000|  0%| F|  |TAMS 0x0000000706400000, 0x0000000706400000| Untracked 
|  34|0x0000000706600000, 0x0000000706600000, 0x0000000706800000|  0%| F|  |TAMS 0x0000000706600000, 0x0000000706600000| Untracked 
|  35|0x0000000706800000, 0x0000000706800000, 0x0000000706a00000|  0%| F|  |TAMS 0x0000000706800000, 0x0000000706800000| Untracked 
|  36|0x0000000706a00000, 0x0000000706a00000, 0x0000000706c00000|  0%| F|  |TAMS 0x0000000706a00000, 0x0000000706a00000| Untracked 
|  37|0x0000000706c00000, 0x0000000706c00000, 0x0000000706e00000|  0%| F|  |TAMS 0x0000000706c00000, 0x0000000706c00000| Untracked 
|  38|0x0000000706e00000, 0x0000000706e00000, 0x0000000707000000|  0%| F|  |TAMS 0x0000000706e00000, 0x0000000706e00000| Untracked 
|  39|0x0000000707000000, 0x0000000707000000, 0x0000000707200000|  0%| F|  |TAMS 0x0000000707000000, 0x0000000707000000| Untracked 
|  40|0x0000000707200000, 0x0000000707200000, 0x0000000707400000|  0%| F|  |TAMS 0x0000000707200000, 0x0000000707200000| Untracked 
|  41|0x0000000707400000, 0x0000000707400000, 0x0000000707600000|  0%| F|  |TAMS 0x0000000707400000, 0x0000000707400000| Untracked 
|  42|0x0000000707600000, 0x0000000707600000, 0x0000000707800000|  0%| F|  |TAMS 0x0000000707600000, 0x0000000707600000| Untracked 
|  43|0x0000000707800000, 0x0000000707800000, 0x0000000707a00000|  0%| F|  |TAMS 0x0000000707800000, 0x0000000707800000| Untracked 
|  44|0x0000000707a00000, 0x0000000707a00000, 0x0000000707c00000|  0%| F|  |TAMS 0x0000000707a00000, 0x0000000707a00000| Untracked 
|  45|0x0000000707c00000, 0x0000000707c00000, 0x0000000707e00000|  0%| F|  |TAMS 0x0000000707c00000, 0x0000000707c00000| Untracked 
|  46|0x0000000707e00000, 0x0000000707e00000, 0x0000000708000000|  0%| F|  |TAMS 0x0000000707e00000, 0x0000000707e00000| Untracked 
|  47|0x0000000708000000, 0x0000000708000000, 0x0000000708200000|  0%| F|  |TAMS 0x0000000708000000, 0x0000000708000000| Untracked 
|  48|0x0000000708200000, 0x0000000708200000, 0x0000000708400000|  0%| F|  |TAMS 0x0000000708200000, 0x0000000708200000| Untracked 
|  49|0x0000000708400000, 0x0000000708400000, 0x0000000708600000|  0%| F|  |TAMS 0x0000000708400000, 0x0000000708400000| Untracked 
|  50|0x0000000708600000, 0x0000000708600000, 0x0000000708800000|  0%| F|  |TAMS 0x0000000708600000, 0x0000000708600000| Untracked 
|  51|0x0000000708800000, 0x0000000708800000, 0x0000000708a00000|  0%| F|  |TAMS 0x0000000708800000, 0x0000000708800000| Untracked 
|  52|0x0000000708a00000, 0x0000000708a00000, 0x0000000708c00000|  0%| F|  |TAMS 0x0000000708a00000, 0x0000000708a00000| Untracked 
|  53|0x0000000708c00000, 0x0000000708c00000, 0x0000000708e00000|  0%| F|  |TAMS 0x0000000708c00000, 0x0000000708c00000| Untracked 
|  54|0x0000000708e00000, 0x0000000708e00000, 0x0000000709000000|  0%| F|  |TAMS 0x0000000708e00000, 0x0000000708e00000| Untracked 
|  55|0x0000000709000000, 0x0000000709000000, 0x0000000709200000|  0%| F|  |TAMS 0x0000000709000000, 0x0000000709000000| Untracked 
|  56|0x0000000709200000, 0x0000000709200000, 0x0000000709400000|  0%| F|  |TAMS 0x0000000709200000, 0x0000000709200000| Untracked 
|  57|0x0000000709400000, 0x0000000709400000, 0x0000000709600000|  0%| F|  |TAMS 0x0000000709400000, 0x0000000709400000| Untracked 
|  58|0x0000000709600000, 0x0000000709600000, 0x0000000709800000|  0%| F|  |TAMS 0x0000000709600000, 0x0000000709600000| Untracked 
|  59|0x0000000709800000, 0x0000000709800000, 0x0000000709a00000|  0%| F|  |TAMS 0x0000000709800000, 0x0000000709800000| Untracked 
|  60|0x0000000709a00000, 0x0000000709a00000, 0x0000000709c00000|  0%| F|  |TAMS 0x0000000709a00000, 0x0000000709a00000| Untracked 
|  61|0x0000000709c00000, 0x0000000709c00000, 0x0000000709e00000|  0%| F|  |TAMS 0x0000000709c00000, 0x0000000709c00000| Untracked 
|  62|0x0000000709e00000, 0x0000000709e00000, 0x000000070a000000|  0%| F|  |TAMS 0x0000000709e00000, 0x0000000709e00000| Untracked 
|  63|0x000000070a000000, 0x000000070a000000, 0x000000070a200000|  0%| F|  |TAMS 0x000000070a000000, 0x000000070a000000| Untracked 
|  64|0x000000070a200000, 0x000000070a200000, 0x000000070a400000|  0%| F|  |TAMS 0x000000070a200000, 0x000000070a200000| Untracked 
|  65|0x000000070a400000, 0x000000070a400000, 0x000000070a600000|  0%| F|  |TAMS 0x000000070a400000, 0x000000070a400000| Untracked 
|  66|0x000000070a600000, 0x000000070a600000, 0x000000070a800000|  0%| F|  |TAMS 0x000000070a600000, 0x000000070a600000| Untracked 
|  67|0x000000070a800000, 0x000000070a800000, 0x000000070aa00000|  0%| F|  |TAMS 0x000000070a800000, 0x000000070a800000| Untracked 
|  68|0x000000070aa00000, 0x000000070aa00000, 0x000000070ac00000|  0%| F|  |TAMS 0x000000070aa00000, 0x000000070aa00000| Untracked 
|  69|0x000000070ac00000, 0x000000070ac00000, 0x000000070ae00000|  0%| F|  |TAMS 0x000000070ac00000, 0x000000070ac00000| Untracked 
|  70|0x000000070ae00000, 0x000000070ae00000, 0x000000070b000000|  0%| F|  |TAMS 0x000000070ae00000, 0x000000070ae00000| Untracked 
|  71|0x000000070b000000, 0x000000070b000000, 0x000000070b200000|  0%| F|  |TAMS 0x000000070b000000, 0x000000070b000000| Untracked 
|  72|0x000000070b200000, 0x000000070b200000, 0x000000070b400000|  0%| F|  |TAMS 0x000000070b200000, 0x000000070b200000| Untracked 
|  73|0x000000070b400000, 0x000000070b400000, 0x000000070b600000|  0%| F|  |TAMS 0x000000070b400000, 0x000000070b400000| Untracked 
|  74|0x000000070b600000, 0x000000070b600000, 0x000000070b800000|  0%| F|  |TAMS 0x000000070b600000, 0x000000070b600000| Untracked 
|  75|0x000000070b800000, 0x000000070b800000, 0x000000070ba00000|  0%| F|  |TAMS 0x000000070b800000, 0x000000070b800000| Untracked 
|  76|0x000000070ba00000, 0x000000070ba00000, 0x000000070bc00000|  0%| F|  |TAMS 0x000000070ba00000, 0x000000070ba00000| Untracked 
|  77|0x000000070bc00000, 0x000000070bc00000, 0x000000070be00000|  0%| F|  |TAMS 0x000000070bc00000, 0x000000070bc00000| Untracked 
|  78|0x000000070be00000, 0x000000070be00000, 0x000000070c000000|  0%| F|  |TAMS 0x000000070be00000, 0x000000070be00000| Untracked 
|  79|0x000000070c000000, 0x000000070c000000, 0x000000070c200000|  0%| F|  |TAMS 0x000000070c000000, 0x000000070c000000| Untracked 
|  80|0x000000070c200000, 0x000000070c200000, 0x000000070c400000|  0%| F|  |TAMS 0x000000070c200000, 0x000000070c200000| Untracked 
|  81|0x000000070c400000, 0x000000070c400000, 0x000000070c600000|  0%| F|  |TAMS 0x000000070c400000, 0x000000070c400000| Untracked 
|  82|0x000000070c600000, 0x000000070c600000, 0x000000070c800000|  0%| F|  |TAMS 0x000000070c600000, 0x000000070c600000| Untracked 
|  83|0x000000070c800000, 0x000000070c800000, 0x000000070ca00000|  0%| F|  |TAMS 0x000000070c800000, 0x000000070c800000| Untracked 
|  84|0x000000070ca00000, 0x000000070ca00000, 0x000000070cc00000|  0%| F|  |TAMS 0x000000070ca00000, 0x000000070ca00000| Untracked 
|  85|0x000000070cc00000, 0x000000070cc00000, 0x000000070ce00000|  0%| F|  |TAMS 0x000000070cc00000, 0x000000070cc00000| Untracked 
|  86|0x000000070ce00000, 0x000000070ce00000, 0x000000070d000000|  0%| F|  |TAMS 0x000000070ce00000, 0x000000070ce00000| Untracked 
|  87|0x000000070d000000, 0x000000070d000000, 0x000000070d200000|  0%| F|  |TAMS 0x000000070d000000, 0x000000070d000000| Untracked 
|  88|0x000000070d200000, 0x000000070d200000, 0x000000070d400000|  0%| F|  |TAMS 0x000000070d200000, 0x000000070d200000| Untracked 
|  89|0x000000070d400000, 0x000000070d400000, 0x000000070d600000|  0%| F|  |TAMS 0x000000070d400000, 0x000000070d400000| Untracked 
|  90|0x000000070d600000, 0x000000070d600000, 0x000000070d800000|  0%| F|  |TAMS 0x000000070d600000, 0x000000070d600000| Untracked 
|  91|0x000000070d800000, 0x000000070d800000, 0x000000070da00000|  0%| F|  |TAMS 0x000000070d800000, 0x000000070d800000| Untracked 
|  92|0x000000070da00000, 0x000000070da00000, 0x000000070dc00000|  0%| F|  |TAMS 0x000000070da00000, 0x000000070da00000| Untracked 
|  93|0x000000070dc00000, 0x000000070dc00000, 0x000000070de00000|  0%| F|  |TAMS 0x000000070dc00000, 0x000000070dc00000| Untracked 
|  94|0x000000070de00000, 0x000000070de00000, 0x000000070e000000|  0%| F|  |TAMS 0x000000070de00000, 0x000000070de00000| Untracked 
|  95|0x000000070e000000, 0x000000070e000000, 0x000000070e200000|  0%| F|  |TAMS 0x000000070e000000, 0x000000070e000000| Untracked 
|  96|0x000000070e200000, 0x000000070e200000, 0x000000070e400000|  0%| F|  |TAMS 0x000000070e200000, 0x000000070e200000| Untracked 
|  97|0x000000070e400000, 0x000000070e400000, 0x000000070e600000|  0%| F|  |TAMS 0x000000070e400000, 0x000000070e400000| Untracked 
|  98|0x000000070e600000, 0x000000070e600000, 0x000000070e800000|  0%| F|  |TAMS 0x000000070e600000, 0x000000070e600000| Untracked 
|  99|0x000000070e800000, 0x000000070e800000, 0x000000070ea00000|  0%| F|  |TAMS 0x000000070e800000, 0x000000070e800000| Untracked 
| 100|0x000000070ea00000, 0x000000070ea00000, 0x000000070ec00000|  0%| F|  |TAMS 0x000000070ea00000, 0x000000070ea00000| Untracked 
| 101|0x000000070ec00000, 0x000000070ec00000, 0x000000070ee00000|  0%| F|  |TAMS 0x000000070ec00000, 0x000000070ec00000| Untracked 
| 102|0x000000070ee00000, 0x000000070ee00000, 0x000000070f000000|  0%| F|  |TAMS 0x000000070ee00000, 0x000000070ee00000| Untracked 
| 103|0x000000070f000000, 0x000000070f000000, 0x000000070f200000|  0%| F|  |TAMS 0x000000070f000000, 0x000000070f000000| Untracked 
| 104|0x000000070f200000, 0x000000070f200000, 0x000000070f400000|  0%| F|  |TAMS 0x000000070f200000, 0x000000070f200000| Untracked 
| 105|0x000000070f400000, 0x000000070f400000, 0x000000070f600000|  0%| F|  |TAMS 0x000000070f400000, 0x000000070f400000| Untracked 
| 106|0x000000070f600000, 0x000000070f600000, 0x000000070f800000|  0%| F|  |TAMS 0x000000070f600000, 0x000000070f600000| Untracked 
| 107|0x000000070f800000, 0x000000070f800000, 0x000000070fa00000|  0%| F|  |TAMS 0x000000070f800000, 0x000000070f800000| Untracked 
| 108|0x000000070fa00000, 0x000000070fa00000, 0x000000070fc00000|  0%| F|  |TAMS 0x000000070fa00000, 0x000000070fa00000| Untracked 
| 109|0x000000070fc00000, 0x000000070fc00000, 0x000000070fe00000|  0%| F|  |TAMS 0x000000070fc00000, 0x000000070fc00000| Untracked 
| 110|0x000000070fe00000, 0x000000070fe00000, 0x0000000710000000|  0%| F|  |TAMS 0x000000070fe00000, 0x000000070fe00000| Untracked 
| 111|0x0000000710000000, 0x0000000710000000, 0x0000000710200000|  0%| F|  |TAMS 0x0000000710000000, 0x0000000710000000| Untracked 
| 112|0x0000000710200000, 0x0000000710200000, 0x0000000710400000|  0%| F|  |TAMS 0x0000000710200000, 0x0000000710200000| Untracked 
| 113|0x0000000710400000, 0x0000000710400000, 0x0000000710600000|  0%| F|  |TAMS 0x0000000710400000, 0x0000000710400000| Untracked 
| 114|0x0000000710600000, 0x0000000710714a50, 0x0000000710800000| 54%| S|CS|TAMS 0x0000000710600000, 0x0000000710600000| Complete 
| 115|0x0000000710800000, 0x0000000710a00000, 0x0000000710a00000|100%| S|CS|TAMS 0x0000000710800000, 0x0000000710800000| Complete 
| 116|0x0000000710a00000, 0x0000000710a00000, 0x0000000710c00000|  0%| F|  |TAMS 0x0000000710a00000, 0x0000000710a00000| Untracked 
| 117|0x0000000710c00000, 0x0000000710c00000, 0x0000000710e00000|  0%| F|  |TAMS 0x0000000710c00000, 0x0000000710c00000| Untracked 
| 118|0x0000000710e00000, 0x0000000710e00000, 0x0000000711000000|  0%| F|  |TAMS 0x0000000710e00000, 0x0000000710e00000| Untracked 
| 119|0x0000000711000000, 0x0000000711000000, 0x0000000711200000|  0%| F|  |TAMS 0x0000000711000000, 0x0000000711000000| Untracked 
| 120|0x0000000711200000, 0x0000000711200000, 0x0000000711400000|  0%| F|  |TAMS 0x0000000711200000, 0x0000000711200000| Untracked 
| 121|0x0000000711400000, 0x0000000711400000, 0x0000000711600000|  0%| F|  |TAMS 0x0000000711400000, 0x0000000711400000| Untracked 
| 122|0x0000000711600000, 0x0000000711600000, 0x0000000711800000|  0%| F|  |TAMS 0x0000000711600000, 0x0000000711600000| Untracked 
| 123|0x0000000711800000, 0x0000000711800000, 0x0000000711a00000|  0%| F|  |TAMS 0x0000000711800000, 0x0000000711800000| Untracked 
| 124|0x0000000711a00000, 0x0000000711bfcc90, 0x0000000711c00000| 99%| E|  |TAMS 0x0000000711a00000, 0x0000000711a00000| Complete 
| 125|0x0000000711c00000, 0x0000000711e00000, 0x0000000711e00000|100%| E|CS|TAMS 0x0000000711c00000, 0x0000000711c00000| Complete 
| 126|0x0000000711e00000, 0x0000000712000000, 0x0000000712000000|100%| E|CS|TAMS 0x0000000711e00000, 0x0000000711e00000| Complete 

Card table byte_map: [0x000001a7d48d0000,0x000001a7d50c0000] _byte_map_base: 0x000001a7d10bf000

Marking Bits (Prev, Next): (CMBitMap*) 0x000001a7bf63feb0, (CMBitMap*) 0x000001a7bf63fef0
 Prev Bits: [0x000001a7d58b0000, 0x000001a7d9828000)
 Next Bits: [0x000001a7d9830000, 0x000001a7dd7a8000)

Polling page: 0x000001a7bf2d0000

Metaspace:

Usage:
  Non-class:     11.82 MB used.
      Class:      1.00 MB used.
       Both:     12.82 MB used.

Virtual space:
  Non-class space:       16.00 MB reserved,      11.88 MB ( 74%) committed,  2 nodes.
      Class space:        1.00 GB reserved,       1.06 MB ( <1%) committed,  1 nodes.
             Both:        1.02 GB reserved,      12.94 MB (  1%) committed. 

Chunk freelists:
   Non-Class:  144.00 KB
       Class:  2.97 MB
        Both:  3.11 MB

MaxMetaspaceSize: unlimited
CompressedClassSpaceSize: 1.00 GB
Initial GC threshold: 21.00 MB
Current GC threshold: 21.00 MB
CDS: off
MetaspaceReclaimPolicy: balanced
 - commit_granule_bytes: 65536.
 - commit_granule_words: 8192.
 - virtual_space_node_default_size: 1048576.
 - enlarge_chunks_in_place: 1.
 - new_chunks_are_fully_committed: 0.
 - uncommit_free_chunks: 1.
 - use_allocation_guard: 0.
 - handle_deallocations: 1.


Internal statistics:

num_allocs_failed_limit: 0.
num_arena_births: 66.
num_arena_deaths: 0.
num_vsnodes_births: 3.
num_vsnodes_deaths: 0.
num_space_committed: 205.
num_space_uncommitted: 0.
num_chunks_returned_to_freelist: 0.
num_chunks_taken_from_freelist: 250.
num_chunk_merges: 0.
num_chunk_splits: 176.
num_chunks_enlarged: 146.
num_purges: 0.
num_inconsistent_stats: 0.

CodeHeap 'non-profiled nmethods': size=120000Kb used=723Kb max_used=723Kb free=119277Kb
 bounds [0x000001a7cbf30000, 0x000001a7cc1a0000, 0x000001a7d3460000]
CodeHeap 'profiled nmethods': size=120000Kb used=2595Kb max_used=2595Kb free=117404Kb
 bounds [0x000001a7c4a00000, 0x000001a7c4c90000, 0x000001a7cbf30000]
CodeHeap 'non-nmethods': size=5760Kb used=1628Kb max_used=1679Kb free=4131Kb
 bounds [0x000001a7c4460000, 0x000001a7c46d0000, 0x000001a7c4a00000]
 total_blobs=2600 nmethods=1533 adapters=980
 compilation: enabled
              stopped_count=0, restarted_count=0
 full_count=0

Compilation events (20 events):
Event: 11.851 Thread 0x000001a7e109acf0 1523  s    3       java.io.FileDescriptor::close (9 bytes)
Event: 11.851 Thread 0x000001a7e109acf0 nmethod 1523 0x000001a7c4c84510 code [0x000001a7c4c846e0, 0x000001a7c4c84b38]
Event: 11.851 Thread 0x000001a7e109acf0 1524  s    3       java.io.FileDescriptor::unregisterCleanup (20 bytes)
Event: 11.851 Thread 0x000001a7e109acf0 nmethod 1524 0x000001a7c4c84c90 code [0x000001a7c4c84e40, 0x000001a7c4c85148]
Event: 11.875 Thread 0x000001a7e109acf0 1525       3       java.net.URL::openConnection (9 bytes)
Event: 11.875 Thread 0x000001a7e109acf0 nmethod 1525 0x000001a7c4c85210 code [0x000001a7c4c853c0, 0x000001a7c4c855a8]
Event: 11.875 Thread 0x000001a7e109acf0 1526       3       java.net.URLConnection::<init> (62 bytes)
Event: 11.875 Thread 0x000001a7e109acf0 nmethod 1526 0x000001a7c4c85690 code [0x000001a7c4c858a0, 0x000001a7c4c85fa8]
Event: 11.875 Thread 0x000001a7e109acf0 1527       3       java.net.URLConnection::getDefaultUseCaches (30 bytes)
Event: 11.875 Thread 0x000001a7e109acf0 nmethod 1527 0x000001a7c4c86210 code [0x000001a7c4c86400, 0x000001a7c4c868e8]
Event: 11.877 Thread 0x000001a7e109acf0 1528       3       jdk.internal.loader.URLClassPath$FileLoader::findResource (18 bytes)
Event: 11.877 Thread 0x000001a7e109acf0 nmethod 1528 0x000001a7c4c86a90 code [0x000001a7c4c86c40, 0x000001a7c4c86eb8]
Event: 11.882 Thread 0x000001a7e109acf0 1529       3       java.io.FileInputStream::<init> (107 bytes)
Event: 11.883 Thread 0x000001a7e109acf0 nmethod 1529 0x000001a7c4c86f90 code [0x000001a7c4c87200, 0x000001a7c4c87ce8]
Event: 11.883 Thread 0x000001a7e109acf0 1530       3       java.io.FileInputStream::open (6 bytes)
Event: 11.883 Thread 0x000001a7e109acf0 nmethod 1530 0x000001a7c4c88090 code [0x000001a7c4c88220, 0x000001a7c4c88368]
Event: 11.884 Thread 0x000001a7e109acf0 1532       3       java.lang.Float::parseFloat (5 bytes)
Event: 11.884 Thread 0x000001a7e109acf0 nmethod 1532 0x000001a7c4c88410 code [0x000001a7c4c885c0, 0x000001a7c4c887f8]
Event: 11.884 Thread 0x000001a7e109acf0 1533       3       jdk.internal.math.FloatingDecimal::parseFloat (10 bytes)
Event: 11.884 Thread 0x000001a7e109acf0 nmethod 1533 0x000001a7c4c88910 code [0x000001a7c4c88ac0, 0x000001a7c4c88c98]

GC Heap History (2 events):
Event: 2.265 GC heap before
{Heap before GC invocations=0 (full 0):
 garbage-first heap   total 260096K, used 26624K [0x0000000702200000, 0x0000000800000000)
  region size 2048K, 11 young (22528K), 0 survivors (0K)
 Metaspace       used 12779K, committed 12928K, reserved 1064960K
  class space    used 1014K, committed 1088K, reserved 1048576K
}
Event: 2.267 GC heap after
{Heap after GC invocations=1 (full 0):
 garbage-first heap   total 260096K, used 3154K [0x0000000702200000, 0x0000000800000000)
  region size 2048K, 2 young (4096K), 2 survivors (4096K)
 Metaspace       used 12779K, committed 12928K, reserved 1064960K
  class space    used 1014K, committed 1088K, reserved 1048576K
}

Deoptimization events (20 events):
Event: 1.846 Thread 0x000001a7bf5ccbf0 Uncommon trap: trap_request=0xffffff45 fr.pc=0x000001a7cbf6d764 relative=0x0000000000000104
Event: 1.846 Thread 0x000001a7bf5ccbf0 Uncommon trap: reason=unstable_if action=reinterpret pc=0x000001a7cbf6d764 method=java.io.WinNTFileSystem.normalize(Ljava/lang/String;)Ljava/lang/String; @ 74 c2
Event: 1.846 Thread 0x000001a7bf5ccbf0 DEOPT PACKING pc=0x000001a7cbf6d764 sp=0x0000003c058fefe0
Event: 1.846 Thread 0x000001a7bf5ccbf0 DEOPT UNPACKING pc=0x000001a7c44b23a3 sp=0x0000003c058fefb8 mode 2
Event: 2.098 Thread 0x000001a7bf5ccbf0 Uncommon trap: trap_request=0xffffff45 fr.pc=0x000001a7cbf89150 relative=0x00000000000001b0
Event: 2.098 Thread 0x000001a7bf5ccbf0 Uncommon trap: reason=unstable_if action=reinterpret pc=0x000001a7cbf89150 method=com.badlogic.gdx.utils.Array.add(Ljava/lang/Object;)V @ 11 c2
Event: 2.098 Thread 0x000001a7bf5ccbf0 DEOPT PACKING pc=0x000001a7cbf89150 sp=0x0000003c058feef0
Event: 2.098 Thread 0x000001a7bf5ccbf0 DEOPT UNPACKING pc=0x000001a7c44b23a3 sp=0x0000003c058feeb0 mode 2
Event: 10.167 Thread 0x000001a7bf5ccbf0 Uncommon trap: trap_request=0x00000117 fr.pc=0x000001a7cbfd23a8 relative=0x0000000000000d68
Event: 10.167 Thread 0x000001a7bf5ccbf0 Uncommon trap: reason=unloaded action=reinterpret pc=0x000001a7cbfd23a8 method=Patrones.Level.update(F)V @ 108 c2
Event: 10.167 Thread 0x000001a7bf5ccbf0 DEOPT PACKING pc=0x000001a7cbfd23a8 sp=0x0000003c058ff320
Event: 10.167 Thread 0x000001a7bf5ccbf0 DEOPT UNPACKING pc=0x000001a7c44b23a3 sp=0x0000003c058ff2d8 mode 2
Event: 10.167 Thread 0x000001a7bf5ccbf0 Uncommon trap: trap_request=0xffffff45 fr.pc=0x000001a7cbfc03d8 relative=0x0000000000000058
Event: 10.167 Thread 0x000001a7bf5ccbf0 Uncommon trap: reason=unstable_if action=reinterpret pc=0x000001a7cbfc03d8 method=java.nio.Buffer.remaining()I @ 11 c2
Event: 10.167 Thread 0x000001a7bf5ccbf0 DEOPT PACKING pc=0x000001a7cbfc03d8 sp=0x0000003c058fef40
Event: 10.167 Thread 0x000001a7bf5ccbf0 DEOPT UNPACKING pc=0x000001a7c44b23a3 sp=0x0000003c058feed8 mode 2
Event: 10.189 Thread 0x000001a7bf5ccbf0 Uncommon trap: trap_request=0xffffffd6 fr.pc=0x000001a7cbf9da34 relative=0x00000000000001f4
Event: 10.189 Thread 0x000001a7bf5ccbf0 Uncommon trap: reason=array_check action=maybe_recompile pc=0x000001a7cbf9da34 method=com.badlogic.gdx.utils.Array.add(Ljava/lang/Object;)V @ 46 c2
Event: 10.189 Thread 0x000001a7bf5ccbf0 DEOPT PACKING pc=0x000001a7cbf9da34 sp=0x0000003c058ff1b0
Event: 10.189 Thread 0x000001a7bf5ccbf0 DEOPT UNPACKING pc=0x000001a7c44b23a3 sp=0x0000003c058ff158 mode 2

Classes unloaded (0 events):
No events

Classes redefined (0 events):
No events

Internal exceptions (20 events):
Event: 0.250 Thread 0x000001a7bf5ccbf0 Exception <a 'java/lang/NoSuchMethodError'{0x00000007118ca520}: 'int java.lang.invoke.DirectMethodHandle$Holder.invokeSpecial(java.lang.Object, java.lang.Object, java.lang.Object)'> (0x00000007118ca520) 
thrown [s\src\hotspot\share\interpreter\linkResolver.cpp, line 759]
Event: 0.273 Thread 0x000001a7bf5ccbf0 Exception <a 'sun/nio/fs/WindowsException'{0x000000071196d4c8}> (0x000000071196d4c8) 
thrown [s\src\hotspot\share\prims\jni.cpp, line 516]
Event: 0.273 Thread 0x000001a7bf5ccbf0 Exception <a 'sun/nio/fs/WindowsException'{0x000000071196da18}> (0x000000071196da18) 
thrown [s\src\hotspot\share\prims\jni.cpp, line 516]
Event: 0.283 Thread 0x000001a7bf5ccbf0 Exception <a 'java/lang/NoSuchMethodError'{0x00000007119b1178}: 'int java.lang.invoke.DirectMethodHandle$Holder.invokeStaticInit(java.lang.Object, java.lang.Object, int, long)'> (0x00000007119b1178) 
thrown [s\src\hotspot\share\interpreter\linkResolver.cpp, line 759]
Event: 0.283 Thread 0x000001a7bf5ccbf0 Exception <a 'java/lang/NoSuchMethodError'{0x00000007119b6a40}: 'java.lang.Object java.lang.invoke.DirectMethodHandle$Holder.newInvokeSpecial(java.lang.Object, java.lang.Object, int)'> (0x00000007119b6a40) 
thrown [s\src\hotspot\share\interpreter\linkResolver.cpp, line 759]
Event: 0.285 Thread 0x000001a7bf5ccbf0 Exception <a 'java/lang/NoSuchMethodError'{0x00000007119cbba8}: 'int java.lang.invoke.DirectMethodHandle$Holder.invokeStaticInit(java.lang.Object, java.lang.Object, long, long)'> (0x00000007119cbba8) 
thrown [s\src\hotspot\share\interpreter\linkResolver.cpp, line 759]
Event: 0.285 Thread 0x000001a7bf5ccbf0 Exception <a 'java/lang/NoSuchMethodError'{0x00000007119d2070}: 'java.lang.Object java.lang.invoke.DirectMethodHandle$Holder.newInvokeSpecial(java.lang.Object, java.lang.Object, long)'> (0x00000007119d2070) 
thrown [s\src\hotspot\share\interpreter\linkResolver.cpp, line 759]
Event: 0.286 Thread 0x000001a7bf5ccbf0 Exception <a 'java/lang/NoSuchMethodError'{0x00000007119d60b8}: 'java.lang.Object java.lang.invoke.Invokers$Holder.linkToTargetMethod(java.lang.Object, long, java.lang.Object)'> (0x00000007119d60b8) 
thrown [s\src\hotspot\share\interpreter\linkResolver.cpp, line 759]
Event: 0.286 Thread 0x000001a7bf5ccbf0 Exception <a 'java/lang/NoSuchMethodError'{0x00000007119dd7d0}: 'int java.lang.invoke.DirectMethodHandle$Holder.invokeStaticInit(java.lang.Object, java.lang.Object, java.lang.Object, long)'> (0x00000007119dd7d0) 
thrown [s\src\hotspot\share\interpreter\linkResolver.cpp, line 759]
Event: 0.303 Thread 0x000001a7bf5ccbf0 Exception <a 'sun/nio/fs/WindowsException'{0x000000071169a870}> (0x000000071169a870) 
thrown [s\src\hotspot\share\prims\jni.cpp, line 516]
Event: 0.303 Thread 0x000001a7bf5ccbf0 Exception <a 'sun/nio/fs/WindowsException'{0x000000071169ac00}> (0x000000071169ac00) 
thrown [s\src\hotspot\share\prims\jni.cpp, line 516]
Event: 0.321 Thread 0x000001a7bf5ccbf0 Exception <a 'sun/nio/fs/WindowsException'{0x000000071175e6c0}> (0x000000071175e6c0) 
thrown [s\src\hotspot\share\prims\jni.cpp, line 516]
Event: 0.321 Thread 0x000001a7bf5ccbf0 Exception <a 'sun/nio/fs/WindowsException'{0x000000071175ea20}> (0x000000071175ea20) 
thrown [s\src\hotspot\share\prims\jni.cpp, line 516]
Event: 0.355 Thread 0x000001a7bf5ccbf0 Exception <a 'sun/nio/fs/WindowsException'{0x00000007117f9618}> (0x00000007117f9618) 
thrown [s\src\hotspot\share\prims\jni.cpp, line 516]
Event: 0.355 Thread 0x000001a7bf5ccbf0 Exception <a 'sun/nio/fs/WindowsException'{0x00000007117f9998}> (0x00000007117f9998) 
thrown [s\src\hotspot\share\prims\jni.cpp, line 516]
Event: 0.391 Thread 0x000001a7bf5ccbf0 Exception <a 'java/lang/NoSuchMethodError'{0x0000000711448838}: 'java.lang.Object java.lang.invoke.DirectMethodHandle$Holder.newInvokeSpecial(java.lang.Object, long)'> (0x0000000711448838) 
thrown [s\src\hotspot\share\interpreter\linkResolver.cpp, line 759]
Event: 0.523 Thread 0x000001a7bf5ccbf0 Exception <a 'sun/nio/fs/WindowsException'{0x0000000711585d58}> (0x0000000711585d58) 
thrown [s\src\hotspot\share\prims\jni.cpp, line 516]
Event: 0.523 Thread 0x000001a7bf5ccbf0 Exception <a 'sun/nio/fs/WindowsException'{0x0000000711586100}> (0x0000000711586100) 
thrown [s\src\hotspot\share\prims\jni.cpp, line 516]
Event: 0.526 Thread 0x000001a7bf5ccbf0 Exception <a 'sun/nio/fs/WindowsException'{0x0000000711596468}> (0x0000000711596468) 
thrown [s\src\hotspot\share\prims\jni.cpp, line 516]
Event: 0.526 Thread 0x000001a7bf5ccbf0 Exception <a 'sun/nio/fs/WindowsException'{0x0000000711596748}> (0x0000000711596748) 
thrown [s\src\hotspot\share\prims\jni.cpp, line 516]

VM Operations (20 events):
Event: 2.270 Executing VM operation: HandshakeAllThreads
Event: 2.270 Executing VM operation: HandshakeAllThreads done
Event: 2.271 Executing VM operation: HandshakeAllThreads
Event: 2.271 Executing VM operation: HandshakeAllThreads done
Event: 3.272 Executing VM operation: Cleanup
Event: 3.272 Executing VM operation: Cleanup done
Event: 4.272 Executing VM operation: Cleanup
Event: 4.272 Executing VM operation: Cleanup done
Event: 5.272 Executing VM operation: Cleanup
Event: 5.273 Executing VM operation: Cleanup done
Event: 6.273 Executing VM operation: Cleanup
Event: 6.273 Executing VM operation: Cleanup done
Event: 7.273 Executing VM operation: Cleanup
Event: 7.273 Executing VM operation: Cleanup done
Event: 8.274 Executing VM operation: Cleanup
Event: 8.274 Executing VM operation: Cleanup done
Event: 9.275 Executing VM operation: Cleanup
Event: 9.275 Executing VM operation: Cleanup done
Event: 11.276 Executing VM operation: Cleanup
Event: 11.276 Executing VM operation: Cleanup done

Events (20 events):
Event: 0.966 Thread 0x000001a7e3951760 Thread exited: 0x000001a7e3951760
Event: 1.704 loading class java/io/FileReader
Event: 1.704 loading class java/io/FileReader done
Event: 1.717 Loaded shared library C:\Users\matia\AppData\Local\Temp\libgdxmatia\888fe1bc\gdx-box2d64.dll
Event: 1.834 loading class jdk/internal/math/FloatingDecimal
Event: 1.834 loading class jdk/internal/math/FloatingDecimal done
Event: 1.834 loading class jdk/internal/math/FloatingDecimal$ExceptionalBinaryToASCIIBuffer
Event: 1.834 loading class jdk/internal/math/FloatingDecimal$BinaryToASCIIConverter
Event: 1.834 loading class jdk/internal/math/FloatingDecimal$BinaryToASCIIConverter done
Event: 1.834 loading class jdk/internal/math/FloatingDecimal$ExceptionalBinaryToASCIIBuffer done
Event: 1.834 loading class jdk/internal/math/FloatingDecimal$BinaryToASCIIBuffer
Event: 1.835 loading class jdk/internal/math/FloatingDecimal$BinaryToASCIIBuffer done
Event: 1.835 loading class jdk/internal/math/FloatingDecimal$1
Event: 1.835 loading class jdk/internal/math/FloatingDecimal$1 done
Event: 1.835 loading class jdk/internal/math/FloatingDecimal$PreparedASCIIToBinaryBuffer
Event: 1.835 loading class jdk/internal/math/FloatingDecimal$ASCIIToBinaryConverter
Event: 1.835 loading class jdk/internal/math/FloatingDecimal$ASCIIToBinaryConverter done
Event: 1.835 loading class jdk/internal/math/FloatingDecimal$PreparedASCIIToBinaryBuffer done
Event: 1.835 loading class jdk/internal/math/FloatingDecimal$ASCIIToBinaryBuffer
Event: 1.835 loading class jdk/internal/math/FloatingDecimal$ASCIIToBinaryBuffer done


Dynamic libraries:
0x00007ff791560000 - 0x00007ff79156e000 	C:\Users\matia\.p2\pool\plugins\org.eclipse.justj.openjdk.hotspot.jre.full.win32.x86_64_17.0.4.v20220805-1047\jre\bin\javaw.exe
0x00007ffaeb470000 - 0x00007ffaeb668000 	C:\Windows\SYSTEM32\ntdll.dll
0x00007ffae9640000 - 0x00007ffae96ff000 	C:\Windows\System32\KERNEL32.DLL
0x00007ffae8c50000 - 0x00007ffae8f22000 	C:\Windows\System32\KERNELBASE.dll
0x00007ffae8f60000 - 0x00007ffae9060000 	C:\Windows\System32\ucrtbase.dll
0x00007ffae4850000 - 0x00007ffae4868000 	C:\Users\matia\.p2\pool\plugins\org.eclipse.justj.openjdk.hotspot.jre.full.win32.x86_64_17.0.4.v20220805-1047\jre\bin\jli.dll
0x00007ffae4190000 - 0x00007ffae41a9000 	C:\Users\matia\.p2\pool\plugins\org.eclipse.justj.openjdk.hotspot.jre.full.win32.x86_64_17.0.4.v20220805-1047\jre\bin\VCRUNTIME140.dll
0x00007ffae9c70000 - 0x00007ffae9e0d000 	C:\Windows\System32\USER32.dll
0x00007ffad30e0000 - 0x00007ffad337a000 	C:\Windows\WinSxS\amd64_microsoft.windows.common-controls_6595b64144ccf1df_6.0.19041.1110_none_60b5254171f9507e\COMCTL32.dll
0x00007ffae8f30000 - 0x00007ffae8f52000 	C:\Windows\System32\win32u.dll
0x00007ffaeb330000 - 0x00007ffaeb3ce000 	C:\Windows\System32\msvcrt.dll
0x00007ffae9b60000 - 0x00007ffae9b8b000 	C:\Windows\System32\GDI32.dll
0x00007ffae90d0000 - 0x00007ffae91df000 	C:\Windows\System32\gdi32full.dll
0x00007ffae9290000 - 0x00007ffae932d000 	C:\Windows\System32\msvcp_win.dll
0x00007ffae9b90000 - 0x00007ffae9bc2000 	C:\Windows\System32\IMM32.DLL
0x00007ffae4420000 - 0x00007ffae442c000 	C:\Users\matia\.p2\pool\plugins\org.eclipse.justj.openjdk.hotspot.jre.full.win32.x86_64_17.0.4.v20220805-1047\jre\bin\vcruntime140_1.dll
0x00007ffac6dd0000 - 0x00007ffac6e61000 	C:\Users\matia\.p2\pool\plugins\org.eclipse.justj.openjdk.hotspot.jre.full.win32.x86_64_17.0.4.v20220805-1047\jre\bin\msvcp140.dll
0x00007ffa65850000 - 0x00007ffa66496000 	C:\Users\matia\.p2\pool\plugins\org.eclipse.justj.openjdk.hotspot.jre.full.win32.x86_64_17.0.4.v20220805-1047\jre\bin\server\jvm.dll
0x00007ffae9590000 - 0x00007ffae963e000 	C:\Windows\System32\ADVAPI32.dll
0x00007ffae9bd0000 - 0x00007ffae9c6c000 	C:\Windows\System32\sechost.dll
0x00007ffaea420000 - 0x00007ffaea545000 	C:\Windows\System32\RPCRT4.dll
0x00007ffaea110000 - 0x00007ffaea118000 	C:\Windows\System32\PSAPI.DLL
0x00007ffae4160000 - 0x00007ffae4169000 	C:\Windows\SYSTEM32\WSOCK32.dll
0x00007ffae06b0000 - 0x00007ffae06d7000 	C:\Windows\SYSTEM32\WINMM.dll
0x00007ffae1200000 - 0x00007ffae120a000 	C:\Windows\SYSTEM32\VERSION.dll
0x00007ffae9e10000 - 0x00007ffae9e7b000 	C:\Windows\System32\WS2_32.dll
0x00007ffae6a50000 - 0x00007ffae6a62000 	C:\Windows\SYSTEM32\kernel.appcore.dll
0x00007ffae4800000 - 0x00007ffae480a000 	C:\Users\matia\.p2\pool\plugins\org.eclipse.justj.openjdk.hotspot.jre.full.win32.x86_64_17.0.4.v20220805-1047\jre\bin\jimage.dll
0x00007ffad7150000 - 0x00007ffad7334000 	C:\Windows\SYSTEM32\DBGHELP.DLL
0x00007ffad6bc0000 - 0x00007ffad6bec000 	C:\Windows\SYSTEM32\dbgcore.DLL
0x00007ffae8b70000 - 0x00007ffae8bf2000 	C:\Windows\System32\bcryptPrimitives.dll
0x00007ffac8070000 - 0x00007ffac8095000 	C:\Users\matia\.p2\pool\plugins\org.eclipse.justj.openjdk.hotspot.jre.full.win32.x86_64_17.0.4.v20220805-1047\jre\bin\java.dll
0x00007ffae4220000 - 0x00007ffae4238000 	C:\Users\matia\.p2\pool\plugins\org.eclipse.justj.openjdk.hotspot.jre.full.win32.x86_64_17.0.4.v20220805-1047\jre\bin\zip.dll
0x00007ffaea9d0000 - 0x00007ffaeb113000 	C:\Windows\System32\SHELL32.dll
0x00007ffae6c50000 - 0x00007ffae73e2000 	C:\Windows\SYSTEM32\windows.storage.dll
0x00007ffae9760000 - 0x00007ffae9ab4000 	C:\Windows\System32\combase.dll
0x00007ffae85d0000 - 0x00007ffae8600000 	C:\Windows\SYSTEM32\Wldp.dll
0x00007ffae9f00000 - 0x00007ffae9fad000 	C:\Windows\System32\SHCORE.dll
0x00007ffaeb3d0000 - 0x00007ffaeb425000 	C:\Windows\System32\shlwapi.dll
0x00007ffae8ab0000 - 0x00007ffae8acf000 	C:\Windows\SYSTEM32\profapi.dll
0x00007ffae3bf0000 - 0x00007ffae3c09000 	C:\Users\matia\.p2\pool\plugins\org.eclipse.justj.openjdk.hotspot.jre.full.win32.x86_64_17.0.4.v20220805-1047\jre\bin\net.dll
0x00007ffad9f20000 - 0x00007ffada02c000 	C:\Windows\SYSTEM32\WINHTTP.dll
0x00007ffae8330000 - 0x00007ffae839a000 	C:\Windows\system32\mswsock.dll
0x00007ffac6f50000 - 0x00007ffac6f65000 	C:\Users\matia\.p2\pool\plugins\org.eclipse.justj.openjdk.hotspot.jre.full.win32.x86_64_17.0.4.v20220805-1047\jre\bin\nio.dll
0x0000000067a30000 - 0x0000000067a59000 	C:\Users\matia\AppData\Local\Temp\libgdxmatia\e787ab0a\gdx64.dll
0x00007ffaba0c0000 - 0x00007ffaba135000 	C:\Users\matia\AppData\Local\Temp\lwjglmatia\3.3.1-build-7\lwjgl.dll
0x00007ffa764c0000 - 0x00007ffa76719000 	C:\Users\matia\AppData\Local\Temp\lwjglmatia\3.3.1-build-7\jemalloc.dll
0x00007ffac4d10000 - 0x00007ffac4d71000 	C:\Users\matia\AppData\Local\Temp\lwjglmatia\3.3.1-build-7\glfw.dll
0x00007ffac6b90000 - 0x00007ffac6bd5000 	C:\Windows\SYSTEM32\dinput8.dll
0x00007ffa75ec0000 - 0x00007ffa75ed1000 	C:\Windows\SYSTEM32\xinput1_4.dll
0x00007ffae8c00000 - 0x00007ffae8c4e000 	C:\Windows\System32\cfgmgr32.dll
0x00007ffae8920000 - 0x00007ffae894c000 	C:\Windows\SYSTEM32\DEVOBJ.dll
0x00007ffae6760000 - 0x00007ffae678f000 	C:\Windows\SYSTEM32\dwmapi.dll
0x00007ffac7050000 - 0x00007ffac71a2000 	C:\Windows\SYSTEM32\inputhost.dll
0x00007ffae94c0000 - 0x00007ffae958d000 	C:\Windows\System32\OLEAUT32.dll
0x00007ffae5650000 - 0x00007ffae57a4000 	C:\Windows\SYSTEM32\wintypes.dll
0x00007ffae6080000 - 0x00007ffae6172000 	C:\Windows\SYSTEM32\CoreMessaging.dll
0x00007ffae4570000 - 0x00007ffae4666000 	C:\Windows\SYSTEM32\PROPSYS.dll
0x00007ffae5d20000 - 0x00007ffae607e000 	C:\Windows\SYSTEM32\CoreUIComponents.dll
0x00007ffae7d20000 - 0x00007ffae7d53000 	C:\Windows\SYSTEM32\ntmarta.dll
0x00007ffae6580000 - 0x00007ffae661e000 	C:\Windows\system32\uxtheme.dll
0x00007ffaea300000 - 0x00007ffaea415000 	C:\Windows\System32\MSCTF.dll
0x00007ffaad000000 - 0x00007ffaad197000 	C:\Users\matia\AppData\Local\Temp\lwjglmatia\3.3.1-build-7\OpenAL.dll
0x00007ffaea120000 - 0x00007ffaea24a000 	C:\Windows\System32\ole32.dll
0x00007ffaea250000 - 0x00007ffaea2ff000 	C:\Windows\System32\clbcatq.dll
0x00007ffae2a20000 - 0x00007ffae2aa5000 	C:\Windows\System32\MMDevApi.dll
0x00007ffae2d50000 - 0x00007ffae2ed2000 	C:\Windows\SYSTEM32\AUDIOSES.DLL
0x00007ffae80f0000 - 0x00007ffae813b000 	C:\Windows\SYSTEM32\powrprof.dll
0x00007ffae7fb0000 - 0x00007ffae7fc2000 	C:\Windows\SYSTEM32\UMPDC.dll
0x00007ffae6660000 - 0x00007ffae6674000 	C:\Windows\SYSTEM32\resourcepolicyclient.dll
0x00007ffac7db0000 - 0x00007ffac7ed5000 	C:\Windows\SYSTEM32\opengl32.dll
0x00007ffaca390000 - 0x00007ffaca3bc000 	C:\Windows\SYSTEM32\GLU32.dll
0x00007ffae2ee0000 - 0x00007ffae2fd7000 	C:\Windows\System32\AppXDeploymentClient.dll
0x00007ffa5d4b0000 - 0x00007ffa60de1000 	C:\Windows\System32\DriverStore\FileRepository\nv_dispi.inf_amd64_009debfbd2e1619b\nvoglv64.dll
0x00007ffaea550000 - 0x00007ffaea9b8000 	C:\Windows\System32\SETUPAPI.dll
0x00007ffae9330000 - 0x00007ffae9357000 	C:\Windows\System32\bcrypt.dll
0x00007ffae4700000 - 0x00007ffae4714000 	C:\Windows\SYSTEM32\WTSAPI32.dll
0x00007ffae8760000 - 0x00007ffae8772000 	C:\Windows\SYSTEM32\msasn1.dll
0x00007ffae1230000 - 0x00007ffae1261000 	C:\Windows\SYSTEM32\cryptnet.dll
0x00007ffae9360000 - 0x00007ffae94b6000 	C:\Windows\System32\CRYPT32.dll
0x00007ffae0d60000 - 0x00007ffae0ea8000 	C:\Windows\SYSTEM32\drvstore.dll
0x00007ffae8540000 - 0x00007ffae854c000 	C:\Windows\SYSTEM32\cryptbase.dll
0x00007ffae9060000 - 0x00007ffae90ca000 	C:\Windows\System32\WINTRUST.dll
0x00007ffadf0f0000 - 0x00007ffadf12b000 	C:\Windows\SYSTEM32\dxcore.dll
0x00007ffa6a510000 - 0x00007ffa6a7df000 	C:\Windows\system32\nvspcap64.dll
0x00007ffae7870000 - 0x00007ffae78d4000 	C:\Windows\SYSTEM32\WINSTA.dll
0x00007ffac4b70000 - 0x00007ffac4bcd000 	C:\Users\matia\AppData\Local\Temp\lwjglmatia\3.3.1-build-7\lwjgl_opengl.dll
0x00007ffac4880000 - 0x00007ffac4979000 	C:\Windows\SYSTEM32\textinputframework.dll
0x00007ffad3070000 - 0x00007ffad30d6000 	C:\Windows\system32\Oleacc.dll
0x00000000679d0000 - 0x0000000067a2a000 	C:\Users\matia\AppData\Local\Temp\libgdxmatia\888fe1bc\gdx-box2d64.dll

dbghelp: loaded successfully - version: 4.0.5 - missing functions: none
symbol engine: initialized successfully - sym options: 0x614 - pdb path: .;C:\Users\matia\.p2\pool\plugins\org.eclipse.justj.openjdk.hotspot.jre.full.win32.x86_64_17.0.4.v20220805-1047\jre\bin;C:\Windows\SYSTEM32;C:\Windows\WinSxS\amd64_microsoft.windows.common-controls_6595b64144ccf1df_6.0.19041.1110_none_60b5254171f9507e;C:\Users\matia\.p2\pool\plugins\org.eclipse.justj.openjdk.hotspot.jre.full.win32.x86_64_17.0.4.v20220805-1047\jre\bin\server;C:\Users\matia\AppData\Local\Temp\libgdxmatia\e787ab0a;C:\Users\matia\AppData\Local\Temp\lwjglmatia\3.3.1-build-7;C:\Windows\System32\DriverStore\FileRepository\nv_dispi.inf_amd64_009debfbd2e1619b;C:\Users\matia\AppData\Local\Temp\libgdxmatia\888fe1bc

VM Arguments:
jvm_args: -Dfile.encoding=UTF-8 -XX:+ShowCodeDetailsInExceptionMessages 
java_command: com.mygdx.game.DesktopLauncher
java_class_path (initial): G:\Mi unidad\PUCV\2do año\4to Semestre\Programación Avanzada\Jimbo Adventures, El origen (Beta)\desktop\bin\main;\Jimbo Adventures, El origen-core\bin\default;G:\Mi unidad\PUCV\2do año\4to Semestre\Programación Avanzada\Jimbo Adventures, El origen (Beta)\core\bin\main;C:\Users\matia\.gradle\caches\modules-2\files-2.1\com.badlogicgames.gdx\gdx-backend-lwjgl3\1.11.0\58a96db4cd349be4292d547856aa1e1c5f065f4e\gdx-backend-lwjgl3-1.11.0.jar;C:\Users\matia\.gradle\caches\modules-2\files-2.1\com.badlogicgames.gdx\gdx-platform\1.11.0\697fb13eada6d3c6ca648c9788692b0159add126\gdx-platform-1.11.0-natives-desktop.jar;C:\Users\matia\.gradle\caches\modules-2\files-2.1\com.badlogicgames.gdx\gdx-box2d-platform\1.11.0\62ff9baa1e57a11e0a4428a38c9660bf9f312fdc\gdx-box2d-platform-1.11.0-natives-desktop.jar;C:\Users\matia\.gradle\caches\modules-2\files-2.1\com.badlogicgames.gdx\gdx-bullet-platform\1.11.0\2c067b913a306ba26d482075297538ad91cdb88b\gdx-bullet-platform-1.11.0-natives-desktop.jar;C:\Users\matia\.gradle\caches\modules-2\files-2.1\com.badlogicgames.gdx\gdx-box2d\1.11.0\ad4facee800dd945d6d6e93dea2936bc135b5f\gdx-box2d-1.11.0.jar;C:\Users\matia\.gradle\caches\modules-2\files-2.1\com.badlogicgames.gdx\gdx-bullet\1.11.0\1eb83845fa655e7e8ab6bbb979d28b0502ad3302\gdx-bullet-1.11.0.jar;C:\Users\matia\.gradle\caches\modules-2\files-2.1\com.badlogicgames.gdx\gdx\1.11.0\ffe1206d1004cd9e40027e28964be0fea0399af7\gdx-1.11.0.jar;C:\Users\matia\.gradle\caches\modules-2\files-2.1\org.lwjgl\lwjgl-glfw\3.3.1\cbac1b8d30cb4795149c1ef540f912671a8616d0\lwjgl-glfw-3.3.1.jar;C:\Users\matia\.gradle\caches\modules-2\files-2.1\org.lwjgl\lwjgl-glfw\3.3.1\81716978214ecbda15050ca394b06ef61501a49e\lwjgl-glfw-3.3.1-natives-linux.jar;C:\Users\matia\.gradle\caches\modules-2\files-2.1\org.lwjgl\lwjgl-glfw\3.3.1\816d935933f2dd743074c4e717cc25b55720f294\lwjgl-glfw-3.3.1-natives-linux-arm32.jar;C:\Users\matia\.gradle\caches\modules-2\files-2.1\org.lwjgl\lwjgl-glfw\3.3.1\513eb39b866d0fe131a
Launcher Type: SUN_STANDARD

[Global flags]
     intx CICompilerCount                          = 4                                         {product} {ergonomic}
     uint ConcGCThreads                            = 3                                         {product} {ergonomic}
     uint G1ConcRefinementThreads                  = 10                                        {product} {ergonomic}
   size_t G1HeapRegionSize                         = 2097152                                   {product} {ergonomic}
    uintx GCDrainStackTargetSize                   = 64                                        {product} {ergonomic}
   size_t InitialHeapSize                          = 266338304                                 {product} {ergonomic}
   size_t MarkStackSize                            = 4194304                                   {product} {ergonomic}
   size_t MaxHeapSize                              = 4259315712                                {product} {ergonomic}
   size_t MaxNewSize                               = 2554331136                                {product} {ergonomic}
   size_t MinHeapDeltaBytes                        = 2097152                                   {product} {ergonomic}
   size_t MinHeapSize                              = 8388608                                   {product} {ergonomic}
    uintx NonNMethodCodeHeapSize                   = 5839372                                {pd product} {ergonomic}
    uintx NonProfiledCodeHeapSize                  = 122909434                              {pd product} {ergonomic}
    uintx ProfiledCodeHeapSize                     = 122909434                              {pd product} {ergonomic}
    uintx ReservedCodeCacheSize                    = 251658240                              {pd product} {ergonomic}
     bool SegmentedCodeCache                       = true                                      {product} {ergonomic}
     bool ShowCodeDetailsInExceptionMessages       = true                                   {manageable} {command line}
   size_t SoftMaxHeapSize                          = 4259315712                             {manageable} {ergonomic}
     bool UseCompressedClassPointers               = true                           {product lp64_product} {ergonomic}
     bool UseCompressedOops                        = true                           {product lp64_product} {ergonomic}
     bool UseG1GC                                  = true                                      {product} {ergonomic}
     bool UseLargePagesIndividualAllocation        = false                                  {pd product} {ergonomic}

Logging:
Log output configuration:
 #0: stdout all=warning uptime,level,tags
 #1: stderr all=off uptime,level,tags

Environment Variables:
PATH=C:/Users/matia/.p2/pool/plugins/org.eclipse.justj.openjdk.hotspot.jre.full.win32.x86_64_17.0.4.v20220805-1047/jre/bin/server;C:/Users/matia/.p2/pool/plugins/org.eclipse.justj.openjdk.hotspot.jre.full.win32.x86_64_17.0.4.v20220805-1047/jre/bin;C:\Program Files\Common Files\Oracle\Java\javapath;C:\Windows\system32;C:\Windows;C:\Windows\System32\Wbem;C:\Windows\System32\WindowsPowerShell\v1.0\;C:\Windows\System32\OpenSSH\;C:\Program Files\NVIDIA Corporation\NVIDIA NvDLISR;C:\Program Files (x86)\NVIDIA Corporation\PhysX\Common;C:\Program Files\Git\cmd;C:\TDM-GCC-64\bin;C:\Users\matia\AppData\Local\Microsoft\WindowsApps;;C:\Users\matia\AppData\Local\Programs\Microsoft VS Code\bin;C:\Users\matia\Desktop\Programación;
USERNAME=matia
OS=Windows_NT
PROCESSOR_IDENTIFIER=Intel64 Family 6 Model 165 Stepping 3, GenuineIntel
TMP=C:\Users\matia\AppData\Local\Temp
TEMP=C:\Users\matia\AppData\Local\Temp



---------------  S Y S T E M  ---------------

OS:
 Windows 10 , 64 bit Build 19041 (10.0.19041.2251)
OS uptime: 0 days 12:53 hours

CPU: total 12 (initial active 12) (6 cores per cpu, 2 threads per core) family 6 model 165 stepping 3 microcode 0xcc, cx8, cmov, fxsr, ht, mmx, 3dnowpref, sse, sse2, sse3, ssse3, sse4.1, sse4.2, popcnt, lzcnt, tsc, tscinvbit, avx, avx2, aes, erms, clmul, bmi1, bmi2, adx, fma, vzeroupper, clflush, clflushopt

Memory: 4k page, system-wide physical 16243M (7825M free)
TotalPageFile size 23411M (AvailPageFile size 8253M)
current process WorkingSet (physical memory assigned to process): 164M, peak: 191M
current process commit charge ("private bytes"): 729M, peak: 738M

vm_info: OpenJDK 64-Bit Server VM (17.0.4+8) for windows-amd64 JRE (17.0.4+8), built on Jul 19 2022 16:05:16 by "temurin" with MS VC++ 16.7 (VS2019)

END.
