#
# A fatal error has been detected by the Java Runtime Environment:
#
#  EXCEPTION_ACCESS_VIOLATION (0xc0000005) at pc=0x0000024aa9a7bb20, pid=3484, tid=2304
#
# JRE version: OpenJDK Runtime Environment Temurin-17.0.4+8 (17.0.4+8) (build 17.0.4+8)
# Java VM: OpenJDK 64-Bit Server VM Temurin-17.0.4+8 (17.0.4+8, mixed mode, tiered, compressed oops, compressed class ptrs, g1 gc, windows-amd64)
# Problematic frame:
# C  0x0000024aa9a7bb20
#
# No core dump will be written. Minidumps are not enabled by default on client versions of Windows
#
# If you would like to submit a bug report, please visit:
#   https://github.com/adoptium/adoptium-support/issues
# The crash happened outside the Java Virtual Machine in native code.
# See problematic frame for where to report the bug.
#

---------------  S U M M A R Y ------------

Command Line: -Dfile.encoding=UTF-8 -XX:+ShowCodeDetailsInExceptionMessages com.mygdx.game.DesktopLauncher

Host: Intel(R) Core(TM) i5-10400 CPU @ 2.90GHz, 12 cores, 15G,  Windows 10 , 64 bit Build 19041 (10.0.19041.2251)
Time: Sat Dec  3 03:15:46 2022 Hora verano Sudamérica Pacífico elapsed time: 7.580654 seconds (0d 0h 0m 7s)

---------------  T H R E A D  ---------------

Current thread (0x0000024a86e0b110):  JavaThread "main" [_thread_in_native, id=2304, stack(0x000000e677000000,0x000000e677100000)]

Stack: [0x000000e677000000,0x000000e677100000],  sp=0x000000e6770feda8,  free space=1019k
Native frames: (J=compiled Java code, j=interpreted, Vv=VM code, C=native code)
C  0x0000024aa9a7bb20

Java frames: (J=compiled Java code, j=interpreted, Vv=VM code)
j  com.badlogic.gdx.physics.box2d.Body.jniCreateFixture(JJFFFZSSS)J+0
j  com.badlogic.gdx.physics.box2d.Body.createFixture(Lcom/badlogic/gdx/physics/box2d/FixtureDef;)Lcom/badlogic/gdx/physics/box2d/Fixture;+49
j  Patrones.Jimbo.setPlayerWorld(Lcom/badlogic/gdx/physics/box2d/World;)V+26
j  Patrones.LevelBuilder.setObjectsWorld()V+8
j  Patrones.LevelBuilder.getLevel()LPatrones/Level;+1
J 1421 c1 Ventanas.GameOver.render(F)V (397 bytes) @ 0x0000024a8c4c992c [0x0000024a8c4c8880+0x00000000000010ac]
J 1275 c1 com.badlogic.gdx.backends.lwjgl3.Lwjgl3Window.update()Z (217 bytes) @ 0x0000024a8c48ce0c [0x0000024a8c48c080+0x0000000000000d8c]
j  com.badlogic.gdx.backends.lwjgl3.Lwjgl3Application.loop()V+111
j  com.badlogic.gdx.backends.lwjgl3.Lwjgl3Application.<init>(Lcom/badlogic/gdx/ApplicationListener;Lcom/badlogic/gdx/backends/lwjgl3/Lwjgl3ApplicationConfiguration;)V+269
j  com.mygdx.game.DesktopLauncher.main([Ljava/lang/String;)V+46
v  ~StubRoutines::call_stub

siginfo: EXCEPTION_ACCESS_VIOLATION (0xc0000005), data execution prevention violation at address 0x0000024aa9a7bb20


Register to memory mapping:

RIP=0x0000024aa9a7bb20 points into unknown readable memory: 0x3fe51eb8c0d6b852 | 52 b8 d6 c0 b8 1e e5 3f
RAX=0x0000024aa9a7fb30 points into unknown readable memory: 0x0000024ab3080080 | 80 00 08 b3 4a 02 00 00
RBX=0x0000024ab30c4540 points into unknown readable memory: 0x0000024a00000000 | 00 00 00 00 4a 02 00 00
RCX=0x0000024aa9a414a0 points into unknown readable memory: 0x0000024aa9a7fb30 | 30 fb a7 a9 4a 02 00 00
RDX=0x0000024ab30a71a0 points into unknown readable memory: 0x0000024aa9a6e010 | 10 e0 a6 a9 4a 02 00 00
RSP=0x000000e6770feda8 is pointing into the stack for thread: 0x0000024a86e0b110
RBP=0x0000024ab30a71a0 points into unknown readable memory: 0x0000024aa9a6e010 | 10 e0 a6 a9 4a 02 00 00
RSI=0x000000e6770fee70 is pointing into the stack for thread: 0x0000024a86e0b110
RDI=0x0000024ab30a71a0 points into unknown readable memory: 0x0000024aa9a6e010 | 10 e0 a6 a9 4a 02 00 00
R8 =0x0000024ab30c0530 points into unknown readable memory: 0x0000002600000002 | 02 00 00 00 26 00 00 00
R9 =0x000000e6770fee70 is pointing into the stack for thread: 0x0000024a86e0b110
R10=0x0 is NULL
R11=0x0000024aa9acd760 points into unknown readable memory: 0x0000024ab30c8550 | 50 85 0c b3 4a 02 00 00
R12=0x0 is NULL
R13={method} {0x0000024aabb75390} 'jniCreateFixture' '(JJFFFZSSS)J' in 'com/badlogic/gdx/physics/box2d/Body'
R14=0x000000e6770feff0 is pointing into the stack for thread: 0x0000024a86e0b110
R15=0x0000024a86e0b110 is a thread


Registers:
RAX=0x0000024aa9a7fb30, RBX=0x0000024ab30c4540, RCX=0x0000024aa9a414a0, RDX=0x0000024ab30a71a0
RSP=0x000000e6770feda8, RBP=0x0000024ab30a71a0, RSI=0x000000e6770fee70, RDI=0x0000024ab30a71a0
R8 =0x0000024ab30c0530, R9 =0x000000e6770fee70, R10=0x0000000000000000, R11=0x0000024aa9acd760
R12=0x0000000000000000, R13=0x0000024aabb75388, R14=0x000000e6770feff0, R15=0x0000024a86e0b110
RIP=0x0000024aa9a7bb20, EFLAGS=0x0000000000010202

Top of Stack: (sp=0x000000e6770feda8)
0x000000e6770feda8:   00000000679ef50c 0000000800057620
0x000000e6770fedb8:   0000024a8bcdb92d 000000e6770fee38
0x000000e6770fedc8:   0000024ab30c0530 0000000711ffdd90
0x000000e6770fedd8:   0000024ab30c0530 0000024ab30c4540
0x000000e6770fede8:   0000024ab30a71a0 000000e6770fee70
0x000000e6770fedf8:   00000000679ee3bd 000000e6770fee48
0x000000e6770fee08:   0000024aabb7b7b0 0000000000000000
0x000000e6770fee18:   00000007109a1ae8 0000024aabb7b758
0x000000e6770fee28:   0000024aabb75388 0000000711ffdd90
0x000000e6770fee38:   0000024aabbb6478 000000e6770fef78
0x000000e6770fee48:   00000000679f464d 0000000711a2d3a8
0x000000e6770fee58:   0000000711a2d150 000000e6770fee60
0x000000e6770fee68:   0000024aabb75051 0000024aa9a414a0
0x000000e6770fee78:   0000000000000000 000000003e4ccccd
0x000000e6770fee88:   0001000041700000 0000024a0000ffff
0x000000e6770fee98:   0000000000000000 000000e6770feeb8 

Instructions: (pc=0x0000024aa9a7bb20)
0x0000024aa9a7ba20:   00 00 00 00 00 00 00 00 00 00 00 00 00 00 00 00
0x0000024aa9a7ba30:   00 00 00 00 00 00 00 00 00 00 00 00 00 00 00 00
0x0000024aa9a7ba40:   00 00 00 00 00 00 00 00 00 00 00 00 00 00 00 00
0x0000024aa9a7ba50:   00 00 00 00 00 00 00 00 00 00 00 00 00 00 00 00
0x0000024aa9a7ba60:   00 00 00 00 00 00 00 00 00 00 00 00 00 00 00 00
0x0000024aa9a7ba70:   fc fa ff 00 fe fc ff 00 00 00 00 00 00 00 00 00
0x0000024aa9a7ba80:   00 00 00 00 00 00 00 00 00 00 00 00 00 00 00 00
0x0000024aa9a7ba90:   07 fb 05 00 1d fc 11 00 02 00 01 00 00 00 00 00
0x0000024aa9a7baa0:   00 00 00 00 00 00 00 00 00 00 00 00 00 00 00 00
0x0000024aa9a7bab0:   0b 04 06 00 41 12 1f 00 08 02 03 00 00 00 00 00
0x0000024aa9a7bac0:   00 00 00 00 00 00 00 00 00 00 00 00 ff ff 00 ff
0x0000024aa9a7bad0:   ff 01 01 f5 c8 f8 f1 d0 cc f1 e6 cd e4 ea e1 ee
0x0000024aa9a7bae0:   00 00 00 00 00 00 00 00 00 00 00 00 00 00 00 00
0x0000024aa9a7baf0:   00 00 00 00 00 00 00 00 00 00 00 00 00 00 00 00
0x0000024aa9a7bb00:   00 00 00 00 00 00 00 00 00 00 00 00 00 00 00 00
0x0000024aa9a7bb10:   00 00 00 00 00 00 00 00 5e 1c 1f a0 76 42 08 10
0x0000024aa9a7bb20:   52 b8 d6 c0 b8 1e e5 3f ae 47 c9 c0 a4 70 0d 40
0x0000024aa9a7bb30:   00 3b a7 a9 4a 02 00 00 00 00 00 00 00 00 00 00
0x0000024aa9a7bb40:   14 ae d7 40 c2 f5 68 40 ec 51 e8 40 a4 70 7d 40
0x0000024aa9a7bb50:   60 3b a7 a9 4a 02 00 00 00 00 00 00 01 00 00 00
0x0000024aa9a7bb60:   47 e1 aa 40 70 3d 0a 40 b9 1e b5 40 52 b8 1e 40
0x0000024aa9a7bb70:   c0 3b a7 a9 4a 02 00 00 00 00 00 00 03 00 00 00
0x0000024aa9a7bb80:   5c 8f 02 bf 0a d7 03 40 5b 8f 42 be b8 1e 25 40
0x0000024aa9a7bb90:   20 3c a7 a9 4a 02 00 00 00 00 00 00 05 00 00 00
0x0000024aa9a7bba0:   2a 1a e6 3e 42 c1 06 40 f0 24 65 3f 20 af 21 40
0x0000024aa9a7bbb0:   80 3c a7 a9 4a 02 00 00 00 00 00 00 07 00 00 00
0x0000024aa9a7bbc0:   f6 28 08 c1 d7 a3 00 c0 14 ae af c0 d7 a3 00 40
0x0000024aa9a7bbd0:   e0 3c a7 a9 4a 02 00 00 00 00 00 00 09 00 00 00
0x0000024aa9a7bbe0:   ec 51 80 c0 5c 8f 32 40 52 b8 fe bf a4 70 4d 40
0x0000024aa9a7bbf0:   40 3d a7 a9 4a 02 00 00 00 00 00 00 0b 00 00 00
0x0000024aa9a7bc00:   90 c2 35 bf 86 eb f1 3f 48 e1 fa be d7 a3 60 40
0x0000024aa9a7bc10:   a0 3d a7 a9 4a 02 00 00 00 00 00 00 0d 00 00 00 


Stack slot to memory mapping:
stack at sp + 0 slots: 0x00000000679ef50c gdx-box2d64.dll
stack at sp + 1 slots: 0x0000000800057620 is a pointer to class: 
stack at sp + 2 slots: 0x0000024a8bcdb92d is at code_begin+109 in an Interpreter codelet
newarray  188 newarray  [0x0000024a8bcdb8c0, 0x0000024a8bcdb9a0]  224 bytes
stack at sp + 3 slots: 0x000000e6770fee38 is pointing into the stack for thread: 0x0000024a86e0b110
stack at sp + 4 slots: 0x0000024ab30c0530 points into unknown readable memory: 0x0000002600000002 | 02 00 00 00 26 00 00 00
stack at sp + 5 slots: 0x0000000711ffdd90 is an oop: [J 
{0x0000000711ffdd90} - klass: {type array long}
 - length: 128
stack at sp + 6 slots: 0x0000024ab30c0530 points into unknown readable memory: 0x0000002600000002 | 02 00 00 00 26 00 00 00
stack at sp + 7 slots: 0x0000024ab30c4540 points into unknown readable memory: 0x0000024a00000000 | 00 00 00 00 4a 02 00 00


---------------  P R O C E S S  ---------------

Threads class SMR info:
_java_thread_list=0x0000024a86df1ce0, length=13, elements={
0x0000024a86e0b110, 0x0000024aa88613e0, 0x0000024aa88624d0, 0x0000024aa88361b0,
0x0000024aa8836b60, 0x0000024aa8876f80, 0x0000024aa88780d0, 0x0000024aa888f010,
0x0000024aa88920c0, 0x0000024aa88a4c90, 0x0000024aa89fc900, 0x0000024aa8a21410,
0x0000024aa8cd4750
}

Java Threads: ( => current thread )
=>0x0000024a86e0b110 JavaThread "main" [_thread_in_native, id=2304, stack(0x000000e677000000,0x000000e677100000)]
  0x0000024aa88613e0 JavaThread "Reference Handler" daemon [_thread_blocked, id=4716, stack(0x000000e677700000,0x000000e677800000)]
  0x0000024aa88624d0 JavaThread "Finalizer" daemon [_thread_blocked, id=15472, stack(0x000000e677800000,0x000000e677900000)]
  0x0000024aa88361b0 JavaThread "Signal Dispatcher" daemon [_thread_blocked, id=17140, stack(0x000000e677900000,0x000000e677a00000)]
  0x0000024aa8836b60 JavaThread "Attach Listener" daemon [_thread_blocked, id=2164, stack(0x000000e677a00000,0x000000e677b00000)]
  0x0000024aa8876f80 JavaThread "Service Thread" daemon [_thread_blocked, id=18116, stack(0x000000e677b00000,0x000000e677c00000)]
  0x0000024aa88780d0 JavaThread "Monitor Deflation Thread" daemon [_thread_blocked, id=3968, stack(0x000000e677c00000,0x000000e677d00000)]
  0x0000024aa888f010 JavaThread "C2 CompilerThread0" daemon [_thread_blocked, id=9392, stack(0x000000e677d00000,0x000000e677e00000)]
  0x0000024aa88920c0 JavaThread "C1 CompilerThread0" daemon [_thread_blocked, id=6732, stack(0x000000e677e00000,0x000000e677f00000)]
  0x0000024aa88a4c90 JavaThread "Sweeper thread" daemon [_thread_blocked, id=8528, stack(0x000000e677f00000,0x000000e678000000)]
  0x0000024aa89fc900 JavaThread "Notification Thread" daemon [_thread_blocked, id=2680, stack(0x000000e678000000,0x000000e678100000)]
  0x0000024aa8a21410 JavaThread "Common-Cleaner" daemon [_thread_blocked, id=11140, stack(0x000000e678200000,0x000000e678300000)]
  0x0000024aa8cd4750 JavaThread "LWJGL3 Timer" daemon [_thread_blocked, id=16948, stack(0x000000e678d00000,0x000000e678e00000)]

Other Threads:
  0x0000024aa7d515f0 VMThread "VM Thread" [stack: 0x000000e677600000,0x000000e677700000] [id=10600]
  0x0000024a86e91320 WatcherThread [stack: 0x000000e678100000,0x000000e678200000] [id=17884]
  0x0000024a86e75900 GCTaskThread "GC Thread#0" [stack: 0x000000e677100000,0x000000e677200000] [id=11380]
  0x0000024aab1ebc90 GCTaskThread "GC Thread#1" [stack: 0x000000e678c00000,0x000000e678d00000] [id=10244]
  0x0000024aab1ebf40 GCTaskThread "GC Thread#2" [stack: 0x000000e678e00000,0x000000e678f00000] [id=19064]
  0x0000024aab1ec800 GCTaskThread "GC Thread#3" [stack: 0x000000e678f00000,0x000000e679000000] [id=7000]
  0x0000024aab1eccc0 GCTaskThread "GC Thread#4" [stack: 0x000000e679000000,0x000000e679100000] [id=3952]
  0x0000024aab1ecf70 GCTaskThread "GC Thread#5" [stack: 0x000000e679100000,0x000000e679200000] [id=18944]
  0x0000024aab131cc0 GCTaskThread "GC Thread#6" [stack: 0x000000e679200000,0x000000e679300000] [id=17088]
  0x0000024aab772dc0 GCTaskThread "GC Thread#7" [stack: 0x000000e679300000,0x000000e679400000] [id=9048]
  0x0000024aab199c30 GCTaskThread "GC Thread#8" [stack: 0x000000e679400000,0x000000e679500000] [id=10976]
  0x0000024a86e87e30 ConcurrentGCThread "G1 Main Marker" [stack: 0x000000e677200000,0x000000e677300000] [id=12036]
  0x0000024a86e88840 ConcurrentGCThread "G1 Conc#0" [stack: 0x000000e677300000,0x000000e677400000] [id=9516]
  0x0000024a86edec30 ConcurrentGCThread "G1 Refine#0" [stack: 0x000000e677400000,0x000000e677500000] [id=5160]
  0x0000024aa7becc60 ConcurrentGCThread "G1 Service" [stack: 0x000000e677500000,0x000000e677600000] [id=7396]

Threads with active compile tasks:

VM state: not at safepoint (normal execution)

VM Mutex/Monitor currently owned by a thread: None

Heap address: 0x0000000702200000, size: 4062 MB, Compressed Oops mode: Zero based, Oop shift amount: 3

CDS archive(s) not mapped
Compressed class space mapped at: 0x0000000800000000-0x0000000840000000, reserved size: 1073741824
Narrow klass base: 0x0000000800000000, Narrow klass shift: 0, Narrow klass range: 0x40000000

GC Precious Log:
 CPUs: 12 total, 12 available
 Memory: 16243M
 Large Page Support: Disabled
 NUMA Support: Disabled
 Compressed Oops: Enabled (Zero based)
 Heap Region Size: 2M
 Heap Min Capacity: 8M
 Heap Initial Capacity: 254M
 Heap Max Capacity: 4062M
 Pre-touch: Disabled
 Parallel Workers: 10
 Concurrent Workers: 3
 Concurrent Refinement Workers: 10
 Periodic GC: Disabled

Heap:
 garbage-first heap   total 260096K, used 11356K [0x0000000702200000, 0x0000000800000000)
  region size 2048K, 5 young (10240K), 2 survivors (4096K)
 Metaspace       used 13115K, committed 13248K, reserved 1064960K
  class space    used 1023K, committed 1088K, reserved 1048576K

Heap Regions: E=young(eden), S=young(survivor), O=old, HS=humongous(starts), HC=humongous(continues), CS=collection set, F=free, OA=open archive, CA=closed archive, TAMS=top-at-mark-start (previous, next)
|   0|0x0000000702200000, 0x0000000702400000, 0x0000000702400000|100%|HS|  |TAMS 0x0000000702200000, 0x0000000702200000| Complete 
|   1|0x0000000702400000, 0x0000000702600000, 0x0000000702600000|100%|HC|  |TAMS 0x0000000702400000, 0x0000000702400000| Complete 
|   2|0x0000000702600000, 0x0000000702600000, 0x0000000702800000|  0%| F|  |TAMS 0x0000000702600000, 0x0000000702600000| Untracked 
|   3|0x0000000702800000, 0x0000000702800000, 0x0000000702a00000|  0%| F|  |TAMS 0x0000000702800000, 0x0000000702800000| Untracked 
|   4|0x0000000702a00000, 0x0000000702a00000, 0x0000000702c00000|  0%| F|  |TAMS 0x0000000702a00000, 0x0000000702a00000| Untracked 
|   5|0x0000000702c00000, 0x0000000702c00000, 0x0000000702e00000|  0%| F|  |TAMS 0x0000000702c00000, 0x0000000702c00000| Untracked 
|   6|0x0000000702e00000, 0x0000000702e00000, 0x0000000703000000|  0%| F|  |TAMS 0x0000000702e00000, 0x0000000702e00000| Untracked 
|   7|0x0000000703000000, 0x0000000703000000, 0x0000000703200000|  0%| F|  |TAMS 0x0000000703000000, 0x0000000703000000| Untracked 
|   8|0x0000000703200000, 0x0000000703200000, 0x0000000703400000|  0%| F|  |TAMS 0x0000000703200000, 0x0000000703200000| Untracked 
|   9|0x0000000703400000, 0x0000000703400000, 0x0000000703600000|  0%| F|  |TAMS 0x0000000703400000, 0x0000000703400000| Untracked 
|  10|0x0000000703600000, 0x0000000703600000, 0x0000000703800000|  0%| F|  |TAMS 0x0000000703600000, 0x0000000703600000| Untracked 
|  11|0x0000000703800000, 0x0000000703800000, 0x0000000703a00000|  0%| F|  |TAMS 0x0000000703800000, 0x0000000703800000| Untracked 
|  12|0x0000000703a00000, 0x0000000703a00000, 0x0000000703c00000|  0%| F|  |TAMS 0x0000000703a00000, 0x0000000703a00000| Untracked 
|  13|0x0000000703c00000, 0x0000000703c00000, 0x0000000703e00000|  0%| F|  |TAMS 0x0000000703c00000, 0x0000000703c00000| Untracked 
|  14|0x0000000703e00000, 0x0000000703e00000, 0x0000000704000000|  0%| F|  |TAMS 0x0000000703e00000, 0x0000000703e00000| Untracked 
|  15|0x0000000704000000, 0x0000000704000000, 0x0000000704200000|  0%| F|  |TAMS 0x0000000704000000, 0x0000000704000000| Untracked 
|  16|0x0000000704200000, 0x0000000704200000, 0x0000000704400000|  0%| F|  |TAMS 0x0000000704200000, 0x0000000704200000| Untracked 
|  17|0x0000000704400000, 0x0000000704400000, 0x0000000704600000|  0%| F|  |TAMS 0x0000000704400000, 0x0000000704400000| Untracked 
|  18|0x0000000704600000, 0x0000000704600000, 0x0000000704800000|  0%| F|  |TAMS 0x0000000704600000, 0x0000000704600000| Untracked 
|  19|0x0000000704800000, 0x0000000704800000, 0x0000000704a00000|  0%| F|  |TAMS 0x0000000704800000, 0x0000000704800000| Untracked 
|  20|0x0000000704a00000, 0x0000000704a00000, 0x0000000704c00000|  0%| F|  |TAMS 0x0000000704a00000, 0x0000000704a00000| Untracked 
|  21|0x0000000704c00000, 0x0000000704c00000, 0x0000000704e00000|  0%| F|  |TAMS 0x0000000704c00000, 0x0000000704c00000| Untracked 
|  22|0x0000000704e00000, 0x0000000704e00000, 0x0000000705000000|  0%| F|  |TAMS 0x0000000704e00000, 0x0000000704e00000| Untracked 
|  23|0x0000000705000000, 0x0000000705000000, 0x0000000705200000|  0%| F|  |TAMS 0x0000000705000000, 0x0000000705000000| Untracked 
|  24|0x0000000705200000, 0x0000000705200000, 0x0000000705400000|  0%| F|  |TAMS 0x0000000705200000, 0x0000000705200000| Untracked 
|  25|0x0000000705400000, 0x0000000705400000, 0x0000000705600000|  0%| F|  |TAMS 0x0000000705400000, 0x0000000705400000| Untracked 
|  26|0x0000000705600000, 0x0000000705600000, 0x0000000705800000|  0%| F|  |TAMS 0x0000000705600000, 0x0000000705600000| Untracked 
|  27|0x0000000705800000, 0x0000000705800000, 0x0000000705a00000|  0%| F|  |TAMS 0x0000000705800000, 0x0000000705800000| Untracked 
|  28|0x0000000705a00000, 0x0000000705a00000, 0x0000000705c00000|  0%| F|  |TAMS 0x0000000705a00000, 0x0000000705a00000| Untracked 
|  29|0x0000000705c00000, 0x0000000705c00000, 0x0000000705e00000|  0%| F|  |TAMS 0x0000000705c00000, 0x0000000705c00000| Untracked 
|  30|0x0000000705e00000, 0x0000000705e00000, 0x0000000706000000|  0%| F|  |TAMS 0x0000000705e00000, 0x0000000705e00000| Untracked 
|  31|0x0000000706000000, 0x0000000706000000, 0x0000000706200000|  0%| F|  |TAMS 0x0000000706000000, 0x0000000706000000| Untracked 
|  32|0x0000000706200000, 0x0000000706200000, 0x0000000706400000|  0%| F|  |TAMS 0x0000000706200000, 0x0000000706200000| Untracked 
|  33|0x0000000706400000, 0x0000000706400000, 0x0000000706600000|  0%| F|  |TAMS 0x0000000706400000, 0x0000000706400000| Untracked 
|  34|0x0000000706600000, 0x0000000706600000, 0x0000000706800000|  0%| F|  |TAMS 0x0000000706600000, 0x0000000706600000| Untracked 
|  35|0x0000000706800000, 0x0000000706800000, 0x0000000706a00000|  0%| F|  |TAMS 0x0000000706800000, 0x0000000706800000| Untracked 
|  36|0x0000000706a00000, 0x0000000706a00000, 0x0000000706c00000|  0%| F|  |TAMS 0x0000000706a00000, 0x0000000706a00000| Untracked 
|  37|0x0000000706c00000, 0x0000000706c00000, 0x0000000706e00000|  0%| F|  |TAMS 0x0000000706c00000, 0x0000000706c00000| Untracked 
|  38|0x0000000706e00000, 0x0000000706e00000, 0x0000000707000000|  0%| F|  |TAMS 0x0000000706e00000, 0x0000000706e00000| Untracked 
|  39|0x0000000707000000, 0x0000000707000000, 0x0000000707200000|  0%| F|  |TAMS 0x0000000707000000, 0x0000000707000000| Untracked 
|  40|0x0000000707200000, 0x0000000707200000, 0x0000000707400000|  0%| F|  |TAMS 0x0000000707200000, 0x0000000707200000| Untracked 
|  41|0x0000000707400000, 0x0000000707400000, 0x0000000707600000|  0%| F|  |TAMS 0x0000000707400000, 0x0000000707400000| Untracked 
|  42|0x0000000707600000, 0x0000000707600000, 0x0000000707800000|  0%| F|  |TAMS 0x0000000707600000, 0x0000000707600000| Untracked 
|  43|0x0000000707800000, 0x0000000707800000, 0x0000000707a00000|  0%| F|  |TAMS 0x0000000707800000, 0x0000000707800000| Untracked 
|  44|0x0000000707a00000, 0x0000000707a00000, 0x0000000707c00000|  0%| F|  |TAMS 0x0000000707a00000, 0x0000000707a00000| Untracked 
|  45|0x0000000707c00000, 0x0000000707c00000, 0x0000000707e00000|  0%| F|  |TAMS 0x0000000707c00000, 0x0000000707c00000| Untracked 
|  46|0x0000000707e00000, 0x0000000707e00000, 0x0000000708000000|  0%| F|  |TAMS 0x0000000707e00000, 0x0000000707e00000| Untracked 
|  47|0x0000000708000000, 0x0000000708000000, 0x0000000708200000|  0%| F|  |TAMS 0x0000000708000000, 0x0000000708000000| Untracked 
|  48|0x0000000708200000, 0x0000000708200000, 0x0000000708400000|  0%| F|  |TAMS 0x0000000708200000, 0x0000000708200000| Untracked 
|  49|0x0000000708400000, 0x0000000708400000, 0x0000000708600000|  0%| F|  |TAMS 0x0000000708400000, 0x0000000708400000| Untracked 
|  50|0x0000000708600000, 0x0000000708600000, 0x0000000708800000|  0%| F|  |TAMS 0x0000000708600000, 0x0000000708600000| Untracked 
|  51|0x0000000708800000, 0x0000000708800000, 0x0000000708a00000|  0%| F|  |TAMS 0x0000000708800000, 0x0000000708800000| Untracked 
|  52|0x0000000708a00000, 0x0000000708a00000, 0x0000000708c00000|  0%| F|  |TAMS 0x0000000708a00000, 0x0000000708a00000| Untracked 
|  53|0x0000000708c00000, 0x0000000708c00000, 0x0000000708e00000|  0%| F|  |TAMS 0x0000000708c00000, 0x0000000708c00000| Untracked 
|  54|0x0000000708e00000, 0x0000000708e00000, 0x0000000709000000|  0%| F|  |TAMS 0x0000000708e00000, 0x0000000708e00000| Untracked 
|  55|0x0000000709000000, 0x0000000709000000, 0x0000000709200000|  0%| F|  |TAMS 0x0000000709000000, 0x0000000709000000| Untracked 
|  56|0x0000000709200000, 0x0000000709200000, 0x0000000709400000|  0%| F|  |TAMS 0x0000000709200000, 0x0000000709200000| Untracked 
|  57|0x0000000709400000, 0x0000000709400000, 0x0000000709600000|  0%| F|  |TAMS 0x0000000709400000, 0x0000000709400000| Untracked 
|  58|0x0000000709600000, 0x0000000709600000, 0x0000000709800000|  0%| F|  |TAMS 0x0000000709600000, 0x0000000709600000| Untracked 
|  59|0x0000000709800000, 0x0000000709800000, 0x0000000709a00000|  0%| F|  |TAMS 0x0000000709800000, 0x0000000709800000| Untracked 
|  60|0x0000000709a00000, 0x0000000709a00000, 0x0000000709c00000|  0%| F|  |TAMS 0x0000000709a00000, 0x0000000709a00000| Untracked 
|  61|0x0000000709c00000, 0x0000000709c00000, 0x0000000709e00000|  0%| F|  |TAMS 0x0000000709c00000, 0x0000000709c00000| Untracked 
|  62|0x0000000709e00000, 0x0000000709e00000, 0x000000070a000000|  0%| F|  |TAMS 0x0000000709e00000, 0x0000000709e00000| Untracked 
|  63|0x000000070a000000, 0x000000070a000000, 0x000000070a200000|  0%| F|  |TAMS 0x000000070a000000, 0x000000070a000000| Untracked 
|  64|0x000000070a200000, 0x000000070a200000, 0x000000070a400000|  0%| F|  |TAMS 0x000000070a200000, 0x000000070a200000| Untracked 
|  65|0x000000070a400000, 0x000000070a400000, 0x000000070a600000|  0%| F|  |TAMS 0x000000070a400000, 0x000000070a400000| Untracked 
|  66|0x000000070a600000, 0x000000070a600000, 0x000000070a800000|  0%| F|  |TAMS 0x000000070a600000, 0x000000070a600000| Untracked 
|  67|0x000000070a800000, 0x000000070a800000, 0x000000070aa00000|  0%| F|  |TAMS 0x000000070a800000, 0x000000070a800000| Untracked 
|  68|0x000000070aa00000, 0x000000070aa00000, 0x000000070ac00000|  0%| F|  |TAMS 0x000000070aa00000, 0x000000070aa00000| Untracked 
|  69|0x000000070ac00000, 0x000000070ac00000, 0x000000070ae00000|  0%| F|  |TAMS 0x000000070ac00000, 0x000000070ac00000| Untracked 
|  70|0x000000070ae00000, 0x000000070ae00000, 0x000000070b000000|  0%| F|  |TAMS 0x000000070ae00000, 0x000000070ae00000| Untracked 
|  71|0x000000070b000000, 0x000000070b000000, 0x000000070b200000|  0%| F|  |TAMS 0x000000070b000000, 0x000000070b000000| Untracked 
|  72|0x000000070b200000, 0x000000070b200000, 0x000000070b400000|  0%| F|  |TAMS 0x000000070b200000, 0x000000070b200000| Untracked 
|  73|0x000000070b400000, 0x000000070b400000, 0x000000070b600000|  0%| F|  |TAMS 0x000000070b400000, 0x000000070b400000| Untracked 
|  74|0x000000070b600000, 0x000000070b600000, 0x000000070b800000|  0%| F|  |TAMS 0x000000070b600000, 0x000000070b600000| Untracked 
|  75|0x000000070b800000, 0x000000070b800000, 0x000000070ba00000|  0%| F|  |TAMS 0x000000070b800000, 0x000000070b800000| Untracked 
|  76|0x000000070ba00000, 0x000000070ba00000, 0x000000070bc00000|  0%| F|  |TAMS 0x000000070ba00000, 0x000000070ba00000| Untracked 
|  77|0x000000070bc00000, 0x000000070bc00000, 0x000000070be00000|  0%| F|  |TAMS 0x000000070bc00000, 0x000000070bc00000| Untracked 
|  78|0x000000070be00000, 0x000000070be00000, 0x000000070c000000|  0%| F|  |TAMS 0x000000070be00000, 0x000000070be00000| Untracked 
|  79|0x000000070c000000, 0x000000070c000000, 0x000000070c200000|  0%| F|  |TAMS 0x000000070c000000, 0x000000070c000000| Untracked 
|  80|0x000000070c200000, 0x000000070c200000, 0x000000070c400000|  0%| F|  |TAMS 0x000000070c200000, 0x000000070c200000| Untracked 
|  81|0x000000070c400000, 0x000000070c400000, 0x000000070c600000|  0%| F|  |TAMS 0x000000070c400000, 0x000000070c400000| Untracked 
|  82|0x000000070c600000, 0x000000070c600000, 0x000000070c800000|  0%| F|  |TAMS 0x000000070c600000, 0x000000070c600000| Untracked 
|  83|0x000000070c800000, 0x000000070c800000, 0x000000070ca00000|  0%| F|  |TAMS 0x000000070c800000, 0x000000070c800000| Untracked 
|  84|0x000000070ca00000, 0x000000070ca00000, 0x000000070cc00000|  0%| F|  |TAMS 0x000000070ca00000, 0x000000070ca00000| Untracked 
|  85|0x000000070cc00000, 0x000000070cc00000, 0x000000070ce00000|  0%| F|  |TAMS 0x000000070cc00000, 0x000000070cc00000| Untracked 
|  86|0x000000070ce00000, 0x000000070ce00000, 0x000000070d000000|  0%| F|  |TAMS 0x000000070ce00000, 0x000000070ce00000| Untracked 
|  87|0x000000070d000000, 0x000000070d000000, 0x000000070d200000|  0%| F|  |TAMS 0x000000070d000000, 0x000000070d000000| Untracked 
|  88|0x000000070d200000, 0x000000070d200000, 0x000000070d400000|  0%| F|  |TAMS 0x000000070d200000, 0x000000070d200000| Untracked 
|  89|0x000000070d400000, 0x000000070d400000, 0x000000070d600000|  0%| F|  |TAMS 0x000000070d400000, 0x000000070d400000| Untracked 
|  90|0x000000070d600000, 0x000000070d600000, 0x000000070d800000|  0%| F|  |TAMS 0x000000070d600000, 0x000000070d600000| Untracked 
|  91|0x000000070d800000, 0x000000070d800000, 0x000000070da00000|  0%| F|  |TAMS 0x000000070d800000, 0x000000070d800000| Untracked 
|  92|0x000000070da00000, 0x000000070da00000, 0x000000070dc00000|  0%| F|  |TAMS 0x000000070da00000, 0x000000070da00000| Untracked 
|  93|0x000000070dc00000, 0x000000070dc00000, 0x000000070de00000|  0%| F|  |TAMS 0x000000070dc00000, 0x000000070dc00000| Untracked 
|  94|0x000000070de00000, 0x000000070de00000, 0x000000070e000000|  0%| F|  |TAMS 0x000000070de00000, 0x000000070de00000| Untracked 
|  95|0x000000070e000000, 0x000000070e000000, 0x000000070e200000|  0%| F|  |TAMS 0x000000070e000000, 0x000000070e000000| Untracked 
|  96|0x000000070e200000, 0x000000070e200000, 0x000000070e400000|  0%| F|  |TAMS 0x000000070e200000, 0x000000070e200000| Untracked 
|  97|0x000000070e400000, 0x000000070e400000, 0x000000070e600000|  0%| F|  |TAMS 0x000000070e400000, 0x000000070e400000| Untracked 
|  98|0x000000070e600000, 0x000000070e600000, 0x000000070e800000|  0%| F|  |TAMS 0x000000070e600000, 0x000000070e600000| Untracked 
|  99|0x000000070e800000, 0x000000070e800000, 0x000000070ea00000|  0%| F|  |TAMS 0x000000070e800000, 0x000000070e800000| Untracked 
| 100|0x000000070ea00000, 0x000000070ea00000, 0x000000070ec00000|  0%| F|  |TAMS 0x000000070ea00000, 0x000000070ea00000| Untracked 
| 101|0x000000070ec00000, 0x000000070ec00000, 0x000000070ee00000|  0%| F|  |TAMS 0x000000070ec00000, 0x000000070ec00000| Untracked 
| 102|0x000000070ee00000, 0x000000070ee00000, 0x000000070f000000|  0%| F|  |TAMS 0x000000070ee00000, 0x000000070ee00000| Untracked 
| 103|0x000000070f000000, 0x000000070f000000, 0x000000070f200000|  0%| F|  |TAMS 0x000000070f000000, 0x000000070f000000| Untracked 
| 104|0x000000070f200000, 0x000000070f200000, 0x000000070f400000|  0%| F|  |TAMS 0x000000070f200000, 0x000000070f200000| Untracked 
| 105|0x000000070f400000, 0x000000070f400000, 0x000000070f600000|  0%| F|  |TAMS 0x000000070f400000, 0x000000070f400000| Untracked 
| 106|0x000000070f600000, 0x000000070f600000, 0x000000070f800000|  0%| F|  |TAMS 0x000000070f600000, 0x000000070f600000| Untracked 
| 107|0x000000070f800000, 0x000000070f800000, 0x000000070fa00000|  0%| F|  |TAMS 0x000000070f800000, 0x000000070f800000| Untracked 
| 108|0x000000070fa00000, 0x000000070fa00000, 0x000000070fc00000|  0%| F|  |TAMS 0x000000070fa00000, 0x000000070fa00000| Untracked 
| 109|0x000000070fc00000, 0x000000070fc00000, 0x000000070fe00000|  0%| F|  |TAMS 0x000000070fc00000, 0x000000070fc00000| Untracked 
| 110|0x000000070fe00000, 0x000000070fe00000, 0x0000000710000000|  0%| F|  |TAMS 0x000000070fe00000, 0x000000070fe00000| Untracked 
| 111|0x0000000710000000, 0x0000000710000000, 0x0000000710200000|  0%| F|  |TAMS 0x0000000710000000, 0x0000000710000000| Untracked 
| 112|0x0000000710200000, 0x0000000710200000, 0x0000000710400000|  0%| F|  |TAMS 0x0000000710200000, 0x0000000710200000| Untracked 
| 113|0x0000000710400000, 0x0000000710400000, 0x0000000710600000|  0%| F|  |TAMS 0x0000000710400000, 0x0000000710400000| Untracked 
| 114|0x0000000710600000, 0x0000000710717308, 0x0000000710800000| 54%| S|CS|TAMS 0x0000000710600000, 0x0000000710600000| Complete 
| 115|0x0000000710800000, 0x0000000710a00000, 0x0000000710a00000|100%| S|CS|TAMS 0x0000000710800000, 0x0000000710800000| Complete 
| 116|0x0000000710a00000, 0x0000000710a00000, 0x0000000710c00000|  0%| F|  |TAMS 0x0000000710a00000, 0x0000000710a00000| Untracked 
| 117|0x0000000710c00000, 0x0000000710c00000, 0x0000000710e00000|  0%| F|  |TAMS 0x0000000710c00000, 0x0000000710c00000| Untracked 
| 118|0x0000000710e00000, 0x0000000710e00000, 0x0000000711000000|  0%| F|  |TAMS 0x0000000710e00000, 0x0000000710e00000| Untracked 
| 119|0x0000000711000000, 0x0000000711000000, 0x0000000711200000|  0%| F|  |TAMS 0x0000000711000000, 0x0000000711000000| Untracked 
| 120|0x0000000711200000, 0x0000000711200000, 0x0000000711400000|  0%| F|  |TAMS 0x0000000711200000, 0x0000000711200000| Untracked 
| 121|0x0000000711400000, 0x0000000711400000, 0x0000000711600000|  0%| F|  |TAMS 0x0000000711400000, 0x0000000711400000| Untracked 
| 122|0x0000000711600000, 0x0000000711600000, 0x0000000711800000|  0%| F|  |TAMS 0x0000000711600000, 0x0000000711600000| Untracked 
| 123|0x0000000711800000, 0x0000000711800000, 0x0000000711a00000|  0%| F|  |TAMS 0x0000000711800000, 0x0000000711800000| Untracked 
| 124|0x0000000711a00000, 0x0000000711a9b9b0, 0x0000000711c00000| 30%| E|  |TAMS 0x0000000711a00000, 0x0000000711a00000| Complete 
| 125|0x0000000711c00000, 0x0000000711e00000, 0x0000000711e00000|100%| E|CS|TAMS 0x0000000711c00000, 0x0000000711c00000| Complete 
| 126|0x0000000711e00000, 0x0000000712000000, 0x0000000712000000|100%| E|CS|TAMS 0x0000000711e00000, 0x0000000711e00000| Complete 

Card table byte_map: [0x0000024a9c150000,0x0000024a9c940000] _byte_map_base: 0x0000024a9893f000

Marking Bits (Prev, Next): (CMBitMap*) 0x0000024a86e76f20, (CMBitMap*) 0x0000024a86e76f60
 Prev Bits: [0x0000024a9d130000, 0x0000024aa10a8000)
 Next Bits: [0x0000024aa10b0000, 0x0000024aa5028000)

Polling page: 0x0000024a86ee0000

Metaspace:

Usage:
  Non-class:     11.81 MB used.
      Class:   1023.52 KB used.
       Both:     12.81 MB used.

Virtual space:
  Non-class space:       16.00 MB reserved,      11.88 MB ( 74%) committed,  2 nodes.
      Class space:        1.00 GB reserved,       1.06 MB ( <1%) committed,  1 nodes.
             Both:        1.02 GB reserved,      12.94 MB (  1%) committed. 

Chunk freelists:
   Non-Class:  144.00 KB
       Class:  2.97 MB
        Both:  3.11 MB

MaxMetaspaceSize: unlimited
CompressedClassSpaceSize: 1.00 GB
Initial GC threshold: 21.00 MB
Current GC threshold: 21.00 MB
CDS: off
MetaspaceReclaimPolicy: balanced
 - commit_granule_bytes: 65536.
 - commit_granule_words: 8192.
 - virtual_space_node_default_size: 1048576.
 - enlarge_chunks_in_place: 1.
 - new_chunks_are_fully_committed: 0.
 - uncommit_free_chunks: 1.
 - use_allocation_guard: 0.
 - handle_deallocations: 1.


Internal statistics:

num_allocs_failed_limit: 0.
num_arena_births: 66.
num_arena_deaths: 0.
num_vsnodes_births: 3.
num_vsnodes_deaths: 0.
num_space_committed: 205.
num_space_uncommitted: 0.
num_chunks_returned_to_freelist: 0.
num_chunks_taken_from_freelist: 250.
num_chunk_merges: 0.
num_chunk_splits: 176.
num_chunks_enlarged: 146.
num_purges: 0.
num_inconsistent_stats: 0.

CodeHeap 'non-profiled nmethods': size=120000Kb used=585Kb max_used=585Kb free=119414Kb
 bounds [0x0000024a93790000, 0x0000024a93a00000, 0x0000024a9acc0000]
CodeHeap 'profiled nmethods': size=120000Kb used=2520Kb max_used=2520Kb free=117480Kb
 bounds [0x0000024a8c260000, 0x0000024a8c4e0000, 0x0000024a93790000]
CodeHeap 'non-nmethods': size=5760Kb used=1628Kb max_used=1658Kb free=4131Kb
 bounds [0x0000024a8bcc0000, 0x0000024a8bf30000, 0x0000024a8c260000]
 total_blobs=2519 nmethods=1452 adapters=980
 compilation: enabled
              stopped_count=0, restarted_count=0
 full_count=0

Compilation events (20 events):
Event: 7.486 Thread 0x0000024aa88920c0 1443       3       java.io.FileDescriptor::<init> (17 bytes)
Event: 7.486 Thread 0x0000024aa88920c0 nmethod 1443 0x0000024a8c4d2990 code [0x0000024a8c4d2b20, 0x0000024a8c4d2c98]
Event: 7.486 Thread 0x0000024aa88920c0 1444       3       java.io.FileCleanable::register (49 bytes)
Event: 7.486 Thread 0x0000024aa88920c0 nmethod 1444 0x0000024a8c4d2d90 code [0x0000024a8c4d2fa0, 0x0000024a8c4d37f8]
Event: 7.486 Thread 0x0000024aa88920c0 1445       3       java.io.FileDescriptor$1::get (5 bytes)
Event: 7.486 Thread 0x0000024aa88920c0 nmethod 1445 0x0000024a8c4d3b10 code [0x0000024a8c4d3ca0, 0x0000024a8c4d3db8]
Event: 7.486 Thread 0x0000024aa88920c0 1446       3       java.io.FileDescriptor$1::getHandle (5 bytes)
Event: 7.486 Thread 0x0000024aa88920c0 nmethod 1446 0x0000024a8c4d3e90 code [0x0000024a8c4d4020, 0x0000024a8c4d4138]
Event: 7.544 Thread 0x0000024aa88920c0 1447  s    3       java.io.FileDescriptor::attach (73 bytes)
Event: 7.544 Thread 0x0000024aa88920c0 nmethod 1447 0x0000024a8c4d4210 code [0x0000024a8c4d4440, 0x0000024a8c4d4f68]
Event: 7.551 Thread 0x0000024aa888f010 1448       4       java.io.WinNTFileSystem::normalize (143 bytes)
Event: 7.562 Thread 0x0000024aa88920c0 1449       3       java.nio.ByteBuffer::limit (6 bytes)
Event: 7.562 Thread 0x0000024aa88920c0 nmethod 1449 0x0000024a8c4d5290 code [0x0000024a8c4d5440, 0x0000024a8c4d5608]
Event: 7.571 Thread 0x0000024aa888f010 nmethod 1448 0x0000024a9381e790 code [0x0000024a9381ea40, 0x0000024a93820e38]
Event: 7.571 Thread 0x0000024aa888f010 1450       4       java.lang.StringBuilder::<init> (7 bytes)
Event: 7.572 Thread 0x0000024aa88920c0 1451       3       java.lang.Float::parseFloat (5 bytes)
Event: 7.572 Thread 0x0000024aa88920c0 nmethod 1451 0x0000024a8c4d5690 code [0x0000024a8c4d5840, 0x0000024a8c4d5a78]
Event: 7.572 Thread 0x0000024aa88920c0 1452       3       jdk.internal.math.FloatingDecimal::parseFloat (10 bytes)
Event: 7.572 Thread 0x0000024aa88920c0 nmethod 1452 0x0000024a8c4d5b90 code [0x0000024a8c4d5d40, 0x0000024a8c4d5f18]
Event: 7.573 Thread 0x0000024aa888f010 nmethod 1450 0x0000024a93822090 code [0x0000024a93822220, 0x0000024a938223f8]

GC Heap History (2 events):
Event: 2.040 GC heap before
{Heap before GC invocations=0 (full 0):
 garbage-first heap   total 260096K, used 26624K [0x0000000702200000, 0x0000000800000000)
  region size 2048K, 11 young (22528K), 0 survivors (0K)
 Metaspace       used 12822K, committed 12992K, reserved 1064960K
  class space    used 1018K, committed 1088K, reserved 1048576K
}
Event: 2.043 GC heap after
{Heap after GC invocations=1 (full 0):
 garbage-first heap   total 260096K, used 3164K [0x0000000702200000, 0x0000000800000000)
  region size 2048K, 2 young (4096K), 2 survivors (4096K)
 Metaspace       used 12822K, committed 12992K, reserved 1064960K
  class space    used 1018K, committed 1088K, reserved 1048576K
}

Deoptimization events (20 events):
Event: 0.723 Thread 0x0000024a86e0b110 Uncommon trap: trap_request=0xffffff45 fr.pc=0x0000024a937d3054 relative=0x00000000000000b4
Event: 0.723 Thread 0x0000024a86e0b110 Uncommon trap: reason=unstable_if action=reinterpret pc=0x0000024a937d3054 method=sun.net.www.ParseUtil.match(CJJ)Z @ 13 c2
Event: 0.723 Thread 0x0000024a86e0b110 DEOPT PACKING pc=0x0000024a937d3054 sp=0x000000e6770fe040
Event: 0.723 Thread 0x0000024a86e0b110 DEOPT UNPACKING pc=0x0000024a8bd123a3 sp=0x000000e6770fdf50 mode 2
Event: 1.027 Thread 0x0000024a86e0b110 DEOPT PACKING pc=0x0000024a8c3e3dfe sp=0x000000e6770ff210
Event: 1.027 Thread 0x0000024a86e0b110 DEOPT UNPACKING pc=0x0000024a8bd12b43 sp=0x000000e6770fe758 mode 0
Event: 1.036 Thread 0x0000024a86e0b110 DEOPT PACKING pc=0x0000024a8c3e3dfe sp=0x000000e6770ff210
Event: 1.036 Thread 0x0000024a86e0b110 DEOPT UNPACKING pc=0x0000024a8bd12b43 sp=0x000000e6770fe758 mode 0
Event: 1.615 Thread 0x0000024a86e0b110 Uncommon trap: trap_request=0xffffff45 fr.pc=0x0000024a937c8fe4 relative=0x0000000000000104
Event: 1.615 Thread 0x0000024a86e0b110 Uncommon trap: reason=unstable_if action=reinterpret pc=0x0000024a937c8fe4 method=java.io.WinNTFileSystem.normalize(Ljava/lang/String;)Ljava/lang/String; @ 74 c2
Event: 1.615 Thread 0x0000024a86e0b110 DEOPT PACKING pc=0x0000024a937c8fe4 sp=0x000000e6770fee70
Event: 1.615 Thread 0x0000024a86e0b110 DEOPT UNPACKING pc=0x0000024a8bd123a3 sp=0x000000e6770fee48 mode 2
Event: 5.406 Thread 0x0000024a86e0b110 Uncommon trap: trap_request=0xffffff45 fr.pc=0x0000024a937f8d58 relative=0x0000000000000058
Event: 5.406 Thread 0x0000024a86e0b110 Uncommon trap: reason=unstable_if action=reinterpret pc=0x0000024a937f8d58 method=java.nio.Buffer.remaining()I @ 11 c2
Event: 5.406 Thread 0x0000024a86e0b110 DEOPT PACKING pc=0x0000024a937f8d58 sp=0x000000e6770fed70
Event: 5.406 Thread 0x0000024a86e0b110 DEOPT UNPACKING pc=0x0000024a8bd123a3 sp=0x000000e6770fed08 mode 2
Event: 5.426 Thread 0x0000024a86e0b110 Uncommon trap: trap_request=0xffffffd6 fr.pc=0x0000024a937e9d34 relative=0x00000000000001f4
Event: 5.426 Thread 0x0000024a86e0b110 Uncommon trap: reason=array_check action=maybe_recompile pc=0x0000024a937e9d34 method=com.badlogic.gdx.utils.Array.add(Ljava/lang/Object;)V @ 46 c2
Event: 5.426 Thread 0x0000024a86e0b110 DEOPT PACKING pc=0x0000024a937e9d34 sp=0x000000e6770feff0
Event: 5.426 Thread 0x0000024a86e0b110 DEOPT UNPACKING pc=0x0000024a8bd123a3 sp=0x000000e6770fef98 mode 2

Classes unloaded (0 events):
No events

Classes redefined (0 events):
No events

Internal exceptions (20 events):
Event: 0.248 Thread 0x0000024a86e0b110 Exception <a 'java/lang/NoSuchMethodError'{0x00000007118c69f0}: 'int java.lang.invoke.DirectMethodHandle$Holder.invokeSpecial(java.lang.Object, java.lang.Object, java.lang.Object)'> (0x00000007118c69f0) 
thrown [s\src\hotspot\share\interpreter\linkResolver.cpp, line 759]
Event: 0.271 Thread 0x0000024a86e0b110 Exception <a 'sun/nio/fs/WindowsException'{0x0000000711969760}> (0x0000000711969760) 
thrown [s\src\hotspot\share\prims\jni.cpp, line 516]
Event: 0.271 Thread 0x0000024a86e0b110 Exception <a 'sun/nio/fs/WindowsException'{0x0000000711969cb0}> (0x0000000711969cb0) 
thrown [s\src\hotspot\share\prims\jni.cpp, line 516]
Event: 0.281 Thread 0x0000024a86e0b110 Exception <a 'java/lang/NoSuchMethodError'{0x00000007119ad708}: 'int java.lang.invoke.DirectMethodHandle$Holder.invokeStaticInit(java.lang.Object, java.lang.Object, int, long)'> (0x00000007119ad708) 
thrown [s\src\hotspot\share\interpreter\linkResolver.cpp, line 759]
Event: 0.282 Thread 0x0000024a86e0b110 Exception <a 'java/lang/NoSuchMethodError'{0x00000007119b2fd0}: 'java.lang.Object java.lang.invoke.DirectMethodHandle$Holder.newInvokeSpecial(java.lang.Object, java.lang.Object, int)'> (0x00000007119b2fd0) 
thrown [s\src\hotspot\share\interpreter\linkResolver.cpp, line 759]
Event: 0.283 Thread 0x0000024a86e0b110 Exception <a 'java/lang/NoSuchMethodError'{0x00000007119c8138}: 'int java.lang.invoke.DirectMethodHandle$Holder.invokeStaticInit(java.lang.Object, java.lang.Object, long, long)'> (0x00000007119c8138) 
thrown [s\src\hotspot\share\interpreter\linkResolver.cpp, line 759]
Event: 0.284 Thread 0x0000024a86e0b110 Exception <a 'java/lang/NoSuchMethodError'{0x00000007119ce248}: 'java.lang.Object java.lang.invoke.DirectMethodHandle$Holder.newInvokeSpecial(java.lang.Object, java.lang.Object, long)'> (0x00000007119ce248) 
thrown [s\src\hotspot\share\interpreter\linkResolver.cpp, line 759]
Event: 0.284 Thread 0x0000024a86e0b110 Exception <a 'java/lang/NoSuchMethodError'{0x00000007119d2290}: 'java.lang.Object java.lang.invoke.Invokers$Holder.linkToTargetMethod(java.lang.Object, long, java.lang.Object)'> (0x00000007119d2290) 
thrown [s\src\hotspot\share\interpreter\linkResolver.cpp, line 759]
Event: 0.285 Thread 0x0000024a86e0b110 Exception <a 'java/lang/NoSuchMethodError'{0x00000007119d99a8}: 'int java.lang.invoke.DirectMethodHandle$Holder.invokeStaticInit(java.lang.Object, java.lang.Object, java.lang.Object, long)'> (0x00000007119d99a8) 
thrown [s\src\hotspot\share\interpreter\linkResolver.cpp, line 759]
Event: 0.302 Thread 0x0000024a86e0b110 Exception <a 'sun/nio/fs/WindowsException'{0x0000000711696f00}> (0x0000000711696f00) 
thrown [s\src\hotspot\share\prims\jni.cpp, line 516]
Event: 0.302 Thread 0x0000024a86e0b110 Exception <a 'sun/nio/fs/WindowsException'{0x0000000711697290}> (0x0000000711697290) 
thrown [s\src\hotspot\share\prims\jni.cpp, line 516]
Event: 0.320 Thread 0x0000024a86e0b110 Exception <a 'sun/nio/fs/WindowsException'{0x000000071175b0e8}> (0x000000071175b0e8) 
thrown [s\src\hotspot\share\prims\jni.cpp, line 516]
Event: 0.320 Thread 0x0000024a86e0b110 Exception <a 'sun/nio/fs/WindowsException'{0x000000071175b448}> (0x000000071175b448) 
thrown [s\src\hotspot\share\prims\jni.cpp, line 516]
Event: 0.353 Thread 0x0000024a86e0b110 Exception <a 'sun/nio/fs/WindowsException'{0x00000007117f72f0}> (0x00000007117f72f0) 
thrown [s\src\hotspot\share\prims\jni.cpp, line 516]
Event: 0.353 Thread 0x0000024a86e0b110 Exception <a 'sun/nio/fs/WindowsException'{0x00000007117f7670}> (0x00000007117f7670) 
thrown [s\src\hotspot\share\prims\jni.cpp, line 516]
Event: 0.385 Thread 0x0000024a86e0b110 Exception <a 'java/lang/NoSuchMethodError'{0x00000007114464f8}: 'java.lang.Object java.lang.invoke.DirectMethodHandle$Holder.newInvokeSpecial(java.lang.Object, long)'> (0x00000007114464f8) 
thrown [s\src\hotspot\share\interpreter\linkResolver.cpp, line 759]
Event: 0.525 Thread 0x0000024a86e0b110 Exception <a 'sun/nio/fs/WindowsException'{0x0000000711582e98}> (0x0000000711582e98) 
thrown [s\src\hotspot\share\prims\jni.cpp, line 516]
Event: 0.525 Thread 0x0000024a86e0b110 Exception <a 'sun/nio/fs/WindowsException'{0x0000000711583240}> (0x0000000711583240) 
thrown [s\src\hotspot\share\prims\jni.cpp, line 516]
Event: 0.529 Thread 0x0000024a86e0b110 Exception <a 'sun/nio/fs/WindowsException'{0x00000007115935a8}> (0x00000007115935a8) 
thrown [s\src\hotspot\share\prims\jni.cpp, line 516]
Event: 0.529 Thread 0x0000024a86e0b110 Exception <a 'sun/nio/fs/WindowsException'{0x0000000711593888}> (0x0000000711593888) 
thrown [s\src\hotspot\share\prims\jni.cpp, line 516]

VM Operations (20 events):
Event: 0.133 Executing VM operation: HandshakeAllThreads
Event: 0.133 Executing VM operation: HandshakeAllThreads done
Event: 0.201 Executing VM operation: HandshakeAllThreads
Event: 0.201 Executing VM operation: HandshakeAllThreads done
Event: 0.246 Executing VM operation: HandshakeAllThreads
Event: 0.246 Executing VM operation: HandshakeAllThreads done
Event: 0.591 Executing VM operation: HandshakeAllThreads
Event: 0.592 Executing VM operation: HandshakeAllThreads done
Event: 1.487 Executing VM operation: HandshakeAllThreads
Event: 1.487 Executing VM operation: HandshakeAllThreads done
Event: 1.487 Executing VM operation: Cleanup
Event: 1.487 Executing VM operation: Cleanup done
Event: 2.040 Executing VM operation: G1CollectForAllocation
Event: 2.043 Executing VM operation: G1CollectForAllocation done
Event: 3.043 Executing VM operation: Cleanup
Event: 3.043 Executing VM operation: Cleanup done
Event: 5.044 Executing VM operation: Cleanup
Event: 5.044 Executing VM operation: Cleanup done
Event: 6.044 Executing VM operation: Cleanup
Event: 6.044 Executing VM operation: Cleanup done

Events (20 events):
Event: 0.920 Thread 0x0000024aab08fd90 Thread exited: 0x0000024aab08fd90
Event: 1.474 loading class java/io/FileReader
Event: 1.474 loading class java/io/FileReader done
Event: 1.487 Loaded shared library C:\Users\matia\AppData\Local\Temp\libgdxmatia\888fe1bc\gdx-box2d64.dll
Event: 1.603 loading class jdk/internal/math/FloatingDecimal
Event: 1.603 loading class jdk/internal/math/FloatingDecimal done
Event: 1.603 loading class jdk/internal/math/FloatingDecimal$ExceptionalBinaryToASCIIBuffer
Event: 1.603 loading class jdk/internal/math/FloatingDecimal$BinaryToASCIIConverter
Event: 1.603 loading class jdk/internal/math/FloatingDecimal$BinaryToASCIIConverter done
Event: 1.603 loading class jdk/internal/math/FloatingDecimal$ExceptionalBinaryToASCIIBuffer done
Event: 1.603 loading class jdk/internal/math/FloatingDecimal$BinaryToASCIIBuffer
Event: 1.603 loading class jdk/internal/math/FloatingDecimal$BinaryToASCIIBuffer done
Event: 1.603 loading class jdk/internal/math/FloatingDecimal$1
Event: 1.603 loading class jdk/internal/math/FloatingDecimal$1 done
Event: 1.603 loading class jdk/internal/math/FloatingDecimal$PreparedASCIIToBinaryBuffer
Event: 1.603 loading class jdk/internal/math/FloatingDecimal$ASCIIToBinaryConverter
Event: 1.603 loading class jdk/internal/math/FloatingDecimal$ASCIIToBinaryConverter done
Event: 1.603 loading class jdk/internal/math/FloatingDecimal$PreparedASCIIToBinaryBuffer done
Event: 1.604 loading class jdk/internal/math/FloatingDecimal$ASCIIToBinaryBuffer
Event: 1.604 loading class jdk/internal/math/FloatingDecimal$ASCIIToBinaryBuffer done


Dynamic libraries:
0x00007ff791560000 - 0x00007ff79156e000 	C:\Users\matia\.p2\pool\plugins\org.eclipse.justj.openjdk.hotspot.jre.full.win32.x86_64_17.0.4.v20220805-1047\jre\bin\javaw.exe
0x00007ffaeb470000 - 0x00007ffaeb668000 	C:\Windows\SYSTEM32\ntdll.dll
0x00007ffae9640000 - 0x00007ffae96ff000 	C:\Windows\System32\KERNEL32.DLL
0x00007ffae8c50000 - 0x00007ffae8f22000 	C:\Windows\System32\KERNELBASE.dll
0x00007ffae8f60000 - 0x00007ffae9060000 	C:\Windows\System32\ucrtbase.dll
0x00007ffae4190000 - 0x00007ffae41a9000 	C:\Users\matia\.p2\pool\plugins\org.eclipse.justj.openjdk.hotspot.jre.full.win32.x86_64_17.0.4.v20220805-1047\jre\bin\VCRUNTIME140.dll
0x00007ffae4850000 - 0x00007ffae4868000 	C:\Users\matia\.p2\pool\plugins\org.eclipse.justj.openjdk.hotspot.jre.full.win32.x86_64_17.0.4.v20220805-1047\jre\bin\jli.dll
0x00007ffae9c70000 - 0x00007ffae9e0d000 	C:\Windows\System32\USER32.dll
0x00007ffad30e0000 - 0x00007ffad337a000 	C:\Windows\WinSxS\amd64_microsoft.windows.common-controls_6595b64144ccf1df_6.0.19041.1110_none_60b5254171f9507e\COMCTL32.dll
0x00007ffae8f30000 - 0x00007ffae8f52000 	C:\Windows\System32\win32u.dll
0x00007ffaeb330000 - 0x00007ffaeb3ce000 	C:\Windows\System32\msvcrt.dll
0x00007ffae9b60000 - 0x00007ffae9b8b000 	C:\Windows\System32\GDI32.dll
0x00007ffae90d0000 - 0x00007ffae91df000 	C:\Windows\System32\gdi32full.dll
0x00007ffae9290000 - 0x00007ffae932d000 	C:\Windows\System32\msvcp_win.dll
0x00007ffae9b90000 - 0x00007ffae9bc2000 	C:\Windows\System32\IMM32.DLL
0x00007ffae4420000 - 0x00007ffae442c000 	C:\Users\matia\.p2\pool\plugins\org.eclipse.justj.openjdk.hotspot.jre.full.win32.x86_64_17.0.4.v20220805-1047\jre\bin\vcruntime140_1.dll
0x00007ffac6dd0000 - 0x00007ffac6e61000 	C:\Users\matia\.p2\pool\plugins\org.eclipse.justj.openjdk.hotspot.jre.full.win32.x86_64_17.0.4.v20220805-1047\jre\bin\msvcp140.dll
0x00007ffa65850000 - 0x00007ffa66496000 	C:\Users\matia\.p2\pool\plugins\org.eclipse.justj.openjdk.hotspot.jre.full.win32.x86_64_17.0.4.v20220805-1047\jre\bin\server\jvm.dll
0x00007ffae9590000 - 0x00007ffae963e000 	C:\Windows\System32\ADVAPI32.dll
0x00007ffae9bd0000 - 0x00007ffae9c6c000 	C:\Windows\System32\sechost.dll
0x00007ffaea420000 - 0x00007ffaea545000 	C:\Windows\System32\RPCRT4.dll
0x00007ffaea110000 - 0x00007ffaea118000 	C:\Windows\System32\PSAPI.DLL
0x00007ffae4160000 - 0x00007ffae4169000 	C:\Windows\SYSTEM32\WSOCK32.dll
0x00007ffae06b0000 - 0x00007ffae06d7000 	C:\Windows\SYSTEM32\WINMM.dll
0x00007ffae1200000 - 0x00007ffae120a000 	C:\Windows\SYSTEM32\VERSION.dll
0x00007ffae9e10000 - 0x00007ffae9e7b000 	C:\Windows\System32\WS2_32.dll
0x00007ffae6a50000 - 0x00007ffae6a62000 	C:\Windows\SYSTEM32\kernel.appcore.dll
0x00007ffae4800000 - 0x00007ffae480a000 	C:\Users\matia\.p2\pool\plugins\org.eclipse.justj.openjdk.hotspot.jre.full.win32.x86_64_17.0.4.v20220805-1047\jre\bin\jimage.dll
0x00007ffad7150000 - 0x00007ffad7334000 	C:\Windows\SYSTEM32\DBGHELP.DLL
0x00007ffad6bc0000 - 0x00007ffad6bec000 	C:\Windows\SYSTEM32\dbgcore.DLL
0x00007ffae8b70000 - 0x00007ffae8bf2000 	C:\Windows\System32\bcryptPrimitives.dll
0x00007ffac8070000 - 0x00007ffac8095000 	C:\Users\matia\.p2\pool\plugins\org.eclipse.justj.openjdk.hotspot.jre.full.win32.x86_64_17.0.4.v20220805-1047\jre\bin\java.dll
0x00007ffae4220000 - 0x00007ffae4238000 	C:\Users\matia\.p2\pool\plugins\org.eclipse.justj.openjdk.hotspot.jre.full.win32.x86_64_17.0.4.v20220805-1047\jre\bin\zip.dll
0x00007ffaea9d0000 - 0x00007ffaeb113000 	C:\Windows\System32\SHELL32.dll
0x00007ffae6c50000 - 0x00007ffae73e2000 	C:\Windows\SYSTEM32\windows.storage.dll
0x00007ffae9760000 - 0x00007ffae9ab4000 	C:\Windows\System32\combase.dll
0x00007ffae85d0000 - 0x00007ffae8600000 	C:\Windows\SYSTEM32\Wldp.dll
0x00007ffae9f00000 - 0x00007ffae9fad000 	C:\Windows\System32\SHCORE.dll
0x00007ffaeb3d0000 - 0x00007ffaeb425000 	C:\Windows\System32\shlwapi.dll
0x00007ffae8ab0000 - 0x00007ffae8acf000 	C:\Windows\SYSTEM32\profapi.dll
0x00007ffae3bf0000 - 0x00007ffae3c09000 	C:\Users\matia\.p2\pool\plugins\org.eclipse.justj.openjdk.hotspot.jre.full.win32.x86_64_17.0.4.v20220805-1047\jre\bin\net.dll
0x00007ffad9f20000 - 0x00007ffada02c000 	C:\Windows\SYSTEM32\WINHTTP.dll
0x00007ffae8330000 - 0x00007ffae839a000 	C:\Windows\system32\mswsock.dll
0x00007ffac6f50000 - 0x00007ffac6f65000 	C:\Users\matia\.p2\pool\plugins\org.eclipse.justj.openjdk.hotspot.jre.full.win32.x86_64_17.0.4.v20220805-1047\jre\bin\nio.dll
0x0000000067a30000 - 0x0000000067a59000 	C:\Users\matia\AppData\Local\Temp\libgdxmatia\e787ab0a\gdx64.dll
0x00007ffaba0c0000 - 0x00007ffaba135000 	C:\Users\matia\AppData\Local\Temp\lwjglmatia\3.3.1-build-7\lwjgl.dll
0x00007ffa764c0000 - 0x00007ffa76719000 	C:\Users\matia\AppData\Local\Temp\lwjglmatia\3.3.1-build-7\jemalloc.dll
0x00007ffaba050000 - 0x00007ffaba0b1000 	C:\Users\matia\AppData\Local\Temp\lwjglmatia\3.3.1-build-7\glfw.dll
0x00007ffac6b90000 - 0x00007ffac6bd5000 	C:\Windows\SYSTEM32\dinput8.dll
0x00007ffa75ec0000 - 0x00007ffa75ed1000 	C:\Windows\SYSTEM32\xinput1_4.dll
0x00007ffae8c00000 - 0x00007ffae8c4e000 	C:\Windows\System32\cfgmgr32.dll
0x00007ffae8920000 - 0x00007ffae894c000 	C:\Windows\SYSTEM32\DEVOBJ.dll
0x00007ffae6760000 - 0x00007ffae678f000 	C:\Windows\SYSTEM32\dwmapi.dll
0x00007ffac7050000 - 0x00007ffac71a2000 	C:\Windows\SYSTEM32\inputhost.dll
0x00007ffae94c0000 - 0x00007ffae958d000 	C:\Windows\System32\OLEAUT32.dll
0x00007ffae6080000 - 0x00007ffae6172000 	C:\Windows\SYSTEM32\CoreMessaging.dll
0x00007ffae4570000 - 0x00007ffae4666000 	C:\Windows\SYSTEM32\PROPSYS.dll
0x00007ffae5650000 - 0x00007ffae57a4000 	C:\Windows\SYSTEM32\wintypes.dll
0x00007ffae5d20000 - 0x00007ffae607e000 	C:\Windows\SYSTEM32\CoreUIComponents.dll
0x00007ffae7d20000 - 0x00007ffae7d53000 	C:\Windows\SYSTEM32\ntmarta.dll
0x00007ffae6580000 - 0x00007ffae661e000 	C:\Windows\system32\uxtheme.dll
0x00007ffaea300000 - 0x00007ffaea415000 	C:\Windows\System32\MSCTF.dll
0x00007ffaad000000 - 0x00007ffaad197000 	C:\Users\matia\AppData\Local\Temp\lwjglmatia\3.3.1-build-7\OpenAL.dll
0x00007ffaea120000 - 0x00007ffaea24a000 	C:\Windows\System32\ole32.dll
0x00007ffaea250000 - 0x00007ffaea2ff000 	C:\Windows\System32\clbcatq.dll
0x00007ffae2a20000 - 0x00007ffae2aa5000 	C:\Windows\System32\MMDevApi.dll
0x00007ffae2d50000 - 0x00007ffae2ed2000 	C:\Windows\SYSTEM32\AUDIOSES.DLL
0x00007ffae80f0000 - 0x00007ffae813b000 	C:\Windows\SYSTEM32\powrprof.dll
0x00007ffae7fb0000 - 0x00007ffae7fc2000 	C:\Windows\SYSTEM32\UMPDC.dll
0x00007ffae6660000 - 0x00007ffae6674000 	C:\Windows\SYSTEM32\resourcepolicyclient.dll
0x00007ffac7db0000 - 0x00007ffac7ed5000 	C:\Windows\SYSTEM32\opengl32.dll
0x00007ffaca390000 - 0x00007ffaca3bc000 	C:\Windows\SYSTEM32\GLU32.dll
0x00007ffae2ee0000 - 0x00007ffae2fd7000 	C:\Windows\System32\AppXDeploymentClient.dll
0x00007ffa5d4b0000 - 0x00007ffa60de1000 	C:\Windows\System32\DriverStore\FileRepository\nv_dispi.inf_amd64_009debfbd2e1619b\nvoglv64.dll
0x00007ffaea550000 - 0x00007ffaea9b8000 	C:\Windows\System32\SETUPAPI.dll
0x00007ffae9330000 - 0x00007ffae9357000 	C:\Windows\System32\bcrypt.dll
0x00007ffae4700000 - 0x00007ffae4714000 	C:\Windows\SYSTEM32\WTSAPI32.dll
0x00007ffae8760000 - 0x00007ffae8772000 	C:\Windows\SYSTEM32\msasn1.dll
0x00007ffae1230000 - 0x00007ffae1261000 	C:\Windows\SYSTEM32\cryptnet.dll
0x00007ffae9360000 - 0x00007ffae94b6000 	C:\Windows\System32\CRYPT32.dll
0x00007ffae0d60000 - 0x00007ffae0ea8000 	C:\Windows\SYSTEM32\drvstore.dll
0x00007ffae8540000 - 0x00007ffae854c000 	C:\Windows\SYSTEM32\cryptbase.dll
0x00007ffae9060000 - 0x00007ffae90ca000 	C:\Windows\System32\WINTRUST.dll
0x00007ffadf0f0000 - 0x00007ffadf12b000 	C:\Windows\SYSTEM32\dxcore.dll
0x00007ffa6a510000 - 0x00007ffa6a7df000 	C:\Windows\system32\nvspcap64.dll
0x00007ffae7870000 - 0x00007ffae78d4000 	C:\Windows\SYSTEM32\WINSTA.dll
0x00007ffac4b70000 - 0x00007ffac4bcd000 	C:\Users\matia\AppData\Local\Temp\lwjglmatia\3.3.1-build-7\lwjgl_opengl.dll
0x00007ffac4880000 - 0x00007ffac4979000 	C:\Windows\SYSTEM32\textinputframework.dll
0x00007ffad3070000 - 0x00007ffad30d6000 	C:\Windows\system32\Oleacc.dll
0x00000000679d0000 - 0x0000000067a2a000 	C:\Users\matia\AppData\Local\Temp\libgdxmatia\888fe1bc\gdx-box2d64.dll

dbghelp: loaded successfully - version: 4.0.5 - missing functions: none
symbol engine: initialized successfully - sym options: 0x614 - pdb path: .;C:\Users\matia\.p2\pool\plugins\org.eclipse.justj.openjdk.hotspot.jre.full.win32.x86_64_17.0.4.v20220805-1047\jre\bin;C:\Windows\SYSTEM32;C:\Windows\WinSxS\amd64_microsoft.windows.common-controls_6595b64144ccf1df_6.0.19041.1110_none_60b5254171f9507e;C:\Users\matia\.p2\pool\plugins\org.eclipse.justj.openjdk.hotspot.jre.full.win32.x86_64_17.0.4.v20220805-1047\jre\bin\server;C:\Users\matia\AppData\Local\Temp\libgdxmatia\e787ab0a;C:\Users\matia\AppData\Local\Temp\lwjglmatia\3.3.1-build-7;C:\Windows\System32\DriverStore\FileRepository\nv_dispi.inf_amd64_009debfbd2e1619b;C:\Users\matia\AppData\Local\Temp\libgdxmatia\888fe1bc

VM Arguments:
jvm_args: -Dfile.encoding=UTF-8 -XX:+ShowCodeDetailsInExceptionMessages 
java_command: com.mygdx.game.DesktopLauncher
java_class_path (initial): G:\Mi unidad\PUCV\2do año\4to Semestre\Programación Avanzada\Jimbo Adventures, El origen (Beta)\desktop\bin\main;\Jimbo Adventures, El origen-core\bin\default;G:\Mi unidad\PUCV\2do año\4to Semestre\Programación Avanzada\Jimbo Adventures, El origen (Beta)\core\bin\main;C:\Users\matia\.gradle\caches\modules-2\files-2.1\com.badlogicgames.gdx\gdx-backend-lwjgl3\1.11.0\58a96db4cd349be4292d547856aa1e1c5f065f4e\gdx-backend-lwjgl3-1.11.0.jar;C:\Users\matia\.gradle\caches\modules-2\files-2.1\com.badlogicgames.gdx\gdx-platform\1.11.0\697fb13eada6d3c6ca648c9788692b0159add126\gdx-platform-1.11.0-natives-desktop.jar;C:\Users\matia\.gradle\caches\modules-2\files-2.1\com.badlogicgames.gdx\gdx-box2d-platform\1.11.0\62ff9baa1e57a11e0a4428a38c9660bf9f312fdc\gdx-box2d-platform-1.11.0-natives-desktop.jar;C:\Users\matia\.gradle\caches\modules-2\files-2.1\com.badlogicgames.gdx\gdx-bullet-platform\1.11.0\2c067b913a306ba26d482075297538ad91cdb88b\gdx-bullet-platform-1.11.0-natives-desktop.jar;C:\Users\matia\.gradle\caches\modules-2\files-2.1\com.badlogicgames.gdx\gdx-box2d\1.11.0\ad4facee800dd945d6d6e93dea2936bc135b5f\gdx-box2d-1.11.0.jar;C:\Users\matia\.gradle\caches\modules-2\files-2.1\com.badlogicgames.gdx\gdx-bullet\1.11.0\1eb83845fa655e7e8ab6bbb979d28b0502ad3302\gdx-bullet-1.11.0.jar;C:\Users\matia\.gradle\caches\modules-2\files-2.1\com.badlogicgames.gdx\gdx\1.11.0\ffe1206d1004cd9e40027e28964be0fea0399af7\gdx-1.11.0.jar;C:\Users\matia\.gradle\caches\modules-2\files-2.1\org.lwjgl\lwjgl-glfw\3.3.1\cbac1b8d30cb4795149c1ef540f912671a8616d0\lwjgl-glfw-3.3.1.jar;C:\Users\matia\.gradle\caches\modules-2\files-2.1\org.lwjgl\lwjgl-glfw\3.3.1\81716978214ecbda15050ca394b06ef61501a49e\lwjgl-glfw-3.3.1-natives-linux.jar;C:\Users\matia\.gradle\caches\modules-2\files-2.1\org.lwjgl\lwjgl-glfw\3.3.1\816d935933f2dd743074c4e717cc25b55720f294\lwjgl-glfw-3.3.1-natives-linux-arm32.jar;C:\Users\matia\.gradle\caches\modules-2\files-2.1\org.lwjgl\lwjgl-glfw\3.3.1\513eb39b866d0fe131a
Launcher Type: SUN_STANDARD

[Global flags]
     intx CICompilerCount                          = 4                                         {product} {ergonomic}
     uint ConcGCThreads                            = 3                                         {product} {ergonomic}
     uint G1ConcRefinementThreads                  = 10                                        {product} {ergonomic}
   size_t G1HeapRegionSize                         = 2097152                                   {product} {ergonomic}
    uintx GCDrainStackTargetSize                   = 64                                        {product} {ergonomic}
   size_t InitialHeapSize                          = 266338304                                 {product} {ergonomic}
   size_t MarkStackSize                            = 4194304                                   {product} {ergonomic}
   size_t MaxHeapSize                              = 4259315712                                {product} {ergonomic}
   size_t MaxNewSize                               = 2554331136                                {product} {ergonomic}
   size_t MinHeapDeltaBytes                        = 2097152                                   {product} {ergonomic}
   size_t MinHeapSize                              = 8388608                                   {product} {ergonomic}
    uintx NonNMethodCodeHeapSize                   = 5839372                                {pd product} {ergonomic}
    uintx NonProfiledCodeHeapSize                  = 122909434                              {pd product} {ergonomic}
    uintx ProfiledCodeHeapSize                     = 122909434                              {pd product} {ergonomic}
    uintx ReservedCodeCacheSize                    = 251658240                              {pd product} {ergonomic}
     bool SegmentedCodeCache                       = true                                      {product} {ergonomic}
     bool ShowCodeDetailsInExceptionMessages       = true                                   {manageable} {command line}
   size_t SoftMaxHeapSize                          = 4259315712                             {manageable} {ergonomic}
     bool UseCompressedClassPointers               = true                           {product lp64_product} {ergonomic}
     bool UseCompressedOops                        = true                           {product lp64_product} {ergonomic}
     bool UseG1GC                                  = true                                      {product} {ergonomic}
     bool UseLargePagesIndividualAllocation        = false                                  {pd product} {ergonomic}

Logging:
Log output configuration:
 #0: stdout all=warning uptime,level,tags
 #1: stderr all=off uptime,level,tags

Environment Variables:
PATH=C:/Users/matia/.p2/pool/plugins/org.eclipse.justj.openjdk.hotspot.jre.full.win32.x86_64_17.0.4.v20220805-1047/jre/bin/server;C:/Users/matia/.p2/pool/plugins/org.eclipse.justj.openjdk.hotspot.jre.full.win32.x86_64_17.0.4.v20220805-1047/jre/bin;C:\Program Files\Common Files\Oracle\Java\javapath;C:\Windows\system32;C:\Windows;C:\Windows\System32\Wbem;C:\Windows\System32\WindowsPowerShell\v1.0\;C:\Windows\System32\OpenSSH\;C:\Program Files\NVIDIA Corporation\NVIDIA NvDLISR;C:\Program Files (x86)\NVIDIA Corporation\PhysX\Common;C:\Program Files\Git\cmd;C:\TDM-GCC-64\bin;C:\Users\matia\AppData\Local\Microsoft\WindowsApps;;C:\Users\matia\AppData\Local\Programs\Microsoft VS Code\bin;C:\Users\matia\Desktop\Programación;
USERNAME=matia
OS=Windows_NT
PROCESSOR_IDENTIFIER=Intel64 Family 6 Model 165 Stepping 3, GenuineIntel
TMP=C:\Users\matia\AppData\Local\Temp
TEMP=C:\Users\matia\AppData\Local\Temp



---------------  S Y S T E M  ---------------

OS:
 Windows 10 , 64 bit Build 19041 (10.0.19041.2251)
OS uptime: 0 days 12:44 hours

CPU: total 12 (initial active 12) (6 cores per cpu, 2 threads per core) family 6 model 165 stepping 3 microcode 0xcc, cx8, cmov, fxsr, ht, mmx, 3dnowpref, sse, sse2, sse3, ssse3, sse4.1, sse4.2, popcnt, lzcnt, tsc, tscinvbit, avx, avx2, aes, erms, clmul, bmi1, bmi2, adx, fma, vzeroupper, clflush, clflushopt

Memory: 4k page, system-wide physical 16243M (7607M free)
TotalPageFile size 23411M (AvailPageFile size 8042M)
current process WorkingSet (physical memory assigned to process): 164M, peak: 189M
current process commit charge ("private bytes"): 724M, peak: 729M

vm_info: OpenJDK 64-Bit Server VM (17.0.4+8) for windows-amd64 JRE (17.0.4+8), built on Jul 19 2022 16:05:16 by "temurin" with MS VC++ 16.7 (VS2019)

END.
