#
# A fatal error has been detected by the Java Runtime Environment:
#
#  EXCEPTION_ACCESS_VIOLATION (0xc0000005) at pc=0x00000000679ef509, pid=5312, tid=16956
#
# JRE version: OpenJDK Runtime Environment Temurin-17.0.4+8 (17.0.4+8) (build 17.0.4+8)
# Java VM: OpenJDK 64-Bit Server VM Temurin-17.0.4+8 (17.0.4+8, mixed mode, tiered, compressed oops, compressed class ptrs, g1 gc, windows-amd64)
# Problematic frame:
# C  [gdx-box2d64.dll+0x1f509]
#
# No core dump will be written. Minidumps are not enabled by default on client versions of Windows
#
# If you would like to submit a bug report, please visit:
#   https://github.com/adoptium/adoptium-support/issues
# The crash happened outside the Java Virtual Machine in native code.
# See problematic frame for where to report the bug.
#

---------------  S U M M A R Y ------------

Command Line: -Dfile.encoding=UTF-8 -XX:+ShowCodeDetailsInExceptionMessages com.mygdx.game.DesktopLauncher

Host: Intel(R) Core(TM) i5-10400 CPU @ 2.90GHz, 12 cores, 15G,  Windows 10 , 64 bit Build 19041 (10.0.19041.2251)
Time: Sat Dec  3 03:28:56 2022 Hora verano Sudamérica Pacífico elapsed time: 12.750446 seconds (0d 0h 0m 12s)

---------------  T H R E A D  ---------------

Current thread (0x000001e747b3c650):  JavaThread "main" [_thread_in_native, id=16956, stack(0x000000ce26d00000,0x000000ce26e00000)]

Stack: [0x000000ce26d00000,0x000000ce26e00000],  sp=0x000000ce26dfedd0,  free space=1019k
Native frames: (J=compiled Java code, j=interpreted, Vv=VM code, C=native code)
C  [gdx-box2d64.dll+0x1f509]

Java frames: (J=compiled Java code, j=interpreted, Vv=VM code)
j  com.badlogic.gdx.physics.box2d.Body.jniCreateFixture(JJFFFZSSS)J+0
j  com.badlogic.gdx.physics.box2d.Body.createFixture(Lcom/badlogic/gdx/physics/box2d/FixtureDef;)Lcom/badlogic/gdx/physics/box2d/Fixture;+49
j  Patrones.Jimbo.setPlayerWorld(Lcom/badlogic/gdx/physics/box2d/World;)V+26
j  Patrones.LevelBuilder.setObjectsWorld()V+16
j  Patrones.LevelBuilder.getLevel()LPatrones/Level;+1
j  Ventanas.GameOver.render(F)V+223
J 1300 c1 com.badlogic.gdx.backends.lwjgl3.Lwjgl3Window.update()Z (217 bytes) @ 0x000001e74b9d808c [0x000001e74b9d7300+0x0000000000000d8c]
j  com.badlogic.gdx.backends.lwjgl3.Lwjgl3Application.loop()V+111
j  com.badlogic.gdx.backends.lwjgl3.Lwjgl3Application.<init>(Lcom/badlogic/gdx/ApplicationListener;Lcom/badlogic/gdx/backends/lwjgl3/Lwjgl3ApplicationConfiguration;)V+269
j  com.mygdx.game.DesktopLauncher.main([Ljava/lang/String;)V+46
v  ~StubRoutines::call_stub

siginfo: EXCEPTION_ACCESS_VIOLATION (0xc0000005), reading address 0x0000004100000010


Register to memory mapping:

RIP=0x00000000679ef509 gdx-box2d64.dll
RAX=0x0000004100000000 is an unknown value
RBX=0x000001e76fd0c790 points into unknown readable memory: 0x000001e700000000 | 00 00 00 00 e7 01 00 00
RCX=0x000001e76fcc0450 points into unknown readable memory: 0x0000004100000000 | 00 00 00 00 41 00 00 00
RDX=0x000001e76fced3e0 points into unknown readable memory: 0x000001e76fe125f0 | f0 25 e1 6f e7 01 00 00
RSP=0x000000ce26dfedd0 is pointing into the stack for thread: 0x000001e747b3c650
RBP=0x000001e76fced3e0 points into unknown readable memory: 0x000001e76fe125f0 | f0 25 e1 6f e7 01 00 00
RSI=0x000000ce26dfee90 is pointing into the stack for thread: 0x000001e747b3c650
RDI=0x000001e76fced3e0 points into unknown readable memory: 0x000001e76fe125f0 | f0 25 e1 6f e7 01 00 00
R8 =0x000001e76fd08780 points into unknown readable memory: 0x0000002600000002 | 02 00 00 00 26 00 00 00
R9 =0x000000ce26dfee90 is pointing into the stack for thread: 0x000001e747b3c650
R10=0x0 is NULL
R11=0x000001e76fe12e00 points into unknown readable memory: 0x000001e76fd107a0 | a0 07 d1 6f e7 01 00 00
R12=0x0 is NULL
R13={method} {0x000001e76ab7f470} 'jniCreateFixture' '(JJFFFZSSS)J' in 'com/badlogic/gdx/physics/box2d/Body'
R14=0x000000ce26dff018 is pointing into the stack for thread: 0x000001e747b3c650
R15=0x000001e747b3c650 is a thread


Registers:
RAX=0x0000004100000000, RBX=0x000001e76fd0c790, RCX=0x000001e76fcc0450, RDX=0x000001e76fced3e0
RSP=0x000000ce26dfedd0, RBP=0x000001e76fced3e0, RSI=0x000000ce26dfee90, RDI=0x000001e76fced3e0
R8 =0x000001e76fd08780, R9 =0x000000ce26dfee90, R10=0x0000000000000000, R11=0x000001e76fe12e00
R12=0x0000000000000000, R13=0x000001e76ab7f468, R14=0x000000ce26dff018, R15=0x000001e747b3c650
RIP=0x00000000679ef509, EFLAGS=0x0000000000010202

Top of Stack: (sp=0x000000ce26dfedd0)
0x000000ce26dfedd0:   0000000800057620 000001e74b21b92d
0x000000ce26dfede0:   000000ce26dfee58 000001e76fd08780
0x000000ce26dfedf0:   0000000711d36700 000001e76fd08780
0x000000ce26dfee00:   000001e76fd0c790 000001e76fced3e0
0x000000ce26dfee10:   000000ce26dfee90 00000000679ee3bd
0x000000ce26dfee20:   000000ce26dfee68 000001e76ab85890
0x000000ce26dfee30:   0000000000000000 00000007108ffe30
0x000000ce26dfee40:   000001e76ab85838 000001e76ab7f468
0x000000ce26dfee50:   0000000711d36700 000001e76abb8000
0x000000ce26dfee60:   000000ce26dfefa0 00000000679f464d
0x000000ce26dfee70:   0000000711b6b060 0000000711b6ae08
0x000000ce26dfee80:   000000ce26dfee80 000001e76ab7f131
0x000000ce26dfee90:   000001e76fcc0450 0000000000000000
0x000000ce26dfeea0:   000000003e4ccccd 0001000041700000
0x000000ce26dfeeb0:   000001e70000ffff 0000000000000000
0x000000ce26dfeec0:   000000ce26dfeed8 000001e74b20d621 

Instructions: (pc=0x00000000679ef509)
0x00000000679ef409:   c8 02 c7 81 ac 00 00 00 00 00 00 00 66 89 41 04
0x00000000679ef419:   0f b7 42 04 a8 02 75 11 83 c8 02 c7 82 ac 00 00
0x00000000679ef429:   00 00 00 00 00 66 89 42 04 41 83 44 24 60 01 48
0x00000000679ef439:   83 c4 38 5b 5e 5f 5d 41 5c 41 5d c3 90 66 2e 0f
0x00000000679ef449:   1f 84 00 00 00 00 00 48 89 ca e9 78 af 01 00 90
0x00000000679ef459:   90 90 90 90 90 90 90 48 b8 00 00 00 00 01 00 ff
0x00000000679ef469:   ff 48 89 41 30 31 c0 48 c7 41 40 00 00 00 00 48
0x00000000679ef479:   c7 41 10 00 00 00 00 48 c7 41 08 00 00 00 00 48
0x00000000679ef489:   c7 41 28 00 00 00 00 66 89 41 38 48 c7 41 18 00
0x00000000679ef499:   00 00 00 c7 01 00 00 00 00 c3 90 66 90 66 2e 0f
0x00000000679ef4a9:   1f 84 00 00 00 00 00 55 57 56 53 48 83 ec 28 49
0x00000000679ef4b9:   8b 41 08 f3 41 0f 10 41 10 48 89 cb 48 89 d5 f3
0x00000000679ef4c9:   0f 11 41 20 4c 89 ce 48 89 41 40 41 8b 41 1e f3
0x00000000679ef4d9:   41 0f 10 41 14 f3 0f 11 41 24 4c 89 41 10 48 c7
0x00000000679ef4e9:   41 08 00 00 00 00 89 41 34 41 0f b7 41 22 66 89
0x00000000679ef4f9:   41 38 41 0f b6 41 1c 88 41 3a 49 8b 09 48 8b 01
0x00000000679ef509:   ff 50 10 48 8b 10 48 89 c1 48 89 43 18 ff 52 18
0x00000000679ef519:   89 c2 89 c7 48 89 e9 c1 e2 05 e8 c8 c4 fe ff 85
0x00000000679ef529:   ff 48 89 43 28 7e 27 8d 4f ff 48 8d 50 10 48 c1
0x00000000679ef539:   e1 05 48 8d 44 08 30 48 c7 02 00 00 00 00 c7 42
0x00000000679ef549:   0c ff ff ff ff 48 83 c2 20 48 39 c2 75 e9 f3 0f
0x00000000679ef559:   10 46 18 c7 43 30 00 00 00 00 f3 0f 11 03 48 83
0x00000000679ef569:   c4 28 5b 5e 5f 5d c3 57 56 53 48 83 ec 20 8b 41
0x00000000679ef579:   30 48 89 cb 48 89 d7 85 c0 0f 85 a8 00 00 00 48
0x00000000679ef589:   8b 4b 18 48 8b 01 ff 50 18 48 8b 53 28 c1 e0 05
0x00000000679ef599:   48 89 f9 41 89 c0 e8 8c c6 fe ff 48 8b 73 18 48
0x00000000679ef5a9:   c7 43 28 00 00 00 00 8b 46 08 83 f8 01 0f 84 94
0x00000000679ef5b9:   00 00 00 0f 82 be 00 00 00 83 f8 02 74 39 83 f8
0x00000000679ef5c9:   03 0f 85 e0 00 00 00 48 8b 06 48 89 f1 ff 10 41
0x00000000679ef5d9:   b8 30 00 00 00 48 89 f2 48 89 f9 e8 47 c6 fe ff
0x00000000679ef5e9:   48 c7 43 18 00 00 00 00 48 83 c4 20 5b 5e 5f c3
0x00000000679ef5f9:   0f 1f 80 00 00 00 00 48 8b 06 48 89 f1 ff 10 41 


Stack slot to memory mapping:
stack at sp + 0 slots: 0x0000000800057620 is a pointer to class: 
stack at sp + 1 slots: 0x000001e74b21b92d is at code_begin+109 in an Interpreter codelet
newarray  188 newarray  [0x000001e74b21b8c0, 0x000001e74b21b9a0]  224 bytes
stack at sp + 2 slots: 0x000000ce26dfee58 is pointing into the stack for thread: 0x000001e747b3c650
stack at sp + 3 slots: 0x000001e76fd08780 points into unknown readable memory: 0x0000002600000002 | 02 00 00 00 26 00 00 00
stack at sp + 4 slots: 0x0000000711d36700 is an oop: [J 
{0x0000000711d36700} - klass: {type array long}
 - length: 128
stack at sp + 5 slots: 0x000001e76fd08780 points into unknown readable memory: 0x0000002600000002 | 02 00 00 00 26 00 00 00
stack at sp + 6 slots: 0x000001e76fd0c790 points into unknown readable memory: 0x000001e700000000 | 00 00 00 00 e7 01 00 00
stack at sp + 7 slots: 0x000001e76fced3e0 points into unknown readable memory: 0x000001e76fe125f0 | f0 25 e1 6f e7 01 00 00


---------------  P R O C E S S  ---------------

Threads class SMR info:
_java_thread_list=0x000001e7675d0970, length=13, elements={
0x000001e747b3c650, 0x000001e767429340, 0x000001e76742abd0, 0x000001e76746e8d0,
0x000001e7674712a0, 0x000001e7674723f0, 0x000001e767474280, 0x000001e76748acd0,
0x000001e76748dd80, 0x000001e767497f50, 0x000001e7675f6c30, 0x000001e767614a00,
0x000001e769e9f820
}

Java Threads: ( => current thread )
=>0x000001e747b3c650 JavaThread "main" [_thread_in_native, id=16956, stack(0x000000ce26d00000,0x000000ce26e00000)]
  0x000001e767429340 JavaThread "Reference Handler" daemon [_thread_blocked, id=1768, stack(0x000000ce27400000,0x000000ce27500000)]
  0x000001e76742abd0 JavaThread "Finalizer" daemon [_thread_blocked, id=8536, stack(0x000000ce27500000,0x000000ce27600000)]
  0x000001e76746e8d0 JavaThread "Signal Dispatcher" daemon [_thread_blocked, id=4556, stack(0x000000ce27600000,0x000000ce27700000)]
  0x000001e7674712a0 JavaThread "Attach Listener" daemon [_thread_blocked, id=11836, stack(0x000000ce27700000,0x000000ce27800000)]
  0x000001e7674723f0 JavaThread "Service Thread" daemon [_thread_blocked, id=9956, stack(0x000000ce27800000,0x000000ce27900000)]
  0x000001e767474280 JavaThread "Monitor Deflation Thread" daemon [_thread_blocked, id=5776, stack(0x000000ce27900000,0x000000ce27a00000)]
  0x000001e76748acd0 JavaThread "C2 CompilerThread0" daemon [_thread_blocked, id=6432, stack(0x000000ce27a00000,0x000000ce27b00000)]
  0x000001e76748dd80 JavaThread "C1 CompilerThread0" daemon [_thread_blocked, id=17900, stack(0x000000ce27b00000,0x000000ce27c00000)]
  0x000001e767497f50 JavaThread "Sweeper thread" daemon [_thread_blocked, id=14420, stack(0x000000ce27c00000,0x000000ce27d00000)]
  0x000001e7675f6c30 JavaThread "Notification Thread" daemon [_thread_blocked, id=3384, stack(0x000000ce27d00000,0x000000ce27e00000)]
  0x000001e767614a00 JavaThread "Common-Cleaner" daemon [_thread_blocked, id=2368, stack(0x000000ce27f00000,0x000000ce28000000)]
  0x000001e769e9f820 JavaThread "LWJGL3 Timer" daemon [_thread_blocked, id=10140, stack(0x000000ce28a00000,0x000000ce28b00000)]

Other Threads:
  0x000001e766af8bb0 VMThread "VM Thread" [stack: 0x000000ce27300000,0x000000ce27400000] [id=5160]
  0x000001e7675fb520 WatcherThread [stack: 0x000000ce27e00000,0x000000ce27f00000] [id=9056]
  0x000001e747bae2e0 GCTaskThread "GC Thread#0" [stack: 0x000000ce26e00000,0x000000ce26f00000] [id=18932]
  0x000001e769fe0490 GCTaskThread "GC Thread#1" [stack: 0x000000ce28900000,0x000000ce28a00000] [id=2044]
  0x000001e769fe0740 GCTaskThread "GC Thread#2" [stack: 0x000000ce28b00000,0x000000ce28c00000] [id=5956]
  0x000001e769fbb980 GCTaskThread "GC Thread#3" [stack: 0x000000ce28c00000,0x000000ce28d00000] [id=1168]
  0x000001e769fbbc30 GCTaskThread "GC Thread#4" [stack: 0x000000ce28d00000,0x000000ce28e00000] [id=9000]
  0x000001e769fbbee0 GCTaskThread "GC Thread#5" [stack: 0x000000ce28e00000,0x000000ce28f00000] [id=10208]
  0x000001e76a002ed0 GCTaskThread "GC Thread#6" [stack: 0x000000ce28f00000,0x000000ce29000000] [id=18548]
  0x000001e76a030420 GCTaskThread "GC Thread#7" [stack: 0x000000ce29000000,0x000000ce29100000] [id=16668]
  0x000001e76a0326e0 GCTaskThread "GC Thread#8" [stack: 0x000000ce29100000,0x000000ce29200000] [id=7968]
  0x000001e747bc07a0 ConcurrentGCThread "G1 Main Marker" [stack: 0x000000ce26f00000,0x000000ce27000000] [id=3088]
  0x000001e747bc11b0 ConcurrentGCThread "G1 Conc#0" [stack: 0x000000ce27000000,0x000000ce27100000] [id=16604]
  0x000001e7669940f0 ConcurrentGCThread "G1 Refine#0" [stack: 0x000000ce27100000,0x000000ce27200000] [id=14364]
  0x000001e766994b10 ConcurrentGCThread "G1 Service" [stack: 0x000000ce27200000,0x000000ce27300000] [id=9032]

Threads with active compile tasks:

VM state: not at safepoint (normal execution)

VM Mutex/Monitor currently owned by a thread: None

Heap address: 0x0000000702200000, size: 4062 MB, Compressed Oops mode: Zero based, Oop shift amount: 3

CDS archive(s) not mapped
Compressed class space mapped at: 0x0000000800000000-0x0000000840000000, reserved size: 1073741824
Narrow klass base: 0x0000000800000000, Narrow klass shift: 0, Narrow klass range: 0x40000000

GC Precious Log:
 CPUs: 12 total, 12 available
 Memory: 16243M
 Large Page Support: Disabled
 NUMA Support: Disabled
 Compressed Oops: Enabled (Zero based)
 Heap Region Size: 2M
 Heap Min Capacity: 8M
 Heap Initial Capacity: 254M
 Heap Max Capacity: 4062M
 Pre-touch: Disabled
 Parallel Workers: 10
 Concurrent Workers: 3
 Concurrent Refinement Workers: 10
 Periodic GC: Disabled

Heap:
 garbage-first heap   total 260096K, used 9298K [0x0000000702200000, 0x0000000800000000)
  region size 2048K, 5 young (10240K), 2 survivors (4096K)
 Metaspace       used 13135K, committed 13248K, reserved 1064960K
  class space    used 1025K, committed 1088K, reserved 1048576K

Heap Regions: E=young(eden), S=young(survivor), O=old, HS=humongous(starts), HC=humongous(continues), CS=collection set, F=free, OA=open archive, CA=closed archive, TAMS=top-at-mark-start (previous, next)
|   0|0x0000000702200000, 0x0000000702400000, 0x0000000702400000|100%|HS|  |TAMS 0x0000000702200000, 0x0000000702200000| Complete 
|   1|0x0000000702400000, 0x0000000702600000, 0x0000000702600000|100%|HC|  |TAMS 0x0000000702400000, 0x0000000702400000| Complete 
|   2|0x0000000702600000, 0x0000000702600000, 0x0000000702800000|  0%| F|  |TAMS 0x0000000702600000, 0x0000000702600000| Untracked 
|   3|0x0000000702800000, 0x0000000702800000, 0x0000000702a00000|  0%| F|  |TAMS 0x0000000702800000, 0x0000000702800000| Untracked 
|   4|0x0000000702a00000, 0x0000000702a00000, 0x0000000702c00000|  0%| F|  |TAMS 0x0000000702a00000, 0x0000000702a00000| Untracked 
|   5|0x0000000702c00000, 0x0000000702c00000, 0x0000000702e00000|  0%| F|  |TAMS 0x0000000702c00000, 0x0000000702c00000| Untracked 
|   6|0x0000000702e00000, 0x0000000702e00000, 0x0000000703000000|  0%| F|  |TAMS 0x0000000702e00000, 0x0000000702e00000| Untracked 
|   7|0x0000000703000000, 0x0000000703000000, 0x0000000703200000|  0%| F|  |TAMS 0x0000000703000000, 0x0000000703000000| Untracked 
|   8|0x0000000703200000, 0x0000000703200000, 0x0000000703400000|  0%| F|  |TAMS 0x0000000703200000, 0x0000000703200000| Untracked 
|   9|0x0000000703400000, 0x0000000703400000, 0x0000000703600000|  0%| F|  |TAMS 0x0000000703400000, 0x0000000703400000| Untracked 
|  10|0x0000000703600000, 0x0000000703600000, 0x0000000703800000|  0%| F|  |TAMS 0x0000000703600000, 0x0000000703600000| Untracked 
|  11|0x0000000703800000, 0x0000000703800000, 0x0000000703a00000|  0%| F|  |TAMS 0x0000000703800000, 0x0000000703800000| Untracked 
|  12|0x0000000703a00000, 0x0000000703a00000, 0x0000000703c00000|  0%| F|  |TAMS 0x0000000703a00000, 0x0000000703a00000| Untracked 
|  13|0x0000000703c00000, 0x0000000703c00000, 0x0000000703e00000|  0%| F|  |TAMS 0x0000000703c00000, 0x0000000703c00000| Untracked 
|  14|0x0000000703e00000, 0x0000000703e00000, 0x0000000704000000|  0%| F|  |TAMS 0x0000000703e00000, 0x0000000703e00000| Untracked 
|  15|0x0000000704000000, 0x0000000704000000, 0x0000000704200000|  0%| F|  |TAMS 0x0000000704000000, 0x0000000704000000| Untracked 
|  16|0x0000000704200000, 0x0000000704200000, 0x0000000704400000|  0%| F|  |TAMS 0x0000000704200000, 0x0000000704200000| Untracked 
|  17|0x0000000704400000, 0x0000000704400000, 0x0000000704600000|  0%| F|  |TAMS 0x0000000704400000, 0x0000000704400000| Untracked 
|  18|0x0000000704600000, 0x0000000704600000, 0x0000000704800000|  0%| F|  |TAMS 0x0000000704600000, 0x0000000704600000| Untracked 
|  19|0x0000000704800000, 0x0000000704800000, 0x0000000704a00000|  0%| F|  |TAMS 0x0000000704800000, 0x0000000704800000| Untracked 
|  20|0x0000000704a00000, 0x0000000704a00000, 0x0000000704c00000|  0%| F|  |TAMS 0x0000000704a00000, 0x0000000704a00000| Untracked 
|  21|0x0000000704c00000, 0x0000000704c00000, 0x0000000704e00000|  0%| F|  |TAMS 0x0000000704c00000, 0x0000000704c00000| Untracked 
|  22|0x0000000704e00000, 0x0000000704e00000, 0x0000000705000000|  0%| F|  |TAMS 0x0000000704e00000, 0x0000000704e00000| Untracked 
|  23|0x0000000705000000, 0x0000000705000000, 0x0000000705200000|  0%| F|  |TAMS 0x0000000705000000, 0x0000000705000000| Untracked 
|  24|0x0000000705200000, 0x0000000705200000, 0x0000000705400000|  0%| F|  |TAMS 0x0000000705200000, 0x0000000705200000| Untracked 
|  25|0x0000000705400000, 0x0000000705400000, 0x0000000705600000|  0%| F|  |TAMS 0x0000000705400000, 0x0000000705400000| Untracked 
|  26|0x0000000705600000, 0x0000000705600000, 0x0000000705800000|  0%| F|  |TAMS 0x0000000705600000, 0x0000000705600000| Untracked 
|  27|0x0000000705800000, 0x0000000705800000, 0x0000000705a00000|  0%| F|  |TAMS 0x0000000705800000, 0x0000000705800000| Untracked 
|  28|0x0000000705a00000, 0x0000000705a00000, 0x0000000705c00000|  0%| F|  |TAMS 0x0000000705a00000, 0x0000000705a00000| Untracked 
|  29|0x0000000705c00000, 0x0000000705c00000, 0x0000000705e00000|  0%| F|  |TAMS 0x0000000705c00000, 0x0000000705c00000| Untracked 
|  30|0x0000000705e00000, 0x0000000705e00000, 0x0000000706000000|  0%| F|  |TAMS 0x0000000705e00000, 0x0000000705e00000| Untracked 
|  31|0x0000000706000000, 0x0000000706000000, 0x0000000706200000|  0%| F|  |TAMS 0x0000000706000000, 0x0000000706000000| Untracked 
|  32|0x0000000706200000, 0x0000000706200000, 0x0000000706400000|  0%| F|  |TAMS 0x0000000706200000, 0x0000000706200000| Untracked 
|  33|0x0000000706400000, 0x0000000706400000, 0x0000000706600000|  0%| F|  |TAMS 0x0000000706400000, 0x0000000706400000| Untracked 
|  34|0x0000000706600000, 0x0000000706600000, 0x0000000706800000|  0%| F|  |TAMS 0x0000000706600000, 0x0000000706600000| Untracked 
|  35|0x0000000706800000, 0x0000000706800000, 0x0000000706a00000|  0%| F|  |TAMS 0x0000000706800000, 0x0000000706800000| Untracked 
|  36|0x0000000706a00000, 0x0000000706a00000, 0x0000000706c00000|  0%| F|  |TAMS 0x0000000706a00000, 0x0000000706a00000| Untracked 
|  37|0x0000000706c00000, 0x0000000706c00000, 0x0000000706e00000|  0%| F|  |TAMS 0x0000000706c00000, 0x0000000706c00000| Untracked 
|  38|0x0000000706e00000, 0x0000000706e00000, 0x0000000707000000|  0%| F|  |TAMS 0x0000000706e00000, 0x0000000706e00000| Untracked 
|  39|0x0000000707000000, 0x0000000707000000, 0x0000000707200000|  0%| F|  |TAMS 0x0000000707000000, 0x0000000707000000| Untracked 
|  40|0x0000000707200000, 0x0000000707200000, 0x0000000707400000|  0%| F|  |TAMS 0x0000000707200000, 0x0000000707200000| Untracked 
|  41|0x0000000707400000, 0x0000000707400000, 0x0000000707600000|  0%| F|  |TAMS 0x0000000707400000, 0x0000000707400000| Untracked 
|  42|0x0000000707600000, 0x0000000707600000, 0x0000000707800000|  0%| F|  |TAMS 0x0000000707600000, 0x0000000707600000| Untracked 
|  43|0x0000000707800000, 0x0000000707800000, 0x0000000707a00000|  0%| F|  |TAMS 0x0000000707800000, 0x0000000707800000| Untracked 
|  44|0x0000000707a00000, 0x0000000707a00000, 0x0000000707c00000|  0%| F|  |TAMS 0x0000000707a00000, 0x0000000707a00000| Untracked 
|  45|0x0000000707c00000, 0x0000000707c00000, 0x0000000707e00000|  0%| F|  |TAMS 0x0000000707c00000, 0x0000000707c00000| Untracked 
|  46|0x0000000707e00000, 0x0000000707e00000, 0x0000000708000000|  0%| F|  |TAMS 0x0000000707e00000, 0x0000000707e00000| Untracked 
|  47|0x0000000708000000, 0x0000000708000000, 0x0000000708200000|  0%| F|  |TAMS 0x0000000708000000, 0x0000000708000000| Untracked 
|  48|0x0000000708200000, 0x0000000708200000, 0x0000000708400000|  0%| F|  |TAMS 0x0000000708200000, 0x0000000708200000| Untracked 
|  49|0x0000000708400000, 0x0000000708400000, 0x0000000708600000|  0%| F|  |TAMS 0x0000000708400000, 0x0000000708400000| Untracked 
|  50|0x0000000708600000, 0x0000000708600000, 0x0000000708800000|  0%| F|  |TAMS 0x0000000708600000, 0x0000000708600000| Untracked 
|  51|0x0000000708800000, 0x0000000708800000, 0x0000000708a00000|  0%| F|  |TAMS 0x0000000708800000, 0x0000000708800000| Untracked 
|  52|0x0000000708a00000, 0x0000000708a00000, 0x0000000708c00000|  0%| F|  |TAMS 0x0000000708a00000, 0x0000000708a00000| Untracked 
|  53|0x0000000708c00000, 0x0000000708c00000, 0x0000000708e00000|  0%| F|  |TAMS 0x0000000708c00000, 0x0000000708c00000| Untracked 
|  54|0x0000000708e00000, 0x0000000708e00000, 0x0000000709000000|  0%| F|  |TAMS 0x0000000708e00000, 0x0000000708e00000| Untracked 
|  55|0x0000000709000000, 0x0000000709000000, 0x0000000709200000|  0%| F|  |TAMS 0x0000000709000000, 0x0000000709000000| Untracked 
|  56|0x0000000709200000, 0x0000000709200000, 0x0000000709400000|  0%| F|  |TAMS 0x0000000709200000, 0x0000000709200000| Untracked 
|  57|0x0000000709400000, 0x0000000709400000, 0x0000000709600000|  0%| F|  |TAMS 0x0000000709400000, 0x0000000709400000| Untracked 
|  58|0x0000000709600000, 0x0000000709600000, 0x0000000709800000|  0%| F|  |TAMS 0x0000000709600000, 0x0000000709600000| Untracked 
|  59|0x0000000709800000, 0x0000000709800000, 0x0000000709a00000|  0%| F|  |TAMS 0x0000000709800000, 0x0000000709800000| Untracked 
|  60|0x0000000709a00000, 0x0000000709a00000, 0x0000000709c00000|  0%| F|  |TAMS 0x0000000709a00000, 0x0000000709a00000| Untracked 
|  61|0x0000000709c00000, 0x0000000709c00000, 0x0000000709e00000|  0%| F|  |TAMS 0x0000000709c00000, 0x0000000709c00000| Untracked 
|  62|0x0000000709e00000, 0x0000000709e00000, 0x000000070a000000|  0%| F|  |TAMS 0x0000000709e00000, 0x0000000709e00000| Untracked 
|  63|0x000000070a000000, 0x000000070a000000, 0x000000070a200000|  0%| F|  |TAMS 0x000000070a000000, 0x000000070a000000| Untracked 
|  64|0x000000070a200000, 0x000000070a200000, 0x000000070a400000|  0%| F|  |TAMS 0x000000070a200000, 0x000000070a200000| Untracked 
|  65|0x000000070a400000, 0x000000070a400000, 0x000000070a600000|  0%| F|  |TAMS 0x000000070a400000, 0x000000070a400000| Untracked 
|  66|0x000000070a600000, 0x000000070a600000, 0x000000070a800000|  0%| F|  |TAMS 0x000000070a600000, 0x000000070a600000| Untracked 
|  67|0x000000070a800000, 0x000000070a800000, 0x000000070aa00000|  0%| F|  |TAMS 0x000000070a800000, 0x000000070a800000| Untracked 
|  68|0x000000070aa00000, 0x000000070aa00000, 0x000000070ac00000|  0%| F|  |TAMS 0x000000070aa00000, 0x000000070aa00000| Untracked 
|  69|0x000000070ac00000, 0x000000070ac00000, 0x000000070ae00000|  0%| F|  |TAMS 0x000000070ac00000, 0x000000070ac00000| Untracked 
|  70|0x000000070ae00000, 0x000000070ae00000, 0x000000070b000000|  0%| F|  |TAMS 0x000000070ae00000, 0x000000070ae00000| Untracked 
|  71|0x000000070b000000, 0x000000070b000000, 0x000000070b200000|  0%| F|  |TAMS 0x000000070b000000, 0x000000070b000000| Untracked 
|  72|0x000000070b200000, 0x000000070b200000, 0x000000070b400000|  0%| F|  |TAMS 0x000000070b200000, 0x000000070b200000| Untracked 
|  73|0x000000070b400000, 0x000000070b400000, 0x000000070b600000|  0%| F|  |TAMS 0x000000070b400000, 0x000000070b400000| Untracked 
|  74|0x000000070b600000, 0x000000070b600000, 0x000000070b800000|  0%| F|  |TAMS 0x000000070b600000, 0x000000070b600000| Untracked 
|  75|0x000000070b800000, 0x000000070b800000, 0x000000070ba00000|  0%| F|  |TAMS 0x000000070b800000, 0x000000070b800000| Untracked 
|  76|0x000000070ba00000, 0x000000070ba00000, 0x000000070bc00000|  0%| F|  |TAMS 0x000000070ba00000, 0x000000070ba00000| Untracked 
|  77|0x000000070bc00000, 0x000000070bc00000, 0x000000070be00000|  0%| F|  |TAMS 0x000000070bc00000, 0x000000070bc00000| Untracked 
|  78|0x000000070be00000, 0x000000070be00000, 0x000000070c000000|  0%| F|  |TAMS 0x000000070be00000, 0x000000070be00000| Untracked 
|  79|0x000000070c000000, 0x000000070c000000, 0x000000070c200000|  0%| F|  |TAMS 0x000000070c000000, 0x000000070c000000| Untracked 
|  80|0x000000070c200000, 0x000000070c200000, 0x000000070c400000|  0%| F|  |TAMS 0x000000070c200000, 0x000000070c200000| Untracked 
|  81|0x000000070c400000, 0x000000070c400000, 0x000000070c600000|  0%| F|  |TAMS 0x000000070c400000, 0x000000070c400000| Untracked 
|  82|0x000000070c600000, 0x000000070c600000, 0x000000070c800000|  0%| F|  |TAMS 0x000000070c600000, 0x000000070c600000| Untracked 
|  83|0x000000070c800000, 0x000000070c800000, 0x000000070ca00000|  0%| F|  |TAMS 0x000000070c800000, 0x000000070c800000| Untracked 
|  84|0x000000070ca00000, 0x000000070ca00000, 0x000000070cc00000|  0%| F|  |TAMS 0x000000070ca00000, 0x000000070ca00000| Untracked 
|  85|0x000000070cc00000, 0x000000070cc00000, 0x000000070ce00000|  0%| F|  |TAMS 0x000000070cc00000, 0x000000070cc00000| Untracked 
|  86|0x000000070ce00000, 0x000000070ce00000, 0x000000070d000000|  0%| F|  |TAMS 0x000000070ce00000, 0x000000070ce00000| Untracked 
|  87|0x000000070d000000, 0x000000070d000000, 0x000000070d200000|  0%| F|  |TAMS 0x000000070d000000, 0x000000070d000000| Untracked 
|  88|0x000000070d200000, 0x000000070d200000, 0x000000070d400000|  0%| F|  |TAMS 0x000000070d200000, 0x000000070d200000| Untracked 
|  89|0x000000070d400000, 0x000000070d400000, 0x000000070d600000|  0%| F|  |TAMS 0x000000070d400000, 0x000000070d400000| Untracked 
|  90|0x000000070d600000, 0x000000070d600000, 0x000000070d800000|  0%| F|  |TAMS 0x000000070d600000, 0x000000070d600000| Untracked 
|  91|0x000000070d800000, 0x000000070d800000, 0x000000070da00000|  0%| F|  |TAMS 0x000000070d800000, 0x000000070d800000| Untracked 
|  92|0x000000070da00000, 0x000000070da00000, 0x000000070dc00000|  0%| F|  |TAMS 0x000000070da00000, 0x000000070da00000| Untracked 
|  93|0x000000070dc00000, 0x000000070dc00000, 0x000000070de00000|  0%| F|  |TAMS 0x000000070dc00000, 0x000000070dc00000| Untracked 
|  94|0x000000070de00000, 0x000000070de00000, 0x000000070e000000|  0%| F|  |TAMS 0x000000070de00000, 0x000000070de00000| Untracked 
|  95|0x000000070e000000, 0x000000070e000000, 0x000000070e200000|  0%| F|  |TAMS 0x000000070e000000, 0x000000070e000000| Untracked 
|  96|0x000000070e200000, 0x000000070e200000, 0x000000070e400000|  0%| F|  |TAMS 0x000000070e200000, 0x000000070e200000| Untracked 
|  97|0x000000070e400000, 0x000000070e400000, 0x000000070e600000|  0%| F|  |TAMS 0x000000070e400000, 0x000000070e400000| Untracked 
|  98|0x000000070e600000, 0x000000070e600000, 0x000000070e800000|  0%| F|  |TAMS 0x000000070e600000, 0x000000070e600000| Untracked 
|  99|0x000000070e800000, 0x000000070e800000, 0x000000070ea00000|  0%| F|  |TAMS 0x000000070e800000, 0x000000070e800000| Untracked 
| 100|0x000000070ea00000, 0x000000070ea00000, 0x000000070ec00000|  0%| F|  |TAMS 0x000000070ea00000, 0x000000070ea00000| Untracked 
| 101|0x000000070ec00000, 0x000000070ec00000, 0x000000070ee00000|  0%| F|  |TAMS 0x000000070ec00000, 0x000000070ec00000| Untracked 
| 102|0x000000070ee00000, 0x000000070ee00000, 0x000000070f000000|  0%| F|  |TAMS 0x000000070ee00000, 0x000000070ee00000| Untracked 
| 103|0x000000070f000000, 0x000000070f000000, 0x000000070f200000|  0%| F|  |TAMS 0x000000070f000000, 0x000000070f000000| Untracked 
| 104|0x000000070f200000, 0x000000070f200000, 0x000000070f400000|  0%| F|  |TAMS 0x000000070f200000, 0x000000070f200000| Untracked 
| 105|0x000000070f400000, 0x000000070f400000, 0x000000070f600000|  0%| F|  |TAMS 0x000000070f400000, 0x000000070f400000| Untracked 
| 106|0x000000070f600000, 0x000000070f600000, 0x000000070f800000|  0%| F|  |TAMS 0x000000070f600000, 0x000000070f600000| Untracked 
| 107|0x000000070f800000, 0x000000070f800000, 0x000000070fa00000|  0%| F|  |TAMS 0x000000070f800000, 0x000000070f800000| Untracked 
| 108|0x000000070fa00000, 0x000000070fa00000, 0x000000070fc00000|  0%| F|  |TAMS 0x000000070fa00000, 0x000000070fa00000| Untracked 
| 109|0x000000070fc00000, 0x000000070fc00000, 0x000000070fe00000|  0%| F|  |TAMS 0x000000070fc00000, 0x000000070fc00000| Untracked 
| 110|0x000000070fe00000, 0x000000070fe00000, 0x0000000710000000|  0%| F|  |TAMS 0x000000070fe00000, 0x000000070fe00000| Untracked 
| 111|0x0000000710000000, 0x0000000710000000, 0x0000000710200000|  0%| F|  |TAMS 0x0000000710000000, 0x0000000710000000| Untracked 
| 112|0x0000000710200000, 0x0000000710200000, 0x0000000710400000|  0%| F|  |TAMS 0x0000000710200000, 0x0000000710200000| Untracked 
| 113|0x0000000710400000, 0x0000000710400000, 0x0000000710600000|  0%| F|  |TAMS 0x0000000710400000, 0x0000000710400000| Untracked 
| 114|0x0000000710600000, 0x0000000710714a50, 0x0000000710800000| 54%| S|CS|TAMS 0x0000000710600000, 0x0000000710600000| Complete 
| 115|0x0000000710800000, 0x0000000710a00000, 0x0000000710a00000|100%| S|CS|TAMS 0x0000000710800000, 0x0000000710800000| Complete 
| 116|0x0000000710a00000, 0x0000000710a00000, 0x0000000710c00000|  0%| F|  |TAMS 0x0000000710a00000, 0x0000000710a00000| Untracked 
| 117|0x0000000710c00000, 0x0000000710c00000, 0x0000000710e00000|  0%| F|  |TAMS 0x0000000710c00000, 0x0000000710c00000| Untracked 
| 118|0x0000000710e00000, 0x0000000710e00000, 0x0000000711000000|  0%| F|  |TAMS 0x0000000710e00000, 0x0000000710e00000| Untracked 
| 119|0x0000000711000000, 0x0000000711000000, 0x0000000711200000|  0%| F|  |TAMS 0x0000000711000000, 0x0000000711000000| Untracked 
| 120|0x0000000711200000, 0x0000000711200000, 0x0000000711400000|  0%| F|  |TAMS 0x0000000711200000, 0x0000000711200000| Untracked 
| 121|0x0000000711400000, 0x0000000711400000, 0x0000000711600000|  0%| F|  |TAMS 0x0000000711400000, 0x0000000711400000| Untracked 
| 122|0x0000000711600000, 0x0000000711600000, 0x0000000711800000|  0%| F|  |TAMS 0x0000000711600000, 0x0000000711600000| Untracked 
| 123|0x0000000711800000, 0x0000000711800000, 0x0000000711a00000|  0%| F|  |TAMS 0x0000000711800000, 0x0000000711800000| Untracked 
| 124|0x0000000711a00000, 0x0000000711bebbb0, 0x0000000711c00000| 96%| E|  |TAMS 0x0000000711a00000, 0x0000000711a00000| Complete 
| 125|0x0000000711c00000, 0x0000000711e00000, 0x0000000711e00000|100%| E|  |TAMS 0x0000000711c00000, 0x0000000711c00000| Complete 
| 126|0x0000000711e00000, 0x0000000712000000, 0x0000000712000000|100%| E|CS|TAMS 0x0000000711e00000, 0x0000000711e00000| Complete 

Card table byte_map: [0x000001e75af50000,0x000001e75b740000] _byte_map_base: 0x000001e75773f000

Marking Bits (Prev, Next): (CMBitMap*) 0x000001e747baf900, (CMBitMap*) 0x000001e747baf940
 Prev Bits: [0x000001e75bf30000, 0x000001e75fea8000)
 Next Bits: [0x000001e75feb0000, 0x000001e763e28000)

Polling page: 0x000001e745af0000

Metaspace:

Usage:
  Non-class:     11.83 MB used.
      Class:      1.00 MB used.
       Both:     12.83 MB used.

Virtual space:
  Non-class space:       16.00 MB reserved,      11.88 MB ( 74%) committed,  2 nodes.
      Class space:        1.00 GB reserved,       1.06 MB ( <1%) committed,  1 nodes.
             Both:        1.02 GB reserved,      12.94 MB (  1%) committed. 

Chunk freelists:
   Non-Class:  128.00 KB
       Class:  2.97 MB
        Both:  3.09 MB

MaxMetaspaceSize: unlimited
CompressedClassSpaceSize: 1.00 GB
Initial GC threshold: 21.00 MB
Current GC threshold: 21.00 MB
CDS: off
MetaspaceReclaimPolicy: balanced
 - commit_granule_bytes: 65536.
 - commit_granule_words: 8192.
 - virtual_space_node_default_size: 1048576.
 - enlarge_chunks_in_place: 1.
 - new_chunks_are_fully_committed: 0.
 - uncommit_free_chunks: 1.
 - use_allocation_guard: 0.
 - handle_deallocations: 1.


Internal statistics:

num_allocs_failed_limit: 0.
num_arena_births: 66.
num_arena_deaths: 0.
num_vsnodes_births: 3.
num_vsnodes_deaths: 0.
num_space_committed: 205.
num_space_uncommitted: 0.
num_chunks_returned_to_freelist: 0.
num_chunks_taken_from_freelist: 250.
num_chunk_merges: 0.
num_chunk_splits: 176.
num_chunks_enlarged: 147.
num_purges: 0.
num_inconsistent_stats: 0.

CodeHeap 'non-profiled nmethods': size=120000Kb used=675Kb max_used=675Kb free=119324Kb
 bounds [0x000001e752cd0000, 0x000001e752f40000, 0x000001e75a200000]
CodeHeap 'profiled nmethods': size=120000Kb used=2614Kb max_used=2614Kb free=117385Kb
 bounds [0x000001e74b7a0000, 0x000001e74ba30000, 0x000001e752cd0000]
CodeHeap 'non-nmethods': size=5760Kb used=1629Kb max_used=1680Kb free=4130Kb
 bounds [0x000001e74b200000, 0x000001e74b470000, 0x000001e74b7a0000]
 total_blobs=2586 nmethods=1519 adapters=980
 compilation: enabled
              stopped_count=0, restarted_count=0
 full_count=0

Compilation events (20 events):
Event: 12.706 Thread 0x000001e76748dd80 1510       3       java.nio.charset.CharsetDecoder::implReplaceWith (1 bytes)
Event: 12.706 Thread 0x000001e76748dd80 nmethod 1510 0x000001e74ba2b010 code [0x000001e74ba2b1a0, 0x000001e74ba2b2b8]
Event: 12.713 Thread 0x000001e76748dd80 1511       3       jdk.internal.loader.URLClassPath::findResource (38 bytes)
Event: 12.713 Thread 0x000001e76748dd80 nmethod 1511 0x000001e74ba2b390 code [0x000001e74ba2b560, 0x000001e74ba2b8b8]
Event: 12.718 Thread 0x000001e76748dd80 1512  s    3       java.io.FileDescriptor::close (9 bytes)
Event: 12.718 Thread 0x000001e76748dd80 nmethod 1512 0x000001e74ba2ba10 code [0x000001e74ba2bbe0, 0x000001e74ba2c038]
Event: 12.718 Thread 0x000001e76748dd80 1513  s    3       java.io.FileDescriptor::unregisterCleanup (20 bytes)
Event: 12.718 Thread 0x000001e76748dd80 nmethod 1513 0x000001e74ba2c190 code [0x000001e74ba2c340, 0x000001e74ba2c648]
Event: 12.722 Thread 0x000001e76748acd0 1514       4       com.badlogic.gdx.graphics.Texture::getWidth (10 bytes)
Event: 12.722 Thread 0x000001e76748acd0 nmethod 1514 0x000001e752d78710 code [0x000001e752d78880, 0x000001e752d78938]
Event: 12.725 Thread 0x000001e76748acd0 1515       4       com.badlogic.gdx.graphics.Texture::getHeight (10 bytes)
Event: 12.726 Thread 0x000001e76748acd0 nmethod 1515 0x000001e752d78a10 code [0x000001e752d78b80, 0x000001e752d78c38]
Event: 12.731 Thread 0x000001e76748dd80 1516       3       java.nio.charset.CharsetDecoder::onMalformedInput (26 bytes)
Event: 12.731 Thread 0x000001e76748dd80 nmethod 1516 0x000001e74ba2c710 code [0x000001e74ba2c8c0, 0x000001e74ba2cc28]
Event: 12.731 Thread 0x000001e76748dd80 1517       3       java.nio.charset.CharsetDecoder::implOnMalformedInput (1 bytes)
Event: 12.731 Thread 0x000001e76748dd80 nmethod 1517 0x000001e74ba2cd10 code [0x000001e74ba2cea0, 0x000001e74ba2cfb8]
Event: 12.742 Thread 0x000001e76748dd80 1518       3       java.lang.Float::parseFloat (5 bytes)
Event: 12.742 Thread 0x000001e76748dd80 nmethod 1518 0x000001e74ba2d090 code [0x000001e74ba2d240, 0x000001e74ba2d478]
Event: 12.742 Thread 0x000001e76748dd80 1519       3       jdk.internal.math.FloatingDecimal::parseFloat (10 bytes)
Event: 12.742 Thread 0x000001e76748dd80 nmethod 1519 0x000001e74ba2d590 code [0x000001e74ba2d740, 0x000001e74ba2d918]

GC Heap History (2 events):
Event: 2.532 GC heap before
{Heap before GC invocations=0 (full 0):
 garbage-first heap   total 260096K, used 26624K [0x0000000702200000, 0x0000000800000000)
  region size 2048K, 11 young (22528K), 0 survivors (0K)
 Metaspace       used 12798K, committed 12992K, reserved 1064960K
  class space    used 1014K, committed 1088K, reserved 1048576K
}
Event: 2.534 GC heap after
{Heap after GC invocations=1 (full 0):
 garbage-first heap   total 260096K, used 3154K [0x0000000702200000, 0x0000000800000000)
  region size 2048K, 2 young (4096K), 2 survivors (4096K)
 Metaspace       used 12798K, committed 12992K, reserved 1064960K
  class space    used 1014K, committed 1088K, reserved 1048576K
}

Deoptimization events (20 events):
Event: 0.782 Thread 0x000001e747b3c650 DEOPT PACKING pc=0x000001e752d17654 sp=0x000000ce26dfe010
Event: 0.782 Thread 0x000001e747b3c650 DEOPT UNPACKING pc=0x000001e74b2523a3 sp=0x000000ce26dfdf20 mode 2
Event: 1.138 Thread 0x000001e747b3c650 DEOPT PACKING pc=0x000001e74b9276fe sp=0x000000ce26dff1e0
Event: 1.138 Thread 0x000001e747b3c650 DEOPT UNPACKING pc=0x000001e74b252b43 sp=0x000000ce26dfe728 mode 0
Event: 2.126 Thread 0x000001e747b3c650 Uncommon trap: trap_request=0xffffff45 fr.pc=0x000001e752d09fe4 relative=0x0000000000000104
Event: 2.126 Thread 0x000001e747b3c650 Uncommon trap: reason=unstable_if action=reinterpret pc=0x000001e752d09fe4 method=java.io.WinNTFileSystem.normalize(Ljava/lang/String;)Ljava/lang/String; @ 74 c2
Event: 2.126 Thread 0x000001e747b3c650 DEOPT PACKING pc=0x000001e752d09fe4 sp=0x000000ce26dfee40
Event: 2.126 Thread 0x000001e747b3c650 DEOPT UNPACKING pc=0x000001e74b2523a3 sp=0x000000ce26dfee18 mode 2
Event: 2.372 Thread 0x000001e747b3c650 Uncommon trap: trap_request=0xffffff45 fr.pc=0x000001e752d24250 relative=0x00000000000001b0
Event: 2.372 Thread 0x000001e747b3c650 Uncommon trap: reason=unstable_if action=reinterpret pc=0x000001e752d24250 method=com.badlogic.gdx.utils.Array.add(Ljava/lang/Object;)V @ 11 c2
Event: 2.372 Thread 0x000001e747b3c650 DEOPT PACKING pc=0x000001e752d24250 sp=0x000000ce26dfed50
Event: 2.373 Thread 0x000001e747b3c650 DEOPT UNPACKING pc=0x000001e74b2523a3 sp=0x000000ce26dfed10 mode 2
Event: 10.261 Thread 0x000001e747b3c650 Uncommon trap: trap_request=0x00000127 fr.pc=0x000001e752d6b318 relative=0x0000000000000db8
Event: 10.261 Thread 0x000001e747b3c650 Uncommon trap: reason=unloaded action=reinterpret pc=0x000001e752d6b318 method=Patrones.Level.update(F)V @ 121 c2
Event: 10.266 Thread 0x000001e747b3c650 DEOPT PACKING pc=0x000001e752d6b318 sp=0x000000ce26dff170
Event: 10.266 Thread 0x000001e747b3c650 DEOPT UNPACKING pc=0x000001e74b2523a3 sp=0x000000ce26dff130 mode 2
Event: 10.283 Thread 0x000001e747b3c650 Uncommon trap: trap_request=0xffffffd6 fr.pc=0x000001e752d396b4 relative=0x00000000000001f4
Event: 10.283 Thread 0x000001e747b3c650 Uncommon trap: reason=array_check action=maybe_recompile pc=0x000001e752d396b4 method=com.badlogic.gdx.utils.Array.add(Ljava/lang/Object;)V @ 46 c2
Event: 10.283 Thread 0x000001e747b3c650 DEOPT PACKING pc=0x000001e752d396b4 sp=0x000000ce26dff010
Event: 10.283 Thread 0x000001e747b3c650 DEOPT UNPACKING pc=0x000001e74b2523a3 sp=0x000000ce26dfefb8 mode 2

Classes unloaded (0 events):
No events

Classes redefined (0 events):
No events

Internal exceptions (20 events):
Event: 0.247 Thread 0x000001e747b3c650 Exception <a 'java/lang/NoSuchMethodError'{0x00000007118c9470}: 'int java.lang.invoke.DirectMethodHandle$Holder.invokeSpecial(java.lang.Object, java.lang.Object, java.lang.Object)'> (0x00000007118c9470) 
thrown [s\src\hotspot\share\interpreter\linkResolver.cpp, line 759]
Event: 0.270 Thread 0x000001e747b3c650 Exception <a 'sun/nio/fs/WindowsException'{0x000000071196ca40}> (0x000000071196ca40) 
thrown [s\src\hotspot\share\prims\jni.cpp, line 516]
Event: 0.270 Thread 0x000001e747b3c650 Exception <a 'sun/nio/fs/WindowsException'{0x000000071196cf90}> (0x000000071196cf90) 
thrown [s\src\hotspot\share\prims\jni.cpp, line 516]
Event: 0.280 Thread 0x000001e747b3c650 Exception <a 'java/lang/NoSuchMethodError'{0x00000007119b0750}: 'int java.lang.invoke.DirectMethodHandle$Holder.invokeStaticInit(java.lang.Object, java.lang.Object, int, long)'> (0x00000007119b0750) 
thrown [s\src\hotspot\share\interpreter\linkResolver.cpp, line 759]
Event: 0.280 Thread 0x000001e747b3c650 Exception <a 'java/lang/NoSuchMethodError'{0x00000007119b6018}: 'java.lang.Object java.lang.invoke.DirectMethodHandle$Holder.newInvokeSpecial(java.lang.Object, java.lang.Object, int)'> (0x00000007119b6018) 
thrown [s\src\hotspot\share\interpreter\linkResolver.cpp, line 759]
Event: 0.282 Thread 0x000001e747b3c650 Exception <a 'java/lang/NoSuchMethodError'{0x00000007119cb180}: 'int java.lang.invoke.DirectMethodHandle$Holder.invokeStaticInit(java.lang.Object, java.lang.Object, long, long)'> (0x00000007119cb180) 
thrown [s\src\hotspot\share\interpreter\linkResolver.cpp, line 759]
Event: 0.283 Thread 0x000001e747b3c650 Exception <a 'java/lang/NoSuchMethodError'{0x00000007119d1290}: 'java.lang.Object java.lang.invoke.DirectMethodHandle$Holder.newInvokeSpecial(java.lang.Object, java.lang.Object, long)'> (0x00000007119d1290) 
thrown [s\src\hotspot\share\interpreter\linkResolver.cpp, line 759]
Event: 0.283 Thread 0x000001e747b3c650 Exception <a 'java/lang/NoSuchMethodError'{0x00000007119d52d8}: 'java.lang.Object java.lang.invoke.Invokers$Holder.linkToTargetMethod(java.lang.Object, long, java.lang.Object)'> (0x00000007119d52d8) 
thrown [s\src\hotspot\share\interpreter\linkResolver.cpp, line 759]
Event: 0.284 Thread 0x000001e747b3c650 Exception <a 'java/lang/NoSuchMethodError'{0x00000007119dccf0}: 'int java.lang.invoke.DirectMethodHandle$Holder.invokeStaticInit(java.lang.Object, java.lang.Object, java.lang.Object, long)'> (0x00000007119dccf0) 
thrown [s\src\hotspot\share\interpreter\linkResolver.cpp, line 759]
Event: 0.301 Thread 0x000001e747b3c650 Exception <a 'sun/nio/fs/WindowsException'{0x0000000711699be8}> (0x0000000711699be8) 
thrown [s\src\hotspot\share\prims\jni.cpp, line 516]
Event: 0.301 Thread 0x000001e747b3c650 Exception <a 'sun/nio/fs/WindowsException'{0x0000000711699f78}> (0x0000000711699f78) 
thrown [s\src\hotspot\share\prims\jni.cpp, line 516]
Event: 0.319 Thread 0x000001e747b3c650 Exception <a 'sun/nio/fs/WindowsException'{0x000000071175d988}> (0x000000071175d988) 
thrown [s\src\hotspot\share\prims\jni.cpp, line 516]
Event: 0.319 Thread 0x000001e747b3c650 Exception <a 'sun/nio/fs/WindowsException'{0x000000071175dce8}> (0x000000071175dce8) 
thrown [s\src\hotspot\share\prims\jni.cpp, line 516]
Event: 0.354 Thread 0x000001e747b3c650 Exception <a 'sun/nio/fs/WindowsException'{0x00000007117f9550}> (0x00000007117f9550) 
thrown [s\src\hotspot\share\prims\jni.cpp, line 516]
Event: 0.354 Thread 0x000001e747b3c650 Exception <a 'sun/nio/fs/WindowsException'{0x00000007117f98d0}> (0x00000007117f98d0) 
thrown [s\src\hotspot\share\prims\jni.cpp, line 516]
Event: 0.387 Thread 0x000001e747b3c650 Exception <a 'java/lang/NoSuchMethodError'{0x0000000711448770}: 'java.lang.Object java.lang.invoke.DirectMethodHandle$Holder.newInvokeSpecial(java.lang.Object, long)'> (0x0000000711448770) 
thrown [s\src\hotspot\share\interpreter\linkResolver.cpp, line 759]
Event: 0.552 Thread 0x000001e747b3c650 Exception <a 'sun/nio/fs/WindowsException'{0x0000000711585d60}> (0x0000000711585d60) 
thrown [s\src\hotspot\share\prims\jni.cpp, line 516]
Event: 0.552 Thread 0x000001e747b3c650 Exception <a 'sun/nio/fs/WindowsException'{0x0000000711586108}> (0x0000000711586108) 
thrown [s\src\hotspot\share\prims\jni.cpp, line 516]
Event: 0.557 Thread 0x000001e747b3c650 Exception <a 'sun/nio/fs/WindowsException'{0x0000000711596470}> (0x0000000711596470) 
thrown [s\src\hotspot\share\prims\jni.cpp, line 516]
Event: 0.557 Thread 0x000001e747b3c650 Exception <a 'sun/nio/fs/WindowsException'{0x0000000711596750}> (0x0000000711596750) 
thrown [s\src\hotspot\share\prims\jni.cpp, line 516]

VM Operations (20 events):
Event: 2.532 Executing VM operation: G1CollectForAllocation
Event: 2.534 Executing VM operation: G1CollectForAllocation done
Event: 2.537 Executing VM operation: HandshakeAllThreads
Event: 2.537 Executing VM operation: HandshakeAllThreads done
Event: 2.538 Executing VM operation: HandshakeAllThreads
Event: 2.538 Executing VM operation: HandshakeAllThreads done
Event: 3.538 Executing VM operation: Cleanup
Event: 3.538 Executing VM operation: Cleanup done
Event: 4.538 Executing VM operation: Cleanup
Event: 4.538 Executing VM operation: Cleanup done
Event: 5.538 Executing VM operation: Cleanup
Event: 5.538 Executing VM operation: Cleanup done
Event: 6.539 Executing VM operation: Cleanup
Event: 6.539 Executing VM operation: Cleanup done
Event: 8.540 Executing VM operation: Cleanup
Event: 8.540 Executing VM operation: Cleanup done
Event: 10.540 Executing VM operation: Cleanup
Event: 10.540 Executing VM operation: Cleanup done
Event: 11.540 Executing VM operation: Cleanup
Event: 11.540 Executing VM operation: Cleanup done

Events (20 events):
Event: 0.997 Thread 0x000001e769ea0200 Thread exited: 0x000001e769ea0200
Event: 1.976 loading class java/io/FileReader
Event: 1.976 loading class java/io/FileReader done
Event: 1.989 Loaded shared library C:\Users\matia\AppData\Local\Temp\libgdxmatia\888fe1bc\gdx-box2d64.dll
Event: 2.114 loading class jdk/internal/math/FloatingDecimal
Event: 2.114 loading class jdk/internal/math/FloatingDecimal done
Event: 2.114 loading class jdk/internal/math/FloatingDecimal$ExceptionalBinaryToASCIIBuffer
Event: 2.114 loading class jdk/internal/math/FloatingDecimal$BinaryToASCIIConverter
Event: 2.114 loading class jdk/internal/math/FloatingDecimal$BinaryToASCIIConverter done
Event: 2.114 loading class jdk/internal/math/FloatingDecimal$ExceptionalBinaryToASCIIBuffer done
Event: 2.114 loading class jdk/internal/math/FloatingDecimal$BinaryToASCIIBuffer
Event: 2.114 loading class jdk/internal/math/FloatingDecimal$BinaryToASCIIBuffer done
Event: 2.114 loading class jdk/internal/math/FloatingDecimal$1
Event: 2.114 loading class jdk/internal/math/FloatingDecimal$1 done
Event: 2.114 loading class jdk/internal/math/FloatingDecimal$PreparedASCIIToBinaryBuffer
Event: 2.114 loading class jdk/internal/math/FloatingDecimal$ASCIIToBinaryConverter
Event: 2.114 loading class jdk/internal/math/FloatingDecimal$ASCIIToBinaryConverter done
Event: 2.114 loading class jdk/internal/math/FloatingDecimal$PreparedASCIIToBinaryBuffer done
Event: 2.114 loading class jdk/internal/math/FloatingDecimal$ASCIIToBinaryBuffer
Event: 2.114 loading class jdk/internal/math/FloatingDecimal$ASCIIToBinaryBuffer done


Dynamic libraries:
0x00007ff791560000 - 0x00007ff79156e000 	C:\Users\matia\.p2\pool\plugins\org.eclipse.justj.openjdk.hotspot.jre.full.win32.x86_64_17.0.4.v20220805-1047\jre\bin\javaw.exe
0x00007ffaeb470000 - 0x00007ffaeb668000 	C:\Windows\SYSTEM32\ntdll.dll
0x00007ffae9640000 - 0x00007ffae96ff000 	C:\Windows\System32\KERNEL32.DLL
0x00007ffae8c50000 - 0x00007ffae8f22000 	C:\Windows\System32\KERNELBASE.dll
0x00007ffae8f60000 - 0x00007ffae9060000 	C:\Windows\System32\ucrtbase.dll
0x00007ffae4190000 - 0x00007ffae41a9000 	C:\Users\matia\.p2\pool\plugins\org.eclipse.justj.openjdk.hotspot.jre.full.win32.x86_64_17.0.4.v20220805-1047\jre\bin\VCRUNTIME140.dll
0x00007ffae4850000 - 0x00007ffae4868000 	C:\Users\matia\.p2\pool\plugins\org.eclipse.justj.openjdk.hotspot.jre.full.win32.x86_64_17.0.4.v20220805-1047\jre\bin\jli.dll
0x00007ffae9c70000 - 0x00007ffae9e0d000 	C:\Windows\System32\USER32.dll
0x00007ffad30e0000 - 0x00007ffad337a000 	C:\Windows\WinSxS\amd64_microsoft.windows.common-controls_6595b64144ccf1df_6.0.19041.1110_none_60b5254171f9507e\COMCTL32.dll
0x00007ffae8f30000 - 0x00007ffae8f52000 	C:\Windows\System32\win32u.dll
0x00007ffaeb330000 - 0x00007ffaeb3ce000 	C:\Windows\System32\msvcrt.dll
0x00007ffae9b60000 - 0x00007ffae9b8b000 	C:\Windows\System32\GDI32.dll
0x00007ffae90d0000 - 0x00007ffae91df000 	C:\Windows\System32\gdi32full.dll
0x00007ffae9290000 - 0x00007ffae932d000 	C:\Windows\System32\msvcp_win.dll
0x00007ffae9b90000 - 0x00007ffae9bc2000 	C:\Windows\System32\IMM32.DLL
0x00007ffae4420000 - 0x00007ffae442c000 	C:\Users\matia\.p2\pool\plugins\org.eclipse.justj.openjdk.hotspot.jre.full.win32.x86_64_17.0.4.v20220805-1047\jre\bin\vcruntime140_1.dll
0x00007ffac6dd0000 - 0x00007ffac6e61000 	C:\Users\matia\.p2\pool\plugins\org.eclipse.justj.openjdk.hotspot.jre.full.win32.x86_64_17.0.4.v20220805-1047\jre\bin\msvcp140.dll
0x00007ffa65850000 - 0x00007ffa66496000 	C:\Users\matia\.p2\pool\plugins\org.eclipse.justj.openjdk.hotspot.jre.full.win32.x86_64_17.0.4.v20220805-1047\jre\bin\server\jvm.dll
0x00007ffae9590000 - 0x00007ffae963e000 	C:\Windows\System32\ADVAPI32.dll
0x00007ffae9bd0000 - 0x00007ffae9c6c000 	C:\Windows\System32\sechost.dll
0x00007ffaea420000 - 0x00007ffaea545000 	C:\Windows\System32\RPCRT4.dll
0x00007ffaea110000 - 0x00007ffaea118000 	C:\Windows\System32\PSAPI.DLL
0x00007ffae4160000 - 0x00007ffae4169000 	C:\Windows\SYSTEM32\WSOCK32.dll
0x00007ffae06b0000 - 0x00007ffae06d7000 	C:\Windows\SYSTEM32\WINMM.dll
0x00007ffae1200000 - 0x00007ffae120a000 	C:\Windows\SYSTEM32\VERSION.dll
0x00007ffae9e10000 - 0x00007ffae9e7b000 	C:\Windows\System32\WS2_32.dll
0x00007ffae6a50000 - 0x00007ffae6a62000 	C:\Windows\SYSTEM32\kernel.appcore.dll
0x00007ffae4800000 - 0x00007ffae480a000 	C:\Users\matia\.p2\pool\plugins\org.eclipse.justj.openjdk.hotspot.jre.full.win32.x86_64_17.0.4.v20220805-1047\jre\bin\jimage.dll
0x00007ffad7150000 - 0x00007ffad7334000 	C:\Windows\SYSTEM32\DBGHELP.DLL
0x00007ffad6bc0000 - 0x00007ffad6bec000 	C:\Windows\SYSTEM32\dbgcore.DLL
0x00007ffae8b70000 - 0x00007ffae8bf2000 	C:\Windows\System32\bcryptPrimitives.dll
0x00007ffac8070000 - 0x00007ffac8095000 	C:\Users\matia\.p2\pool\plugins\org.eclipse.justj.openjdk.hotspot.jre.full.win32.x86_64_17.0.4.v20220805-1047\jre\bin\java.dll
0x00007ffae4220000 - 0x00007ffae4238000 	C:\Users\matia\.p2\pool\plugins\org.eclipse.justj.openjdk.hotspot.jre.full.win32.x86_64_17.0.4.v20220805-1047\jre\bin\zip.dll
0x00007ffaea9d0000 - 0x00007ffaeb113000 	C:\Windows\System32\SHELL32.dll
0x00007ffae6c50000 - 0x00007ffae73e2000 	C:\Windows\SYSTEM32\windows.storage.dll
0x00007ffae9760000 - 0x00007ffae9ab4000 	C:\Windows\System32\combase.dll
0x00007ffae85d0000 - 0x00007ffae8600000 	C:\Windows\SYSTEM32\Wldp.dll
0x00007ffae9f00000 - 0x00007ffae9fad000 	C:\Windows\System32\SHCORE.dll
0x00007ffaeb3d0000 - 0x00007ffaeb425000 	C:\Windows\System32\shlwapi.dll
0x00007ffae8ab0000 - 0x00007ffae8acf000 	C:\Windows\SYSTEM32\profapi.dll
0x00007ffae3bf0000 - 0x00007ffae3c09000 	C:\Users\matia\.p2\pool\plugins\org.eclipse.justj.openjdk.hotspot.jre.full.win32.x86_64_17.0.4.v20220805-1047\jre\bin\net.dll
0x00007ffad9f20000 - 0x00007ffada02c000 	C:\Windows\SYSTEM32\WINHTTP.dll
0x00007ffae8330000 - 0x00007ffae839a000 	C:\Windows\system32\mswsock.dll
0x00007ffac6f50000 - 0x00007ffac6f65000 	C:\Users\matia\.p2\pool\plugins\org.eclipse.justj.openjdk.hotspot.jre.full.win32.x86_64_17.0.4.v20220805-1047\jre\bin\nio.dll
0x0000000067a30000 - 0x0000000067a59000 	C:\Users\matia\AppData\Local\Temp\libgdxmatia\e787ab0a\gdx64.dll
0x00007ffaba0c0000 - 0x00007ffaba135000 	C:\Users\matia\AppData\Local\Temp\lwjglmatia\3.3.1-build-7\lwjgl.dll
0x00007ffa764c0000 - 0x00007ffa76719000 	C:\Users\matia\AppData\Local\Temp\lwjglmatia\3.3.1-build-7\jemalloc.dll
0x00007ffac4d10000 - 0x00007ffac4d71000 	C:\Users\matia\AppData\Local\Temp\lwjglmatia\3.3.1-build-7\glfw.dll
0x00007ffac6b90000 - 0x00007ffac6bd5000 	C:\Windows\SYSTEM32\dinput8.dll
0x00007ffa75ec0000 - 0x00007ffa75ed1000 	C:\Windows\SYSTEM32\xinput1_4.dll
0x00007ffae8c00000 - 0x00007ffae8c4e000 	C:\Windows\System32\cfgmgr32.dll
0x00007ffae8920000 - 0x00007ffae894c000 	C:\Windows\SYSTEM32\DEVOBJ.dll
0x00007ffae6760000 - 0x00007ffae678f000 	C:\Windows\SYSTEM32\dwmapi.dll
0x00007ffac7050000 - 0x00007ffac71a2000 	C:\Windows\SYSTEM32\inputhost.dll
0x00007ffae94c0000 - 0x00007ffae958d000 	C:\Windows\System32\OLEAUT32.dll
0x00007ffae6080000 - 0x00007ffae6172000 	C:\Windows\SYSTEM32\CoreMessaging.dll
0x00007ffae4570000 - 0x00007ffae4666000 	C:\Windows\SYSTEM32\PROPSYS.dll
0x00007ffae5650000 - 0x00007ffae57a4000 	C:\Windows\SYSTEM32\wintypes.dll
0x00007ffae5d20000 - 0x00007ffae607e000 	C:\Windows\SYSTEM32\CoreUIComponents.dll
0x00007ffae7d20000 - 0x00007ffae7d53000 	C:\Windows\SYSTEM32\ntmarta.dll
0x00007ffae6580000 - 0x00007ffae661e000 	C:\Windows\system32\uxtheme.dll
0x00007ffaea300000 - 0x00007ffaea415000 	C:\Windows\System32\MSCTF.dll
0x00007ffaad000000 - 0x00007ffaad197000 	C:\Users\matia\AppData\Local\Temp\lwjglmatia\3.3.1-build-7\OpenAL.dll
0x00007ffaea120000 - 0x00007ffaea24a000 	C:\Windows\System32\ole32.dll
0x00007ffaea250000 - 0x00007ffaea2ff000 	C:\Windows\System32\clbcatq.dll
0x00007ffae2a20000 - 0x00007ffae2aa5000 	C:\Windows\System32\MMDevApi.dll
0x00007ffae2d50000 - 0x00007ffae2ed2000 	C:\Windows\SYSTEM32\AUDIOSES.DLL
0x00007ffae80f0000 - 0x00007ffae813b000 	C:\Windows\SYSTEM32\powrprof.dll
0x00007ffae7fb0000 - 0x00007ffae7fc2000 	C:\Windows\SYSTEM32\UMPDC.dll
0x00007ffae6660000 - 0x00007ffae6674000 	C:\Windows\SYSTEM32\resourcepolicyclient.dll
0x00007ffac7db0000 - 0x00007ffac7ed5000 	C:\Windows\SYSTEM32\opengl32.dll
0x00007ffaca390000 - 0x00007ffaca3bc000 	C:\Windows\SYSTEM32\GLU32.dll
0x00007ffae2ee0000 - 0x00007ffae2fd7000 	C:\Windows\System32\AppXDeploymentClient.dll
0x00007ffa5d4b0000 - 0x00007ffa60de1000 	C:\Windows\System32\DriverStore\FileRepository\nv_dispi.inf_amd64_009debfbd2e1619b\nvoglv64.dll
0x00007ffaea550000 - 0x00007ffaea9b8000 	C:\Windows\System32\SETUPAPI.dll
0x00007ffae9330000 - 0x00007ffae9357000 	C:\Windows\System32\bcrypt.dll
0x00007ffae4700000 - 0x00007ffae4714000 	C:\Windows\SYSTEM32\WTSAPI32.dll
0x00007ffae8760000 - 0x00007ffae8772000 	C:\Windows\SYSTEM32\msasn1.dll
0x00007ffae1230000 - 0x00007ffae1261000 	C:\Windows\SYSTEM32\cryptnet.dll
0x00007ffae9360000 - 0x00007ffae94b6000 	C:\Windows\System32\CRYPT32.dll
0x00007ffae0d60000 - 0x00007ffae0ea8000 	C:\Windows\SYSTEM32\drvstore.dll
0x00007ffae8540000 - 0x00007ffae854c000 	C:\Windows\SYSTEM32\cryptbase.dll
0x00007ffae9060000 - 0x00007ffae90ca000 	C:\Windows\System32\WINTRUST.dll
0x00007ffadf0f0000 - 0x00007ffadf12b000 	C:\Windows\SYSTEM32\dxcore.dll
0x00007ffa6a510000 - 0x00007ffa6a7df000 	C:\Windows\system32\nvspcap64.dll
0x00007ffae7870000 - 0x00007ffae78d4000 	C:\Windows\SYSTEM32\WINSTA.dll
0x00007ffac4b70000 - 0x00007ffac4bcd000 	C:\Users\matia\AppData\Local\Temp\lwjglmatia\3.3.1-build-7\lwjgl_opengl.dll
0x00007ffac4880000 - 0x00007ffac4979000 	C:\Windows\SYSTEM32\textinputframework.dll
0x00007ffad3070000 - 0x00007ffad30d6000 	C:\Windows\system32\Oleacc.dll
0x00000000679d0000 - 0x0000000067a2a000 	C:\Users\matia\AppData\Local\Temp\libgdxmatia\888fe1bc\gdx-box2d64.dll

dbghelp: loaded successfully - version: 4.0.5 - missing functions: none
symbol engine: initialized successfully - sym options: 0x614 - pdb path: .;C:\Users\matia\.p2\pool\plugins\org.eclipse.justj.openjdk.hotspot.jre.full.win32.x86_64_17.0.4.v20220805-1047\jre\bin;C:\Windows\SYSTEM32;C:\Windows\WinSxS\amd64_microsoft.windows.common-controls_6595b64144ccf1df_6.0.19041.1110_none_60b5254171f9507e;C:\Users\matia\.p2\pool\plugins\org.eclipse.justj.openjdk.hotspot.jre.full.win32.x86_64_17.0.4.v20220805-1047\jre\bin\server;C:\Users\matia\AppData\Local\Temp\libgdxmatia\e787ab0a;C:\Users\matia\AppData\Local\Temp\lwjglmatia\3.3.1-build-7;C:\Windows\System32\DriverStore\FileRepository\nv_dispi.inf_amd64_009debfbd2e1619b;C:\Users\matia\AppData\Local\Temp\libgdxmatia\888fe1bc

VM Arguments:
jvm_args: -Dfile.encoding=UTF-8 -XX:+ShowCodeDetailsInExceptionMessages 
java_command: com.mygdx.game.DesktopLauncher
java_class_path (initial): G:\Mi unidad\PUCV\2do año\4to Semestre\Programación Avanzada\Jimbo Adventures, El origen (Beta)\desktop\bin\main;\Jimbo Adventures, El origen-core\bin\default;G:\Mi unidad\PUCV\2do año\4to Semestre\Programación Avanzada\Jimbo Adventures, El origen (Beta)\core\bin\main;C:\Users\matia\.gradle\caches\modules-2\files-2.1\com.badlogicgames.gdx\gdx-backend-lwjgl3\1.11.0\58a96db4cd349be4292d547856aa1e1c5f065f4e\gdx-backend-lwjgl3-1.11.0.jar;C:\Users\matia\.gradle\caches\modules-2\files-2.1\com.badlogicgames.gdx\gdx-platform\1.11.0\697fb13eada6d3c6ca648c9788692b0159add126\gdx-platform-1.11.0-natives-desktop.jar;C:\Users\matia\.gradle\caches\modules-2\files-2.1\com.badlogicgames.gdx\gdx-box2d-platform\1.11.0\62ff9baa1e57a11e0a4428a38c9660bf9f312fdc\gdx-box2d-platform-1.11.0-natives-desktop.jar;C:\Users\matia\.gradle\caches\modules-2\files-2.1\com.badlogicgames.gdx\gdx-bullet-platform\1.11.0\2c067b913a306ba26d482075297538ad91cdb88b\gdx-bullet-platform-1.11.0-natives-desktop.jar;C:\Users\matia\.gradle\caches\modules-2\files-2.1\com.badlogicgames.gdx\gdx-box2d\1.11.0\ad4facee800dd945d6d6e93dea2936bc135b5f\gdx-box2d-1.11.0.jar;C:\Users\matia\.gradle\caches\modules-2\files-2.1\com.badlogicgames.gdx\gdx-bullet\1.11.0\1eb83845fa655e7e8ab6bbb979d28b0502ad3302\gdx-bullet-1.11.0.jar;C:\Users\matia\.gradle\caches\modules-2\files-2.1\com.badlogicgames.gdx\gdx\1.11.0\ffe1206d1004cd9e40027e28964be0fea0399af7\gdx-1.11.0.jar;C:\Users\matia\.gradle\caches\modules-2\files-2.1\org.lwjgl\lwjgl-glfw\3.3.1\cbac1b8d30cb4795149c1ef540f912671a8616d0\lwjgl-glfw-3.3.1.jar;C:\Users\matia\.gradle\caches\modules-2\files-2.1\org.lwjgl\lwjgl-glfw\3.3.1\81716978214ecbda15050ca394b06ef61501a49e\lwjgl-glfw-3.3.1-natives-linux.jar;C:\Users\matia\.gradle\caches\modules-2\files-2.1\org.lwjgl\lwjgl-glfw\3.3.1\816d935933f2dd743074c4e717cc25b55720f294\lwjgl-glfw-3.3.1-natives-linux-arm32.jar;C:\Users\matia\.gradle\caches\modules-2\files-2.1\org.lwjgl\lwjgl-glfw\3.3.1\513eb39b866d0fe131a
Launcher Type: SUN_STANDARD

[Global flags]
     intx CICompilerCount                          = 4                                         {product} {ergonomic}
     uint ConcGCThreads                            = 3                                         {product} {ergonomic}
     uint G1ConcRefinementThreads                  = 10                                        {product} {ergonomic}
   size_t G1HeapRegionSize                         = 2097152                                   {product} {ergonomic}
    uintx GCDrainStackTargetSize                   = 64                                        {product} {ergonomic}
   size_t InitialHeapSize                          = 266338304                                 {product} {ergonomic}
   size_t MarkStackSize                            = 4194304                                   {product} {ergonomic}
   size_t MaxHeapSize                              = 4259315712                                {product} {ergonomic}
   size_t MaxNewSize                               = 2554331136                                {product} {ergonomic}
   size_t MinHeapDeltaBytes                        = 2097152                                   {product} {ergonomic}
   size_t MinHeapSize                              = 8388608                                   {product} {ergonomic}
    uintx NonNMethodCodeHeapSize                   = 5839372                                {pd product} {ergonomic}
    uintx NonProfiledCodeHeapSize                  = 122909434                              {pd product} {ergonomic}
    uintx ProfiledCodeHeapSize                     = 122909434                              {pd product} {ergonomic}
    uintx ReservedCodeCacheSize                    = 251658240                              {pd product} {ergonomic}
     bool SegmentedCodeCache                       = true                                      {product} {ergonomic}
     bool ShowCodeDetailsInExceptionMessages       = true                                   {manageable} {command line}
   size_t SoftMaxHeapSize                          = 4259315712                             {manageable} {ergonomic}
     bool UseCompressedClassPointers               = true                           {product lp64_product} {ergonomic}
     bool UseCompressedOops                        = true                           {product lp64_product} {ergonomic}
     bool UseG1GC                                  = true                                      {product} {ergonomic}
     bool UseLargePagesIndividualAllocation        = false                                  {pd product} {ergonomic}

Logging:
Log output configuration:
 #0: stdout all=warning uptime,level,tags
 #1: stderr all=off uptime,level,tags

Environment Variables:
PATH=C:/Users/matia/.p2/pool/plugins/org.eclipse.justj.openjdk.hotspot.jre.full.win32.x86_64_17.0.4.v20220805-1047/jre/bin/server;C:/Users/matia/.p2/pool/plugins/org.eclipse.justj.openjdk.hotspot.jre.full.win32.x86_64_17.0.4.v20220805-1047/jre/bin;C:\Program Files\Common Files\Oracle\Java\javapath;C:\Windows\system32;C:\Windows;C:\Windows\System32\Wbem;C:\Windows\System32\WindowsPowerShell\v1.0\;C:\Windows\System32\OpenSSH\;C:\Program Files\NVIDIA Corporation\NVIDIA NvDLISR;C:\Program Files (x86)\NVIDIA Corporation\PhysX\Common;C:\Program Files\Git\cmd;C:\TDM-GCC-64\bin;C:\Users\matia\AppData\Local\Microsoft\WindowsApps;;C:\Users\matia\AppData\Local\Programs\Microsoft VS Code\bin;C:\Users\matia\Desktop\Programación;
USERNAME=matia
OS=Windows_NT
PROCESSOR_IDENTIFIER=Intel64 Family 6 Model 165 Stepping 3, GenuineIntel
TMP=C:\Users\matia\AppData\Local\Temp
TEMP=C:\Users\matia\AppData\Local\Temp



---------------  S Y S T E M  ---------------

OS:
 Windows 10 , 64 bit Build 19041 (10.0.19041.2251)
OS uptime: 0 days 12:58 hours

CPU: total 12 (initial active 12) (6 cores per cpu, 2 threads per core) family 6 model 165 stepping 3 microcode 0xcc, cx8, cmov, fxsr, ht, mmx, 3dnowpref, sse, sse2, sse3, ssse3, sse4.1, sse4.2, popcnt, lzcnt, tsc, tscinvbit, avx, avx2, aes, erms, clmul, bmi1, bmi2, adx, fma, vzeroupper, clflush, clflushopt

Memory: 4k page, system-wide physical 16243M (7784M free)
TotalPageFile size 23411M (AvailPageFile size 8196M)
current process WorkingSet (physical memory assigned to process): 164M, peak: 190M
current process commit charge ("private bytes"): 731M, peak: 737M

vm_info: OpenJDK 64-Bit Server VM (17.0.4+8) for windows-amd64 JRE (17.0.4+8), built on Jul 19 2022 16:05:16 by "temurin" with MS VC++ 16.7 (VS2019)

END.
